
Gurobi 12.0.3 (linux64) logging started Fri Jan  2 00:09:58 2026

Set parameter LogFile to value "/home/bazzo/Scrivania/fjsp_rescheduling/simulations/logs/EX8/gurobi_exp8.log"
Set parameter OutputFlag to value 1
Gurobi Optimizer version 12.0.3 build v12.0.3rc0 (linux64 - "Ubuntu 22.04.5 LTS")

CPU model: Intel(R) Xeon(R) W-2145 CPU @ 3.70GHz, instruction set [SSE2|AVX|AVX2|AVX512]
Thread count: 8 physical cores, 16 logical processors, using up to 16 threads

Optimize a model with 355302 rows, 90861 columns and 1753541 nonzeros
Model fingerprint: 0x504768e0
Model has 15 quadratic constraints
Coefficient statistics:
  Matrix range     [1e+00, 1e+04]
  QMatrix range    [1e+00, 1e+00]
  QLMatrix range   [1e+00, 1e+00]
  Objective range  [0e+00, 0e+00]
  Bounds range     [1e+00, 1e+00]
  RHS range        [1e+00, 4e+04]
Presolve removed 225429 rows and 57956 columns
Presolve time: 0.45s
Presolved: 129903 rows, 33046 columns, 641625 nonzeros
Presolved model has 15 second-order cone constraints
Ordering time: 0.12s

Barrier statistics:
 Dense cols : 819
 AA' NZ     : 7.705e+05
 Factor NZ  : 1.568e+06 (roughly 80 MB of memory)
 Factor Ops : 1.483e+08 (less than 1 second per iteration)
 Threads    : 8

                  Objective                Residual
Iter       Primal          Dual         Primal    Dual     Compl     Time
   0   0.00000000e+00 -4.15841713e+05  4.91e+03 1.00e-01  8.51e+01     1s
   1   0.00000000e+00 -2.14664055e+06  2.75e+03 6.26e+01  4.08e+01     1s
   2   0.00000000e+00 -1.58258236e+06  1.17e+03 4.19e+01  1.72e+01     1s
   3   0.00000000e+00 -8.56037428e+05  4.79e+02 1.96e+01  6.41e+00     1s
   4   0.00000000e+00 -3.84158191e+05  3.13e+02 6.32e+00  2.68e+00     1s
   5   0.00000000e+00 -3.04752026e+05  2.58e+02 4.34e+00  2.05e+00     1s
   6   0.00000000e+00 -2.50128039e+05  2.02e+02 3.11e+00  1.62e+00     1s
   7   0.00000000e+00 -2.04783771e+05  1.76e+02 2.09e+00  1.31e+00     1s
   8   0.00000000e+00 -1.94874203e+05  1.59e+02 1.86e+00  1.23e+00     1s
   9   0.00000000e+00 -1.72395359e+05  1.46e+02 1.60e+00  1.08e+00     1s
  10   0.00000000e+00 -1.56700366e+05  1.38e+02 1.33e+00  9.76e-01     2s
  11   0.00000000e+00 -1.38225440e+05  1.00e+02 1.11e+00  8.28e-01     2s
  12   0.00000000e+00 -1.07130551e+05  7.53e+01 1.07e+00  6.30e-01     2s
  13   0.00000000e+00 -1.05005838e+05  7.40e+01 1.06e+00  6.17e-01     2s
  14   0.00000000e+00 -1.02280923e+05  7.33e+01 1.14e+00  6.01e-01     2s
  15   0.00000000e+00 -9.97004929e+04  7.07e+01 1.19e+00  5.84e-01     2s
  16   0.00000000e+00 -9.81989239e+04  6.96e+01 1.18e+00  5.74e-01     2s
  17   0.00000000e+00 -9.67672481e+04  6.86e+01 1.16e+00  5.65e-01     2s
  18   0.00000000e+00 -9.29223832e+04  6.83e+01 1.12e+00  5.43e-01     3s
  19   0.00000000e+00 -9.17784225e+04  6.71e+01 1.11e+00  5.35e-01     3s
  20   0.00000000e+00 -8.64144932e+04  5.97e+01 1.07e+00  5.00e-01     3s
  21   0.00000000e+00 -8.64212083e+04  5.97e+01 1.07e+00  5.00e-01     4s
  22   0.00000000e+00 -8.58797131e+04  5.96e+01 1.06e+00  4.97e-01     4s
  23   0.00000000e+00 -8.42839634e+04  5.88e+01 1.05e+00  4.87e-01     4s
  24   0.00000000e+00 -8.26331879e+04  5.75e+01 1.03e+00  4.77e-01     4s
  25   0.00000000e+00 -8.02705767e+04  5.66e+01 1.01e+00  4.63e-01     4s
  26   0.00000000e+00 -7.98969500e+04  5.64e+01 1.01e+00  4.60e-01     5s
  27   0.00000000e+00 -7.93607334e+04  5.48e+01 1.00e+00  4.56e-01     5s
  28   0.00000000e+00 -7.90450293e+04  5.46e+01 9.97e-01  4.54e-01     5s
  29   0.00000000e+00 -7.68328389e+04  5.45e+01 9.70e-01  4.42e-01     6s
  30   0.00000000e+00 -7.73855796e+04  5.43e+01 9.85e-01  4.44e-01     7s
  31   0.00000000e+00 -6.87652240e+04  4.50e+01 9.08e-01  3.90e-01     7s
  32   0.00000000e+00 -6.83940576e+04  4.47e+01 9.08e-01  3.88e-01     7s
  33   0.00000000e+00 -6.67123142e+04  4.32e+01 8.99e-01  3.78e-01     7s
  34   0.00000000e+00 -6.61792015e+04  4.28e+01 8.93e-01  3.75e-01     8s
  35   0.00000000e+00 -6.57067611e+04  4.23e+01 8.90e-01  3.72e-01     8s
  36   0.00000000e+00 -6.25072265e+04  4.02e+01 8.32e-01  3.53e-01     8s
  37   0.00000000e+00 -6.12172703e+04  3.86e+01 8.08e-01  3.45e-01     8s
  38   0.00000000e+00 -5.67221699e+04  3.70e+01 7.50e-01  3.20e-01     8s
  39   0.00000000e+00 -5.35491127e+04  3.54e+01 7.16e-01  3.01e-01     8s
  40   0.00000000e+00 -5.09896836e+04  3.47e+01 6.84e-01  2.87e-01     8s
  41   0.00000000e+00 -4.59025733e+04  2.98e+01 6.31e-01  2.56e-01     8s
  42   0.00000000e+00 -4.31274125e+04  2.74e+01 5.97e-01  2.40e-01     8s
  43   0.00000000e+00 -3.71053408e+04  2.58e+01 5.81e-01  2.06e-01     8s
  44   0.00000000e+00 -2.85727922e+04  2.20e+01 5.31e-01  1.58e-01     8s
  45   0.00000000e+00 -2.63192275e+04  1.87e+01 4.94e-01  1.45e-01     8s
  46   0.00000000e+00 -2.50289603e+04  1.82e+01 4.75e-01  1.38e-01     8s
  47   0.00000000e+00 -2.38111462e+04  1.31e+01 4.56e-01  1.30e-01     9s
  48   0.00000000e+00 -2.36379143e+04  1.30e+01 4.53e-01  1.29e-01     9s
  49   0.00000000e+00 -2.22506283e+04  1.08e+01 4.38e-01  1.21e-01     9s
  50   0.00000000e+00 -2.20141473e+04  1.08e+01 4.31e-01  1.20e-01     9s
  51   0.00000000e+00 -1.94830067e+04  1.05e+01 3.84e-01  1.06e-01     9s
  52   0.00000000e+00 -1.79937361e+04  8.50e+00 3.49e-01  9.73e-02    10s
  53   0.00000000e+00 -1.77626791e+04  8.21e+00 3.44e-01  9.61e-02    10s
  54   0.00000000e+00 -1.67013219e+04  8.14e+00 1.16e+00  9.12e-02    10s
  55   0.00000000e+00 -1.25888746e+04  6.74e+00 8.89e-01  6.88e-02    10s
  56   0.00000000e+00 -1.21381501e+04  6.66e+00 8.57e-01  6.63e-02    10s
  57   0.00000000e+00 -1.20861792e+04  6.66e+00 8.53e-01  6.60e-02    10s
  58   0.00000000e+00 -1.11580174e+04  6.59e+00 2.45e+00  5.95e-02    11s
  59   0.00000000e+00 -7.08124206e+03  5.95e+00 1.50e+00  3.75e-02    11s
  60   0.00000000e+00 -3.31534498e+03  2.97e+00 6.99e-01  1.78e-02    11s
  61   0.00000000e+00 -3.23023192e+03  2.88e+00 6.80e-01  1.74e-02    11s
  62   0.00000000e+00 -3.23166162e+03  2.88e+00 6.80e-01  1.74e-02    11s
  63   0.00000000e+00 -3.23142952e+03  2.88e+00 6.79e-01  1.74e-02    11s
  64   0.00000000e+00 -3.61415141e+03  2.88e+00 2.84e+00  1.75e-02    12s
  65   0.00000000e+00 -2.99078522e+03  1.87e+00 2.35e+00  1.45e-02    12s
  66   0.00000000e+00 -2.99102622e+03  1.87e+00 2.35e+00  1.45e-02    13s
  67   0.00000000e+00 -2.99346542e+03  1.87e+00 2.35e+00  1.45e-02    13s
  68   0.00000000e+00 -2.97669112e+03  1.87e+00 2.34e+00  1.44e-02    13s
  69   0.00000000e+00 -2.98544643e+03  1.87e+00 2.34e+00  1.44e-02    14s
  70   0.00000000e+00 -2.55000637e+03  1.06e+00 1.98e+00  1.23e-02    14s
  71   0.00000000e+00 -2.39254357e+03  1.05e+00 1.75e+00  1.10e-02    14s
  72   0.00000000e+00 -1.74165342e+03  7.78e-01 1.27e+00  7.97e-03    14s
  73   0.00000000e+00 -1.74067535e+03  7.77e-01 1.27e+00  7.97e-03    15s
  74   0.00000000e+00 -1.73983792e+03  7.77e-01 1.27e+00  7.97e-03    15s
  75   0.00000000e+00 -1.74032735e+03  7.77e-01 1.27e+00  7.96e-03    15s
  76   0.00000000e+00 -1.64323337e+03  7.46e-01 1.20e+00  7.51e-03    15s
  77   0.00000000e+00 -1.58111480e+03  7.30e-01 1.15e+00  7.22e-03    15s
  78   0.00000000e+00 -1.55631983e+03  7.16e-01 1.13e+00  7.11e-03    15s
  79   0.00000000e+00 -1.48627985e+03  7.01e-01 1.08e+00  6.79e-03    16s
  80   0.00000000e+00 -1.40905337e+03  6.77e-01 1.02e+00  6.43e-03    16s
  81   0.00000000e+00 -1.40851006e+03  6.77e-01 1.02e+00  6.43e-03    16s
  82   0.00000000e+00 -1.39457559e+03  6.73e-01 1.01e+00  6.37e-03    16s
  83   0.00000000e+00 -1.38431298e+03  6.70e-01 1.01e+00  6.32e-03    16s
  84   0.00000000e+00 -1.31184894e+03  6.61e-01 9.54e-01  6.00e-03    17s
  85   0.00000000e+00 -1.31133075e+03  6.61e-01 9.54e-01  6.00e-03    17s
  86   0.00000000e+00 -1.31088074e+03  6.61e-01 9.54e-01  6.00e-03    17s
  87   0.00000000e+00 -1.27495826e+03  6.58e-01 9.26e-01  5.83e-03    17s
  88   0.00000000e+00 -1.27620891e+03  6.58e-01 9.26e-01  5.83e-03    17s
  89   0.00000000e+00 -1.20796487e+03  6.38e-01 8.77e-01  5.52e-03    17s
  90   0.00000000e+00 -1.20466272e+03  6.37e-01 8.74e-01  5.50e-03    18s
  91   0.00000000e+00 -1.18080803e+03  6.29e-01 8.56e-01  5.39e-03    18s
  92   0.00000000e+00 -1.18013252e+03  6.29e-01 8.56e-01  5.39e-03    18s
  93   0.00000000e+00 -1.18064281e+03  6.29e-01 8.56e-01  5.39e-03    18s
  94   0.00000000e+00 -1.17862932e+03  6.29e-01 8.56e-01  5.39e-03    18s
  95   0.00000000e+00 -1.17040350e+03  6.27e-01 8.50e-01  5.35e-03    18s
  96   0.00000000e+00 -1.16492298e+03  6.26e-01 8.45e-01  5.32e-03    19s
  97   0.00000000e+00 -1.16511328e+03  6.26e-01 8.45e-01  5.32e-03    19s

Barrier performed 97 iterations in 18.80 seconds (14.42 work units)
Numerical trouble encountered

Model may be infeasible or unbounded.  Consider using the
homogeneous algorithm (through parameter 'BarHomogeneous')

Set parameter TimeLimit to value 2160
Set parameter Presolve to value 2
Set parameter MIPFocus to value 3
Set parameter Heuristics to value 0.1
Set parameter ImproveStartGap to value 0.5
Set parameter Presolve to value 2
Gurobi Optimizer version 12.0.3 build v12.0.3rc0 (linux64 - "Ubuntu 22.04.5 LTS")

CPU model: Intel(R) Xeon(R) W-2145 CPU @ 3.70GHz, instruction set [SSE2|AVX|AVX2|AVX512]
Thread count: 8 physical cores, 16 logical processors, using up to 16 threads

Non-default parameters:
TimeLimit  2160
Heuristics  0.1
MIPFocus  3
Presolve  2
ImproveStartGap  0.5

Optimize a model with 355302 rows, 90861 columns and 1753541 nonzeros
Model fingerprint: 0xbb379ea4
Model has 15 quadratic constraints
Variable types: 15 continuous, 90846 integer (90244 binary)
Coefficient statistics:
  Matrix range     [1e+00, 1e+04]
  QMatrix range    [1e+00, 1e+00]
  QLMatrix range   [1e+00, 1e+00]
  Objective range  [1e+00, 1e+00]
  Bounds range     [1e+00, 1e+00]
  RHS range        [1e+00, 4e+04]
Presolve removed 225933 rows and 57958 columns (presolve time = 5s)...
Presolve removed 226048 rows and 57970 columns (presolve time = 10s)...
Presolve removed 226051 rows and 57970 columns
Presolve time: 10.61s
Presolved: 129251 rows, 32891 columns, 648258 nonzeros
Presolved model has 15 quadratic constraint(s)
Variable types: 15 continuous, 32876 integer (32672 binary)

Deterministic concurrent LP optimizer: primal simplex, dual simplex, and barrier
Showing barrier log only...

Root relaxation presolve removed 115974 rows and 29386 columns
Root relaxation presolved: 13277 rows, 3505 columns, 73944 nonzeros

Root barrier log...

Ordering time: 0.04s

Barrier statistics:
 Dense cols : 136
 AA' NZ     : 3.342e+05
 Factor NZ  : 9.452e+05 (roughly 15 MB of memory)
 Factor Ops : 1.069e+08 (less than 1 second per iteration)
 Threads    : 6

                  Objective                Residual
Iter       Primal          Dual         Primal    Dual     Compl     Time
   0   0.00000000e+00 -6.37877500e+04  5.79e+03 0.00e+00  9.06e+01    11s
   1   0.00000000e+00 -1.85093497e+05  2.16e+03 2.80e+00  3.03e+01    11s
   2   0.00000000e+00 -1.15910549e+05  5.30e+02 1.37e+00  9.37e+00    11s
   3   0.00000000e+00 -2.65946067e+04  1.57e+01 3.23e-01  1.36e+00    11s
   4   0.00000000e+00 -3.06731536e+02  1.06e-11 5.63e-03  1.54e-02    11s
   5   0.00000000e+00 -3.10329021e-04  1.84e-11 5.70e-09  1.56e-08    11s
   6   0.00000000e+00 -3.49626677e-04  1.83e-11 2.90e-07  1.56e-08    11s
   7   0.00000000e+00 -3.90956260e-04  1.83e-11 6.35e-07  1.56e-08    11s
   8   0.00000000e+00 -4.78855650e-04  1.83e-11 8.60e-07  1.56e-08    11s
   9   0.00000000e+00 -6.37877500e+08  7.00e+03 0.00e+00  1.07e+06    11s
  10   0.00000000e+00 -4.56716695e+09  5.49e+02 6.07e+00  3.55e+05    11s
  11   0.00000000e+00 -1.32074248e+09  3.24e+01 3.58e-01  6.84e+04    11s
  12   0.00000000e+00 -5.89202640e+06  1.24e-07 1.36e-02  2.93e+02    11s
  13   0.00000000e+00 -5.89203353e+03  3.93e-10 2.13e-09  2.93e-01    11s
  14   0.00000000e+00 -5.89203353e+00  1.22e-11 8.96e-14  2.93e-04    11s
  15   0.00000000e+00 -2.29732528e+00  1.17e-11 5.86e-04  1.17e-04    11s
  16   0.00000000e+00 -2.18634531e-01  1.02e-11 1.01e-04  1.19e-05    11s
  17   0.00000000e+00 -2.24712727e-01  7.76e-12 1.34e-04  1.11e-05    11s
  18   0.00000000e+00 -4.19970605e-03  1.54e-11 3.19e-05  4.83e-07    11s
  19   0.00000000e+00 -5.42512158e-03  1.49e-11 3.37e-05  4.83e-07    11s
  20   0.00000000e+00  2.88676622e-03  1.50e-11 4.29e-05  4.83e-07    11s
  21   0.00000000e+00  5.15128844e-03  1.50e-11 7.87e-05  4.81e-07    11s
  22   0.00000000e+00  1.36013254e-02  1.49e-11 1.36e-04  4.81e-07    12s
  23   0.00000000e+00  1.32691873e-02  1.49e-11 2.03e-04  4.81e-07    12s
  24   0.00000000e+00 -1.52450538e-02  1.49e-11 2.21e-05  4.81e-07    12s
  25   0.00000000e+00 -1.17121097e-02  1.49e-11 3.76e-05  4.81e-07    12s
  26   0.00000000e+00 -1.85315989e-02  1.49e-11 5.84e-05  4.81e-07    12s
  27   0.00000000e+00 -3.24102420e-02  1.49e-11 1.40e-04  4.81e-07    12s
  28   0.00000000e+00 -1.77434512e-02  1.50e-11 4.32e-05  4.81e-07    12s
  29   0.00000000e+00 -4.11413387e-03  1.49e-11 8.37e-05  4.81e-07    12s
  30   0.00000000e+00  1.04226355e-02  1.50e-11 1.13e-04  4.81e-07    12s

Barrier performed 30 iterations in 11.64 seconds (27.93 work units)
Barrier solve interrupted - model solved by another algorithm

Concurrent spin time: 0.04s

Solved with primal simplex

Root relaxation: objective 0.000000e+00, 54 iterations, 0.79 seconds (0.73 work units)

    Nodes    |    Current Node    |     Objective Bounds      |     Work
 Expl Unexpl |  Obj  Depth IntInf | Incumbent    BestBd   Gap | It/Node Time

     0     0    0.00000    0   38          -    0.00000      -     -   14s
     0     0    0.00000    0   77          -    0.00000      -     -   30s
     0     0    0.00000    0  115          -    0.00000      -     -   31s
     0     0    0.00000    0   88          -    0.00000      -     -   46s
     0     0    0.00000    0  117          -    0.00000      -     -   46s
     0     0    0.00000    0   91          -    0.00000      -     -   56s
     0     0    0.00000    0  178          -    0.00000      -     -   56s
     0     0    0.00000    0   93          -    0.00000      -     -   68s
     0     0    0.00000    0  163          -    0.00000      -     -   69s
     0     0    0.00000    0   97          -    0.00000      -     -   79s

Cutting planes:
  Gomory: 34
  Lift-and-project: 6
  MIR: 289
  Mixing: 3
  Flow cover: 1313
  Zero half: 6
  RLT: 10
  Relax-and-lift: 11

Explored 1 nodes (15054 simplex iterations) in 79.39 seconds (93.98 work units)
Thread count was 16 (of 16 available processors)

Solution count 0

Solve interrupted
Best objective -, best bound 0.000000000000e+00, gap -

User-callback calls 31137, time in user-callback 0.21 sec

Gurobi 12.0.3 (linux64) logging started Fri Jan  2 00:13:12 2026

Set parameter LogFile to value "/home/bazzo/Scrivania/fjsp_rescheduling/simulations/logs/EX8/gurobi_exp8.log"
Set parameter OutputFlag to value 1
Set parameter TimeLimit to value 2160
Set parameter Presolve to value 2
Set parameter MIPFocus to value 3
Set parameter Heuristics to value 0.1
Set parameter ImproveStartGap to value 0.5
Set parameter Presolve to value 2
Gurobi Optimizer version 12.0.3 build v12.0.3rc0 (linux64 - "Ubuntu 22.04.5 LTS")

CPU model: Intel(R) Xeon(R) W-2145 CPU @ 3.70GHz, instruction set [SSE2|AVX|AVX2|AVX512]
Thread count: 8 physical cores, 16 logical processors, using up to 16 threads

Non-default parameters:
TimeLimit  2160
Heuristics  0.1
MIPFocus  3
Presolve  2
ImproveStartGap  0.5

Optimize a model with 355302 rows, 90861 columns and 1753541 nonzeros
Model fingerprint: 0xbb379ea4
Model has 15 quadratic constraints
Variable types: 15 continuous, 90846 integer (90244 binary)
Coefficient statistics:
  Matrix range     [1e+00, 1e+04]
  QMatrix range    [1e+00, 1e+00]
  QLMatrix range   [1e+00, 1e+00]
  Objective range  [1e+00, 1e+00]
  Bounds range     [1e+00, 1e+00]
  RHS range        [1e+00, 4e+04]
Presolve removed 225933 rows and 57958 columns (presolve time = 5s)...
Presolve removed 226036 rows and 57960 columns (presolve time = 10s)...
Presolve removed 226051 rows and 57970 columns
Presolve time: 11.53s
Presolved: 129251 rows, 32891 columns, 648258 nonzeros
Presolved model has 15 quadratic constraint(s)
Variable types: 15 continuous, 32876 integer (32672 binary)

Deterministic concurrent LP optimizer: primal simplex, dual simplex, and barrier
Showing barrier log only...

Root relaxation presolve removed 115974 rows and 29386 columns
Root relaxation presolved: 13277 rows, 3505 columns, 73944 nonzeros

Root barrier log...

Ordering time: 0.04s

Barrier statistics:
 Dense cols : 136
 AA' NZ     : 3.342e+05
 Factor NZ  : 9.452e+05 (roughly 15 MB of memory)
 Factor Ops : 1.069e+08 (less than 1 second per iteration)
 Threads    : 6

                  Objective                Residual
Iter       Primal          Dual         Primal    Dual     Compl     Time
   0   0.00000000e+00 -6.37877500e+04  5.79e+03 0.00e+00  9.06e+01    12s
   1   0.00000000e+00 -1.85093497e+05  2.16e+03 2.80e+00  3.03e+01    12s
   2   0.00000000e+00 -1.15910549e+05  5.30e+02 1.37e+00  9.37e+00    12s
   3   0.00000000e+00 -2.65946067e+04  1.57e+01 3.23e-01  1.36e+00    12s
   4   0.00000000e+00 -3.06731536e+02  1.06e-11 5.63e-03  1.54e-02    12s
   5   0.00000000e+00 -3.10329021e-04  1.84e-11 5.70e-09  1.56e-08    12s
   6   0.00000000e+00 -3.49626677e-04  1.83e-11 2.90e-07  1.56e-08    12s
   7   0.00000000e+00 -3.90956260e-04  1.83e-11 6.35e-07  1.56e-08    12s
   8   0.00000000e+00 -4.78855650e-04  1.83e-11 8.60e-07  1.56e-08    12s
   9   0.00000000e+00 -6.37877500e+08  7.00e+03 0.00e+00  1.07e+06    12s
  10   0.00000000e+00 -4.56716695e+09  5.49e+02 6.07e+00  3.55e+05    12s
  11   0.00000000e+00 -1.32074248e+09  3.24e+01 3.58e-01  6.84e+04    12s
  12   0.00000000e+00 -5.89202640e+06  1.24e-07 1.36e-02  2.93e+02    12s
  13   0.00000000e+00 -5.89203353e+03  3.93e-10 2.13e-09  2.93e-01    12s
  14   0.00000000e+00 -5.89203353e+00  1.22e-11 8.96e-14  2.93e-04    12s
  15   0.00000000e+00 -2.29732528e+00  1.17e-11 5.86e-04  1.17e-04    12s
  16   0.00000000e+00 -2.18634531e-01  1.02e-11 1.01e-04  1.19e-05    12s
  17   0.00000000e+00 -2.24712727e-01  7.76e-12 1.34e-04  1.11e-05    12s
  18   0.00000000e+00 -4.19970605e-03  1.54e-11 3.19e-05  4.83e-07    12s
  19   0.00000000e+00 -5.42512158e-03  1.49e-11 3.37e-05  4.83e-07    12s
  20   0.00000000e+00  2.88676622e-03  1.50e-11 4.29e-05  4.83e-07    12s
  21   0.00000000e+00  5.15128844e-03  1.50e-11 7.87e-05  4.81e-07    12s
  22   0.00000000e+00  1.36013254e-02  1.49e-11 1.36e-04  4.81e-07    12s
  23   0.00000000e+00  1.32691873e-02  1.49e-11 2.03e-04  4.81e-07    12s
  24   0.00000000e+00 -1.52450538e-02  1.49e-11 2.21e-05  4.81e-07    12s
  25   0.00000000e+00 -1.17121097e-02  1.49e-11 3.76e-05  4.81e-07    12s
  26   0.00000000e+00 -1.85315989e-02  1.49e-11 5.84e-05  4.81e-07    12s
  27   0.00000000e+00 -3.24102420e-02  1.49e-11 1.40e-04  4.81e-07    13s
  28   0.00000000e+00 -1.77434512e-02  1.50e-11 4.32e-05  4.81e-07    13s
  29   0.00000000e+00 -4.11413387e-03  1.49e-11 8.37e-05  4.81e-07    13s
  30   0.00000000e+00  1.04226355e-02  1.50e-11 1.13e-04  4.81e-07    13s

Barrier performed 30 iterations in 12.55 seconds (27.93 work units)
Barrier solve interrupted - model solved by another algorithm

Concurrent spin time: 0.11s (can be avoided by choosing Method=3)

Solved with primal simplex

Root relaxation: objective 0.000000e+00, 54 iterations, 0.80 seconds (0.73 work units)
Total elapsed time = 15.19s (DegenMoves)

    Nodes    |    Current Node    |     Objective Bounds      |     Work
 Expl Unexpl |  Obj  Depth IntInf | Incumbent    BestBd   Gap | It/Node Time

     0     0    0.00000    0   38          -    0.00000      -     -   15s
     0     0    0.00000    0   77          -    0.00000      -     -   30s
     0     0    0.00000    0  115          -    0.00000      -     -   32s
     0     0    0.00000    0   88          -    0.00000      -     -   46s
     0     0    0.00000    0  117          -    0.00000      -     -   46s
     0     0    0.00000    0   91          -    0.00000      -     -   56s
     0     0    0.00000    0  178          -    0.00000      -     -   56s
     0     0    0.00000    0   93          -    0.00000      -     -   67s
     0     0    0.00000    0  163          -    0.00000      -     -   67s
     0     0    0.00000    0   84          -    0.00000      -     -   81s
     0     0    0.00000    0  100          -    0.00000      -     -   82s
     0     0    0.00000    0   77          -    0.00000      -     -   93s
     0     0    0.00000    0   98          -    0.00000      -     -   97s
     0     0    0.00000    0   91          -    0.00000      -     -  106s
     0     0    0.00000    0  104          -    0.00000      -     -  117s
     0     0    0.00000    0   83          -    0.00000      -     -  133s
     0     0    0.00000    0   86          -    0.00000      -     -  138s
     0     0    0.00000    0   56          -    0.00000      -     -  151s
     0     0    0.00000    0   84          -    0.00000      -     -  163s
     0     0    0.00000    0   51          -    0.00000      -     -  177s
     0     0    0.00000    0   89          -    0.00000      -     -  191s
     0     0    0.00000    0   71          -    0.00000      -     -  207s
     0     0    0.00000    0   91          -    0.00000      -     -  220s
     0     0    0.00000    0   75          -    0.00000      -     -  233s
     0     0    0.00000    0   80          -    0.00000      -     -  245s
     0     0    0.00000    0   71          -    0.00000      -     -  256s
     0     0    0.00000    0   69          -    0.00000      -     -  257s
H    0     0                    2.862950e+09    0.00000   100%     -  278s
H    0     0                    1.706490e+09    0.00000   100%     -  282s
H    0     2                    1.705816e+09    0.00000   100%     -  283s
     0     2    0.00000    0   69 1.7058e+09    0.00000   100%     -  283s
     1     4    0.00000    1   71 1.7058e+09    0.00000   100%   389  285s
    23    39    0.00000    5  225 1.7058e+09    0.00000   100%   456  293s
    38    47    0.00000    5  200 1.7058e+09    0.00000   100%   349  296s
H   46   104                    1.695925e+09    0.00000   100%   336  308s
   103   305    0.00000    7  217 1.6959e+09    0.00000   100%   282  316s
H  139   305                    1.695905e+09    0.00000   100%   233  316s
H  196   305                    1.692870e+09    0.00000   100%   179  316s
   304   512    0.00000   12  135 1.6929e+09    0.00000   100%   143  325s
H  442   512                    1.691781e+09    0.00000   100%   124  325s
H  512   512                    2134227.0000    0.00000   100%   127  326s
H  512   512                    2040387.0000    0.00000   100%   127  327s
H  512   512                    1983587.0000    0.00000   100%   127  327s
H  512   512                    1420335.0000    0.00000   100%   127  327s
H  512   512                    1106433.0000    0.00000   100%   127  328s
H  512   512                    1106114.0000    0.00000   100%   127  329s
H  512   512                    1084414.0000    0.00000   100%   127  329s
H  512   512                    1084175.0000    0.00000   100%   127  329s
H  512   512                    1083686.0000    0.00000   100%   127  329s
H  512   512                    1083275.0000    0.00000   100%   127  329s
H  512   512                    1082764.0000    0.00000   100%   127  330s
   513   513 24602.0000   92   69 1082764.00    0.00000   100%   127  351s
   515   514    0.00000   17   60 1082764.00    0.00000   100%   126  362s
   516   515    5.00000   28  104 1082764.00    0.00000   100%   126  377s
   517   516 63746.0000  102  202 1082764.00    0.00000   100%   126  387s
H  517   490                    1082321.0000    0.00000   100%   126  396s
H  517   465                    828958.00000    0.00000   100%   126  397s
H  517   442                    809111.00000    0.00000   100%   126  397s
   518   442    0.00000    6   98 809111.000    0.00000   100%   126  406s
   519   443   28.00000   29  119 809111.000    0.00000   100%   125  415s
   520   444    0.00000   11  100 809111.000    0.00000   100%   125  426s
   521   444 29929.0000   22  172 809111.000    0.00000   100%   125  435s
H  521   421                    808840.00000    0.00000   100%   125  446s
H  521   400                    808129.00000    0.00000   100%   125  455s
H  522   381                    753869.00000    0.00000   100%   125  455s
H  522   362                    666005.00000    0.00000   100%   125  455s
H  522   343                    665701.00000    0.00000   100%   125  455s
H  522   326                    665378.00000    0.00000   100%   125  455s
H  522   310                    664921.00000    0.00000   100%   125  455s
H  522   294                    664574.00000    0.00000   100%   125  455s
H  522   279                    664253.00000    0.00000   100%   125  455s
   523   280   10.63087    8  123 664253.000    0.00000   100%   124  464s
H  523   266                    561278.00000    0.00000   100%   124  470s
H  523   252                    560702.00000    0.00000   100%   124  470s
H  523   240                    555382.00000    0.00000   100%   124  470s
   526   242    0.00000   13  104 555382.000    0.00000   100%   124  476s
H  527   229                    554414.00000    0.00000   100%   124  486s
   530   231    5.00000   35   92 554414.000    0.00000   100%   123  496s
   532   233    0.00000   32   83 554414.000    0.00000   100%   122  503s
H  532   221                    550835.00000    0.00000   100%   122  505s
   534   222    0.00000   11   92 550835.000    0.00000   100%   122  512s
H  535   212                    550368.00000    0.00000   100%   122  515s
H  535   201                    549911.00000    0.00000   100%   122  515s
H  535   190                    513308.00000    0.00000   100%   122  515s
H  535   180                    484189.00000    0.00000   100%   122  515s
H  535   171                    483740.00000    0.00000   100%   122  515s
H  535   162                    482211.00000    0.00000   100%   122  520s
H  535   154                    481910.00000    0.00000   100%   122  521s
H  535   146                    481589.00000    0.00000   100%   122  521s
H  535   138                    481569.00000    0.00000   100%   122  521s
H  535   131                    475969.00000    0.00000   100%   122  521s
H  535   124                    471564.00000    0.00000   100%   122  521s
H  535   117                    471393.00000    0.00000   100%   122  521s
H  535   111                    461841.00000    0.00000   100%   122  521s
H  535   105                    429483.00000    0.00000   100%   122  521s
H  535    99                    413424.00000    0.00000   100%   122  521s
H  535    94                    413051.00000    0.00000   100%   122  521s
   539   101    2.31245   16  230 413051.000    0.00000   100%   193  527s
   543   108    0.00000   17  297 413051.000    0.00000   100%   196  533s
   551   113    0.00000   18  308 413051.000    0.00000   100%   203  539s
   559   151    0.00000   19  297 413051.000    0.00000   100%   211  544s
H  563   144                    368307.00000    0.00000   100%   209  544s
H  568   138                    355446.00000    0.00000   100%   209  544s
   599   189    0.26496   20  340 355446.000    0.00000   100%   207  551s
   669   182   17.72892   25  214 355446.000    0.00000   100%   207  556s
H  676   175                    354614.00000    0.00000   100%   211  556s
   685   195   38.98696   21  270 354614.000    0.08481   100%   218  560s
H  708   200                    354363.00000    0.26584   100%   219  566s
H  711   195                    354136.00000    0.31429   100%   220  566s
H  712   191                    353473.00000    0.31429   100%   221  566s
   735   209    1.05451   26  235 353473.000    0.40444   100%   223  574s
   743   216    0.62281   22  238 353473.000    0.56919   100%   225  577s
H  748   216                    344890.00000    0.57234   100%   227  577s
   751   227    1.29713   23  279 344890.000    0.61181   100%   229  580s
   776   249    1.52557   24  285 344890.000    0.65079   100%   234  585s
H  788   258                    344641.00000    0.92266   100%   240  587s
H  790   258                    344477.00000    0.92266   100%   242  587s
   793   268    2.46945   25  303 344477.000    0.96403   100%   243  590s
H  814   287                    344144.00000    1.00000   100%   253  596s
   843   319    2.79446   24  314 344144.000    1.13869   100%   258  603s
   854   327    1.47417   25  351 344144.000    1.16791   100%   263  606s
H  857   327                    279394.00000    1.23986   100%   264  606s
   862   350    1.23986   23  257 279394.000    1.23986   100%   267  610s
   905   392    1.31694   28  331 279394.000    1.31694   100%   267  617s
   927   407    1.41562   29  250 279394.000    1.34795   100%   267  621s
H  928   407                    270802.00000    1.34795   100%   266  621s
   942   433    1.61790   26  269 270802.000    1.47417   100%   268  626s
H  968   441                    264130.00000    1.51457   100%   266  630s
H  970   441                    263617.00000    1.52058   100%   266  630s
H  985   469                    263484.00000    1.53758   100%   269  634s
H 1003   469                    263231.00000    1.55804   100%   268  634s
  1004   477    4.08612   20  331 263231.000    1.56428   100%   269  638s
H 1005   477                    243348.00000    1.56428   100%   268  638s
  1012   526    1.57142   26  254 243348.000    1.57142   100%   272  642s
H 1061   537                    241395.00000    1.57142   100%   266  646s
H 1064   537                    229290.00000    1.57142   100%   266  646s
  1072   595  542.12903   28  203 229290.000    1.58801   100%   267  650s
H 1132   603                    215551.00000    1.59425   100%   258  656s
  1140   663    2.10597   30  306 215551.000    1.61360   100%   261  660s
H 1208   679                    206259.00000    1.67975   100%   253  669s
  1216   722   45.40234   24  366 206259.000    1.78832   100%   256  674s
  1259   737  556.46867   27  341 206259.000    1.80440   100%   253  679s
  1274   801    4.56428   24  273 206259.000    1.87770   100%   255  685s
  1338   859   10.59054   21  269 206259.000    1.92442   100%   247  691s
  1396   925   15.90380   28  257 206259.000    1.97053   100%   241  696s
  1462   950    2.78544   32  317 206259.000    1.97053   100%   237  702s
  1487  1034    3.14966   24  360 206259.000    2.04010   100%   237  707s
  1571  1080    2.25478   29  298 206259.000    2.10597   100%   229  714s
H 1580  1080                    202146.00000    2.12082   100%   228  714s
H 1583  1080                    201685.00000    2.15192   100%   228  714s
  1617  1159    2.57534   23  244 201685.000    2.18951   100%   225  721s
  1697  1194   11.50835   31  274 201685.000    2.27450   100%   219  727s
  1732  1279  252.48565   25  249 201685.000    2.35303   100%   219  734s
  1817  1366   10.71216   28  267 201685.000    2.41291   100%   213  742s
  1904  1473 infeasible   35      201685.000    2.42451   100%   207  750s
  2015  1664    2.44171   26  246 201685.000    2.44171   100%   200  758s
  2208  1805    2.47867   27  273 201685.000    2.47867   100%   186  764s
  2349  2018  145.10527   29  311 201685.000    2.58209   100%   178  772s
  2562  2194   20.19221   31  255 201685.000    2.64529   100%   167  779s
  2740  2202   10.34000   30  257 201685.000    2.71459   100%   159  786s
H 2748  2210                    201144.00000    2.71639   100%   161  793s
H 2755  2210                    195074.00000    2.82528   100%   162  793s
  2756  2481    9.65504   27  317 195074.000    2.86322   100%   162  801s
  3033  2805    6.96136   26  255 195074.000    2.95239   100%   150  808s
H 3122  2805                    193637.00000    2.97188   100%   147  808s
  3363  3124   29.99040   25  245 193637.000    3.00314   100%   138  816s
  3695  3283   17.12068   31  259 193637.000    3.06069   100%   129  824s
  3855  3291   14.59425   31  248 193637.000    3.09733   100%   126  831s
H 3859  3291                    192465.00000    3.11399   100%   126  831s
  3863  3527   39.05786   20  350 192465.000    3.13932   100%   127  839s
H 3881  3527                    192230.00000    3.13932   100%   127  839s
  4104  3899 3195.12862   28  254 192230.000    3.17248   100%   122  848s
  4492  4287  285.98526   25  314 192230.000    3.23898   100%   114  859s
H 4530  4287                    191997.00000    3.23898   100%   114  859s
  4887  4580 3028.27161   28  276 191997.000    3.27161   100%   108  871s
  5191  5098   26.66473   25  244 191997.000    3.46788   100%   103  884s
H 5623  5098                    187377.00000    3.48634   100%  96.8  885s
  5734  5733    3.54985   28  278 187377.000    3.54985   100%  95.6  899s
H 6400  5741                    185165.00000    3.74039   100%  88.1  912s
H 6405  5741                    181305.00000    3.79917   100%  88.3  912s
  6408  6439    6.41137   31  275 181305.000    3.82087   100%  88.5  926s
H 6434  6439                    180277.00000    3.82087   100%  88.2  926s
  7123  7048    4.79970   22  388 180277.000    3.93608   100%  82.9  942s
  7734  7314    6.00546   28  288 180277.000    4.08612   100%  79.0  958s
  8000  7612    4.40173   26  398 180277.000    4.16243   100%  78.7  974s
  8298  8407   10.34000   28  263 180277.000    4.16320   100%  77.5  990s
  9096  9181   10.34000   27  264 180277.000    4.19245   100%  72.8 1009s
  9873 10146    4.19245   27  276 180277.000    4.19245   100%  68.6 1029s
 10851 11334    4.19245   33  252 180277.000    4.19245   100%  64.3 1049s
 12077 12416    4.30383   29  238 180277.000    4.30383   100%  59.5 1068s
 13201 13361    4.30383   33  240 180277.000    4.30383   100%  56.5 1089s
 14153 14403   16.01357   25  247 180277.000    4.43146   100%  54.6 1111s
 15195 14942    7.32179   25  262 180277.000    4.56072   100%  52.5 1131s
 15747 16111    5.02681   25  289 180277.000    4.79970   100%  51.6 1153s
 17029 16894    5.30103   35  240 180277.000    4.97788   100%  49.4 1176s
 17812 18145   65.56097   26  255 180277.000    5.02802   100%  48.4 1201s
 19079 19544    5.17733   33  267 180277.000    5.17733   100%  46.7 1226s
 20527 19658    9.02780   28  264 180277.000    5.59002   100%  45.2 1250s
H20570 19658                    179857.00000    5.65565   100%  45.2 1250s
 20644 20692 2402.64294   29  211 179857.000    5.70526   100%  45.3 1276s
 21698 21959    9.45240   38  261 179857.000    5.88727   100%  44.3 1303s
 22973 23184  509.76053   30  275 179857.000    6.18788   100%  43.2 1329s
 24222 24569    8.14407   28  272 179857.000    6.28759   100%  42.2 1353s
 25632 25773    8.90465   29  241 179857.000    6.59813   100%  41.3 1377s
 26866 26498  170.41320   36  238 179857.000    6.86575   100%  40.7 1402s
 27591 27997   40.96425   30  276 179857.000    7.03236   100%  40.5 1423s
 29105 28561   13.73636   31  243 179857.000    7.25607   100%  39.5 1445s
 29707 29933  277.41505   27  246 179857.000    7.49401   100%  39.2 1470s
 31087 31421   13.41114   34  283 179857.000    7.93220   100%  38.5 1491s
 32588 32590  281.42807   29  263 179857.000    7.99098   100%  37.6 1515s
 33766 33857   21.16930   31  320 179857.000    8.36429   100%  37.1 1538s
 35061 34814   21.73628   27  282 179857.000    8.71711   100%  36.6 1561s
 36022 35634 1193.07142   29  298 179857.000    8.80924   100%  36.4 1582s
 36856 36648 1195.54497   29  230 179857.000    8.80924   100%  36.3 1607s
 37891 37794 25516.7833   27  223 179857.000    8.80924   100%  36.3 1630s
 39049 38776 1193.50000   34  262 179857.000    8.88526   100%  36.1 1652s
 40036 39635   23.72556   28  287 179857.000    8.94562   100%  35.9 1673s
 40907 40999 1191.54421   34  256 179857.000    9.08495   100%  35.8 1695s
 42296 42139   10.13454   24  310 179857.000    9.24228   100%  35.3 1716s
 43440 43562    9.91578   40  215 179857.000    9.33661   100%  34.9 1738s
 44881 44781   89.62490   29  214 179857.000    9.49502   100%  34.6 1758s
 46118 45539   49.67510   34  243 179857.000    9.60167   100%  34.3 1780s
 46896 46634    9.63742   30  224 179857.000    9.63742   100%  34.1 1800s
 47998 47376    9.63742   31  274 179857.000    9.63742   100%  33.9 1823s
 48748 48335    9.63742   33  249 179857.000    9.63742   100%  33.8 1845s
 49708 49558   25.27477   33  259 179857.000    9.97735   100%  33.7 1867s
 50947 50778   92.32742   32  266 179857.000   10.07465   100%  33.5 1887s
 52176 51413   52.20158   37  233 179857.000   10.25841   100%  33.2 1909s
 52811 52509   65.15961   31  264 179857.000   10.38902   100%  33.1 1931s
 53931 53651  567.93452   32  203 179857.000   10.46672   100%  32.9 1951s
 55083 53995  802.18928   28  279 179857.000   10.60727   100%  32.7 1973s
 55450 55299   11.09307   26  232 179857.000   10.76111   100%  32.6 1995s
 56797 56017   18.67970   27  248 179857.000   10.92130   100%  32.5 2018s
 57519 57490   11.02515   29  244 179857.000   11.02515   100%  32.4 2038s
 59003 58302   11.02515   32  261 179857.000   11.02515   100%  32.1 2057s
 59823 59220   65.31112   35  264 179857.000   11.28946   100%  32.0 2079s
 60747 60091   74.12820   37  250 179857.000   11.36962   100%  31.9 2101s
 61621 61210   18.38296   30  296 179857.000   11.47397   100%  31.8 2122s
 62749 61889   64.65440   32  327 179857.000   11.79037   100%  31.8 2144s
 63428 62727   28.16662   33  252 179857.000   11.93413   100%  31.7 2160s

Cutting planes:
  Learned: 147
  Gomory: 900
  Lift-and-project: 363
  Implied bound: 2233
  Projected implied bound: 2
  MIR: 7131
  Mixing: 200
  StrongCG: 5695
  Flow cover: 21801
  Inf proof: 35
  Zero half: 4231
  RLT: 7023
  Relax-and-lift: 1641

Explored 64271 nodes (2080780 simplex iterations) in 2160.39 seconds (2432.61 work units)
Thread count was 16 (of 16 available processors)

Solution count 10: 179857 180277 181305 ... 195074

Time limit reached
Best objective 1.798570000000e+05, best bound 1.204280851832e+01, gap 99.9933%

User-callback calls 474961, time in user-callback 4.50 sec
Set parameter TimeLimit to value 1080
Gurobi Optimizer version 12.0.3 build v12.0.3rc0 (linux64 - "Ubuntu 22.04.5 LTS")

CPU model: Intel(R) Xeon(R) W-2145 CPU @ 3.70GHz, instruction set [SSE2|AVX|AVX2|AVX512]
Thread count: 8 physical cores, 16 logical processors, using up to 16 threads

Non-default parameters:
TimeLimit  1080
Heuristics  0.1
MIPFocus  3
Presolve  2
ImproveStartGap  0.5

Optimize a model with 355303 rows, 90861 columns and 1753556 nonzeros
Model fingerprint: 0x7861af01
Model has 15 quadratic constraints
Variable types: 15 continuous, 90846 integer (90244 binary)
Coefficient statistics:
  Matrix range     [1e+00, 1e+04]
  QMatrix range    [1e+00, 1e+00]
  QLMatrix range   [1e+00, 1e+00]
  Objective range  [5e-01, 5e-01]
  Bounds range     [1e+00, 1e+00]
  RHS range        [1e+00, 2e+05]

MIP start from previous solve produced solution with objective 591 (0.23s)
Loaded MIP start from previous solve with objective 591

Presolve removed 226066 rows and 57984 columns (presolve time = 5s)...
Presolve removed 227104 rows and 58274 columns
Presolve time: 9.54s
Presolved: 128199 rows, 32587 columns, 654071 nonzeros
Presolved model has 15 quadratic constraint(s)
Found heuristic solution: objective 126.0000000
Variable types: 15 continuous, 32572 integer (32368 binary)

Deterministic concurrent LP optimizer: primal simplex, dual simplex, and barrier
Showing barrier log only...

Root relaxation presolve removed 93399 rows and 23667 columns
Root relaxation presolved: 34800 rows, 8920 columns, 191512 nonzeros

Root barrier log...

Ordering time: 0.10s

Barrier statistics:
 Dense cols : 501
 AA' NZ     : 7.167e+05
 Factor NZ  : 2.218e+06 (roughly 36 MB of memory)
 Factor Ops : 3.484e+08 (less than 1 second per iteration)
 Threads    : 6

                  Objective                Residual
Iter       Primal          Dual         Primal    Dual     Compl     Time
   0   1.99559309e+03 -5.35833250e+04  5.75e+03 7.81e-03  8.42e+01    11s
   1   1.48362700e+03 -1.40242841e+05  4.15e+03 4.28e+00  5.50e+01    11s
   2   1.21894590e+03 -1.87388045e+05  3.34e+03 4.05e+00  3.98e+01    11s
   3   3.64353281e+02 -1.92916806e+05  7.07e+02 3.06e+00  1.00e+01    11s
   4   2.27897374e+02 -8.79418169e+04  2.92e+02 8.03e-01  3.06e+00    11s
   5   1.76397430e+02 -4.38738152e+04  1.37e+02 2.53e-01  1.21e+00    11s
   6   1.35726859e+02 -1.00539605e+04  2.20e+01 1.28e-01  2.12e-01    11s
   7   1.09361482e+02 -1.68447356e+03  2.17e-01 3.40e-02  3.46e-02    11s
   8   6.17618207e+01 -1.02382198e+03  2.98e-02 2.02e-02  2.09e-02    11s

Barrier performed 8 iterations in 10.81 seconds (24.01 work units)
Barrier solve interrupted - model solved by another algorithm

Concurrent spin time: 0.09s

Solved with dual simplex

Root relaxation: objective 2.500000e+01, 838 iterations, 0.83 seconds (0.82 work units)

    Nodes    |    Current Node    |     Objective Bounds      |     Work
 Expl Unexpl |  Obj  Depth IntInf | Incumbent    BestBd   Gap | It/Node Time

     0     0   25.00000    0   29  126.00000   25.00000  80.2%     -   13s
H    0     0                     125.0000000   25.00000  80.0%     -   14s
H    0     0                     123.0000000   25.00000  79.7%     -   14s
     0     0   25.00000    0   52  123.00000   25.00000  79.7%     -   31s
     0     0   25.00000    0   52  123.00000   25.00000  79.7%     -   31s
     0     0   25.00000    0  131  123.00000   25.00000  79.7%     -   41s
     0     0   25.00000    0  153  123.00000   25.00000  79.7%     -   42s
     0     0   25.00000    0   97  123.00000   25.00000  79.7%     -   53s
     0     0   25.00000    0  149  123.00000   25.00000  79.7%     -   54s
     0     0   25.00000    0   67  123.00000   25.00000  79.7%     -   69s
     0     0   25.00000    0  150  123.00000   25.00000  79.7%     -   71s
     0     0   25.00000    0   60  123.00000   25.00000  79.7%     -   85s
     0     0   25.00000    0  134  123.00000   25.00000  79.7%     -   86s
     0     0   25.00000    0   82  123.00000   25.00000  79.7%     -   95s
     0     0   25.00000    0   85  123.00000   25.00000  79.7%     -  105s
     0     0   25.00000    0   68  123.00000   25.00000  79.7%     -  115s
     0     0   25.00000    0  106  123.00000   25.00000  79.7%     -  124s
     0     0   25.00000    0   55  123.00000   25.00000  79.7%     -  138s
     0     0   25.00000    0   87  123.00000   25.00000  79.7%     -  143s
     0     0   25.00000    0   78  123.00000   25.00000  79.7%     -  150s
     0     0   25.00000    0   33  123.00000   25.00000  79.7%     -  154s
     0     0   25.00000    0   60  123.00000   25.00000  79.7%     -  164s
     0     0   25.00000    0   94  123.00000   25.00000  79.7%     -  169s
     0     0   25.00000    0   64  123.00000   25.00000  79.7%     -  181s
     0     0   25.00000    0   50  123.00000   25.00000  79.7%     -  194s
     0     0   25.00000    0  101  123.00000   25.00000  79.7%     -  201s
     0     0   25.00000    0   53  123.00000   25.00000  79.7%     -  207s
     0     0   25.00000    0   88  123.00000   25.00000  79.7%     -  211s
H    0     0                     122.0000000   25.00000  79.5%     -  221s
     0     0   25.00000    0   61  122.00000   25.00000  79.5%     -  226s
     0     0   25.00000    0   66  122.00000   25.00000  79.5%     -  237s
     0     0   25.00000    0   56  122.00000   25.00000  79.5%     -  250s
     0     0   25.00000    0   47  122.00000   25.00000  79.5%     -  256s
     0     0   25.00000    0   98  122.00000   25.00000  79.5%     -  262s
     0     0   25.00000    0   41  122.00000   25.00000  79.5%     -  271s
     0     0   25.00000    0   77  122.00000   25.00000  79.5%     -  273s
     0     0   25.00000    0  103  122.00000   25.00000  79.5%     -  281s
     0     0   25.00000    0   99  122.00000   25.00000  79.5%     -  283s
     0     0   25.00000    0   53  122.00000   25.00000  79.5%     -  291s
     0     0   25.00000    0   48  122.00000   25.00000  79.5%     -  297s
     0     0   25.00000    0   49  122.00000   25.00000  79.5%     -  304s
     0     0   25.00000    0   48  122.00000   25.00000  79.5%     -  312s
     0     0   25.00000    0   58  122.00000   25.00000  79.5%     -  319s
     0     0   25.00000    0   61  122.00000   25.00000  79.5%     -  330s
     0     0   25.00000    0   55  122.00000   25.00000  79.5%     -  344s
     0     0   25.00000    0   69  122.00000   25.00000  79.5%     -  352s
H    0     0                     121.0000000   25.00000  79.3%     -  359s
H    0     0                     119.0000000   25.00000  79.0%     -  359s
     0     0   25.00000    0   91  119.00000   25.00000  79.0%     -  359s
     0     0   25.00000    0   74  119.00000   25.00000  79.0%     -  364s
     0     0   25.00000    0   99  119.00000   25.00000  79.0%     -  374s
     0     0   25.00000    0   41  119.00000   25.00000  79.0%     -  377s
     0     0   25.00000    0   53  119.00000   25.00000  79.0%     -  382s
     0     0   25.00000    0   39  119.00000   25.00000  79.0%     -  391s
     0     0   25.00000    0   41  119.00000   25.00000  79.0%     -  395s
     0     0   25.00000    0   52  119.00000   25.00000  79.0%     -  406s
     0     0   25.00000    0   70  119.00000   25.00000  79.0%     -  413s
     0     0   25.00000    0   95  119.00000   25.00000  79.0%     -  415s
     0     0   25.00000    0   67  119.00000   25.00000  79.0%     -  423s
     0     0   25.00000    0   67  119.00000   25.00000  79.0%     -  427s
     0     2   25.00000    0   36  119.00000   25.00000  79.0%     -  458s
     1     4   25.00000    1   38  119.00000   25.00000  79.0%   170  460s
    15    24   25.00000    4  180  119.00000   25.00000  79.0%   264  465s
    23    42   25.00000    5  181  119.00000   25.00000  79.0%   291  470s
    42   118   25.00000    4  232  119.00000   25.00000  79.0%   251  477s
   118   528   25.00000    6  126  119.00000   25.00000  79.0%   168  490s
   547   529   26.00000   43   67  119.00000   25.00000  79.0%  88.8  513s
   549   530   25.74310   42   75  119.00000   25.00000  79.0%  88.5  522s
   550   531   25.00000   53  112  119.00000   25.00000  79.0%  88.3  528s
   551   532   25.50000   72  116  119.00000   25.00000  79.0%  88.1  531s
   552   532   25.00000    9   74  119.00000   25.00000  79.0%  88.0  549s
   553   533   25.00000   23  102  119.00000   25.00000  79.0%  87.8  557s
   554   534   25.00000   41  104  119.00000   25.00000  79.0%  87.7  567s
   555   534   25.00000   48   99  119.00000   25.00000  79.0%  87.5  573s
   556   535   25.00000   36  124  119.00000   25.00000  79.0%  87.4  590s
   557   536   25.00000   16  148  119.00000   25.00000  79.0%  87.2  596s
   558   536   26.00000   40  135  119.00000   25.00000  79.0%  87.0  604s
   559   537   27.00000   63  130  119.00000   25.00000  79.0%  86.9  611s
   560   538   25.00000   14   85  119.00000   25.00000  79.0%  86.7  615s
   562   539   25.00000   75   74  119.00000   25.00000  79.0%  86.4  621s
   564   540   25.00000   46   95  119.00000   25.00000  79.0%  86.1  626s
   566   542   25.00000   15   82  119.00000   25.00000  79.0%  85.8  633s
   567   542   25.00000    5  134  119.00000   25.00000  79.0%  85.7  635s
   569   544   25.00000   15   98  119.00000   25.00000  79.0%  85.4  641s
   570   544   27.00000   30  110  119.00000   25.00000  79.0%  85.2  645s
   572   546   29.00000   44   76  119.00000   25.00000  79.0%  84.9  656s
   574   547   25.50000   65   48  119.00000   25.00000  79.0%  84.6  662s
   575   548   25.00000   19   74  119.00000   25.00000  79.0%  84.5  666s
   576   548   25.00000   29   45  119.00000   25.00000  79.0%  84.3  671s
   578   550   25.00000   37   72  119.00000   25.00000  79.0%  84.0  681s
   579   550   25.00000   76   86  119.00000   25.00000  79.0%  83.9  685s
   581   552   25.63008   20   61  119.00000   25.00000  79.0%  83.6  692s
   582   552   25.87093   44   54  119.00000   25.00000  79.0%  83.4  696s
   583   553   25.00000   16   51  119.00000   25.00000  79.0%  83.3  700s
   585   554   25.00000   14   94  119.00000   25.00000  79.0%  83.0  709s
   586   555   25.60217   33   61  119.00000   25.00000  79.0%  82.9  713s
   587   556   25.00000   32   81  119.00000   25.00000  79.0%  82.7  716s
   588   556   25.00000   11   60  119.00000   25.00000  79.0%  82.6  721s
   589   557   27.00000   44   49  119.00000   25.00000  79.0%  82.5  725s
   591   558   25.00000   22   60  119.00000   25.00000  79.0%  82.2  731s
   592   559   25.56144   48   58  119.00000   25.00000  79.0%  82.0  735s
   594   560   32.00000   67   81  119.00000   25.00000  79.0%  81.8  741s
   595   561   25.00000   10   72  119.00000   25.00000  79.0%  81.6  745s
   597   562   25.00000   35   76  119.00000   25.00000  79.0%  81.4  752s
   598   563   26.00000   10   54  119.00000   25.00000  79.0%  81.2  755s
   600   564   25.00000    9   74  119.00000   25.00000  79.0%  80.9  762s
   601   565   25.00000   24  104  119.00000   25.00000  79.0%  80.8  765s
   603   566   25.00000   32   85  119.00000   25.00000  79.0%  80.5  771s
   605   568   25.00000   25   58  119.00000   25.00000  79.0%  80.3  779s
   606   568   25.00000   44   66  119.00000   25.00000  79.0%  80.1  784s
   607   569   25.00000   32   52  119.00000   25.00000  79.0%  80.0  788s
   608   570   26.00000   76   68  119.00000   25.00000  79.0%  79.9  793s
   609   570   25.00000   14   66  119.00000   25.00000  79.0%  79.7  798s
   610   571   25.00000    4   57  119.00000   25.00000  79.0%  79.6  803s
   611   572   25.00000   50   76  119.00000   25.00000  79.0%  79.5  806s
   612   572   25.00000    8   83  119.00000   25.00000  79.0%  79.4  810s
   614   574   25.00000   41   94  119.00000   25.00000  79.0%  79.1  817s
   615   574   25.00000   39   87  119.00000   25.00000  79.0%  79.0  821s
   616   575   25.00000   28  104  119.00000   25.00000  79.0%  78.8  826s
   617   576   32.04365   61   85  119.00000   25.00000  79.0%  78.7  830s
   619   577   25.00000   10   53  119.00000   25.00000  79.0%  78.5  837s
   620   578   25.00000   31   55  119.00000   25.00000  79.0%  78.3  842s
   621   578   26.00000   76   82  119.00000   25.00000  79.0%  78.2  845s
   623   580   25.00000    6   64  119.00000   25.00000  79.0%  78.0  851s
   625   581   25.00000   28   80  119.00000   25.00000  79.0%  77.7  856s
   627   582   26.00000   56   76  119.00000   25.00000  79.0%  77.5  863s
   628   583   25.00000   25   65  119.00000   25.00000  79.0%  77.3  866s
   629   584   26.00000   49   63  119.00000   25.00000  79.0%  77.2  874s
   630   584   25.00000   63   72  119.00000   25.00000  79.0%  77.1  879s
   631   585   25.00000   14   96  119.00000   25.00000  79.0%  77.0  882s
   632   586   25.00000   10   62  119.00000   25.00000  79.0%  76.8  887s
   633   586   25.00000   15   69  119.00000   25.00000  79.0%  76.7  890s
   635   588   25.00000   47   89  119.00000   25.00000  79.0%  76.5  897s
   636   588   26.00000   32   41  119.00000   25.00000  79.0%  76.4  900s
   638   590   25.00000   23   59  119.00000   25.00000  79.0%  76.1  906s
   640   591   25.00000   28   80  119.00000   25.00000  79.0%  75.9  913s
   641   592   25.00000   24   52  119.00000   25.00000  79.0%  75.8  916s
   643   593   28.00000   40   68  119.00000   25.00000  79.0%  75.5  922s
   644   594   27.00000   62   86  119.00000   25.00000  79.0%  75.4  926s
   645   594   25.00000   18   80  119.00000   25.00000  79.0%  75.3  930s
   647   596   26.00000   43  103  119.00000   25.00000  79.0%  75.1  937s
   648   596   25.00000    7   88  119.00000   25.00000  79.0%  74.9  940s
   650   598   25.00000   53   73  119.00000   25.00000  79.0%  74.7  946s
   651   598   25.50000   72  129  119.00000   25.00000  79.0%  74.6  950s
   653   600   25.00000   23  105  119.00000   25.00000  79.0%  74.4  957s
   654   600   25.00000   41   89  119.00000   25.00000  79.0%  74.3  962s
   655   601   25.00000   48   61  119.00000   25.00000  79.0%  74.1  966s
   656   602   25.00000   36   89  119.00000   25.00000  79.0%  74.0  970s
   657   602   25.00000   16   68  119.00000   25.00000  79.0%  73.9  987s
   659   604   27.00000   63  113  119.00000   25.00000  79.0%  73.7 1034s
   660   607   25.00000   16  105  119.00000   25.00000  79.0%   248 1037s
   666   617   25.00000   18  219  119.00000   25.00000  79.0%   248 1043s
   674   623   25.00000   19  295  119.00000   25.00000  79.0%   253 1048s
   682   670   25.00000   20  272  119.00000   25.00000  79.0%   259 1061s
   732   881   25.00000   26  154  119.00000   25.00000  79.0%   255 1080s

Cutting planes:
  Learned: 44
  Gomory: 555
  Lift-and-project: 1008
  Cover: 1
  Implied bound: 8
  Projected implied bound: 9
  MIR: 3429
  Mixing: 20
  StrongCG: 2507
  Flow cover: 9868
  Zero half: 673
  RLT: 275
  Relax-and-lift: 198

Explored 961 nodes (254420 simplex iterations) in 1080.32 seconds (1105.59 work units)
Thread count was 16 (of 16 available processors)

Solution count 10: 119 119 121 ... 591

Time limit reached
Best objective 1.190000000000e+02, best bound 2.500000000000e+01, gap 78.9916%

User-callback calls 319306, time in user-callback 2.52 sec
Set parameter TimeLimit to value 360
Gurobi Optimizer version 12.0.3 build v12.0.3rc0 (linux64 - "Ubuntu 22.04.5 LTS")

CPU model: Intel(R) Xeon(R) W-2145 CPU @ 3.70GHz, instruction set [SSE2|AVX|AVX2|AVX512]
Thread count: 8 physical cores, 16 logical processors, using up to 16 threads

Non-default parameters:
TimeLimit  360
Heuristics  0.1
MIPFocus  3
Presolve  2
ImproveStartGap  0.5

Optimize a model with 355305 rows, 90861 columns and 1754753 nonzeros
Model fingerprint: 0x2ecf4ff7
Model has 15 quadratic constraints
Variable types: 15 continuous, 90846 integer (90244 binary)
Coefficient statistics:
  Matrix range     [5e-01, 1e+04]
  QMatrix range    [1e+00, 1e+00]
  QLMatrix range   [1e+00, 1e+00]
  Objective range  [1e+00, 1e+00]
  Bounds range     [1e+00, 1e+00]
  RHS range        [1e+00, 2e+05]

MIP start from previous solve produced solution with objective 2441 (0.24s)
Loaded MIP start from previous solve with objective 2441

Presolve removed 225874 rows and 57983 columns (presolve time = 5s)...
Presolve removed 226927 rows and 58279 columns
Presolve time: 9.91s
Presolved: 128378 rows, 32582 columns, 653805 nonzeros
Presolved model has 15 quadratic constraint(s)
Variable types: 15 continuous, 32567 integer (32362 binary)

Resetting heuristic parameters to focus on improving solution
(using Heuristics=0.5 and RINS=10)...


Deterministic concurrent LP optimizer: primal simplex, dual simplex, and barrier
Showing barrier log only...

Root relaxation presolve removed 113650 rows and 28956 columns
Root relaxation presolved: 14728 rows, 3626 columns, 80782 nonzeros

Root barrier log...

Ordering time: 0.04s

Barrier statistics:
 Dense cols : 243
 AA' NZ     : 4.267e+05
 Factor NZ  : 1.656e+06 (roughly 20 MB of memory)
 Factor Ops : 3.596e+08 (less than 1 second per iteration)
 Threads    : 6

                  Objective                Residual
Iter       Primal          Dual         Primal    Dual     Compl     Time
   0   8.24179655e+03 -2.17422457e+05  1.03e+04 1.67e-02  7.95e+02    11s
   1   6.49882538e+03 -5.59359018e+05  7.12e+03 1.46e+00  4.89e+02    11s
   2   7.20543799e+03 -7.37297825e+05  4.57e+03 1.56e+00  2.87e+02    11s
   3   3.96701419e+03 -7.74893119e+05  2.09e+03 1.77e+00  1.28e+02    11s
   4   2.63904794e+03 -3.37263415e+05  3.40e+02 7.64e-01  2.36e+01    11s
   5   2.47437178e+03 -1.68609958e+05  9.43e+01 3.22e-01  9.09e+00    11s
   6   2.40314352e+03 -7.94677068e+04  9.79e+00 1.38e-01  3.82e+00    11s
   7   2.34310406e+03 -7.58018619e+03  1.03e-11 1.54e-02  4.55e-01    11s
   8   2.29101036e+03  1.01456490e+03  2.22e-12 1.53e-03  5.85e-02    11s
   9   2.27116360e+03  2.26106312e+03  5.12e-13 1.47e-05  4.63e-04    11s
  10   2.27116314e+03  2.26102722e+03  5.12e-13 9.75e-04  4.62e-04    11s
  11   2.27116309e+03  2.26101797e+03  5.12e-13 1.31e-03  4.61e-04    11s
  12   2.27116307e+03  2.26116638e+03  5.12e-13 1.93e-03  4.61e-04    11s
  13   2.27116286e+03  2.26121982e+03  5.12e-13 1.92e-03  4.61e-04    11s
  14   2.27116286e+03  2.26150424e+03  5.12e-13 2.57e-03  4.60e-04    11s
  15   2.27116286e+03  2.26145094e+03  5.12e-13 2.49e-03  4.60e-04    11s
  16   2.27116286e+03  2.26158461e+03  5.12e-13 4.15e-03  4.60e-04    11s
  17   2.27116285e+03  2.26160220e+03  5.12e-13 4.86e-03  4.60e-04    11s
  18   2.27116283e+03  2.26165546e+03  5.12e-13 5.19e-03  4.60e-04    11s
  19   2.27116256e+03  2.26165174e+03  5.12e-13 4.86e-03  4.60e-04    11s
  20   2.27116254e+03  2.26166251e+03  5.12e-13 4.87e-03  4.60e-04    11s
  21   2.27116251e+03  2.26169147e+03  4.83e-13 5.61e-03  4.59e-04    11s

Barrier performed 21 iterations in 11.11 seconds (24.29 work units)
Barrier solve interrupted - model solved by another algorithm

Concurrent spin time: 0.07s

Solved with dual simplex

Root relaxation: objective 2.271000e+03, 223 iterations, 0.72 seconds (0.83 work units)

    Nodes    |    Current Node    |     Objective Bounds      |     Work
 Expl Unexpl |  Obj  Depth IntInf | Incumbent    BestBd   Gap | It/Node Time

     0     0 2271.00000    0  138 2441.00000 2271.00000  6.96%     -   14s
     0     0 2271.00000    0   97 2441.00000 2271.00000  6.96%     -   34s
     0     2 2271.00000    0   96 2441.00000 2271.00000  6.96%     -   43s
     1     4 2271.00000    1   95 2441.00000 2271.00000  6.96%   546   47s
     7    12 2271.00000    3  255 2441.00000 2271.00000  6.96%   188   50s
    23    32 2271.00000    5  250 2441.00000 2271.00000  6.96%   402   55s
    35    42 2271.00000    7  239 2441.00000 2271.00000  6.96%   286   60s
    76    93 2271.00000    8  252 2441.00000 2271.00000  6.96%   262   67s
    96   152 2271.00000    9  239 2441.00000 2271.00000  6.96%   308   72s
   155   310 2271.00000   10  105 2441.00000 2271.00000  6.96%   287   84s
   313   630 2271.00000   15  117 2441.00000 2271.00000  6.96%   157  101s
   635  1310 2271.00000   36  163 2441.00000 2271.00000  6.96%  93.8  132s
  1316  1680 2285.00000   80  187 2441.00000 2271.00000  6.96%  53.8  165s
  1692  2366 2290.00000   15  155 2441.00000 2271.00000  6.96%  45.1  187s
  2382  2367 2271.00000   10   97 2441.00000 2271.00000  6.96%  37.4  216s
  2384  2368 2286.00000    9  100 2441.00000 2271.00000  6.96%  37.3  228s
  2385  2369 2286.00000   71  102 2441.00000 2271.00000  6.96%  37.3  247s
  2386  2370 2345.00000   96  139 2441.00000 2271.00000  6.96%  37.3  259s
  2387  2370 2297.00000   37   94 2441.00000 2271.00000  6.96%  37.3  281s
  2388  2371 2271.00000   87  119 2441.00000 2271.00000  6.96%  37.3  289s
  2389  2372 2271.00000   27   91 2441.00000 2271.00000  6.96%  37.3  300s
  2390  2372 2271.00000   42  133 2441.00000 2271.00000  6.96%  37.3  309s
  2391  2373 2290.00000  103  100 2441.00000 2271.00000  6.96%  37.2  332s
  2392  2374 2271.00000   85  122 2441.00000 2271.00000  6.96%  37.2  342s

Cutting planes:
  Learned: 14
  Gomory: 463
  Lift-and-project: 313
  Cover: 30
  Implied bound: 3
  MIR: 1560
  Mixing: 203
  StrongCG: 664
  Flow cover: 4692
  Zero half: 161
  RLT: 84
  Relax-and-lift: 86

Explored 2392 nodes (108756 simplex iterations) in 360.11 seconds (381.35 work units)
Thread count was 16 (of 16 available processors)

Solution count 1: 2441 

Time limit reached
Best objective 2.441000000000e+03, best bound 2.271000000000e+03, gap 6.9644%

User-callback calls 119178, time in user-callback 0.78 sec
