
Gurobi 12.0.3 (linux64) logging started Fri Jan  2 02:13:23 2026

Set parameter LogFile to value "/home/bazzo/Scrivania/fjsp_rescheduling/simulations/logs/EX11/gurobi_exp11.log"
Set parameter OutputFlag to value 1
Set parameter TimeLimit to value 2160
Set parameter Presolve to value 2
Set parameter MIPFocus to value 3
Set parameter Heuristics to value 0.1
Set parameter ImproveStartGap to value 0.5
Set parameter Presolve to value 2
Gurobi Optimizer version 12.0.3 build v12.0.3rc0 (linux64 - "Ubuntu 22.04.5 LTS")

CPU model: Intel(R) Xeon(R) W-2145 CPU @ 3.70GHz, instruction set [SSE2|AVX|AVX2|AVX512]
Thread count: 8 physical cores, 16 logical processors, using up to 16 threads

Non-default parameters:
TimeLimit  2160
Heuristics  0.1
MIPFocus  3
Presolve  2
ImproveStartGap  0.5

Optimize a model with 18216 rows, 12221 columns and 85699 nonzeros
Model fingerprint: 0x3a22b841
Model has 15 quadratic constraints
Variable types: 15 continuous, 12206 integer (11978 binary)
Coefficient statistics:
  Matrix range     [1e+00, 6e+02]
  QMatrix range    [1e+00, 1e+00]
  QLMatrix range   [1e+00, 1e+00]
  Objective range  [1e+00, 1e+00]
  Bounds range     [1e+00, 1e+00]
  RHS range        [1e+00, 2e+03]
Presolve removed 13654 rows and 9983 columns
Presolve time: 0.27s
Presolved: 4562 rows, 2238 columns, 17635 nonzeros
Presolved model has 15 quadratic constraint(s)
Variable types: 15 continuous, 2223 integer (2156 binary)
Root relaxation presolve removed 4562 rows and 2238 columns
Root relaxation presolve: All rows and columns removed

Root relaxation: objective 9.000000e+00, 0 iterations, 0.01 seconds (0.01 work units)

    Nodes    |    Current Node    |     Objective Bounds      |     Work
 Expl Unexpl |  Obj  Depth IntInf | Incumbent    BestBd   Gap | It/Node Time

H    0     0                    450241.00000    9.00000   100%     -    0s
*    0     0               0    450241.00000    9.00000   100%     -    0s
     0     0    9.00000    0   29 450241.000    9.00000   100%     -    0s
H    0     0                    129718.00000    9.00000   100%     -    0s
H    0     0                    129651.00000    9.00000   100%     -    0s
H    0     0                    32447.000000    9.00000   100%     -    0s
H    0     0                    32426.000000    9.00000   100%     -    0s
H    0     0                    31791.000000    9.00000   100%     -    0s
H    0     0                    31095.000000    9.00000   100%     -    0s
H    0     0                    30037.000000    9.00000   100%     -    0s
H    0     0                    29462.000000    9.00000   100%     -    0s
H    0     0                    29318.000000    9.00000   100%     -    0s
H    0     0                    28793.000000    9.00000   100%     -    0s
H    0     0                    27038.000000    9.00000   100%     -    0s
     0     0   14.00000    0   48 27038.0000   14.00000   100%     -    0s
     0     0   14.00000    0   63 27038.0000   14.00000   100%     -    1s
     0     0   69.00000    0   50 27038.0000   69.00000   100%     -    1s
H    0     0                    24581.000000   69.00000   100%     -    1s
H    0     0                    24130.000000   69.00000   100%     -    1s
     0     0   69.25000    0   58 24130.0000   69.25000   100%     -    1s
     0     0   79.40903    0   74 24130.0000   79.40903   100%     -    2s
     0     0   90.59672    0  102 24130.0000   90.59672   100%     -    2s
H    0     0                    23942.000000  107.19593   100%     -    2s
H    0     0                    23518.000000  107.19593   100%     -    2s
     0     0  137.47787    0   69 23518.0000  137.47787  99.4%     -    3s
H    0     0                    23438.000000  137.47787  99.4%     -    3s
H    0     0                    23390.000000  137.47787  99.4%     -    3s
H    0     0                    23270.000000  137.47787  99.4%     -    3s
     0     0  166.09888    0  122 23270.0000  166.09888  99.3%     -    3s
H    0     0                    23042.000000  169.44598  99.3%     -    4s
     0     0  170.76245    0   53 23042.0000  170.76245  99.3%     -    4s
H    0     0                    22971.000000  170.76245  99.3%     -    4s
H    0     0                    22930.000000  170.76245  99.3%     -    4s
     0     0  170.93534    0  128 22930.0000  170.93534  99.3%     -    4s
H    0     0                    22918.000000  170.93534  99.3%     -    5s
H    0     0                    22849.000000  170.93534  99.3%     -    5s
H    0     0                    22750.000000  170.93534  99.2%     -    5s
H    0     0                    22150.000000  170.93534  99.2%     -    5s
H    0     0                    21974.000000  182.82064  99.2%     -    5s
H    0     0                    20921.000000  182.82064  99.1%     -    5s
H    0     0                    20856.000000  182.82064  99.1%     -    5s
H    0     0                    20521.000000  182.82064  99.1%     -    5s
H    0     0                    20484.000000  182.82064  99.1%     -    5s
     0     0  189.35709    0   85 20484.0000  189.35709  99.1%     -    5s
     0     0  193.26143    0  111 20484.0000  193.26143  99.1%     -    5s
     0     0  206.57988    0  104 20484.0000  206.57988  99.0%     -    6s
     0     0  206.57988    0  134 20484.0000  206.57988  99.0%     -    6s
     0     0  238.25132    0   84 20484.0000  238.25132  98.8%     -    8s
H    0     0                    19956.000000  238.25132  98.8%     -    8s
     0     0  248.96662    0  113 19956.0000  248.96662  98.8%     -    8s
H    0     0                    19327.000000  261.06712  98.6%     -    9s
     0     0  263.18032    0  110 19327.0000  263.18032  98.6%     -    9s
     0     0  269.01520    0  124 19327.0000  269.01520  98.6%     -    9s
H    0     0                    19247.000000  269.01520  98.6%     -    9s
H    0     0                    18799.000000  269.01520  98.6%     -    9s
     0     0  275.09065    0   86 18799.0000  275.09065  98.5%     -   10s
H    0     0                    18654.000000  275.09065  98.5%     -   10s
     0     0  279.88557    0  112 18654.0000  279.88557  98.5%     -   10s
     0     0  287.52437    0  138 18654.0000  287.52437  98.5%     -   10s
     0     0  287.52437    0  123 18654.0000  287.52437  98.5%     -   10s
     0     0  296.70603    0   99 18654.0000  296.70603  98.4%     -   10s
     0     0  297.05357    0  117 18654.0000  297.05357  98.4%     -   10s
     0     0  305.17012    0  115 18654.0000  305.17012  98.4%     -   11s
     0     0  305.17012    0   33 18654.0000  305.17012  98.4%     -   11s
     0     0  305.17012    0   46 18654.0000  305.17012  98.4%     -   12s
     0     0  305.17012    0   64 18654.0000  305.17012  98.4%     -   12s
     0     0  305.17012    0   48 18654.0000  305.17012  98.4%     -   13s
     0     0  305.17012    0   82 18654.0000  305.17012  98.4%     -   13s
     0     0  305.17012    0   73 18654.0000  305.17012  98.4%     -   14s
     0     0  305.17012    0   93 18654.0000  305.17012  98.4%     -   14s
     0     0  305.17012    0   80 18654.0000  305.17012  98.4%     -   15s
     0     0  305.17012    0  105 18654.0000  305.17012  98.4%     -   15s
     0     0  305.17012    0   77 18654.0000  305.17012  98.4%     -   16s
     0     0  305.17012    0   95 18654.0000  305.17012  98.4%     -   16s
     0     0  305.17012    0   80 18654.0000  305.17012  98.4%     -   16s
     0     0  305.17012    0  108 18654.0000  305.17012  98.4%     -   16s
     0     0  305.17012    0   66 18654.0000  305.17012  98.4%     -   16s
     0     0  305.17012    0   84 18654.0000  305.17012  98.4%     -   16s
     0     0  305.17012    0   89 18654.0000  305.17012  98.4%     -   17s
     0     0  305.17012    0   66 18654.0000  305.17012  98.4%     -   17s
     0     2  305.17012    0   51 18654.0000  305.17012  98.4%     -   17s
   211   227  578.51274    8  139 18654.0000  560.01454  97.0%   403   20s
   455   452  784.03811    9   72 18654.0000  591.92108  96.8%   328   25s
   462   457  842.86400    9   50 18654.0000  591.92108  96.8%   323   30s
H  725   629                    18389.000000  591.92108  96.8%   372   34s
   767   653  591.92108   31  125 18389.0000  591.92108  96.8%   381   35s
H  902   734                    18294.000000  591.92108  96.8%   427   38s
  1093   870  826.19004   28  114 18294.0000  591.92108  96.8%   418   40s
H 1271   988                    18115.000000  597.41139  96.7%   402   41s
H 1295   960                    18011.000000  598.05351  96.7%   398   41s
H 1444  1058                    17975.000000  605.93426  96.6%   380   42s
  1862  1636  765.07983   30  126 17975.0000  614.04755  96.6%   325   45s
H 2616  2257                    17783.000000  625.16193  96.5%   259   48s
  3168  2712 1127.58400   25  149 17783.0000  630.57637  96.5%   231   50s
H 3500  3277                    17658.000000  637.62884  96.4%   215   51s
H 3819  3466                    17535.000000  639.51282  96.4%   203   51s
H 3944  3466                    17063.000000  640.77778  96.2%   199   52s
H 4404  3940                    16999.000000  643.95000  96.2%   187   53s
  4866  4719  651.02558   25  139 16999.0000  646.47689  96.2%   173   55s
H 4897  4719                    16583.000000  646.53405  96.1%   173   55s
H 5225  5140                    16523.000000  648.27857  96.1%   167   55s
  7167  7235  677.55290   30  119 16523.0000  653.24592  96.0%   135   61s
  9637  9891  659.34195   28  100 16523.0000  658.52007  96.0%   112   65s
 12901 13106  789.44892   32  110 16523.0000  660.78924  96.0%  94.1   71s
 14695 14130  663.33332   27  114 16523.0000  662.11683  96.0%  87.8   75s
H14714 14146                    16486.000000  662.39664  96.0%  88.3   77s
 15937 16040  725.10980   37  136 16486.0000  663.01637  96.0%  84.7   80s
 18763 19450  703.30675   30  113 16486.0000  664.19947  96.0%  77.7   86s
 20109 19482  680.45189   45  140 16486.0000  665.24726  96.0%  75.6   90s
 20412 20546  666.06665   27  138 16486.0000  665.52779  96.0%  76.0   96s
 22470 23495  666.90782   32  138 16486.0000  666.21058  96.0%  72.6  100s
 26032 26598  686.82639   36   89 16486.0000  667.57576  96.0%  68.1  106s
 29155 29172  693.28690   33  151 16486.0000  668.62437  95.9%  65.3  114s
 29903 30743  685.73574   29  104 16486.0000  668.82494  95.9%  64.7  117s
 31497 32956  880.14908   40  120 16486.0000  669.35583  95.9%  63.5  121s
 33718 35095  737.11852   31  128 16486.0000  669.83313  95.9%  61.8  125s
 37594 40425  675.07213   33  143 16486.0000  671.40065  95.9%  59.9  133s
 41364 42928  686.81511   30  117 16486.0000  672.13070  95.9%  57.3  137s
 43892 45419  685.30093   38  132 16486.0000  673.05737  95.9%  56.1  141s
 46399 48159  679.62398   34  147 16486.0000  673.55722  95.9%  55.1  145s
 51584 53890  674.99452   33  158 16486.0000  674.95612  95.9%  53.2  152s
 55210 56110  737.55847   34  126 16486.0000  675.86730  95.9%  51.9  156s
 57462 56236  677.99766   32  125 16486.0000  676.48126  95.9%  51.4  161s
 58356 58896  684.84965   32  120 16486.0000  676.63582  95.9%  51.4  168s
 60246 61210  679.38045   42  135 16486.0000  676.99863  95.9%  51.0  172s
 62580 63479  677.50508   26  118 16486.0000  677.50508  95.9%  50.5  175s
 67024 68658  685.31086   35  152 16486.0000  678.21282  95.9%  49.7  183s
 70267 70526  718.32246   32  129 16486.0000  678.70729  95.9%  48.8  186s
 74206 75557  693.93560   29  153 16486.0000  679.45812  95.9%  48.3  193s
 77360 77501  679.78599   39   99 16486.0000  679.78599  95.9%  47.7  197s
 79317 79876  684.73007   42  154 16486.0000  680.19764  95.9%  47.6  201s
 83740 83994  713.78444   32  128 16486.0000  681.16621  95.9%  47.2  208s
 86018 85851  689.13671   34  120 16486.0000  681.43653  95.9%  46.9  212s
 87915 87715  818.83959   38  138 16486.0000  681.85164  95.9%  46.7  215s
 91404 90727  688.83750   44  132 16486.0000  682.57341  95.9%  46.5  222s
H92889 90771                    16302.000000  682.70624  95.8%  46.3  224s
 92923 92414  682.70624   36  127 16302.0000  682.70624  95.8%  46.4  228s
 94582 94228  706.99582   39  108 16302.0000  683.07080  95.8%  46.4  232s
 96400 96014  689.05131   39  135 16302.0000  683.34603  95.8%  46.3  235s
 100216 100795  801.79936   35  147 16302.0000  684.04658  95.8%  46.0  243s
 103070 102621  693.29991   40  125 16302.0000  684.41277  95.8%  45.7  246s
 106808 107129  694.32797   38  111 16302.0000  684.97276  95.8%  45.5  253s
 109569 107145  795.20674   47   97 16302.0000  685.28256  95.8%  45.2  256s
 109608 107339  685.55357   44  115 16302.0000  685.55357  95.8%  45.4  264s
 109779 108340  745.55357   46  112 16302.0000  685.62955  95.8%  45.4  266s
 110785 109954  688.07530   33  119 16302.0000  685.70857  95.8%  45.4  270s
 114234 113599  686.24915   32  119 16302.0000  686.24915  95.8%  45.3  277s
 116106 115212  726.01288   35  172 16302.0000  686.49066  95.8%  45.2  280s
 119435 118842  688.13118   35  137 16302.0000  687.10739  95.8%  45.2  288s
H120501 118842                    16225.000000  687.13942  95.8%  45.2  288s
 121369 120721  932.98250   39  120 16225.0000  687.31743  95.8%  45.1  291s
H122784 120721                    16203.000000  687.39770  95.8%  45.1  291s
H123152 120721                    16150.000000  687.41284  95.7%  45.1  291s
 123256 122427  707.94098   35  157 16150.0000  687.64114  95.7%  45.1  295s
H124962 124103                    16057.000000  687.85292  95.7%  45.0  298s
 126641 126623  691.43815   32  107 16057.0000  688.11078  95.7%  45.1  303s
H126946 126621                    15942.000000  688.11183  95.7%  45.1  303s
H129232 128190                    15862.000000  688.40667  95.7%  44.9  306s
H131512 129900                    15835.000000  688.63457  95.7%  44.8  309s
 132533 131255  717.80664   41  118 15835.0000  688.82580  95.6%  44.9  314s
 133931 132844  689.10289   31  106 15835.0000  688.96201  95.6%  44.8  318s
 135528 134168  692.16565   36  137 15835.0000  689.17745  95.6%  44.9  321s
 136854 136024  765.82738   32  123 15835.0000  689.30640  95.6%  44.8  325s
H140071 138691                    15715.000000  689.59932  95.6%  44.6  328s
H141463 138707                    15686.000000  689.83886  95.6%  44.5  332s
 141479 140248  689.83886   36  147 15686.0000  689.83886  95.6%  44.6  336s
H141869 140247                    15659.000000  689.94089  95.6%  44.6  336s
H142068 140247                    15601.000000  689.94359  95.6%  44.6  336s
H143881 141916                    15574.000000  690.16149  95.6%  44.5  339s
H144481 141916                    15518.000000  690.18491  95.6%  44.5  339s
 144715 143564  740.80702   43  121 15518.0000  690.19934  95.6%  44.5  342s
H144822 143564                    15509.000000  690.19934  95.5%  44.5  343s
H145002 143563                    15429.000000  690.19934  95.5%  44.5  343s
H146369 145146                    15326.000000  690.38947  95.5%  44.5  347s
H147966 146819                    15227.000000  690.55357  95.5%  44.6  350s
H148373 146819                    15200.000000  690.61855  95.5%  44.6  350s
H149655 146835                    15188.000000  690.92073  95.5%  44.6  353s
 149661 148533  962.64596   41  153 15188.0000  690.92878  95.5%  44.6  356s
H150376 148521                    14868.000000  690.94478  95.4%  44.6  356s
 151363 150318  766.82338   34   92 14868.0000  691.11535  95.4%  44.6  360s
 153168 152797  755.78701   31  128 14868.0000  691.34190  95.4%  44.6  365s
H153332 152795                    14631.000000  691.34190  95.3%  44.6  365s
H153495 152792                    14556.000000  691.37690  95.3%  44.5  365s
H154018 152788                    14492.000000  691.39873  95.2%  44.5  365s
H154180 152775                    14220.000000  691.39891  95.1%  44.5  365s
H156520 154435                    14123.000000  691.59695  95.1%  44.4  368s
H157413 156078                    13355.000000  691.77451  94.8%  44.4  371s
 159103 157714  693.37632   32  129 13355.0000  692.02170  94.8%  44.3  375s
H160209 157712                    13331.000000  692.06398  94.8%  44.4  376s
 160761 157822  699.21256   42  109 13331.0000  692.30718  94.8%  44.4  381s
 161045 158239  720.57318   38  174 13331.0000  692.39895  94.8%  44.5  385s
H161811 159216                    13303.000000  692.50916  94.8%  44.5  388s
 162257 160654  707.35332   36  138 13303.0000  692.53640  94.8%  44.5  392s
H162346 160648                    13218.000000  692.53640  94.8%  44.5  392s
 163699 162185  692.70075   31  115 13218.0000  692.70075  94.8%  44.6  396s
 165250 163718  692.84224   35  114 13218.0000  692.84224  94.8%  44.6  400s
H165331 163718                    13183.000000  692.86454  94.7%  44.6  400s
H167757 165512                    13124.000000  693.12211  94.7%  44.6  403s
 168591 167137  730.67547   37  109 13124.0000  693.22180  94.7%  44.6  407s
 170228 168617  693.44999   47  116 13124.0000  693.44999  94.7%  44.6  411s
 171733 170306  868.03798   38  123 13124.0000  693.67860  94.7%  44.6  415s
 174515 173079  697.68251   31  130 13124.0000  694.00820  94.7%  44.6  423s
 176216 174806  723.23834   47  148 13124.0000  694.23677  94.7%  44.6  427s
 177951 177360  694.76704   31  112 13124.0000  694.44549  94.7%  44.6  431s
 180617 179017  709.58797   40  148 13124.0000  694.76139  94.7%  44.5  435s
 182288 179763  695.92052   39  138 13124.0000  695.03950  94.7%  44.5  441s
H182335 179752                    13047.000000  695.03950  94.7%  44.5  441s
 183036 181458  712.76374   33  140 13047.0000  695.14312  94.7%  44.5  445s
 186391 183264  705.52249   29  125 13047.0000  695.50373  94.7%  44.5  452s
 186564 183860  695.73380   28  154 13047.0000  695.55500  94.7%  44.6  455s
 188098 185959  738.81464   43  118 13047.0000  695.68783  94.7%  44.6  462s
 189269 187404  825.52946   41  105 13047.0000  695.79004  94.7%  44.6  466s
 190716 189102  717.40458   32  111 13047.0000  695.94838  94.7%  44.6  470s
 193499 191845  740.24772   38  110 13047.0000  696.35952  94.7%  44.6  477s
 195175 193563  731.15279   37  124 13047.0000  696.52668  94.7%  44.7  482s
 196900 195279  711.59412   34  144 13047.0000  696.67792  94.7%  44.6  485s
 200413 198772  727.61106   38  125 13047.0000  697.05333  94.7%  44.6  492s
 202129 201134  747.23993   40  133 13047.0000  697.18880  94.7%  44.7  497s
 204572 202716  697.31174   39   74 13047.0000  697.31174  94.7%  44.6  501s
 206156 204455  697.55507   42  110 13047.0000  697.55507  94.7%  44.6  505s
 207942 204662  705.20616   38  134 13047.0000  697.73171  94.7%  44.7  512s
 208107 205065  701.99927   29  131 13047.0000  697.77149  94.7%  44.7  516s
 209667 207716  697.85769   46  106 13047.0000  697.83684  94.7%  44.8  523s
 211176 208967  712.30870   35  147 13047.0000  697.99442  94.7%  44.7  528s
 212440 210562  701.49012   37  119 13047.0000  698.16585  94.6%  44.8  531s
 214051 212206  717.83224   39  127 13047.0000  698.35383  94.6%  44.8  535s
 217328 215136  747.93106   33  119 13047.0000  698.71993  94.6%  44.8  543s
 218653 216841  730.50319   47  123 13047.0000  698.88925  94.6%  44.8  547s
 220368 218417  771.08642   37  101 13047.0000  699.02810  94.6%  44.8  551s
 221952 220186  730.06437   40  147 13047.0000  699.14645  94.6%  44.8  555s
 225377 223348  788.33845   35  151 13047.0000  699.49798  94.6%  44.9  563s
 226913 226019  715.91814   35  144 13047.0000  699.70044  94.6%  44.9  567s
 229677 227765  707.42306   43  152 13047.0000  699.96029  94.6%  44.8  572s
 231427 229245  701.27173   40  112 13047.0000  700.07260  94.6%  44.8  576s
 234632 232550  700.35646   35  107 13047.0000  700.35646  94.6%  44.8  583s
 236261 234546  770.19586   44  112 13047.0000  700.59095  94.6%  44.8  588s
 238337 236287  705.80345   40  121 13047.0000  700.74339  94.6%  44.7  592s
 240084 236359  706.19782   42  133 13047.0000  700.94325  94.6%  44.7  595s
 240524 237333  703.72439   42  137 13047.0000  701.03388  94.6%  44.8  602s
 241132 238554 1029.97661   49  138 13047.0000  701.09904  94.6%  44.8  606s
 243919 241821  711.13203   45   84 13047.0000  701.33295  94.6%  44.8  613s
 245644 243649  710.45876   42  108 13047.0000  701.54509  94.6%  44.8  617s
 247480 245274  843.00000   42   97 13047.0000  701.72817  94.6%  44.8  621s
 249111 246897  772.06944   40  132 13047.0000  701.89772  94.6%  44.8  625s
 252590 250460  787.17992   39  127 13047.0000  702.25111  94.6%  44.8  633s
 254329 252244  717.04609   35  130 13047.0000  702.44156  94.6%  44.8  636s
 256129 253870  762.32528   32   94 13047.0000  702.64497  94.6%  44.8  640s
 257755 255467  731.79703   38  136 13047.0000  702.77875  94.6%  44.8  645s
 261099 259186  704.06956   38  105 13047.0000  703.05751  94.6%  44.8  654s
 263184 260463  703.35099   38  118 13047.0000  703.32729  94.6%  44.7  658s
 264477 262213  712.65922   40  112 13047.0000  703.47619  94.6%  44.7  662s
 266235 262285  706.60952   42   91 13047.0000  703.56546  94.6%  44.7  666s
 266725 263244  715.53644   35   94 13047.0000  703.69539  94.6%  44.7  672s
 267280 264355 1254.75354   40  115 13047.0000  703.73181  94.6%  44.7  676s
 268401 266057  801.22660   45  105 13047.0000  703.80173  94.6%  44.8  680s
 271472 269054  911.81993   41   95 13047.0000  704.09665  94.6%  44.8  688s
 273148 270422  917.33328   46  106 13047.0000  704.24872  94.6%  44.8  693s
 274528 271967  755.07066   33   96 13047.0000  704.33347  94.6%  44.8  697s
 276081 273456 1014.20795   43  114 13047.0000  704.50111  94.6%  44.8  701s
 277580 275054  746.00113   36  111 13047.0000  704.61934  94.6%  44.8  705s
 280967 278742  712.62022   39  114 13047.0000  705.01624  94.6%  44.8  713s
 282899 280670  711.59749   38  144 13047.0000  705.20630  94.6%  44.8  717s
 284837 282384  707.26653   34  115 13047.0000  705.27587  94.6%  44.7  722s
 286555 283986  706.34065   34  117 13047.0000  705.49861  94.6%  44.8  726s
 288173 285655  749.91246   35  119 13047.0000  705.62153  94.6%  44.8  730s
 291699 287644  728.08320   43  118 13047.0000  705.99005  94.6%  44.8  738s
 291851 288330  714.81155   33  122 13047.0000  706.02095  94.6%  44.8  741s
 292539 289177  706.58911   35  135 13047.0000  706.04279  94.6%  44.8  745s
 294752 292215 1682.77324   51   90 13047.0000  706.26309  94.6%  44.8  753s
 296446 294105  720.41826   42  123 13047.0000  706.37646  94.6%  44.8  757s
 298351 295870 1455.61126   37  109 13047.0000  706.63099  94.6%  44.8  760s
 301877 299457  706.93677   38  131 13047.0000  706.93677  94.6%  44.8  769s
 303737 301189  775.42163   40  151 13047.0000  707.07399  94.6%  44.8  773s
 305485 302665  718.27914   38  124 13047.0000  707.18699  94.6%  44.8  777s
 306967 304316  756.53976   39  107 13047.0000  707.33605  94.6%  44.8  781s
 308640 306115  730.37983   42  122 13047.0000  707.47052  94.6%  44.9  785s
 313067 308681  711.61581   39   96 13047.0000  707.83143  94.6%  44.8  792s
 313120 309253  719.39550   31  121 13047.0000  707.91635  94.6%  44.8  797s
 313698 310157  719.06988   36  147 13047.0000  707.94228  94.6%  44.8  800s
 315913 313243  730.97059   37   89 13047.0000  708.01815  94.6%  44.8  808s
 317706 315006  770.29739   39  140 13047.0000  708.15210  94.6%  44.8  812s
 319473 317037  776.76984   47  105 13047.0000  708.40178  94.6%  44.8  816s
 321528 318741  719.30776   36  111 13047.0000  708.52703  94.6%  44.8  820s
 324856 322109  714.20845   33  117 13047.0000  708.75430  94.6%  44.8  829s
 326649 323744  803.69950   30   91 13047.0000  708.93721  94.6%  44.8  833s
 328284 325534  878.25009   39  133 13047.0000  709.09529  94.6%  44.8  837s
 330090 327343  797.09873   39  116 13047.0000  709.22818  94.6%  44.8  841s
 331918 328805  793.14151   47  136 13047.0000  709.36735  94.6%  44.8  845s
 335166 330661  776.53921   42  128 13047.0000  709.67575  94.6%  44.8  852s
 335252 330845  744.07834   26  162 13047.0000  709.69914  94.6%  44.8  856s
 335436 331393  851.90123   44  107 13047.0000  709.73548  94.6%  44.9  860s
 336616 333366  773.60746   35  124 13047.0000  709.84504  94.6%  44.9  868s
 337965 334641  714.91312   40  127 13047.0000  709.98650  94.6%  44.9  873s
 339244 336496  794.08927   48  121 13047.0000  710.11619  94.6%  44.9  877s
 341101 338339  776.69718   38   85 13047.0000  710.21979  94.6%  44.9  881s
 342959 339787  743.99521   42   91 13047.0000  710.40065  94.6%  44.9  885s
 344421 341558  746.76637   47  132 13047.0000  710.49699  94.6%  44.9  890s
 348044 345236  719.13239   46  135 13047.0000  710.69209  94.6%  44.9  897s
 349900 346608  734.64981   45  119 13047.0000  710.86032  94.6%  44.9  902s
 351274 348332  863.33614   41  140 13047.0000  710.98354  94.6%  44.9  906s
 353006 350102  712.11968   33  144 13047.0000  711.11781  94.5%  44.9  910s
 356709 353558  826.45052   47  127 13047.0000  711.30129  94.5%  44.9  918s
 358276 355373  745.22304   45  113 13047.0000  711.41905  94.5%  44.9  922s
 360104 358046  746.75743   39  126 13047.0000  711.56624  94.5%  44.9  926s
 362921 359914  716.53990   36  115 13047.0000  711.76240  94.5%  44.8  931s
 364929 360516  750.28836   40  137 13047.0000  711.91197  94.5%  44.8  937s
 365440 361380  712.53885   35  116 13047.0000  711.92770  94.5%  44.8  941s
 366306 362784  939.40273   31  120 13047.0000  711.97845  94.5%  44.9  945s
 367712 364397  823.77615   37   93 13047.0000  712.04276  94.5%  44.9  950s
 371216 368436  761.18589   39  137 13047.0000  712.26657  94.5%  44.9  957s
 373384 370230 1386.21108   38   83 13047.0000  712.40564  94.5%  44.8  962s
 375202 372114  716.34431   35  135 13047.0000  712.52493  94.5%  44.8  966s
 378937 375833  812.40565   46  153 13047.0000  712.76685  94.5%  44.8  973s
 380843 377174  713.33634   31  124 13047.0000  712.90286  94.5%  44.8  978s
 382190 379167  804.05495   40  154 13047.0000  713.01008  94.5%  44.8  982s
 384191 381664  713.63546   40  130 13047.0000  713.15395  94.5%  44.8  987s
 386743 381709  754.07982   38  102 13047.0000  713.32476  94.5%  44.7  991s
 387098 382888  713.40893   43  123 13047.0000  713.40893  94.5%  44.7  998s
 387983 384160  714.46037   29  131 13047.0000  713.46293  94.5%  44.8 1002s
 389267 385953  742.27129   40  137 13047.0000  713.56347  94.5%  44.8 1006s
 391070 387707  727.20864   43   93 13047.0000  713.70821  94.5%  44.8 1010s
 394757 390905  722.55189   35  135 13047.0000  713.93787  94.5%  44.8 1018s
 396045 392715  714.35348   32   92 13047.0000  714.07873  94.5%  44.7 1024s
 397873 394561  714.86933   26  144 13047.0000  714.19578  94.5%  44.8 1028s
 399723 395846  714.94939   40  129 13047.0000  714.31579  94.5%  44.7 1032s
 401012 397517  768.98639   38   83 13047.0000  714.43917  94.5%  44.8 1038s
 402693 399073  810.23770   39  104 13047.0000  714.58086  94.5%  44.8 1042s
 404255 400871  945.05314   44  129 13047.0000  714.63713  94.5%  44.8 1045s
 407977 404665  720.43330   36  146 13047.0000  714.85415  94.5%  44.8 1054s
 409880 406600  818.57454   49  109 13047.0000  715.02267  94.5%  44.8 1058s
 411817 406670  729.17115   37  124 13047.0000  715.10970  94.5%  44.7 1061s
 412544 408258  803.63710   39  119 13047.0000  715.17021  94.5%  44.8 1069s
 413495 409660  726.22223   47  125 13047.0000  715.21715  94.5%  44.8 1073s
 414905 411431  736.01549   45  107 13047.0000  715.33156  94.5%  44.8 1076s
 416678 412880  715.92544   35  145 13047.0000  715.48303  94.5%  44.8 1081s
 418133 414765  716.53716   40  114 13047.0000  715.58444  94.5%  44.8 1085s
 421919 418505  717.55285   34  106 13047.0000  715.82341  94.5%  44.8 1093s
 423790 419878  715.92008   37  136 13047.0000  715.92008  94.5%  44.8 1098s
 425166 421768  823.49486   44  128 13047.0000  716.01957  94.5%  44.8 1102s
 427078 423589  734.59866   49  103 13047.0000  716.10795  94.5%  44.8 1106s
 428910 426490  719.26256   39  123 13047.0000  716.27666  94.5%  44.8 1111s
 431921 428413  749.84640   38  103 13047.0000  716.38734  94.5%  44.7 1115s
 435724 430338  938.98236   35  140 13047.0000  716.66116  94.5%  44.7 1122s
 435797 430551  921.30930   48   92 13047.0000  716.71426  94.5%  44.7 1126s
 436012 431199  724.91024   34  110 13047.0000  716.74335  94.5%  44.8 1130s
 437609 433347  729.72787   42  118 13047.0000  716.83810  94.5%  44.8 1138s
 438832 435087  721.71118   43  147 13047.0000  716.92121  94.5%  44.8 1142s
 440580 436647  732.65189   38  125 13047.0000  717.07044  94.5%  44.8 1146s
 442146 438273  879.50840   41   89 13047.0000  717.17356  94.5%  44.8 1151s
 443786 440144  723.71495   35  116 13047.0000  717.29019  94.5%  44.8 1155s
 445659 441549  829.66560   42  170 13047.0000  717.40458  94.5%  44.8 1160s
 448954 445283  724.60080   36  118 13047.0000  717.52683  94.5%  44.7 1168s
 450812 447182  791.96089   39  116 13047.0000  717.67567  94.5%  44.7 1172s
 452729 449009  728.64007   32  128 13047.0000  717.76610  94.5%  44.7 1176s
 454578 450289  886.30734   30  102 13047.0000  717.83460  94.5%  44.7 1181s
 455866 452220  724.85597   36  132 13047.0000  717.94187  94.5%  44.7 1185s
 459812 456048  922.63180   36  149 13047.0000  718.13477  94.5%  44.7 1193s
 461675 457889  726.20451   45  121 13047.0000  718.20337  94.5%  44.6 1197s
 463522 458147 1020.49631   39  128 13047.0000  718.33658  94.5%  44.6 1201s
 464101 459699  858.25128   34  177 13047.0000  718.42722  94.5%  44.7 1208s
 465340 461592  761.20010   33  118 13047.0000  718.46093  94.5%  44.7 1212s
 467243 463419  759.76753   39  104 13047.0000  718.56160  94.5%  44.7 1217s
 469083 465500  888.53465   34   87 13047.0000  718.67706  94.5%  44.7 1220s
 473348 469365  720.95987   34   93 13047.0000  718.86791  94.5%  44.6 1228s
 475080 471266  799.67656   33   96 13047.0000  718.96538  94.5%  44.6 1233s
 476997 473166  808.80647   45  105 13047.0000  719.07774  94.5%  44.6 1237s
 478903 475698  843.23529   42  100 13047.0000  719.16999  94.5%  44.6 1241s
 481548 477044  725.05104   31  149 13047.0000  719.32503  94.5%  44.5 1246s
 482896 478830  735.68552   36   96 13047.0000  719.41144  94.5%  44.5 1251s
 486530 480803  745.47678   39   85 13047.0000  719.60880  94.5%  44.5 1258s
 486657 482371  721.89542   40  119 13047.0000  719.64379  94.5%  44.5 1263s
 488233 484203  719.67716   33  121 13047.0000  719.67716  94.5%  44.5 1266s
 490079 486086  735.40160   40  163 13047.0000  719.85120  94.5%  44.5 1270s
 493598 489626  979.56334   48  133 13047.0000  720.08398  94.5%  44.5 1279s
 495542 491514  720.38418   35  103 13047.0000  720.21234  94.5%  44.5 1283s
 497438 491564  780.73233   43  138 13047.0000  720.34398  94.5%  44.5 1286s
 497488 491898  720.68813   33  103 13047.0000  720.38998  94.5%  44.5 1290s
 499078 494829  722.50185   34   99 13047.0000  720.47564  94.5%  44.5 1298s
 500776 496735 1704.19441   46  128 13047.0000  720.57539  94.5%  44.5 1302s
 502696 498720  721.09317   42  152 13047.0000  720.70813  94.5%  44.5 1307s
 504687 500442  904.74841   46   96 13047.0000  720.80329  94.5%  44.5 1311s
 506441 501846  729.10450   37   93 13047.0000  720.92587  94.5%  44.5 1315s
 509947 505644  784.74000   43  127 13047.0000  721.09060  94.5%  44.5 1325s
 511675 508502  722.62193   37  140 13047.0000  721.22607  94.5%  44.4 1330s
 516628 512326  728.96115   34  113 13047.0000  721.49945  94.5%  44.4 1338s
 518450 514271  929.61869   45  112 13047.0000  721.58671  94.5%  44.4 1342s
 520407 514319  808.95706   42  151 13047.0000  721.67376  94.5%  44.4 1346s
 520757 515362  746.36867   40  105 13047.0000  721.72439  94.5%  44.4 1353s
 521506 516471  721.75660   45  115 13047.0000  721.75660  94.5%  44.4 1357s
 522629 518010  721.92534   47  107 13047.0000  721.78985  94.5%  44.4 1361s
 524168 519885  835.22267   45  139 13047.0000  721.92082  94.5%  44.4 1365s
 526049 521414  936.61684   36  144 13047.0000  722.00093  94.5%  44.4 1370s
 529487 525092  723.77484   41  124 13047.0000  722.16931  94.5%  44.4 1378s
 531270 526692  842.81419   40  112 13047.0000  722.28415  94.5%  44.4 1383s
 532886 528789  746.78046   40  145 13047.0000  722.39492  94.5%  44.4 1387s
 534997 530696  841.02858   39   98 13047.0000  722.48686  94.5%  44.4 1391s
 538871 534580  790.44243   47  111 13047.0000  722.66587  94.5%  44.4 1399s
 540808 537491  785.04495   37  105 13047.0000  722.76398  94.5%  44.4 1404s
 543783 539430  729.40421   48  110 13047.0000  722.87960  94.5%  44.3 1408s
 545734 541460  838.09444   36   94 13047.0000  722.98562  94.5%  44.3 1412s
 547778 544121  723.05112   39  134 13047.0000  723.05112  94.5%  44.3 1417s
 550472 545940  723.27879   41  114 13047.0000  723.20064  94.5%  44.3 1421s
 552325 546223  746.58133   44  114 13047.0000  723.34772  94.5%  44.3 1428s
 552586 546910  735.99156   42  111 13047.0000  723.38174  94.5%  44.3 1432s
 553275 547926  738.11648   35  132 13047.0000  723.42244  94.5%  44.3 1436s
 554298 549373  726.71574   40  137 13047.0000  723.46493  94.5%  44.3 1441s
 555759 551244  843.75961   39  108 13047.0000  723.56199  94.5%  44.3 1445s
 559612 555216  751.80813   32  105 13047.0000  723.72854  94.5%  44.3 1453s
 561626 556968  741.70864   43  109 13047.0000  723.84816  94.5%  44.3 1458s
 563386 558878  827.59911   38  123 13047.0000  723.93833  94.5%  44.3 1462s
 565312 560830 1019.13686   41   95 13047.0000  724.05891  94.5%  44.3 1466s
 567270 562397 4698.84964   48  129 13047.0000  724.15630  94.4%  44.3 1471s
 568841 564317  727.76180   45  140 13047.0000  724.27521  94.4%  44.3 1475s
 572693 568220  811.48252   48  114 13047.0000  724.47899  94.4%  44.3 1482s
 574676 570959  796.56781   35   98 13047.0000  724.57733  94.4%  44.3 1488s
 577504 572607  843.00989   31  179 13047.0000  724.69662  94.4%  44.2 1492s
 579160 572661 1045.81073   48  110 13047.0000  724.82544  94.4%  44.2 1495s
 579593 573767  748.27813   37  106 13047.0000  724.88284  94.4%  44.3 1503s
 580328 575173 1071.58599   44   88 13047.0000  724.91667  94.4%  44.3 1507s
 581746 577077  789.23168   42  101 13047.0000  724.97577  94.4%  44.3 1510s
 585559 580877  762.77149   37  107 13047.0000  725.17984  94.4%  44.2 1519s
 587491 582786  738.87055   38  132 13047.0000  725.30561  94.4%  44.2 1523s
 589406 584594  844.38939   35  111 13047.0000  725.39990  94.4%  44.2 1527s
 591230 586494  725.56022   40  127 13047.0000  725.49283  94.4%  44.2 1532s
 593144 587826  761.97333   36  133 13047.0000  725.59595  94.4%  44.2 1536s
 594486 589582  776.29352   39  120 13047.0000  725.69454  94.4%  44.2 1540s
 598082 593175  772.50342   38  134 13047.0000  725.88902  94.4%  44.2 1549s
 599869 595145  744.01381   45  135 13047.0000  725.97063  94.4%  44.2 1552s
 601855 597526  790.09291   40  126 13047.0000  726.02982  94.4%  44.2 1557s
 604288 597616  803.84270   38  125 13047.0000  726.18879  94.4%  44.2 1561s
 604378 597960  749.56929   46  123 13047.0000  726.22139  94.4%  44.2 1565s
 605350 599907  726.27160   44  111 13047.0000  726.27160  94.4%  44.2 1572s
 606701 601784  767.50933   49  105 13047.0000  726.30270  94.4%  44.2 1576s
 608588 603532  862.50394   40   92 13047.0000  726.44090  94.4%  44.2 1581s
 612426 607508  766.70590   39  137 13047.0000  726.66547  94.4%  44.2 1588s
 614379 609394 1572.29103   40   74 13047.0000  726.78084  94.4%  44.2 1593s
 616273 611271  814.69128   45  105 13047.0000  726.84005  94.4%  44.2 1597s
 618156 613026  756.16526   40  121 13047.0000  726.94534  94.4%  44.2 1601s
H618814 613021                    12975.000000  726.96605  94.4%  44.2 1601s
 619913 614977  761.80684   36  125 12975.0000  727.03288  94.4%  44.2 1605s
 621877 616914  797.92780   40  142 12975.0000  727.13896  94.4%  44.2 1610s
H622926 616913                    12966.000000  727.16109  94.4%  44.2 1610s
H624555 619221                    12911.000000  727.24444  94.4%  44.2 1614s
H625534 619193                    12623.000000  727.25696  94.2%  44.2 1614s
 626172 620877  770.91806   40  121 12623.0000  727.36279  94.2%  44.2 1619s
H627103 620871                    12582.000000  727.37332  94.2%  44.2 1619s
H627663 620852                    12399.000000  727.38824  94.1%  44.2 1619s
 627870 622593  806.53455   40  142 12399.0000  727.44051  94.1%  44.2 1624s
H628441 622576                    12303.000000  727.46534  94.1%  44.2 1624s
 629615 625467  741.60707   37  115 12303.0000  727.52702  94.1%  44.2 1628s
 632598 627237  742.94970   32  101 12303.0000  727.65101  94.1%  44.2 1632s
H633209 627228                    12262.000000  727.66460  94.1%  44.2 1633s
 634369 627259  748.56594   39  134 12262.0000  727.73728  94.1%  44.2 1637s
 634400 627633  727.77500   42  102 12262.0000  727.77500  94.1%  44.2 1640s
 635678 629844  727.81987   44  116 12262.0000  727.81987  94.1%  44.2 1647s
 637011 631233  735.36444   45  112 12262.0000  727.81987  94.1%  44.2 1652s
 638425 633014 1084.16544   43  110 12262.0000  727.94863  94.1%  44.2 1656s
 640216 634743  732.50988   35  105 12262.0000  728.03023  94.1%  44.2 1660s
 643649 638352  890.78302   50  113 12262.0000  728.25000  94.1%  44.2 1669s
 645574 640302  938.71248   46  116 12262.0000  728.35876  94.1%  44.2 1673s
 647526 640896  776.12393   37  142 12262.0000  728.42775  94.1%  44.2 1681s
 648132 642906  736.59323   31  128 12262.0000  728.48997  94.1%  44.2 1685s
 652086 646624  747.20342   39  113 12262.0000  728.66843  94.1%  44.2 1692s
 653904 648529 1042.42857   43   94 12262.0000  728.76990  94.1%  44.2 1698s
 655813 650355 1009.91817   44  104 12262.0000  728.85554  94.1%  44.2 1702s
 657653 652259  728.95812   41  115 12262.0000  728.95812  94.1%  44.2 1706s
 659575 655176  729.23400   44  119 12262.0000  729.05246  94.1%  44.2 1711s
 662615 655352  775.73394   31  122 12262.0000  729.22391  94.1%  44.2 1717s
 662745 655868 1004.79593   35  107 12262.0000  729.24803  94.1%  44.2 1721s
 664069 658165 1016.75234   41  161 12262.0000  729.30601  94.1%  44.2 1729s
 665568 659971  765.80229   42  127 12262.0000  729.36600  94.1%  44.2 1733s
 667380 661920  730.57183   46  120 12262.0000  729.45295  94.1%  44.2 1737s
 669332 663609  731.84601   40  105 12262.0000  729.58545  94.1%  44.2 1742s
 671025 665428  789.01130   47  134 12262.0000  729.66876  94.0%  44.2 1746s
 672856 667295  797.80939   45  114 12262.0000  729.75325  94.0%  44.2 1750s
 676625 671155  735.28048   26  131 12262.0000  729.93169  94.0%  44.2 1758s
 678612 673024  998.39668   38  136 12262.0000  730.01084  94.0%  44.2 1762s
 680493 674844  731.89715   40  103 12262.0000  730.12846  94.0%  44.2 1766s
 682329 676536 1341.45776   46   92 12262.0000  730.23542  94.0%  44.2 1771s
 684027 678357  761.80221   41  106 12262.0000  730.31717  94.0%  44.2 1775s
 687387 681770  864.88355   47   90 12262.0000  730.47882  94.0%  44.2 1783s
 689290 684464  832.62889   41  126 12262.0000  730.54051  94.0%  44.2 1789s
 692097 686376  736.11295   37  116 12262.0000  730.68321  94.0%  44.1 1793s
 694013 688303  746.13362   36  110 12262.0000  730.75908  94.0%  44.1 1796s
 695956 690328  737.93108   40  120 12262.0000  730.81643  94.0%  44.1 1801s
 697987 690358  741.71056   32  141 12262.0000  730.95882  94.0%  44.1 1805s
 698290 691174  898.64589   39  117 12262.0000  731.00000  94.0%  44.1 1811s
 698835 692207  742.28501   41  135 12262.0000  731.02120  94.0%  44.2 1815s
 699876 693449  731.96687   47  100 12262.0000  731.05581  94.0%  44.2 1820s
 702788 696676  732.00304   29  137 12262.0000  731.17468  94.0%  44.2 1828s
 704399 698446  736.29881   44  123 12262.0000  731.27701  94.0%  44.2 1833s
 706179 700320  731.57602   36  127 12262.0000  731.31312  94.0%  44.2 1837s
 708069 702185  738.95000   39  127 12262.0000  731.40324  94.0%  44.2 1841s
 709942 704040  738.56976   39  135 12262.0000  731.48137  94.0%  44.2 1845s
 711807 705493  731.57329   37  106 12262.0000  731.56871  94.0%  44.2 1850s
 715195 709298  773.22621   43  115 12262.0000  731.68511  94.0%  44.2 1858s
 717096 711092 1900.97530   38  103 12262.0000  731.78827  94.0%  44.2 1862s
 718896 713167  874.51928   41  143 12262.0000  731.87644  94.0%  44.2 1866s
 721005 715886  785.71204   51  133 12262.0000  731.94420  94.0%  44.1 1871s
 723820 717274  745.52362   43  108 12262.0000  732.06906  94.0%  44.1 1875s
 725218 719081 1163.04872   38  142 12262.0000  732.12091  94.0%  44.1 1880s
 728969 721015  750.41338   38  109 12262.0000  732.30561  94.0%  44.1 1887s
 728985 721289  898.96262   38   74 12262.0000  732.31838  94.0%  44.1 1891s
 729259 721872  877.02155   45  108 12262.0000  732.35155  94.0%  44.1 1895s
 731296 725163  770.30693   44  122 12262.0000  732.40954  94.0%  44.1 1902s
 733149 726860  805.32223   48  116 12262.0000  732.49333  94.0%  44.1 1907s
 734854 728738  740.02469   35  147 12262.0000  732.58989  94.0%  44.1 1911s
 736760 730111  867.22558   42  124 12262.0000  732.65017  94.0%  44.1 1916s
 738145 732108  761.01681   46   85 12262.0000  732.71066  94.0%  44.1 1920s
 740144 733793  757.31534   45  134 12262.0000  732.77967  94.0%  44.1 1925s
 743755 737109  733.84311   30  123 12262.0000  732.88669  94.0%  44.1 1934s
 745168 739005  869.81089   41  135 12262.0000  732.96430  94.0%  44.1 1938s
 747064 740987  742.22456   40  132 12262.0000  733.06913  94.0%  44.1 1942s
 749052 742926  817.26800   40  132 12262.0000  733.13030  94.0%  44.1 1946s
 750995 745813  874.50801   32  123 12262.0000  733.22770  94.0%  44.1 1951s
 753975 747697  757.39028   42  154 12262.0000  733.34907  94.0%  44.1 1955s
 755892 747823  733.52313   40  122 12262.0000  733.43122  94.0%  44.1 1962s
 755999 748081  791.30824   44  118 12262.0000  733.45452  94.0%  44.1 1967s
 756257 748709  857.46704   41  107 12262.0000  733.46921  94.0%  44.1 1970s
 758341 751904  733.71955   32  114 12262.0000  733.53089  94.0%  44.1 1978s
 760088 753480  928.91219   43  112 12262.0000  733.63598  94.0%  44.1 1984s
 761688 754809  733.68665   44  124 12262.0000  733.68665  94.0%  44.1 1988s
 763021 756965  773.84820   45  134 12262.0000  733.76401  94.0%  44.1 1992s
 765181 759022  743.04075   45  149 12262.0000  733.84542  94.0%  44.1 1996s
 767246 760907  733.92237   35  137 12262.0000  733.89211  94.0%  44.1 2000s
 771020 764634  924.18976   46  122 12262.0000  734.03120  94.0%  44.1 2008s
 772878 766435  748.04313   38  122 12262.0000  734.10675  94.0%  44.1 2013s
 774687 768458  734.16410   37   95 12262.0000  734.16410  94.0%  44.1 2016s
 776714 770344  894.29675   47   97 12262.0000  734.20883  94.0%  44.1 2020s
 779967 773652  902.91516   39  115 12262.0000  734.36797  94.0%  44.1 2029s
 781942 775517  783.69081   40  130 12262.0000  734.47091  94.0%  44.1 2033s
 783813 778727  759.60380   38  106 12262.0000  734.54308  94.0%  44.1 2038s
 787100 780584  746.30050   34  109 12262.0000  734.58969  94.0%  44.0 2043s
 788975 782482  736.96144   33  128 12262.0000  734.70555  94.0%  44.0 2046s
 790895 784409  861.27802   38  111 12262.0000  734.76260  94.0%  44.0 2050s
 792838 787390  735.32200   35  125 12262.0000  734.86386  94.0%  44.0 2055s
 795876 789216  745.41880   37  101 12262.0000  734.95931  94.0%  44.0 2060s
 797742 789687  859.15076   43  116 12262.0000  735.08029  94.0%  44.0 2067s
 798181 790411  837.86820   35  127 12262.0000  735.09215  94.0%  44.0 2070s
 798913 791420  755.67497   33  147 12262.0000  735.12463  94.0%  44.0 2075s
 801660 795029  782.64386   46  139 12262.0000  735.25863  94.0%  44.0 2083s
 803543 796323  736.03031   42  130 12262.0000  735.31087  94.0%  44.0 2088s
 804841 798423  852.41730   34   87 12262.0000  735.38544  94.0%  44.0 2092s
 806955 800361 1848.59884   40  109 12262.0000  735.47236  94.0%  44.0 2096s
 808919 802409 1616.37067   45  122 12262.0000  735.54147  94.0%  44.0 2100s
 810979 804312  784.58526   34  122 12262.0000  735.62489  94.0%  44.0 2105s
 814759 808055  752.92024   33   95 12262.0000  735.76933  94.0%  44.0 2113s
 816656 809869  880.61629   32  157 12262.0000  735.82867  94.0%  44.0 2117s
 818480 811822  736.45778   40  129 12262.0000  735.90278  94.0%  44.0 2122s
 820470 813177  759.54375   33   87 12262.0000  735.96319  94.0%  43.9 2127s
 821841 814765  747.98905   46  122 12262.0000  736.03529  94.0%  43.9 2131s
 823439 816223  793.05425   44  117 12262.0000  736.11433  94.0%  44.0 2136s
 824927 816368 1227.14573   46  116 12262.0000  736.21303  94.0%  44.0 2142s
 825056 816763  995.67261   39   99 12262.0000  736.23396  94.0%  44.0 2147s
 825451 817789  762.74730   43  114 12262.0000  736.25460  94.0%  44.0 2151s
 826477 819091 1138.56690   49  144 12262.0000  736.28473  94.0%  44.0 2155s
 829578 820857  postponed   34      12262.0000  736.42203  94.0%  44.0 2160s

Cutting planes:
  Learned: 711
  Gomory: 275
  Lift-and-project: 185
  Implied bound: 190
  MIR: 1287
  Mixing: 115
  StrongCG: 1149
  Flow cover: 6231
  Inf proof: 349
  Zero half: 1941
  RLT: 1021
  Relax-and-lift: 4376

Explored 829579 nodes (36518941 simplex iterations) in 2160.01 seconds (1483.88 work units)
Thread count was 16 (of 16 available processors)

Solution count 10: 12262 12303 12399 ... 13124

Time limit reached
Best objective 1.226200000000e+04, best bound 7.364220340762e+02, gap 93.9943%

User-callback calls 2057402, time in user-callback 13.76 sec
Set parameter TimeLimit to value 1080
Gurobi Optimizer version 12.0.3 build v12.0.3rc0 (linux64 - "Ubuntu 22.04.5 LTS")

CPU model: Intel(R) Xeon(R) W-2145 CPU @ 3.70GHz, instruction set [SSE2|AVX|AVX2|AVX512]
Thread count: 8 physical cores, 16 logical processors, using up to 16 threads

Non-default parameters:
TimeLimit  1080
Heuristics  0.1
MIPFocus  3
Presolve  2
ImproveStartGap  0.5

Optimize a model with 18217 rows, 12221 columns and 85714 nonzeros
Model fingerprint: 0x6b2f4e76
Model has 15 quadratic constraints
Variable types: 15 continuous, 12206 integer (11978 binary)
Coefficient statistics:
  Matrix range     [1e+00, 6e+02]
  QMatrix range    [1e+00, 1e+00]
  QLMatrix range   [1e+00, 1e+00]
  Objective range  [5e-01, 5e-01]
  Bounds range     [1e+00, 1e+00]
  RHS range        [1e+00, 1e+04]

MIP start from previous solve produced solution with objective 90.5 (0.01s)
Loaded MIP start from previous solve with objective 90.5

Presolve removed 13654 rows and 9983 columns
Presolve time: 0.20s
Presolved: 4563 rows, 2238 columns, 17650 nonzeros
Presolved model has 15 quadratic constraint(s)
Found heuristic solution: objective 25.0000000
Variable types: 15 continuous, 2223 integer (2156 binary)

Resetting heuristic parameters to focus on improving solution
(using Heuristics=0.5 and RINS=10)...

Root relaxation presolve removed 4563 rows and 2238 columns
Root relaxation presolve: All rows and columns removed

Root relaxation: objective 1.800000e+01, 0 iterations, 0.00 seconds (0.01 work units)

    Nodes    |    Current Node    |     Objective Bounds      |     Work
 Expl Unexpl |  Obj  Depth IntInf | Incumbent    BestBd   Gap | It/Node Time

     0     0   18.00000    0    -   25.00000   18.00000  28.0%     -    0s
     0     0   18.00000    0   47   25.00000   18.00000  28.0%     -    0s
     0     0   18.00000    0   37   25.00000   18.00000  28.0%     -    0s
     0     0   18.00000    0   19   25.00000   18.00000  28.0%     -    1s
     0     0   18.00000    0   15   25.00000   18.00000  28.0%     -    1s
     0     0   18.00000    0   14   25.00000   18.00000  28.0%     -    2s
     0     0   18.00000    0   19   25.00000   18.00000  28.0%     -    2s
     0     0   18.00000    0   21   25.00000   18.00000  28.0%     -    3s
     0     0   18.00000    0   21   25.00000   18.00000  28.0%     -    3s
     0     0   18.00000    0   22   25.00000   18.00000  28.0%     -    4s
H    0     0                      24.0000000   18.00000  25.0%     -    4s
     0     0   18.00000    0   23   24.00000   18.00000  25.0%     -    4s
     0     0   18.00000    0   16   24.00000   18.00000  25.0%     -    5s
     0     0   18.00000    0   20   24.00000   18.00000  25.0%     -    5s
     0     0   18.00000    0   19   24.00000   18.00000  25.0%     -    6s
     0     0   18.00000    0   35   24.00000   18.00000  25.0%     -    6s
     0     0   18.00000    0   13   24.00000   18.00000  25.0%     -    6s
     0     0   18.00000    0   15   24.00000   18.00000  25.0%     -    7s
     0     0   18.00000    0   24   24.00000   18.00000  25.0%     -    7s
     0     0   18.00000    0   20   24.00000   18.00000  25.0%     -    7s
     0     0   18.00000    0   12   24.00000   18.00000  25.0%     -    7s
     0     0   18.00000    0   28   24.00000   18.00000  25.0%     -    7s
     0     0   18.00000    0   22   24.00000   18.00000  25.0%     -    8s
     0     2   18.00000    0   15   24.00000   18.00000  25.0%     -    8s
   323   946   18.00000   17   14   24.00000   18.00000  25.0%  37.6   10s
  2144  1887   18.00000   11   14   24.00000   18.00000  25.0%  19.3   16s
  2147  1889   18.00000   31   20   24.00000   18.00000  25.0%  19.2   20s
  2153  1893   19.00000   52   29   24.00000   18.00000  25.0%  19.2   25s
  2158  1897   20.00000   59   16   24.00000   18.00000  25.0%  19.2   30s
  3941  3707   18.00823   49   19   24.00000   18.00000  25.0%  26.3   36s
  6199  4953   18.00000   36   42   24.00000   18.00000  25.0%  28.8   41s
  7668  5848   19.00000   45   35   24.00000   18.00000  25.0%  29.5   46s
  9042  6926 infeasible   86        24.00000   18.00000  25.0%  29.5   50s
 10961  8330   18.00000   35   50   24.00000   18.00000  25.0%  28.9   55s
 12328  9705   19.00000   65   32   24.00000   18.00000  25.0%  28.4   60s
 13959 10877   18.00000   47   25   24.00000   18.00000  25.0%  28.5   66s
 15238 12202   19.00000   75   25   24.00000   18.00000  25.0%  28.9   71s
 16472 13331   21.00000   74   25   24.00000   18.00000  25.0%  29.4   77s
 18129 14934   19.00000   75   13   24.00000   18.00000  25.0%  30.0   81s
 19589 15982   18.00000   46   29   24.00000   18.00000  25.0%  30.4   86s
 21068 17174   20.00000   71   24   24.00000   18.00000  25.0%  30.9   92s
 22462 18616   19.00000   55   27   24.00000   18.00000  25.0%  31.1   96s
 23777 19813   19.00000   47   37   24.00000   18.00000  25.0%  31.4  102s
 24670 20602 infeasible   74        24.00000   18.00000  25.0%  31.4  105s
 26436 21826   20.00000   71   17   24.00000   18.00000  25.0%  31.8  111s
 27775 22995   19.00000   58   25   24.00000   18.00000  25.0%  32.4  117s
 28802 23724   18.00370   76   33   24.00000   18.00000  25.0%  32.7  121s
 30841 25009   18.00000   49   21   24.00000   18.00000  25.0%  33.5  128s
 31747 25689   18.00000   69   16   24.00000   18.00000  25.0%  33.8  132s
 32863 26195   19.00000   76   20   24.00000   18.00000  25.0%  34.2  137s
 33607 27257   19.00000   84   15   24.00000   18.00000  25.0%  34.3  141s
 34984 28373   19.00000   39   19   24.00000   18.00000  25.0%  34.5  145s
 37603 30384   19.00000   64   21   24.00000   18.00000  25.0%  34.4  154s
 38723 31473   18.00000   54   22   24.00000   18.00000  25.0%  34.4  159s
 40076 32860   19.00000   57   27   24.00000   18.00000  25.0%  34.5  165s
 41611 34164   19.00000   47   27   24.00000   18.00000  25.0%  34.6  170s
 43191 34901   18.00000   47   19   24.00000   18.00000  25.0%  34.7  176s
 44078 36124   19.00402   50   33   24.00000   18.00000  25.0%  34.8  182s
 45663 37183   19.00000   51   29   24.00000   18.00000  25.0%  35.0  187s
 47100 38418 infeasible   56        24.00000   18.00000  25.0%  35.1  192s
 48597 39225   19.00000   66   11   24.00000   18.00000  25.0%  35.1  199s
 49602 40717   19.00000   86   14   24.00000   18.00000  25.0%  35.1  204s
 51434 42154   20.00000   57   21   24.00000   18.00000  25.0%  35.1  210s
 53075 43002 infeasible   69        24.00000   18.00000  25.0%  35.2  216s
 54063 44807   19.00000   76   10   24.00000   18.00000  25.0%  35.1  222s
 56204 46196   18.00000   48   16   24.00000   18.00000  25.0%  34.9  228s
 57753 47439   18.03954   68   15   24.00000   18.00000  25.0%  34.9  234s
 59184 48804 infeasible   91        24.00000   18.00000  25.0%  34.9  240s
 60821 49509   19.00000   90   18   24.00000   18.00000  25.0%  35.1  246s
 61732 50726   19.00000   98   15   24.00000   18.00000  25.0%  35.1  251s
 63145 52133   18.00000   61   19   24.00000   18.00000  25.0%  35.3  258s
 64804 53368   19.02055   69   21   24.00000   18.00000  25.0%  35.4  264s
 66339 54550   18.00000   53   13   24.00000   18.00000  25.0%  35.4  270s
 67799 55179   19.00000   88   28   24.00000   18.00000  25.0%  35.5  276s
 68660 56380   19.00000   98   25   24.00000   18.00000  25.0%  35.6  281s
 70320 57418   19.00000   98   50   24.00000   18.00000  25.0%  35.8  288s
 71772 58759   18.00000   72   24   24.00000   18.00000  25.0%  36.2  294s
 73687 59339   20.00000  114    8   24.00000   18.00000  25.0%  36.4  301s
 74532 60448   19.00000   91   11   24.00000   18.00000  25.0%  36.7  306s
 76051 61057   20.00000   75   17   24.00000   18.00000  25.0%  37.0  313s
 76902 62095   18.00000   87    9   24.00000   18.00000  25.0%  37.1  320s
 78314 63398   19.00000  105   13   24.00000   18.00000  25.0%  37.4  325s
 80108 64478   19.00794   82   38   24.00000   18.00000  25.0%  37.6  332s
 81480 65079   19.00781   82   35   24.00000   18.00000  25.0%  37.8  338s
 82238 66232   19.00000  102   17   24.00000   18.00000  25.0%  38.0  344s
 83741 67519   19.00000   87   23   24.00000   18.00000  25.0%  38.2  351s
 85540 68675   19.00000   83   40   24.00000   18.00000  25.0%  38.6  356s
 87042 69668   18.00000   97   14   24.00000   18.00000  25.0%  39.0  364s
 88376 70254   20.00000  100   23   24.00000   18.00000  25.0%  39.2  372s
 89151 71244   19.00000  100   27   24.00000   18.00000  25.0%  39.3  379s
 90459 72392   19.00000   81   14   24.00000   18.00000  25.0%  39.5  384s
 91935 73042   20.03175  114   35   24.00000   18.00000  25.0%  39.8  392s
 92727 74025   19.00781   97   60   24.00000   18.00000  25.0%  39.9  398s
 93994 75235   18.00000   84   23   24.00000   18.00000  25.0%  40.1  405s
 95616 76148 infeasible   98        24.00000   18.00000  25.0%  40.3  411s
 96873 77040   21.00000  105   35   24.00000   18.00000  25.0%  40.5  418s
 97987 78207   19.00000   80   20   24.00000   18.00000  25.0%  40.5  425s
 99508 79371   19.00260   79   10   24.00000   18.00000  25.0%  40.6  431s
 100912 80377   19.00000   56   28   24.00000   18.00000  25.0%  40.7  439s
 102048 81411   19.00000   63   31   24.00000   18.00000  25.0%  40.7  445s
 103330 82056   18.00000   39   15   24.00000   18.00000  25.0%  40.7  453s
 104093 82977   18.00000   56   46   24.00000   18.00000  25.0%  40.8  459s
 105308 84340   18.01587   99   33   24.00000   18.00000  25.0%  40.9  466s
 106999 85489   18.00155   65   39   24.00000   18.00000  25.0%  41.1  472s
 108492 86612   19.01245   61   38   24.00000   18.00000  25.0%  41.2  478s
 109995 87253   19.00000   81   17   24.00000   18.00000  25.0%  41.2  487s
 110794 88302 infeasible   66        24.00000   18.00000  25.0%  41.2  493s
 112111 89302   18.00000   48   34   24.00000   18.00000  25.0%  41.2  501s
 113318 89912 infeasible   75        24.00000   18.00000  25.0%  41.3  508s
 114132 91171   19.00000   62   21   24.00000   18.00000  25.0%  41.4  515s
 115637 92432   21.00000   83   28   24.00000   18.00000  25.0%  41.4  521s
 117122 93637   19.00000   52   38   24.00000   18.00000  25.0%  41.5  529s
 118552 94323   18.00000   81   15   24.00000   18.00000  25.0%  41.6  536s
 119332 95358   19.00000   41   25   24.00000   18.00000  25.0%  41.6  544s
 120579 96427   18.00000   39   13   24.00000   18.00000  25.0%  41.6  551s
 121808 97040   19.00000   83   27   24.00000   18.00000  25.0%  41.7  559s
 122567 98254   19.00029   91   38   24.00000   18.00000  25.0%  41.8  566s
 124083 99379 infeasible   68        24.00000   18.00000  25.0%  41.9  573s
 125462 100426   19.00000   59   50   24.00000   18.00000  25.0%  42.0  580s
 126685 101522   18.00000   66   25   24.00000   18.00000  25.0%  42.1  588s
 128001 102242   19.00000   69   27   24.00000   18.00000  25.0%  42.1  595s
 128919 103415   22.00668   60   42   24.00000   18.00000  25.0%  42.1  602s
 130433 104342   19.00000   74   30   24.00000   18.00000  25.0%  42.3  609s
 131590 105448 infeasible   97        24.00000   18.00000  25.0%  42.3  617s
 133052 106110   19.00000   67   49   24.00000   18.00000  25.0%  42.4  625s
 133856 107126   20.00000   47   54   24.00000   18.00000  25.0%  42.4  633s
 135208 108189   19.00000   46   18   24.00000   18.00000  25.0%  42.5  640s
 136501 108880   19.00000   98   36   24.00000   18.00000  25.0%  42.6  649s
 137339 110028   19.00000   59   41   24.00000   18.00000  25.0%  42.7  656s
 138677 111156   19.00000   58   34   24.00000   18.00000  25.0%  42.6  664s
 140157 112162   19.00000   74   21   24.00000   18.00000  25.0%  42.7  672s
 141391 113322   19.00000   81   31   24.00000   18.00000  25.0%  42.7  680s
 142945 114446   19.00000   65   39   24.00000   18.00000  25.0%  42.8  687s
 144345 115107   19.00000   96   20   24.00000   18.00000  25.0%  42.8  696s
 145125 116116   19.00000   53   24   24.00000   18.00000  25.0%  42.9  704s
 146360 116786   19.00000   48   32   24.00000   18.00000  25.0%  42.9  713s
 147134 117723   18.00000   49   17   24.00000   18.00000  25.0%  42.9  721s
 148368 118833   19.00000   54   29   24.00000   18.00000  25.0%  43.0  728s
 149710 119883   19.00000   57   26   24.00000   18.00000  25.0%  43.1  736s
 151098 120836   19.00000   82   42   24.00000   18.00000  25.0%  43.2  743s
 152333 121431   19.00000   73   29   24.00000   18.00000  25.0%  43.3  753s
 153132 122343   18.00000   50   18   24.00000   18.00000  25.0%  43.3  760s
 154400 123346   19.00000   62   19   24.00000   18.00000  25.0%  43.3  769s
 155825 123926   20.00000   59   44   24.00000   18.00000  25.0%  43.5  777s
 156613 125048   19.00000   85   21   24.00000   18.00000  25.0%  43.5  785s
 158107 126002   19.00626  109   22   24.00000   18.00000  25.0%  43.6  793s
 159301 126958   19.00000   66   24   24.00000   18.00000  25.0%  43.7  802s
 160599 128015   19.00000   83   25   24.00000   18.00000  25.0%  43.8  810s
 161838 128609   19.00000   68   43   24.00000   18.00000  25.0%  43.8  819s
 162576 129730   21.00000   87   37   24.00000   18.00000  25.0%  43.8  827s
 163986 130693   18.00000   64   37   24.00000   18.00000  25.0%  43.8  836s
 165209 131820   18.00000   53   21   24.00000   18.00000  25.0%  43.8  844s
 166632 132798   18.00000   65   19   24.00000   18.00000  25.0%  43.9  852s
 167851 133452   19.00000   97   27   24.00000   18.00000  25.0%  43.9  862s
 168639 134592   18.00000   50   28   24.00000   18.00000  25.0%  43.9  870s
 170041 135561   19.00000   67   32   24.00000   18.00000  25.0%  43.9  879s
 171265 136678   20.00000   51   58   24.00000   18.00000  25.0%  43.9  888s
 172608 137799   19.00000   88   14   24.00000   18.00000  25.0%  43.9  896s
 173899 138426   19.00000   41   33   24.00000   18.00000  25.0%  43.9  906s
 174677 139566   19.00000   59   41   24.00000   18.00000  25.0%  43.9  914s
 176045 140455   19.00000   51   36   24.00000   18.00000  25.0%  43.9  924s
 177138 141476   18.00000   35   18   24.00000   18.00000  25.0%  43.9  932s
 178397 142363   18.00000   42   22   24.00000   18.00000  25.0%  44.0  940s
 179560 142937   19.00000   47   36   24.00000   18.00000  25.0%  44.0  951s
 180286 143932   18.00000   50   32   24.00000   18.00000  25.0%  44.1  958s
 181701 144928   19.00000   48   27   24.00000   18.00000  25.0%  44.2  968s
 183057 145704   19.00000   56   56   24.00000   18.00000  25.0%  44.3  977s
 184265 146632   19.00000   64   34   24.00000   18.00000  25.0%  44.4  985s
 185683 147126   18.00000   60   18   24.00000   18.00000  25.0%  44.6  995s
 186501 147970   19.00000   65   22   24.00000   18.00000  25.0%  44.8 1003s
 187759 148804   19.00000   59   33   24.00000   18.00000  25.0%  44.9 1012s
 188943 149728 infeasible   64        24.00000   18.00000  25.0%  45.0 1021s
 190423 150170   19.00000   65   14   24.00000   18.00000  25.0%  45.2 1030s
 191265 151023   19.00000   49   26   24.00000   18.00000  25.0%  45.3 1039s
 192806 151844   19.00000   50   32   24.00000   18.00000  25.0%  45.4 1047s
 194397 152518   19.00000   60   34   24.00000   18.00000  25.0%  45.5 1056s
 195825 152934   19.00000   74   31   24.00000   18.00000  25.0%  45.6 1066s
 196757 153497 infeasible   80        24.00000   18.00000  25.0%  45.7 1074s
 197932 154048 infeasible   78        24.00000   18.00000  25.0%  45.8 1080s

Cutting planes:
  Learned: 407
  Gomory: 219
  Lift-and-project: 53
  Cover: 1
  Implied bound: 148
  Projected implied bound: 2
  MIR: 1037
  Mixing: 23
  StrongCG: 873
  Flow cover: 3060
  Inf proof: 204
  Zero half: 1351
  RLT: 163
  Relax-and-lift: 1123

Explored 199175 nodes (9149209 simplex iterations) in 1080.40 seconds (544.72 work units)
Thread count was 16 (of 16 available processors)

Solution count 5: 24 24 25 ... 90.5

Time limit reached
Best objective 2.400000000000e+01, best bound 1.800000000000e+01, gap 25.0000%

User-callback calls 482330, time in user-callback 2.04 sec
Set parameter TimeLimit to value 360
Gurobi Optimizer version 12.0.3 build v12.0.3rc0 (linux64 - "Ubuntu 22.04.5 LTS")

CPU model: Intel(R) Xeon(R) W-2145 CPU @ 3.70GHz, instruction set [SSE2|AVX|AVX2|AVX512]
Thread count: 8 physical cores, 16 logical processors, using up to 16 threads

Non-default parameters:
TimeLimit  360
Heuristics  0.1
MIPFocus  3
Presolve  2
ImproveStartGap  0.5

Optimize a model with 18219 rows, 12221 columns and 85910 nonzeros
Model fingerprint: 0xc5f87183
Model has 15 quadratic constraints
Variable types: 15 continuous, 12206 integer (11978 binary)
Coefficient statistics:
  Matrix range     [5e-01, 6e+02]
  QMatrix range    [1e+00, 1e+00]
  QLMatrix range   [1e+00, 1e+00]
  Objective range  [1e+00, 1e+00]
  Bounds range     [1e+00, 1e+00]
  RHS range        [1e+00, 1e+04]

MIP start from previous solve produced solution with objective 228 (0.02s)
Loaded MIP start from previous solve with objective 228

Presolve removed 13591 rows and 9982 columns
Presolve time: 0.24s
Presolved: 4628 rows, 2239 columns, 17809 nonzeros
Presolved model has 15 quadratic constraint(s)
Variable types: 15 continuous, 2224 integer (2156 binary)

Resetting heuristic parameters to focus on improving solution
(using Heuristics=0.5 and RINS=10)...

Root relaxation presolve removed 4628 rows and 2239 columns
Root relaxation presolve: All rows and columns removed

Root relaxation: objective 1.850000e+02, 0 iterations, 0.00 seconds (0.01 work units)

    Nodes    |    Current Node    |     Objective Bounds      |     Work
 Expl Unexpl |  Obj  Depth IntInf | Incumbent    BestBd   Gap | It/Node Time

     0     0  185.00000    0   40  228.00000  185.00000  18.9%     -    0s
H    0     0                     227.0000000  185.00000  18.5%     -    0s
H    0     0                     225.0000000  185.00000  17.8%     -    0s
     0     0  185.00000    0   40  225.00000  185.00000  17.8%     -    1s
     0     0  186.00000    0   38  225.00000  186.00000  17.3%     -    1s
     0     0  186.00000    0   36  225.00000  186.00000  17.3%     -    1s
     0     0  186.00000    0   50  225.00000  186.00000  17.3%     -    1s
     0     0  186.00000    0   40  225.00000  186.00000  17.3%     -    2s
     0     0  186.00000    0   37  225.00000  186.00000  17.3%     -    2s
     0     0  187.00000    0   43  225.00000  187.00000  16.9%     -    3s
     0     0  187.00000    0   41  225.00000  187.00000  16.9%     -    3s
     0     0  187.00000    0   34  225.00000  187.00000  16.9%     -    4s
     0     0  187.00000    0   33  225.00000  187.00000  16.9%     -    4s
     0     0  187.00000    0   28  225.00000  187.00000  16.9%     -    4s
     0     0  187.00000    0   45  225.00000  187.00000  16.9%     -    5s
     0     0  187.00000    0   48  225.00000  187.00000  16.9%     -    5s
     0     0  187.00000    0   41  225.00000  187.00000  16.9%     -    5s
     0     0  187.00000    0   55  225.00000  187.00000  16.9%     -    5s
     0     0  187.00000    0   41  225.00000  187.00000  16.9%     -    5s
     0     0  187.00000    0   34  225.00000  187.00000  16.9%     -    5s
     0     0  187.00000    0   32  225.00000  187.00000  16.9%     -    5s
     0     0  187.00000    0   43  225.00000  187.00000  16.9%     -    5s
     0     0  187.00000    0   45  225.00000  187.00000  16.9%     -    5s
     0     0  187.00000    0   45  225.00000  187.00000  16.9%     -    6s
     0     0  187.00000    0   37  225.00000  187.00000  16.9%     -    6s
     0     0  187.00000    0   37  225.00000  187.00000  16.9%     -    6s
     0     2  187.00000    0   37  225.00000  187.00000  16.9%     -    6s
   531   499  194.00000   17   33  225.00000  188.00000  16.4%  36.0   10s
   538   504  199.00000   29   55  225.00000  188.00000  16.4%  35.5   15s
   547   510  193.00000   30   61  225.00000  188.00000  16.4%  34.9   20s
  2381  1934  193.00000   25   51  225.00000  190.00000  15.6%  32.2   25s
  5151  5346  197.00000   72   34  225.00000  193.00000  14.2%  22.3   30s
  9733  9872 infeasible   49       225.00000  193.00000  14.2%  17.4   35s
 14015 13883  197.00000   43   53  225.00000  193.00000  14.2%  16.7   40s
 17247 17112  199.00000   44   50  225.00000  193.00000  14.2%  16.3   46s
 20253 20160  199.00000   39   59  225.00000  193.00000  14.2%  16.2   50s
 23700 23519  193.00000   39   73  225.00000  193.00000  14.2%  16.1   55s
 27416 27522  197.00000   50   43  225.00000  193.00000  14.2%  15.9   61s
 30799 30888  198.00000   53   43  225.00000  193.00000  14.2%  15.8   66s
 34567 34269  198.00000   47   41  225.00000  193.00000  14.2%  16.0   71s
 36700 37323  198.00000   41   46  225.00000  193.00000  14.2%  16.3   76s
 40088 39640  201.00000   52   56  225.00000  193.00000  14.2%  16.3   80s
 44429 44161  199.00000   59   40  225.00000  193.00000  14.2%  16.5   86s
 48040 47211  199.00000   55   50  225.00000  193.00000  14.2%  16.6   92s
 50401 50213  193.00000   32   92  225.00000  193.00000  14.2%  16.8   96s
 53071 52540  199.00000   56   62  225.00000  193.00000  14.2%  16.9  100s
 56349 55648  193.00000   55   52  225.00000  193.00000  14.2%  16.9  106s
 58690 58669  203.00000   60   54  225.00000  193.00000  14.2%  17.0  110s
 61947 61210  197.00000   51   67  225.00000  193.00000  14.2%  17.2  115s
 65063 64188  204.00000   54   57  225.00000  193.00000  14.2%  17.2  120s
 67618 66609  193.00000   44   47  225.00000  193.00000  14.2%  17.4  125s
 71665 71360  206.00000   49   60  225.00000  193.00000  14.2%  17.6  132s
 75055 73770  200.00000   45   51  225.00000  193.00000  14.2%  17.6  137s
 76227 75130  199.00000   53   73  225.00000  193.00000  14.2%  17.7  140s
 80418 79706  200.00000   54   48  225.00000  193.00000  14.2%  17.9  147s
 82395 80684  206.00000   57   35  225.00000  193.00000  14.2%  17.9  150s
 86060 85214  200.00000   59   33  225.00000  193.00000  14.2%  18.1  157s
 89348 87919  193.00000   47   44  225.00000  193.00000  14.2%  18.1  161s
 92473 90763  199.00000   49   62  225.00000  193.00000  14.2%  18.2  167s
 93804 91880  198.00000   51   45  225.00000  193.00000  14.2%  18.3  170s
 98314 96457  205.00000   54   24  225.00000  193.00000  14.2%  18.3  177s
 99690 97470  199.00000   51   70  225.00000  193.00000  14.2%  18.4  180s
 102143 100466  199.00000   54   30  225.00000  193.00000  14.2%  18.5  186s
 105188 102828  199.00000   52   45  225.00000  193.00000  14.2%  18.6  192s
 106217 104309  206.00000   47   30  225.00000  193.00000  14.2%  18.7  195s
 109810 107699  196.00000   35   57  225.00000  193.00000  14.2%  18.7  200s
 112370 110341  196.00000   40   69  225.00000  193.00000  14.2%  18.8  205s
 115352 113073  196.00000   48   46  225.00000  193.00000  14.2%  18.8  211s
 118419 115857  196.00000   38   59  225.00000  193.00000  14.2%  18.9  216s
 120947 118370  198.00000   57   45  225.00000  193.00000  14.2%  19.0  221s
 123631 121153  199.00000   55   58  225.00000  193.00000  14.2%  19.1  227s
 126401 124020  198.00000   42   83  225.00000  193.00000  14.2%  19.2  232s
 129280 126163  193.00000   43   63  225.00000  193.00000  14.2%  19.3  237s
 130233 127519  204.00000   40   35  225.00000  193.00000  14.2%  19.4  240s
 133723 130810  198.00000   54   53  225.00000  193.00000  14.2%  19.5  245s
 136005 133135  195.00000   51   54  225.00000  193.00000  14.2%  19.5  250s
 138735 135808  199.00000   43   75  225.00000  193.00000  14.2%  19.6  256s
 141729 138724  204.00000   48   46  225.00000  193.00000  14.2%  19.6  261s
 144335 141114  196.00000   52   48  225.00000  193.00000  14.2%  19.7  266s
 147571 144398  198.00000   45   44  225.00000  193.00000  14.2%  19.7  272s
 149943 146803  203.00000   53   34  225.00000  193.00000  14.2%  19.8  277s
 152909 149480  199.00000   44   66  225.00000  193.00000  14.2%  19.9  282s
 154057 150663  193.00000   53   71  225.00000  193.00000  14.2%  19.9  286s
 156680 153437  195.00000   33   78  225.00000  193.00000  14.2%  20.0  291s
 159787 156297  200.00000   60   53  225.00000  193.00000  14.2%  20.0  296s
 162503 158617  201.00000   44   46  225.00000  193.00000  14.2%  20.1  302s
 164179 160455  199.00000   57   45  225.00000  193.00000  14.2%  20.1  305s
 167966 164610  193.00000   39   64  225.00000  193.00000  14.2%  20.2  312s
 169647 165974  208.00000   61   58  225.00000  193.00000  14.2%  20.1  316s
 172001 168406  203.00000   63   24  225.00000  193.00000  14.2%  20.2  321s
 175201 171332  202.00000   51   51  225.00000  193.00000  14.2%  20.3  326s
 176469 172399  196.00000   54   58  225.00000  193.00000  14.2%  20.3  330s
 178716 175447  193.00000   41   62  225.00000  193.00000  14.2%  20.3  335s
 182103 177683  199.00000   61   30  225.00000  193.00000  14.2%  20.4  340s
 184462 180905  198.00000   40   37  225.00000  193.00000  14.2%  20.5  347s
 187558 183030  199.00000   54   57  225.00000  193.00000  14.2%  20.6  352s
 189913 185687  194.00000   50   59  225.00000  193.00000  14.2%  20.6  357s
 191234 187066  196.00000   68   39  225.00000  193.00000  14.2%  20.7  360s

Cutting planes:
  Learned: 194
  Gomory: 75
  Lift-and-project: 127
  Implied bound: 42
  MIR: 93
  Mixing: 3
  StrongCG: 42
  Flow cover: 781
  Inf proof: 38
  Zero half: 88
  RLT: 43
  Relax-and-lift: 124
  PSD: 2

Explored 192711 nodes (4009565 simplex iterations) in 360.09 seconds (214.98 work units)
Thread count was 16 (of 16 available processors)

Solution count 3: 225 227 228 

Time limit reached
Best objective 2.250000000000e+02, best bound 1.930000000000e+02, gap 14.2222%

User-callback calls 444942, time in user-callback 1.23 sec
