
Gurobi 12.0.3 (linux64) logging started Fri Jan  2 03:13:28 2026

Set parameter LogFile to value "/home/bazzo/Scrivania/fjsp_rescheduling/simulations/logs/EX12/gurobi_exp12.log"
Set parameter OutputFlag to value 1
Set parameter TimeLimit to value 2160
Set parameter Presolve to value 2
Set parameter MIPFocus to value 3
Set parameter Heuristics to value 0.1
Set parameter ImproveStartGap to value 0.5
Set parameter Presolve to value 2
Gurobi Optimizer version 12.0.3 build v12.0.3rc0 (linux64 - "Ubuntu 22.04.5 LTS")

CPU model: Intel(R) Xeon(R) W-2145 CPU @ 3.70GHz, instruction set [SSE2|AVX|AVX2|AVX512]
Thread count: 8 physical cores, 16 logical processors, using up to 16 threads

Non-default parameters:
TimeLimit  2160
Heuristics  0.1
MIPFocus  3
Presolve  2
ImproveStartGap  0.5

Optimize a model with 33602 rows, 11141 columns and 162407 nonzeros
Model fingerprint: 0x6f929280
Model has 20 quadratic constraints
Variable types: 20 continuous, 11121 integer (10900 binary)
Coefficient statistics:
  Matrix range     [1e+00, 1e+03]
  QMatrix range    [1e+00, 1e+00]
  QLMatrix range   [1e+00, 1e+00]
  Objective range  [1e+00, 1e+00]
  Bounds range     [1e+00, 1e+00]
  RHS range        [1e+00, 3e+03]
Presolve removed 21455 rows and 7240 columns
Presolve time: 0.45s
Presolved: 12147 rows, 3901 columns, 68286 nonzeros
Presolved model has 20 quadratic constraint(s)
Variable types: 20 continuous, 3881 integer (3795 binary)
Root relaxation presolve removed 2216 rows and 951 columns
Root relaxation presolved: 9931 rows, 2950 columns, 58187 nonzeros


Root relaxation: objective 0.000000e+00, 480 iterations, 0.06 seconds (0.07 work units)

    Nodes    |    Current Node    |     Objective Bounds      |     Work
 Expl Unexpl |  Obj  Depth IntInf | Incumbent    BestBd   Gap | It/Node Time

     0     0    0.00000    0    3          -    0.00000      -     -    0s
H    0     0                    96984.000000    0.00000   100%     -    1s
H    0     0                    75132.000000    0.00000   100%     -    1s
     0     0    0.00000    0   55 75132.0000    0.00000   100%     -    1s
H    0     0                    70051.000000    0.00000   100%     -    2s
H    0     0                    69254.000000    0.00000   100%     -    2s
     0     0    0.00579    0   69 69254.0000    0.00579   100%     -    2s
H    0     0                    68688.000000    0.00579   100%     -    2s
H    0     0                    67136.000000    0.00579   100%     -    2s
H    0     0                    67120.000000    0.00579   100%     -    2s
H    0     0                    64784.000000    0.00579   100%     -    2s
H    0     0                    64540.000000    0.00579   100%     -    2s
H    0     0                    64385.000000    0.00579   100%     -    2s
H    0     0                    64113.000000    0.00579   100%     -    2s
H    0     0                    63236.000000    0.00579   100%     -    2s
H    0     0                    63186.000000    0.00579   100%     -    2s
H    0     0                    61581.000000    7.98159   100%     -    3s
H    0     0                    61333.000000    7.98159   100%     -    3s
     0     0   26.11886    0   30 61333.0000   26.11886   100%     -    3s
H    0     0                    61085.000000   26.11886   100%     -    3s
H    0     0                    60817.000000   26.11886   100%     -    3s
H    0     0                    60569.000000   26.11886   100%     -    3s
H    0     0                    40370.000000   26.11886   100%     -    3s
H    0     0                    40047.000000   26.11886   100%     -    3s
H    0     0                    39972.000000   26.11886   100%     -    3s
H    0     0                    39903.000000   26.11886   100%     -    3s
     0     0   33.10728    0   95 39903.0000   33.10728   100%     -    3s
H    0     0                    39687.000000   43.74359   100%     -    5s
H    0     0                    39448.000000   43.74359   100%     -    5s
H    0     0                    38292.000000   43.74359   100%     -    5s
H    0     0                    38276.000000   43.74359   100%     -    5s
H    0     0                    38223.000000   43.74359   100%     -    5s
H    0     0                    37904.000000   43.74359   100%     -    5s
H    0     0                    37793.000000   43.74359   100%     -    5s
     0     0   50.02910    0   41 37793.0000   50.02910   100%     -    5s
H    0     0                    33106.000000   50.02910   100%     -    5s
     0     0   59.75942    0  105 33106.0000   59.75942   100%     -    6s
     0     0   66.09118    0   55 33106.0000   66.09118   100%     -    7s
     0     0   66.58085    0  128 33106.0000   66.58085   100%     -    7s
H    0     0                    31859.000000   70.53596   100%     -    8s
H    0     0                    31754.000000   70.53596   100%     -    8s
H    0     0                    31694.000000   70.53596   100%     -    8s
H    0     0                    31649.000000   70.53596   100%     -    8s
     0     0   74.72368    0   47 31649.0000   74.72368   100%     -    8s
     0     0   95.51920    0  120 31649.0000   95.51920   100%     -    8s
H    0     0                    31484.000000   95.51920   100%     -    9s
H    0     0                    29960.000000   95.51920   100%     -    9s
H    0     0                    29717.000000   95.51920   100%     -    9s
H    0     0                    29207.000000   95.51920   100%     -    9s
H    0     0                    26680.000000  106.88659   100%     -   10s
     0     0  106.88659    0   57 26680.0000  106.88659   100%     -   10s
H    0     0                    26443.000000  118.54534   100%     -   10s
H    0     0                    23617.000000  118.54534  99.5%     -   10s
     0     0  118.54534    0  103 23617.0000  118.54534  99.5%     -   10s
H    0     0                    23518.000000  118.54534  99.5%     -   11s
H    0     0                    23043.000000  118.54534  99.5%     -   11s
H    0     0                    18321.000000  125.01531  99.3%     -   13s
H    0     0                    18089.000000  125.01531  99.3%     -   13s
     0     0  125.01531    0   69 18089.0000  125.01531  99.3%     -   13s
H    0     0                    17736.000000  126.16223  99.3%     -   13s
     0     0  126.16223    0  101 17736.0000  126.16223  99.3%     -   13s
H    0     0                    17221.000000  126.16223  99.3%     -   13s
     0     0  129.02576    0  105 17221.0000  129.02576  99.3%     -   14s
     0     0  129.85901    0  124 17221.0000  129.85901  99.2%     -   14s
H    0     0                    16721.000000  129.85901  99.2%     -   15s
     0     0  133.92926    0  101 16721.0000  133.92926  99.2%     -   15s
     0     0  136.50655    0  121 16721.0000  136.50655  99.2%     -   15s
     0     0  142.51535    0  127 16721.0000  142.51535  99.1%     -   17s
     0     0  144.17648    0  136 16721.0000  144.17648  99.1%     -   17s
H    0     0                    15896.000000  144.17648  99.1%     -   17s
     0     0  149.01763    0  104 15896.0000  149.01763  99.1%     -   18s
     0     0  149.90664    0  145 15896.0000  149.90664  99.1%     -   18s
     0     0  154.56074    0  109 15896.0000  154.56074  99.0%     -   19s
H    0     0                    15045.000000  155.06201  99.0%     -   19s
H    0     0                    13905.000000  155.06201  98.9%     -   19s
H    0     0                    13845.000000  155.06201  98.9%     -   19s
H    0     0                    13799.000000  155.06201  98.9%     -   19s
     0     0  155.06201    0  157 13799.0000  155.06201  98.9%     -   19s
H    0     0                    13723.000000  155.06201  98.9%     -   20s
H    0     0                    13667.000000  155.06201  98.9%     -   20s
H    0     0                    13466.000000  155.06201  98.8%     -   20s
H    0     0                    13181.000000  155.06201  98.8%     -   20s
H    0     0                    13136.000000  155.06201  98.8%     -   20s
H    0     0                    13107.000000  155.06201  98.8%     -   20s
H    0     0                    12698.000000  155.06201  98.8%     -   20s
H    0     0                    12695.000000  155.06201  98.8%     -   20s
H    0     0                    12529.000000  155.06201  98.8%     -   20s
H    0     0                    12511.000000  155.06201  98.8%     -   20s
H    0     0                    12483.000000  155.06201  98.8%     -   20s
H    0     0                    12177.000000  155.06201  98.7%     -   20s
H    0     0                    11764.000000  155.06201  98.7%     -   20s
H    0     0                    11746.000000  155.06201  98.7%     -   20s
H    0     0                    11516.000000  155.98090  98.6%     -   20s
     0     0  155.98090    0  100 11516.0000  155.98090  98.6%     -   20s
     0     0  157.82243    0  144 11516.0000  157.82243  98.6%     -   20s
     0     0  159.48664    0   92 11516.0000  159.48664  98.6%     -   22s
H    0     0                    11497.000000  161.13395  98.6%     -   22s
     0     0  161.13395    0  127 11497.0000  161.13395  98.6%     -   22s
H    0     0                    10993.000000  164.04432  98.5%     -   23s
     0     0  164.04432    0  104 10993.0000  164.04432  98.5%     -   23s
     0     0  166.33957    0  129 10993.0000  166.33957  98.5%     -   23s
H    0     0                    10976.000000  166.33957  98.5%     -   24s
H    0     0                    10937.000000  166.33957  98.5%     -   24s
H    0     0                    10900.000000  172.19788  98.4%     -   25s
H    0     0                    10885.000000  172.19788  98.4%     -   25s
H    0     0                    10850.000000  172.19788  98.4%     -   25s
     0     0  172.19788    0  101 10850.0000  172.19788  98.4%     -   25s
H    0     0                    10837.000000  177.92602  98.4%     -   25s
H    0     0                    10804.000000  177.92602  98.4%     -   25s
H    0     0                    10793.000000  177.92602  98.4%     -   25s
     0     0  177.92602    0  165 10793.0000  177.92602  98.4%     -   25s
H    0     0                    10612.000000  177.92602  98.3%     -   27s
H    0     0                    10143.000000  177.92602  98.2%     -   27s
     0     0  189.59272    0  126 10143.0000  189.59272  98.1%     -   27s
     0     0  190.46486    0  188 10143.0000  190.46486  98.1%     -   28s
     0     0  191.44100    0  128 10143.0000  191.44100  98.1%     -   29s
     0     0  192.46690    0  153 10143.0000  192.46690  98.1%     -   29s
H    0     0                    10060.000000  192.46690  98.1%     -   29s
H    0     0                    9343.0000000  192.46690  97.9%     -   29s
H    0     0                    9254.0000000  192.46690  97.9%     -   29s
H    0     0                    9161.0000000  192.46690  97.9%     -   29s
H    0     0                    9068.0000000  192.46690  97.9%     -   29s
     0     0  195.00017    0  125 9068.00000  195.00017  97.8%     -   30s
     0     0  196.55318    0  166 9068.00000  196.55318  97.8%     -   30s
     0     0  197.12447    0  148 9068.00000  197.12447  97.8%     -   31s
     0     0  197.32286    0  161 9068.00000  197.32286  97.8%     -   31s
     0     0  198.58630    0  118 9068.00000  198.58630  97.8%     -   32s
     0     0  198.94826    0  139 9068.00000  198.94826  97.8%     -   32s
     0     0  199.08796    0  121 9068.00000  199.08796  97.8%     -   33s
     0     0  199.27414    0  136 9068.00000  199.27414  97.8%     -   33s
     0     0  199.27414    0  120 9068.00000  199.27414  97.8%     -   34s
     0     0  199.27414    0  156 9068.00000  199.27414  97.8%     -   35s
     0     0  201.92317    0  104 9068.00000  201.92317  97.8%     -   35s
     0     0  203.12080    0  155 9068.00000  203.12080  97.8%     -   36s
     0     0  207.32972    0  120 9068.00000  207.32972  97.7%     -   37s
     0     0  207.90280    0  125 9068.00000  207.90280  97.7%     -   37s
     0     0  208.33704    0  133 9068.00000  208.33704  97.7%     -   38s
     0     0  208.54564    0  136 9068.00000  208.54564  97.7%     -   38s
     0     0  208.69539    0  128 9068.00000  208.69539  97.7%     -   39s
     0     0  208.76392    0  127 9068.00000  208.76392  97.7%     -   39s
H    0     0                    9023.0000000  210.60198  97.7%     -   40s
H    0     0                    8971.0000000  210.60198  97.7%     -   40s
     0     0  210.60198    0  116 8971.00000  210.60198  97.7%     -   40s
H    0     0                    8912.0000000  210.64580  97.6%     -   40s
H    0     0                    8436.0000000  211.74224  97.5%     -   40s
H    0     0                    8094.0000000  211.74224  97.4%     -   40s
H    0     0                    8031.0000000  211.74224  97.4%     -   40s
H    0     0                    8019.0000000  211.74224  97.4%     -   40s
H    0     0                    7956.0000000  211.74224  97.3%     -   40s
     0     0  211.74224    0  151 7956.00000  211.74224  97.3%     -   40s
H    0     0                    7949.0000000  211.74224  97.3%     -   40s
H    0     0                    7886.0000000  211.74224  97.3%     -   40s
H    0     0                    7823.0000000  211.74224  97.3%     -   40s
H    0     0                    7783.0000000  211.85506  97.3%     -   41s
     0     0  211.85506    0  113 7783.00000  211.85506  97.3%     -   41s
     0     0  212.05829    0  141 7783.00000  212.05829  97.3%     -   41s
     0     0  213.27764    0  120 7783.00000  213.27764  97.3%     -   43s
     0     0  213.58411    0  146 7783.00000  213.58411  97.3%     -   43s
     0     0  213.60489    0  126 7783.00000  213.60489  97.3%     -   43s
     0     0  213.60944    0  146 7783.00000  213.60944  97.3%     -   43s
     0     0  214.77945    0  113 7783.00000  214.77945  97.2%     -   44s
     0     0  215.31990    0  163 7783.00000  215.31990  97.2%     -   44s
     0     0  215.36175    0  119 7783.00000  215.36175  97.2%     -   45s
     0     0  215.41565    0  136 7783.00000  215.41565  97.2%     -   45s
     0     0  215.94991    0  125 7783.00000  215.94991  97.2%     -   46s
     0     0  216.13443    0  163 7783.00000  216.13443  97.2%     -   46s
     0     0  216.31171    0  128 7783.00000  216.31171  97.2%     -   47s
     0     0  216.32462    0  153 7783.00000  216.32462  97.2%     -   47s
     0     0  216.33739    0  121 7783.00000  216.33739  97.2%     -   48s
H    0     0                    7754.0000000  216.33739  97.2%     -   48s
     0     0  216.35404    0  152 7754.00000  216.35404  97.2%     -   48s
     0     0  216.64727    0  107 7754.00000  216.64727  97.2%     -   49s
     0     0  216.75025    0  167 7754.00000  216.75025  97.2%     -   49s
     0     0  216.75644    0  105 7754.00000  216.75644  97.2%     -   50s
H    0     0                    7738.0000000  216.75644  97.2%     -   50s
     0     0  216.87190    0  142 7738.00000  216.87190  97.2%     -   50s
     0     0  216.87280    0  127 7738.00000  216.87280  97.2%     -   51s
     0     0  216.87280    0  100 7738.00000  216.87280  97.2%     -   51s
     0     2  216.87280    0   98 7738.00000  216.87280  97.2%     -   51s
H   33    46                    7666.0000000  239.56383  96.9%   454   53s
H   82    90                    7562.0000000  277.69118  96.3%   482   54s
   105   119  295.25265   15  163 7562.00000  289.16427  96.2%   448   55s
H  114   119                    7554.0000000  300.58471  96.0%   431   55s
H  189   197                    7504.0000000  325.98737  95.7%   450   58s
   248   279  352.14462    8  163 7504.00000  337.66674  95.5%   471   60s
   439   440  713.66530   19  100 7504.00000  352.32231  95.3%   408   66s
   442   442  711.38942   11  140 7504.00000  352.32231  95.3%   406   71s
H  442   419                    7461.0000000  352.32231  95.3%   406   73s
H  442   398                    7397.0000000  352.32231  95.2%   406   73s
   444   399  810.25384   27  144 7397.00000  352.32231  95.2%   404   75s
   448   402  400.10264   18  137 7397.00000  352.32231  95.2%   400   80s
H  448   382                    7388.0000000  352.32231  95.2%   400   81s
H  448   363                    7237.0000000  352.32231  95.1%   400   81s
H  448   344                    7172.0000000  352.32231  95.1%   400   81s
H  448   327                    6813.0000000  352.32231  94.8%   400   81s
   452   330  396.33034   15  136 6813.00000  352.32231  94.8%   397   85s
   456   332  382.27315   17  120 6813.00000  352.32231  94.8%   393   90s
   465   338  356.77583   16  137 6813.00000  352.32231  94.8%   386   95s
   478   347  434.05252   14  123 6813.00000  352.32231  94.8%   375  100s
H  482   332                    6773.0000000  352.32231  94.8%   372  101s
H  482   314                    6709.0000000  352.32231  94.7%   372  101s
   506   342  352.32231   15  169 6709.00000  352.32231  94.7%   432  105s
   670   459  415.51352   25  192 6709.00000  352.32231  94.7%   413  110s
H  770   507                    6661.0000000  352.32231  94.7%   415  113s
   847   565  369.19087   27  214 6661.00000  352.75970  94.7%   402  115s
  1016   706  517.36064   30  176 6661.00000  370.41390  94.4%   372  120s
  1452  1062  448.02530   31  159 6661.00000  387.24058  94.2%   291  125s
  2085  1713  396.16746   22  229 6661.00000  396.16746  94.1%   227  130s
  2865  2570  573.56425   23  213 6661.00000  405.06057  93.9%   188  135s
  3966  3705  485.42631   34  200 6661.00000  417.70675  93.7%   154  140s
  5421  5449  462.48746   15  190 6661.00000  428.94132  93.6%   127  146s
  6208  6177  512.62085   31  169 6661.00000  433.97631  93.5%   118  150s
  7668  7838  545.49073   28  165 6661.00000  440.93263  93.4%   107  155s
  9696  9609  696.64251   23  171 6661.00000  451.84656  93.2%  95.0  162s
 10976 10891  455.46179   26  166 6661.00000  455.46179  93.2%  90.1  166s
 12064 12549  466.62883   31  207 6661.00000  460.57445  93.1%  87.7  171s
 13985 13742  527.82488   35  164 6661.00000  465.09969  93.0%  81.7  179s
H14128 13742                    6567.0000000  465.23825  92.9%  81.4  179s
H14292 13742                    6451.0000000  465.46618  92.8%  80.9  179s
 14409 14518  475.62751   29  192 6451.00000  466.37091  92.8%  80.7  182s
H14651 14515                    6266.0000000  466.37091  92.6%  80.0  182s
H15187 15376                    6117.0000000  467.26693  92.4%  79.2  184s
H15749 15376                    6068.0000000  468.09564  92.3%  78.3  184s
 16075 16163  660.76822   31  214 6068.00000  469.09818  92.3%  77.9  187s
 16864 17114  601.05633   39  229 6068.00000  470.63410  92.2%  77.0  190s
 18618 19001  569.12464   24  187 6068.00000  473.70807  92.2%  74.4  197s
 19761 20091  537.80989   26  191 6068.00000  475.56906  92.2%  72.7  201s
 21623 21715  484.02851   26  192 6068.00000  479.73310  92.1%  71.1  208s
 22511 22932  504.97210   23  149 6068.00000  481.08437  92.1%  70.4  212s
 23763 23879  619.47073   35  169 6068.00000  483.22271  92.0%  69.6  215s
 26037 25955  487.63833   39  153 6068.00000  487.54701  92.0%  68.2  222s
 26837 26894  830.03684   26  128 6068.00000  489.50670  91.9%  68.0  226s
 28581 28826  502.22143   33  166 6068.00000  492.05752  91.9%  67.2  232s
 29792 29383  754.73156   29  220 6068.00000  493.74849  91.9%  66.8  235s
 31201 31417  629.31162   31  182 6068.00000  495.99960  91.8%  66.7  243s
H31780 31413                    6035.0000000  496.16552  91.8%  66.5  243s
 32432 32181  497.94435   34  152 6035.00000  497.12921  91.8%  66.2  246s
 34073 33639  638.06044   33  210 6035.00000  499.32475  91.7%  65.9  253s
 34669 34491  579.32170   31  165 6035.00000  501.03064  91.7%  66.1  256s
H35993 35610                    6032.0000000  502.70519  91.7%  65.7  259s
 36697 36389  595.35096   32  174 6032.00000  504.18070  91.6%  65.5  262s
H37120 36389                    6015.0000000  504.47872  91.6%  65.7  263s
 37486 37449  942.08806   37  156 6015.00000  505.79221  91.6%  65.5  266s
 38580 38435  559.79510   40  171 6015.00000  507.63255  91.6%  65.4  270s
H39090 38434                    5975.0000000  507.75303  91.5%  65.1  270s
 40763 40369  532.00749   28  206 5975.00000  509.65012  91.5%  64.4  276s
 42611 42135  537.40502   26  153 5975.00000  511.69009  91.4%  64.3  283s
 43364 42982  598.06035   24  170 5975.00000  512.79649  91.4%  64.3  286s
 45036 44586  631.29695   43  131 5975.00000  515.12607  91.4%  64.3  292s
 45859 45196  516.32447   41  128 5975.00000  515.85365  91.4%  64.1  296s
 47363 46919  692.85443   38  181 5975.00000  517.43861  91.3%  63.8  302s
 48212 48044  587.89174   35  156 5975.00000  518.57124  91.3%  63.7  305s
 50074 49668  589.83988   32  164 5975.00000  520.72450  91.3%  63.6  313s
 51015 50375  531.59994   35  159 5975.00000  522.02006  91.3%  63.6  316s
 52342 51459  660.95364   24  235 5975.00000  524.39193  91.2%  63.7  325s
 53400 53056  819.74551   45  122 5975.00000  525.38578  91.2%  63.7  333s
 54446 53895  611.09666   29  202 5975.00000  526.88198  91.2%  63.6  336s
 56163 55550  566.83312   45  145 5975.00000  527.92198  91.2%  63.4  343s
 56975 56357  534.93407   29  169 5975.00000  528.38283  91.2%  63.3  346s
 57804 56373  722.43866   24  188 5975.00000  529.00000  91.1%  63.4  352s
 58000 57201 1330.49856   41  137 5975.00000  529.32899  91.1%  63.7  358s
 58642 58001 1890.97274   41  141 5975.00000  529.71261  91.1%  63.7  361s
 59452 58798  536.88899   25  191 5975.00000  530.82331  91.1%  63.7  365s
 60955 60314  552.68081   32  144 5975.00000  532.33482  91.1%  63.7  371s
 61784 61204  565.32038   24  176 5975.00000  533.01230  91.1%  63.7  375s
 63493 62986 1150.91903   37  125 5975.00000  534.47103  91.1%  63.5  382s
 64508 63844  553.93034   30  200 5975.00000  534.98901  91.0%  63.3  385s
 66552 65765  861.30958   30  206 5975.00000  536.78133  91.0%  63.0  392s
 67324 66867  600.36386   33  141 5975.00000  537.42880  91.0%  63.1  396s
 69280 68642  678.15574   29  164 5975.00000  538.71364  91.0%  62.9  403s
 70257 69332  688.93912   28  159 5975.00000  539.36222  91.0%  63.0  406s
 71768 70969  603.18629   35  158 5975.00000  540.78113  90.9%  63.1  413s
 72614 71733  617.62715   30  183 5975.00000  541.34889  90.9%  63.1  416s
 73384 72355  869.36743   36  199 5975.00000  542.07384  90.9%  63.1  420s
 74836 74260  771.99459   36  162 5975.00000  543.02680  90.9%  63.1  427s
 75955 74942  746.24505   37  175 5975.00000  543.64015  90.9%  63.0  430s
 76643 75971  691.60104   32  182 5975.00000  544.08003  90.9%  62.9  435s
 78420 77397  644.49844   25  185 5975.00000  545.20425  90.9%  62.7  441s
 79133 78377 1265.78246   41  164 5975.00000  545.71830  90.9%  62.7  445s
 80791 79802  548.00201   50  149 5975.00000  546.60869  90.9%  62.6  452s
 81594 80758  627.75017   30  188 5975.00000  547.58886  90.8%  62.6  455s
 83366 82591  628.53407   32  202 5975.00000  548.90024  90.8%  62.5  463s
 84427 83358  585.11064   49  142 5975.00000  549.47452  90.8%  62.4  466s
 85206 84541  632.42837   28  198 5975.00000  549.98784  90.8%  62.4  470s
 87189 86175  630.37522   30  205 5975.00000  550.96620  90.8%  62.2  477s
 88073 86876 1653.41020   42  121 5975.00000  551.41183  90.8%  62.2  480s
 89890 88747  637.98137   44  139 5975.00000  552.76390  90.7%  62.1  486s
 90669 89574  571.77540   33  198 5975.00000  553.30592  90.7%  62.1  490s
H90671 89564                    5908.0000000  553.30592  90.6%  62.1  490s
 92410 91275  559.22983   26  155 5908.00000  554.20111  90.6%  62.0  498s
 93250 91847  631.10240   24  193 5908.00000  554.83773  90.6%  61.9  501s
 94398 93165  685.65416   28  150 5908.00000  555.58401  90.6%  62.1  508s
 95164 94113  886.59940   32  201 5908.00000  556.07855  90.6%  62.1  511s
 96791 95583  668.74098   39  171 5908.00000  557.37515  90.6%  62.1  518s
 97608 96320  752.48539   28  189 5908.00000  558.32397  90.5%  62.2  521s
 98359 97179  723.32672   48  163 5908.00000  558.79472  90.5%  62.2  525s
 100013 98594  601.24232   30  175 5908.00000  559.55593  90.5%  62.1  531s
 100671 99116  654.98793   34  162 5908.00000  560.10586  90.5%  62.2  535s
 102043 100956  560.95096   35  153 5908.00000  560.95096  90.5%  62.2  542s
 103085 101659  582.25259   38  116 5908.00000  561.56918  90.5%  62.1  545s
 103798 102053  829.12983   26  199 5908.00000  562.39666  90.5%  62.2  552s
 104196 102773  657.90457   33  145 5908.00000  562.78973  90.5%  62.2  555s
 105976 103810  719.54531   39  145 5908.00000  563.81065  90.5%  62.2  562s
 106154 104643  788.59131   37  161 5908.00000  564.10953  90.5%  62.2  568s
 106831 105532  564.33749   38  127 5908.00000  564.33749  90.4%  62.2  571s
 108506 107171  613.19085   47  134 5908.00000  565.16673  90.4%  62.1  577s
 109376 108173 1832.77654   42  140 5908.00000  565.47101  90.4%  62.0  581s
 110388 109088  694.45062   46  135 5908.00000  565.92391  90.4%  62.1  585s
 112235 110805  672.14394   32  160 5908.00000  566.71994  90.4%  61.9  591s
 113055 111882  958.06008   44  128 5908.00000  567.18813  90.4%  61.9  595s
 114876 113728  613.68132   43  136 5908.00000  568.30693  90.4%  61.8  602s
 116025 114439  977.41386   47  180 5908.00000  568.56312  90.4%  61.7  605s
 117570 115950  701.46104   28  190 5908.00000  569.62655  90.4%  61.8  612s
 118280 116642  590.08349   33  194 5908.00000  569.91531  90.4%  61.7  616s
 120049 118545  619.96311   33  190 5908.00000  571.00797  90.3%  61.8  622s
 120917 119295 1085.87466   41  139 5908.00000  571.46374  90.3%  61.8  625s
 122480 121054 1522.70670   31  200 5908.00000  572.56981  90.3%  61.8  633s
 123456 121062  860.81156   25  176 5908.00000  573.04612  90.3%  61.8  636s
 123563 121359  755.73582   25  203 5908.00000  573.28932  90.3%  61.8  642s
 123762 121917 1028.64236   44  170 5908.00000  573.39089  90.3%  61.9  645s
 125187 123476  591.99938   33  217 5908.00000  574.05454  90.3%  61.8  652s
 125915 124262  584.32756   43  144 5908.00000  574.33615  90.3%  61.8  655s
 127650 125997  597.17478   25  150 5908.00000  575.16767  90.3%  61.9  662s
 128467 126955  860.36329   38  200 5908.00000  575.39539  90.3%  61.8  665s
 130230 128502  958.10598   33  240 5908.00000  575.95947  90.3%  61.8  673s
 131012 129568  795.44083   41  164 5908.00000  576.51198  90.2%  61.8  676s
 132377 130322  577.04688   29  197 5908.00000  577.03381  90.2%  61.8  680s
 133925 132131  696.30673   33  170 5908.00000  577.62128  90.2%  61.8  687s
 134697 133021  578.08431   46  128 5908.00000  578.00232  90.2%  61.8  691s
 136419 134878  594.66114   41  132 5908.00000  578.38765  90.2%  61.6  698s
 137467 135580  621.38729   40  162 5908.00000  579.07653  90.2%  61.6  701s
 138171 136373  764.63968   53  114 5908.00000  579.52744  90.2%  61.7  705s
 139904 138016  609.87581   30  187 5908.00000  580.33121  90.2%  61.6  712s
 140627 138974  590.70171   48  146 5908.00000  580.65667  90.2%  61.7  715s
 141615 139806  619.78424   49  147 5908.00000  580.78424  90.2%  61.6  720s
 143405 141505  589.09891   43  151 5908.00000  581.43531  90.2%  61.5  728s
 144180 142409  705.57654   35  155 5908.00000  581.79541  90.2%  61.5  732s
 145112 143189  602.00780   39  173 5908.00000  582.08535  90.1%  61.5  736s
 146696 143999  727.51579   41  148 5908.00000  582.70982  90.1%  61.5  742s
 146712 144400  646.24430   26  164 5908.00000  582.83830  90.1%  61.5  745s
 147760 145728  751.35363   48  154 5908.00000  583.07397  90.1%  61.5  752s
 148453 146658  624.40050   31  184 5908.00000  583.51493  90.1%  61.6  755s
 150111 148162  584.17785   44  142 5908.00000  584.17785  90.1%  61.5  763s
 150922 149198  621.34599   31  200 5908.00000  584.41621  90.1%  61.5  767s
 151969 149918  585.21141   26  195 5908.00000  584.84028  90.1%  61.5  770s
 153532 151459 1031.24379   35  164 5908.00000  585.23741  90.1%  61.5  777s
 154276 152222  672.14058   26  153 5908.00000  585.47619  90.1%  61.5  780s
 155829 153928  653.17505   56  184 5908.00000  586.05513  90.1%  61.4  787s
 156786 154685  589.47571   28  225 5908.00000  586.37832  90.1%  61.4  791s
 157551 155648  653.60402   49  116 5908.00000  586.71571  90.1%  61.5  795s
 159036 157116  592.28891   28  161 5908.00000  587.28696  90.1%  61.4  801s
 160007 158208  587.77519   49  106 5908.00000  587.60642  90.1%  61.3  805s
 161988 160030  665.48499   36  191 5908.00000  588.22063  90.0%  61.2  812s
 163002 160749  894.49891   43  148 5908.00000  588.49387  90.0%  61.2  815s
 163850 161156  616.63488   25  160 5908.00000  588.88437  90.0%  61.3  822s
 164145 161911  610.24206   52  133 5908.00000  588.94623  90.0%  61.3  825s
 165670 163857  592.68941   34  192 5908.00000  589.23454  90.0%  61.2  832s
 166871 164676  719.90301   25  167 5908.00000  589.53962  90.0%  61.1  835s
 168838 166462 1076.92239   49  120 5908.00000  590.11480  90.0%  61.0  843s
 169514 167289  654.03511   57  101 5908.00000  590.36136  90.0%  61.0  846s
 170803 168047  923.77804   52  176 5908.00000  590.70491  90.0%  61.0  850s
 172414 169905  759.93497   53  168 5908.00000  591.12062  90.0%  60.9  857s
 173022 170612  692.21985   41  196 5908.00000  591.24938  90.0%  60.9  860s
 174723 172322  758.10847   41  140 5908.00000  591.86429  90.0%  60.9  868s
 175466 172976  813.21791   40  164 5908.00000  592.11149  90.0%  60.9  871s
 176124 173972  598.38077   32  189 5908.00000  592.34261  90.0%  60.9  875s
 177928 175587  594.24101   50  135 5908.00000  592.81976  90.0%  60.9  882s
 178805 176842  592.88352   44  140 5908.00000  592.88352  90.0%  60.8  885s
 180964 178743  607.31236   37  168 5908.00000  593.21118  90.0%  60.7  892s
 182003 179471  693.79592   58  129 5908.00000  593.53520  90.0%  60.6  896s
 183610 181478 2470.70808   40  156 5908.00000  594.03846  89.9%  60.6  903s
 184775 182285 1358.15130   37  163 5908.00000  594.30815  89.9%  60.5  906s
 186348 183758  891.74217   38  137 5908.00000  594.79741  89.9%  60.5  914s
 187075 184374  595.45042   41  141 5908.00000  595.14130  89.9%  60.6  917s
 187703 185145  825.82971   42  122 5908.00000  595.35096  89.9%  60.6  920s
 189531 187100  787.90782   46  120 5908.00000  595.90840  89.9%  60.5  927s
 190472 188135  641.95362   27  168 5908.00000  596.07311  89.9%  60.5  931s
 191525 188846  783.49057   39  138 5908.00000  596.32829  89.9%  60.4  935s
 192995 190445 1155.78866   54  130 5908.00000  596.60509  89.9%  60.4  942s
 193868 191219 1182.95500   30  173 5908.00000  596.83646  89.9%  60.5  946s
 195619 192951  598.39102   39  163 5908.00000  597.21386  89.9%  60.4  952s
 196403 193776  613.95933   33  169 5908.00000  597.42852  89.9%  60.4  956s
 197249 194560  718.52114   30  157 5908.00000  597.57867  89.9%  60.3  960s
 198677 196109  792.25022   52  138 5908.00000  598.02310  89.9%  60.4  967s
 199612 196649  747.30292   47  210 5908.00000  598.36536  89.9%  60.4  970s
 200912 198331  951.78512   54  121 5908.00000  598.68625  89.9%  60.5  978s
 201850 199366  649.16451   54  139 5908.00000  598.71942  89.9%  60.4  981s
 202923 200186  601.81855   38  174 5908.00000  599.10660  89.9%  60.4  985s
 204586 201885  601.03854   33  165 5908.00000  599.56780  89.9%  60.3  992s
 205473 202738  599.74924   47  155 5908.00000  599.74924  89.8%  60.3  995s
 206869 203954  600.37800   43  129 5908.00000  600.08598  89.8%  60.3 1003s
 207572 204597  600.25172   42  141 5908.00000  600.25172  89.8%  60.3 1007s
 208229 205412  803.91691   29  191 5908.00000  600.50466  89.8%  60.3 1010s
 209976 207267  779.68170   32  227 5908.00000  600.90611  89.8%  60.3 1018s
 210934 208020  633.54570   37  169 5908.00000  601.11629  89.8%  60.3 1022s
 211691 208028  635.89519   30  203 5908.00000  601.28604  89.8%  60.3 1026s
 211699 208115  969.57403   42  151 5908.00000  601.31997  89.8%  60.3 1030s
 212255 209331  863.45155   29  155 5908.00000  601.47455  89.8%  60.3 1037s
 213014 210210  603.48376   36  140 5908.00000  601.70848  89.8%  60.3 1040s
 214614 211596 1068.82845   44  122 5908.00000  601.99686  89.8%  60.3 1048s
 215304 212276  646.43698   36  161 5908.00000  602.28432  89.8%  60.3 1052s
 215994 212964 3631.64282   27  107 5908.00000  602.48309  89.8%  60.3 1055s
 217694 214701  624.06781   37  134 5908.00000  602.98491  89.8%  60.3 1063s
 218458 215420  622.11602   40  162 5908.00000  603.19939  89.8%  60.3 1066s
 220056 217035  603.53729   40  149 5908.00000  603.53729  89.8%  60.4 1073s
 220828 218098 1049.47665   44  127 5908.00000  603.89915  89.8%  60.4 1076s
 221906 218870  850.28402   33  173 5908.00000  604.11308  89.8%  60.3 1080s
 223424 220405  609.31508   39  140 5908.00000  604.48533  89.8%  60.3 1087s
 224242 221018  654.84555   32  194 5908.00000  604.67972  89.8%  60.3 1090s
 224869 221815 1314.02492   35  140 5908.00000  604.79686  89.8%  60.3 1095s
 226359 223294 1007.95205   35  178 5908.00000  605.25332  89.8%  60.4 1101s
 227195 224086  654.01904   34  176 5908.00000  605.45895  89.8%  60.3 1105s
 228773 225553  646.33237   38  172 5908.00000  605.76785  89.7%  60.3 1112s
 229490 226533  740.54802   50  152 5908.00000  605.91576  89.7%  60.3 1116s
 230498 227267 1180.97695   43  106 5908.00000  606.23617  89.7%  60.3 1120s
 231819 228548  722.08941   30  170 5908.00000  606.43362  89.7%  60.3 1127s
 232539 229432  741.33383   45  140 5908.00000  606.71411  89.7%  60.3 1131s
 233758 230054  672.11202   48  156 5908.00000  606.92388  89.7%  60.4 1135s
 234770 231494  607.54392   33  199 5908.00000  607.27698  89.7%  60.4 1142s
 235535 232495  608.44501   35  158 5908.00000  607.47140  89.7%  60.4 1146s
 237371 234075  652.13567   31  133 5908.00000  607.83486  89.7%  60.3 1153s
 238169 234989 1016.20168   41  139 5908.00000  607.93102  89.7%  60.3 1157s
 239125 235758  752.49694   27  197 5908.00000  608.21119  89.7%  60.3 1160s
 240880 237591  615.48688   27  194 5908.00000  608.55654  89.7%  60.2 1168s
 241764 238289 2177.91134   38  181 5908.00000  608.73973  89.7%  60.2 1172s
 242466 238921  698.62677   50  123 5908.00000  608.90366  89.7%  60.2 1175s
 243882 240726  615.27289   38  201 5908.00000  609.30895  89.7%  60.2 1183s
 244919 241396 1552.69098   40  182 5908.00000  609.60241  89.7%  60.2 1187s
 245591 242181  628.06660   40  171 5908.00000  609.80845  89.7%  60.2 1190s
 247274 243708  862.07506   52  162 5908.00000  610.26813  89.7%  60.2 1198s
 247935 244481  617.10053   41  178 5908.00000  610.40277  89.7%  60.2 1202s
 248710 245163  610.63696   50  145 5908.00000  610.53004  89.7%  60.2 1205s
 250184 246466  659.05876   37  157 5908.00000  610.93292  89.7%  60.3 1213s
 250720 247147 2631.77827   38  170 5908.00000  611.11256  89.7%  60.3 1216s
 251409 247914  617.64762   40  155 5908.00000  611.28918  89.7%  60.3 1220s
 252726 249201  612.57992   52  118 5908.00000  611.53645  89.6%  60.3 1228s
 253503 249964  821.81885   41  134 5908.00000  611.70606  89.6%  60.3 1232s
 254295 250701  657.07519   32  173 5908.00000  611.90499  89.6%  60.3 1235s
 255827 252425 1572.55609   29  174 5908.00000  612.26593  89.6%  60.3 1243s
 256823 253169  612.72064   32  189 5908.00000  612.50973  89.6%  60.3 1247s
 257573 254138  695.13286   32  175 5908.00000  612.62366  89.6%  60.3 1250s
 259283 255732  812.76177   43  116 5908.00000  612.99784  89.6%  60.3 1258s
 260172 256291  624.84111   35  167 5908.00000  613.36093  89.6%  60.3 1262s
 260733 256905 1258.29219   32  169 5908.00000  613.50804  89.6%  60.3 1266s
 262016 258396  627.99186   39  200 5908.00000  613.83357  89.6%  60.3 1273s
 262872 259147  796.87254   32  125 5908.00000  613.95721  89.6%  60.3 1277s
 263632 260147  665.81338   29  181 5908.00000  614.15566  89.6%  60.3 1281s
 265288 261435  755.64008   31  174 5908.00000  614.54036  89.6%  60.3 1288s
 265961 262184  659.46532   33  186 5908.00000  614.65072  89.6%  60.3 1292s
 266722 263199  674.52219   35  181 5908.00000  614.84133  89.6%  60.3 1295s
 268507 264453  740.23178   32  199 5908.00000  615.16048  89.6%  60.3 1303s
 269052 265141  867.59790   41  150 5908.00000  615.28252  89.6%  60.3 1306s
 269750 265924  922.15446   44  128 5908.00000  615.46250  89.6%  60.4 1310s
 271190 267145  635.78899   28  220 5908.00000  615.80092  89.6%  60.4 1318s
 271769 267874  670.38426   26  225 5908.00000  615.92269  89.6%  60.4 1322s
 272506 268750  765.87980   36  158 5908.00000  616.06298  89.6%  60.4 1326s
 273415 269479  693.06128   41  143 5908.00000  616.23584  89.6%  60.4 1330s
 274155 270108  840.50067   38  161 5908.00000  616.44460  89.6%  60.4 1335s
 275720 271779 1064.46053   51  139 5908.00000  616.70023  89.6%  60.4 1342s
 276486 272344     cutoff   47      5908.00000  616.84370  89.6%  60.3 1345s
 277063 273149  618.15305   28  144 5908.00000  616.98804  89.6%  60.4 1350s
 278592 274500  726.68222   30  167 5908.00000  617.21727  89.6%  60.3 1357s
 279252 275209  669.79170   47  160 5908.00000  617.37345  89.6%  60.4 1360s
 279974 275900  853.13951   38  152 5908.00000  617.49355  89.5%  60.4 1365s
 281750 277698  976.69777   28  231 5908.00000  617.84830  89.5%  60.4 1372s
 282496 278305  861.66465   29  162 5908.00000  617.94890  89.5%  60.4 1376s
 283107 279016  696.95963   34  172 5908.00000  618.11320  89.5%  60.4 1380s
 284549 280405  817.81852   32  178 5908.00000  618.30613  89.5%  60.4 1388s
 285234 281389  643.99854   34  180 5908.00000  618.41134  89.5%  60.4 1391s
 286237 281990  828.08303   37  114 5908.00000  618.64193  89.5%  60.4 1395s
 287559 283291  649.33814   36  157 5908.00000  618.91402  89.5%  60.4 1403s
 288179 283948 1009.24481   43  116 5908.00000  619.06953  89.5%  60.4 1406s
 288857 284696  688.25134   38  155 5908.00000  619.24920  89.5%  60.5 1411s
 290569 286551  619.81602   62  104 5908.00000  619.45408  89.5%  60.4 1418s
 291514 287152  862.94657   27  170 5908.00000  619.65020  89.5%  60.4 1422s
 292125 287853  624.29984   33  166 5908.00000  619.81785  89.5%  60.4 1426s
 293065 288697  633.44451   31  199 5908.00000  619.93884  89.5%  60.4 1430s
 294542 290238  668.99068   34  179 5908.00000  620.09404  89.5%  60.4 1437s
 295296 290934  668.00672   54  157 5908.00000  620.21273  89.5%  60.4 1441s
 296000 291650  620.35822   52  169 5908.00000  620.35822  89.5%  60.4 1445s
 297785 293451 1615.68835   40  174 5908.00000  620.70784  89.5%  60.4 1453s
 298586 294082 1016.20525   62  103 5908.00000  620.80827  89.5%  60.3 1456s
 299227 294892  926.20048   49  138 5908.00000  620.95135  89.5%  60.4 1460s
 300804 296244  698.63200   34  179 5908.00000  621.26309  89.5%  60.3 1468s
 301435 296953  621.38056   43  131 5908.00000  621.38056  89.5%  60.3 1472s
 302159 297597  633.29115   35  159 5908.00000  621.51269  89.5%  60.3 1475s
 303878 299405  656.61418   41  161 5908.00000  621.82997  89.5%  60.3 1483s
 304668 300095  622.89065   43  160 5908.00000  621.98280  89.5%  60.3 1487s
 305367 300857 1015.75682   42  146 5908.00000  622.15380  89.5%  60.3 1491s
 306906 301611  767.68444   51  134 5908.00000  622.42996  89.5%  60.3 1498s
 306914 301692  622.58343   40  188 5908.00000  622.58343  89.5%  60.4 1501s
H306916 301648                    5849.0000000  622.58343  89.4%  60.4 1501s
 306997 302361  622.67621   41  191 5849.00000  622.58343  89.4%  60.4 1505s
 308364 303759  642.06173   47  129 5849.00000  622.82496  89.4%  60.4 1513s
 309124 304461  847.12723   38  166 5849.00000  622.96019  89.3%  60.4 1516s
 309836 305529  650.32863   30  183 5849.00000  623.12659  89.3%  60.4 1520s
H311492 306235                    5829.0000000  623.23382  89.3%  60.4 1523s
 311671 307049  948.71585   34  160 5829.00000  623.39184  89.3%  60.4 1528s
 312509 307663 infeasible   48      5829.00000  623.53385  89.3%  60.4 1531s
 313129 308294  623.64479   49  138 5829.00000  623.64479  89.3%  60.4 1535s
 314655 309896  868.73022   53  113 5829.00000  623.96881  89.3%  60.4 1543s
 315392 310627  710.72183   42  165 5829.00000  624.09021  89.3%  60.4 1546s
 316125 311544  656.97427   48  161 5829.00000  624.25801  89.3%  60.4 1550s
 317810 312946  711.37803   38  184 5829.00000  624.53915  89.3%  60.4 1558s
 318482 313770  698.75097   29  187 5829.00000  624.68334  89.3%  60.4 1561s
 319324 314584  703.29764   33  172 5829.00000  624.86843  89.3%  60.4 1565s
 320906 316326  626.90286   34  184 5829.00000  625.05668  89.3%  60.4 1573s
 321910 317038 1072.92280   34  153 5829.00000  625.17084  89.3%  60.4 1577s
 322628 317732  637.85423   37  170 5829.00000  625.28596  89.3%  60.4 1580s
 324130 319465  741.39110   40  184 5829.00000  625.53198  89.3%  60.4 1588s
 325093 319817  625.80170   37  157 5829.00000  625.70546  89.3%  60.4 1595s
H325340 319792                    5801.0000000  625.76184  89.2%  60.3 1595s
 326145 321165 1180.87102   45  162 5801.00000  625.90807  89.2%  60.4 1602s
 326828 321832  628.37248   46  156 5801.00000  626.03251  89.2%  60.4 1606s
 327501 322817  902.94000   35  213 5801.00000  626.10943  89.2%  60.4 1610s
 329298 324340  693.86764   26  134 5801.00000  626.52956  89.2%  60.4 1617s
 330049 325188  701.85402   24  168 5801.00000  626.61481  89.2%  60.4 1621s
 330913 325830  806.84789   51  149 5801.00000  626.75682  89.2%  60.4 1626s
 331565 326551  641.04691   43  170 5801.00000  626.84214  89.2%  60.4 1630s
 333123 328195  644.48226   27  144 5801.00000  627.02331  89.2%  60.4 1638s
 333961 328848  650.95433   34  158 5801.00000  627.14040  89.2%  60.3 1642s
 334623 329475  687.11030   34  195 5801.00000  627.25946  89.2%  60.3 1646s
 335256 330208  901.80022   28  176 5801.00000  627.37915  89.2%  60.3 1650s
 336976 331178  627.63650   46  187 5801.00000  627.63650  89.2%  60.3 1657s
 336984 331221  627.63650   47  180 5801.00000  627.63650  89.2%  60.3 1660s
 337248 332007  642.08062   37  144 5801.00000  627.75480  89.2%  60.4 1668s
 337825 332687 1158.47898   41  161 5801.00000  627.87433  89.2%  60.4 1671s
 338519 333291  694.30610   42  181 5801.00000  627.97871  89.2%  60.4 1676s
 339133 333973  703.66077   40  193 5801.00000  628.08977  89.2%  60.4 1680s
 340609 335375  829.28976   44  152 5801.00000  628.24508  89.2%  60.4 1687s
 341249 336034 1044.63643   33  203 5801.00000  628.31712  89.2%  60.4 1691s
 341916 336615  705.54370   36  225 5801.00000  628.40253  89.2%  60.4 1695s
 343097 337934  687.88802   57  108 5801.00000  628.60793  89.2%  60.4 1702s
 343844 338856 1435.57269   64   90 5801.00000  628.75055  89.2%  60.4 1706s
 344787 339568 1914.55269   38  149 5801.00000  628.90270  89.2%  60.4 1710s
 346237 341245  945.11233   38  131 5801.00000  629.11963  89.2%  60.4 1718s
 347218 341965  649.32591   44  156 5801.00000  629.31376  89.2%  60.4 1721s
 347940 342454  783.04341   44  141 5801.00000  629.43861  89.1%  60.4 1726s
 348439 342508  986.66837   28  206 5801.00000  629.52899  89.1%  60.4 1732s
 348485 342757  825.12694   47  146 5801.00000  629.55236  89.1%  60.5 1735s
 348738 343247  805.15559   26  206 5801.00000  629.57428  89.1%  60.5 1740s
 349939 344429  631.03671   55  146 5801.00000  629.71265  89.1%  60.5 1748s
 350442 345081  807.54263   48  161 5801.00000  629.83886  89.1%  60.5 1751s
 351098 345737  674.79868   33  166 5801.00000  629.93450  89.1%  60.5 1755s
 352364 347120  724.20028   34  172 5801.00000  630.20358  89.1%  60.5 1762s
 353161 347753  686.20992   39  201 5801.00000  630.37018  89.1%  60.5 1766s
 353798 348463  713.99711   41  161 5801.00000  630.49614  89.1%  60.5 1770s
 355154 349838 4756.38462   49   70 5801.00000  630.72553  89.1%  60.6 1778s
 355927 350591  669.35111   45  164 5801.00000  630.85631  89.1%  60.6 1782s
 356705 351258  743.67799   36  160 5801.00000  630.99499  89.1%  60.5 1786s
 357376 351915  792.48618   43  205 5801.00000  631.12385  89.1%  60.5 1790s
 358779 353352  631.35739   48  138 5801.00000  631.35739  89.1%  60.6 1797s
 359504 354121 1450.61414   29  136 5801.00000  631.53406  89.1%  60.6 1801s
 360293 354766  894.54156   53  104 5801.00000  631.64783  89.1%  60.6 1805s
 361610 356289  631.96822   36  117 5801.00000  631.91633  89.1%  60.6 1813s
 362488 356978  866.41855   31  215 5801.00000  632.06832  89.1%  60.6 1817s
 363182 357642  801.95625   38  174 5801.00000  632.21402  89.1%  60.6 1821s
 363852 358193  660.96015   33  208 5801.00000  632.34675  89.1%  60.7 1825s
 365213 359727  658.85260   48  128 5801.00000  632.53056  89.1%  60.7 1833s
 365974 360405  642.75268   52  136 5801.00000  632.65569  89.1%  60.7 1836s
 366652 361015  656.94059   31  194 5801.00000  632.75711  89.1%  60.7 1840s
 367266 361822  633.74264   54  150 5801.00000  632.85441  89.1%  60.7 1845s
 368762 363360  666.83113   44  144 5801.00000  633.04198  89.1%  60.7 1852s
 369639 364047  695.74595   40  169 5801.00000  633.20846  89.1%  60.8 1856s
 370330 364693  725.91008   34  161 5801.00000  633.30506  89.1%  60.8 1860s
 371543 365667  646.99717   40  228 5801.00000  633.50862  89.1%  60.8 1868s
 371975 366373  635.60058   38  175 5801.00000  633.56379  89.1%  60.8 1872s
 372695 367079 1174.95203   45  144 5801.00000  633.74869  89.1%  60.8 1876s
 373410 367804  994.08624   31  127 5801.00000  633.89071  89.1%  60.8 1880s
 375092 369363  670.73572   37  131 5801.00000  634.15015  89.1%  60.8 1888s
 375724 369846  703.80315   26  172 5801.00000  634.23751  89.1%  60.8 1892s
 376213 370559 1852.82157   34  155 5801.00000  634.31575  89.1%  60.8 1896s
 377600 371950  787.88878   36  157 5801.00000  634.60248  89.1%  60.9 1904s
 378335 372895 1699.75386   37  142 5801.00000  634.74455  89.1%  60.9 1908s
 379297 373521  914.87591   37  208 5801.00000  634.93347  89.1%  60.9 1912s
 379929 374166  839.86016   40  155 5801.00000  635.00981  89.1%  60.9 1916s
 380584 374897  643.87273   36  150 5801.00000  635.13864  89.1%  60.9 1920s
 382504 376670  786.65331   39  177 5801.00000  635.41297  89.0%  60.9 1928s
 383130 377393  712.47243   34  200 5801.00000  635.52901  89.0%  60.9 1933s
 383861 378127  929.34920   31  227 5801.00000  635.56854  89.0%  60.9 1937s
 384603 378963  726.78711   29  143 5801.00000  635.75875  89.0%  60.9 1941s
 385458 379603 1678.72772   32  196 5801.00000  635.92795  89.0%  60.9 1945s
 386941 381418  732.60909   55  121 5801.00000  636.08733  89.0%  60.9 1953s
 387957 382182  636.55599   44  170 5801.00000  636.19067  89.0%  60.9 1957s
 388737 382856  692.68407   32  195 5801.00000  636.36073  89.0%  60.8 1961s
 389430 383529  636.66056   49  146 5801.00000  636.42344  89.0%  60.8 1966s
 390920 385324  734.36354   51  151 5801.00000  636.61690  89.0%  60.8 1973s
 391923 386019  636.77526   38  199 5801.00000  636.77526  89.0%  60.8 1978s
 392626 386717  674.61114   31  188 5801.00000  636.91820  89.0%  60.8 1981s
 393330 387318 3681.94143   30  150 5801.00000  637.08255  89.0%  60.8 1986s
 394672 388862  737.21462   36  154 5801.00000  637.30268  89.0%  60.9 1994s
 395510 389558 1785.92560   46  112 5801.00000  637.42897  89.0%  60.9 1998s
 396214 390192  657.26431   46  171 5801.00000  637.49596  89.0%  60.9 2001s
 396861 391221  649.82148   42  186 5801.00000  637.57936  89.0%  60.9 2006s
 397906 392067  689.64059   46  153 5801.00000  637.73770  89.0%  60.9 2010s
 399229 393207 1032.54440   44  150 5801.00000  637.86001  89.0%  60.9 2018s
 399902 394205  778.83751   32  173 5801.00000  637.98761  89.0%  60.9 2022s
 400929 394758  895.11670   42  176 5801.00000  638.10562  89.0%  60.9 2026s
 401493 395455  656.14345   54  138 5801.00000  638.21194  89.0%  60.9 2030s
 402937 396901 1100.93773   39  124 5801.00000  638.41230  89.0%  60.9 2038s
 403677 397644 1653.59228   44  164 5801.00000  638.53088  89.0%  60.9 2042s
 404424 398366  960.95409   38  203 5801.00000  638.60024  89.0%  60.9 2046s
 405146 399297  650.43881   35  202 5801.00000  638.73224  89.0%  60.9 2050s
 406122 400028  690.15784   46  147 5801.00000  638.83894  89.0%  60.9 2055s
 407459 401304  797.77915   49  162 5801.00000  639.10100  89.0%  60.9 2063s
 408153 402086  678.21807   53  172 5801.00000  639.17037  89.0%  60.9 2066s
 408950 402847  639.27331   34  160 5801.00000  639.27331  89.0%  60.9 2071s
 409716 403385  788.81527   39  173 5801.00000  639.36900  89.0%  60.9 2075s
 410881 404670 1494.75294   63   90 5801.00000  639.56965  89.0%  61.0 2083s
 411565 405674  639.71240   43  166 5801.00000  639.62575  89.0%  61.0 2087s
 412598 406347 2988.60664   46  146 5801.00000  639.74324  89.0%  60.9 2091s
 413279 406969  664.34015   37  210 5801.00000  639.84949  89.0%  60.9 2095s
 414625 408654  640.10540   36  175 5801.00000  640.02390  89.0%  60.9 2103s
 415640 409360  640.14283   38  178 5801.00000  640.14283  89.0%  60.9 2107s
 416358 410160 1593.23504   48  165 5801.00000  640.28269  89.0%  60.9 2111s
 417164 411184  640.33024   33  144 5801.00000  640.33024  89.0%  60.9 2115s
 418803 412331  916.17052   32  174 5801.00000  640.58541  89.0%  60.9 2123s
 419374 413005  792.33566   32  166 5801.00000  640.67406  89.0%  60.9 2127s
 420054 413998  640.73635   47  120 5801.00000  640.73635  89.0%  60.9 2131s
 421054 414665  778.56438   32  175 5801.00000  640.84196  89.0%  60.9 2135s
 422321 415890  764.71354   24  193 5801.00000  641.04964  88.9%  60.9 2143s
 422983 416574  705.11848   57  165 5801.00000  641.16075  88.9%  61.0 2147s
 423683 416986  819.22092   34  184 5801.00000  641.25557  88.9%  61.0 2152s
 424097 417612  641.35988   46  142 5801.00000  641.35482  88.9%  61.0 2155s
 424740 418305  641.42756   55  167 5801.00000  641.42756  88.9%  61.0 2160s

Cutting planes:
  Learned: 476
  Gomory: 914
  Lift-and-project: 1689
  Cover: 14
  Implied bound: 434
  Projected implied bound: 88
  MIR: 1964
  Mixing: 181
  StrongCG: 1322
  Flow cover: 10192
  Inf proof: 609
  Zero half: 4159
  Mod-K: 2
  RLT: 2937
  Relax-and-lift: 5039

Explored 425433 nodes (26005080 simplex iterations) in 2160.08 seconds (2649.76 work units)
Thread count was 16 (of 16 available processors)

Solution count 10: 5801 5829 5849 ... 6117

Time limit reached
Best objective 5.801000000000e+03, best bound 6.415232475382e+02, gap 88.9412%

User-callback calls 1220842, time in user-callback 6.77 sec
Set parameter TimeLimit to value 1080
Gurobi Optimizer version 12.0.3 build v12.0.3rc0 (linux64 - "Ubuntu 22.04.5 LTS")

CPU model: Intel(R) Xeon(R) W-2145 CPU @ 3.70GHz, instruction set [SSE2|AVX|AVX2|AVX512]
Thread count: 8 physical cores, 16 logical processors, using up to 16 threads

Non-default parameters:
TimeLimit  1080
Heuristics  0.1
MIPFocus  3
Presolve  2
ImproveStartGap  0.5

Optimize a model with 33603 rows, 11141 columns and 162427 nonzeros
Model fingerprint: 0x6ce23a21
Model has 20 quadratic constraints
Variable types: 20 continuous, 11121 integer (10900 binary)
Coefficient statistics:
  Matrix range     [1e+00, 1e+03]
  QMatrix range    [1e+00, 1e+00]
  QLMatrix range   [1e+00, 1e+00]
  Objective range  [5e-01, 5e-01]
  Bounds range     [1e+00, 1e+00]
  RHS range        [1e+00, 6e+03]

MIP start from previous solve produced solution with objective 141.5 (0.02s)
Loaded MIP start from previous solve with objective 141.5

Presolve removed 21471 rows and 7241 columns
Presolve time: 0.45s
Presolved: 12132 rows, 3900 columns, 68666 nonzeros
Presolved model has 20 quadratic constraint(s)
Found heuristic solution: objective 20.0000000
Variable types: 20 continuous, 3880 integer (3794 binary)

Resetting heuristic parameters to focus on improving solution
(using Heuristics=0.5 and RINS=10)...

Root relaxation presolve removed 2329 rows and 1015 columns
Root relaxation presolved: 9803 rows, 2885 columns, 58153 nonzeros


Root relaxation: objective 1.200000e+01, 420 iterations, 0.03 seconds (0.04 work units)

    Nodes    |    Current Node    |     Objective Bounds      |     Work
 Expl Unexpl |  Obj  Depth IntInf | Incumbent    BestBd   Gap | It/Node Time

     0     0   12.00000    0    2   20.00000   12.00000  40.0%     -    0s
H    0     0                      19.0000000   12.00000  36.8%     -    0s
H    0     0                      18.0000000   12.00000  33.3%     -    1s
     0     0   12.00000    0    2   18.00000   12.00000  33.3%     -    1s
     0     2   12.00000    0    2   18.00000   12.00000  33.3%     -    1s
H    1     2                      17.0000000   12.00000  29.4%   0.0    1s
   436   671   12.00000   30   17   17.00000   12.00000  29.4%  60.2    6s
  1217  1073   12.00000   13   27   17.00000   12.00000  29.4%  52.7   14s
  1218  1074   12.00000   13   56   17.00000   12.00000  29.4%  52.7   16s
  1220  1075   12.00000   20   55   17.00000   12.00000  29.4%  52.6   21s
  1223  1077   12.00000   46   80   17.00000   12.00000  29.4%  52.5   28s
  1224  1078   13.00000   33   52   17.00000   12.00000  29.4%  52.4   30s
  1226  1079   13.00000   32   52   17.00000   12.00000  29.4%  52.3   38s
  1227  1080   12.00000   40   42   17.00000   12.00000  29.4%  52.3   40s
  1230  1082   14.00000   53   28   17.00000   12.00000  29.4%  52.2   45s
  1232  1083   13.02128   51   33   17.00000   12.00000  29.4%  52.1   52s
  1234  1085   12.06297   38   19   17.00000   12.00000  29.4%  52.0   55s
  1629  1396   13.00000   35   79   17.00000   12.00000  29.4%  52.3   60s
  2056  1790   14.00000   56   76   17.00000   12.00000  29.4%  49.8   67s
  2454  1968   12.00000   24   86   17.00000   12.00000  29.4%  49.7   70s
  2843  2129   12.00000   30   36   17.00000   12.00000  29.4%  51.9   75s
  3628  2296 infeasible   66        17.00000   12.00000  29.4%  54.0   81s
  3906  2485   13.00000   33   67   17.00000   12.00000  29.4%  56.8   85s
  4787  2871   13.00000   44   62   17.00000   12.00000  29.4%  58.8   93s
  5128  3116 infeasible   45        17.00000   12.00000  29.4%  59.0   97s
  5497  3323   12.00000   25   86   17.00000   12.00000  29.4%  59.8  100s
  5824  3470   13.00000   32   62   17.00000   12.00000  29.4%  60.8  105s
  6514  3955   13.00000   43   80   17.00000   12.00000  29.4%  62.8  114s
  6852  4214   13.00000   39   92   17.00000   12.00000  29.4%  63.2  118s
  7221  4435   12.00000   43   66   17.00000   12.00000  29.4%  64.5  123s
  7550  4687   13.00000   51   53   17.00000   12.00000  29.4%  65.4  127s
  7962  4848 infeasible   43        17.00000   12.00000  29.4%  65.0  132s
  8311  5113   12.00000   49   70   17.00000   12.00000  29.4%  66.3  136s
  8712  5316   13.00309   68   68   17.00000   12.00000  29.4%  66.3  141s
  9051  5555   12.00000   58   75   17.00000   12.00000  29.4%  67.0  146s
  9458  5775   12.00000   40   51   17.00000   12.00000  29.4%  66.6  150s
  9840  6031 infeasible   58        17.00000   12.00000  29.4%  67.5  155s
 10588  6505   12.01887   33   75   17.00000   12.00000  29.4%  67.5  165s
 10960  6733   12.01667   48   64   17.00000   12.00000  29.4%  68.3  170s
 11576  7236   12.00000   22   74   17.00000   12.00000  29.4%  69.0  179s
 11929  7476   12.00000   33   62   17.00000   12.00000  29.4%  69.9  184s
 12359  7732 infeasible   56        17.00000   12.00000  29.4%  70.4  189s
 12783  7948   13.00000   57   53   17.00000   12.00000  29.4%  70.8  196s
 13155  8242   13.00000   49   75   17.00000   12.00000  29.4%  71.2  201s
 13595  8527   13.00000   47   75   17.00000   12.00000  29.4%  71.9  208s
 14052  8851 infeasible   52        17.00000   12.00000  29.4%  72.4  214s
 14474  9192   14.00000   39   57   17.00000   12.00000  29.4%  72.5  221s
 14995  9510   13.00000   50   48   17.00000   12.00000  29.4%  72.9  228s
 15493  9885   13.00000   58   73   17.00000   12.00000  29.4%  73.3  235s
 16046 10180   12.00000   36   49   17.00000   12.00000  29.4%  73.3  243s
 16465 10680   13.00000   40   82   17.00000   12.00000  29.4%  73.7  252s
 17123 11088   12.00000   61   43   17.00000   12.00000  29.4%  73.4  260s
 17723 11451   13.00000   75   46   17.00000   12.00000  29.4%  73.8  270s
 18264 11873   12.00000   53   58   17.00000   12.00000  29.4%  73.7  278s
 18916 12320   13.00000   56   74   17.00000   12.00000  29.4%  73.8  288s
 19573 12875   14.00000   61   78   17.00000   12.00000  29.4%  74.3  298s
 20279 13461   12.00000   56   64   17.00000   12.00000  29.4%  74.2  308s
 20975 14027   13.00000   80   58   17.00000   12.00000  29.4%  74.1  320s
 21689 14621   12.00000   38   91   17.00000   12.00000  29.4%  74.1  332s
 22430 15077   12.00000   51   65   17.00000   12.00000  29.4%  74.2  344s
 23086 15666   12.00000   21   58   17.00000   12.00000  29.4%  74.6  354s
 23831 16051   13.00000   67   75   17.00000   12.00000  29.4%  74.6  368s
 24360 16631   13.00000   44   84   17.00000   12.00000  29.4%  75.2  379s
 25142 17250   12.06522   47   49   17.00000   12.00000  29.4%  75.1  391s
 25933 17859 infeasible   73        17.00000   12.00000  29.4%  75.3  403s
 26652 18404   12.00000   38   78   17.00000   12.00000  29.4%  75.2  413s
 27349 18791   13.00225   67   65   17.00000   12.00000  29.4%  75.8  426s
 27886 19439   13.00000   54   65   17.00000   12.00000  29.4%  76.1  439s
 28596 19990   13.00000   50   86   17.00000   12.00000  29.4%  76.2  450s
 29323 20566   13.00000   37   69   17.00000   12.00000  29.4%  76.5  463s
 30023 21167   13.00000   50   49   17.00000   12.00000  29.4%  76.4  474s
 30727 21641   12.00000   52   36   17.00000   12.00000  29.4%  76.8  487s
 31329 22265   13.00000   66   46   17.00000   12.00000  29.4%  76.9  500s
 32049 22872   12.00000   41   51   17.00000   12.00000  29.4%  77.1  512s
 32796 23539   13.00000   50   59   17.00000   12.00000  29.4%  77.1  525s
 33605 23960 infeasible   57        17.00000   12.00000  29.4%  77.0  539s
 34134 24578   13.00000   47   70   17.00000   12.00000  29.4%  77.0  551s
 34876 25208   13.00000   39   70   17.00000   12.00000  29.4%  77.0  563s
 35672 25744 infeasible   61        17.00000   12.00000  29.4%  77.1  576s
 36396 26117   13.00000   37   66   17.00000   12.00000  29.4%  77.5  590s
 36879 26725   12.00000   52   56   17.00000   12.00000  29.4%  77.6  603s
 37637 27279   12.02786   44   66   17.00000   12.00000  29.4%  77.6  617s
 38335 27918   13.00000   52   53   17.00000   12.00000  29.4%  78.0  630s
 39143 28470   13.00000   62   84   17.00000   12.00000  29.4%  77.9  645s
 39793 29100   12.00465   59   80   17.00000   12.00000  29.4%  77.8  658s
 40571 29552 infeasible   65        17.00000   12.00000  29.4%  77.9  677s
 41093 30265   12.00000   50   34   17.00000   12.00000  29.4%  77.9  691s
 41931 30871   13.00000   89   54   17.00000   12.00000  29.4%  77.5  705s
 42680 31497   14.00000   56   60   17.00000   12.00000  29.4%  77.7  718s
 43408 32087   12.00000   42   42   17.00000   12.00000  29.4%  77.8  731s
 44106 32484   13.00000   62   59   17.00000   12.00000  29.4%  78.1  747s
 44633 33180   13.00000   62   70   17.00000   12.00000  29.4%  78.1  761s
 45465 33811   13.00000   93   61   17.00000   12.00000  29.4%  78.0  774s
 46180 34380   13.00000   47   55   17.00000   12.00000  29.4%  78.3  788s
 46927 34878   12.07894   53   72   17.00000   12.00000  29.4%  78.4  803s
 47587 35481   13.00000   52   55   17.00000   12.00000  29.4%  78.5  817s
 48296 35847   12.06538   53   76   17.00000   12.00000  29.4%  78.6  833s
 48840 36295   12.00000   42   43   17.00000   12.00000  29.4%  78.8  847s
 49568 36793   12.00975   42  106   17.00000   12.00000  29.4%  79.0  860s
 50290 37343   13.00107   56   68   17.00000   12.00000  29.4%  79.3  874s
 51024 37801 infeasible   51        17.00000   12.00000  29.4%  79.4  890s
 51617 38360   12.31818   51   63   17.00000   12.00000  29.4%  79.4  905s
 52336 38755   12.00000   46   41   17.00000   12.00000  29.4%  79.7  919s
 52993 39140   12.00000   16  105   17.00000   12.00000  29.4%  79.9  933s
 53560 39430   12.00000   52   69   17.00000   12.00000  29.4%  80.4  945s
 54116 39750 infeasible   52        17.00000   12.00000  29.4%  80.9  960s
 54646 40089   12.00000   32   48   17.00000   12.00000  29.4%  81.3  976s
 55275 40437 infeasible   32        17.00000   12.00000  29.4%  81.8  990s
 55873 40799   13.00000   54   58   17.00000   12.00000  29.4%  82.3 1004s
 56435 41195   13.00000   49   70   17.00000   12.00000  29.4%  82.6 1018s
 57061 41463 infeasible   32        17.00000   12.00000  29.4%  83.0 1033s
 57577 41864   12.00000   57   51   17.00000   12.00000  29.4%  83.4 1047s
 58214 42174   13.00000   64   47   17.00000   12.00000  29.4%  83.8 1062s
 58755 42511 infeasible   47        17.00000   12.00000  29.4%  84.3 1076s
 59382 42613   13.04630   73   60   17.00000   12.00000  29.4%  84.9 1080s

Cutting planes:
  Learned: 219
  Gomory: 625
  Lift-and-project: 220
  Cover: 12
  Implied bound: 113
  Projected implied bound: 20
  MIR: 2027
  Mixing: 55
  StrongCG: 1441
  Flow cover: 6610
  Inf proof: 171
  Zero half: 3544
  RLT: 506
  Relax-and-lift: 1483

Explored 59518 nodes (5058564 simplex iterations) in 1080.09 seconds (884.19 work units)
Thread count was 16 (of 16 available processors)

Solution count 8: 17 17 18 ... 141.5

Time limit reached
Best objective 1.700000000000e+01, best bound 1.200000000000e+01, gap 29.4118%

User-callback calls 253445, time in user-callback 1.77 sec
Set parameter TimeLimit to value 360
Gurobi Optimizer version 12.0.3 build v12.0.3rc0 (linux64 - "Ubuntu 22.04.5 LTS")

CPU model: Intel(R) Xeon(R) W-2145 CPU @ 3.70GHz, instruction set [SSE2|AVX|AVX2|AVX512]
Thread count: 8 physical cores, 16 logical processors, using up to 16 threads

Non-default parameters:
TimeLimit  360
Heuristics  0.1
MIPFocus  3
Presolve  2
ImproveStartGap  0.5

Optimize a model with 33605 rows, 11141 columns and 162730 nonzeros
Model fingerprint: 0x52858027
Model has 20 quadratic constraints
Variable types: 20 continuous, 11121 integer (10900 binary)
Coefficient statistics:
  Matrix range     [5e-01, 1e+03]
  QMatrix range    [1e+00, 1e+00]
  QLMatrix range   [1e+00, 1e+00]
  Objective range  [1e+00, 1e+00]
  Bounds range     [1e+00, 1e+00]
  RHS range        [1e+00, 6e+03]

MIP start from previous solve produced solution with objective 183 (0.02s)
Loaded MIP start from previous solve with objective 183

Presolve removed 21403 rows and 7240 columns
Presolve time: 0.44s
Presolved: 12202 rows, 3901 columns, 68945 nonzeros
Presolved model has 20 quadratic constraint(s)
Variable types: 20 continuous, 3881 integer (3794 binary)

Resetting heuristic parameters to focus on improving solution
(using Heuristics=0.5 and RINS=10)...

Root relaxation presolve removed 7688 rows and 2594 columns
Root relaxation presolved: 4514 rows, 1307 columns, 27246 nonzeros


Root relaxation: objective 1.430000e+02, 217 iterations, 0.03 seconds (0.04 work units)

    Nodes    |    Current Node    |     Objective Bounds      |     Work
 Expl Unexpl |  Obj  Depth IntInf | Incumbent    BestBd   Gap | It/Node Time

     0     0  143.00000    0   49  183.00000  143.00000  21.9%     -    1s
     0     0  143.00000    0   49  183.00000  143.00000  21.9%     -    2s
     0     2  143.00000    0   46  183.00000  143.00000  21.9%     -    2s
   179   172  145.00000   15   78  183.00000  144.00000  21.3%  96.7    5s
   461   418  147.00000   12   49  183.00000  144.00000  21.3%  65.4   10s
   466   422  150.00000   11   51  183.00000  146.00000  20.2%  64.7   15s
   471   425  146.00000   21  113  183.00000  146.00000  20.2%  64.1   20s
   475   428  147.00000   23   69  183.00000  147.00000  19.7%  63.5   25s
   482   432  151.00000   16   65  183.00000  148.00000  19.1%  62.6   30s
   490   438  157.00000   28   92  183.00000  148.00000  19.1%  61.6   35s
   498   443  155.00000    9   72  183.00000  148.00000  19.1%  60.6   40s
   508   450  148.00000   11   91  183.00000  148.00000  19.1%  59.4   45s
   517   456  148.00000    8   95  183.00000  148.00000  19.1%  58.4   50s
   947   772  153.00000   32   68  183.00000  148.00000  19.1%   113   55s
  1746  1292  153.00000   26  119  183.00000  148.00000  19.1%  75.8   60s
  3013  2509  149.00000   24  109  183.00000  149.00000  18.6%  54.8   65s
  4253  3624  155.00000   51  103  183.00000  150.00000  18.0%  45.9   70s
  5472  4522 infeasible   60       183.00000  150.00000  18.0%  41.6   75s
  6540  5690  155.00000   71  113  183.00000  150.00000  18.0%  40.3   80s
  7925  6499  150.00000   46   78  183.00000  150.00000  18.0%  38.7   85s
  9358  7446 infeasible   64       183.00000  150.00000  18.0%  37.6   90s
 10689  8337  167.00000   54   70  183.00000  150.00000  18.0%  37.0   95s
 11776  9089  155.00000   49   91  183.00000  150.00000  18.0%  37.0  100s
 12913  9920 infeasible   55       183.00000  150.00000  18.0%  36.7  105s
 14541 11009 infeasible   57       183.00000  150.00000  18.0%  36.2  111s
 15367 11712  155.00000   57   76  183.00000  150.00000  18.0%  37.3  116s
 16545 12371  157.00000   50   92  183.00000  150.00000  18.0%  37.7  121s
 18093 13441  156.00000   45   79  183.00000  150.00000  18.0%  37.2  126s
 19380 14168  150.00000   56   91  183.00000  150.00000  18.0%  37.8  132s
 19988 14535  154.00000   43   78  183.00000  150.00000  18.0%  38.0  136s
 21467 15541  161.00000   54   60  183.00000  150.00000  18.0%  38.4  142s
 22021 16392  157.00000   49   77  183.00000  150.00000  18.0%  38.9  145s
 23815 17390  156.00000   56   62  183.00000  150.00000  18.0%  38.3  152s
 24496 18377  150.37500   46   86  183.00000  150.00000  18.0%  38.4  156s
 26474 19399  164.00000   46   68  183.00000  150.00000  18.0%  37.9  162s
H26972 19393                     181.0000000  150.00000  17.1%  37.8  162s
H27141 20303                     180.0000000  150.00000  16.7%  37.8  166s
H28312 20956                     179.0000000  150.00000  16.2%  37.3  169s
 29116 21771  156.00000   61   81  179.00000  150.00000  16.2%  37.4  173s
H29237 21760                     178.0000000  150.00000  15.7%  37.3  173s
 30176 22256  150.00000   44   82  178.00000  150.00000  15.7%  37.1  176s
 31524 23305  153.00000   48   79  178.00000  150.00000  15.7%  37.7  183s
 32157 24452  151.00000   47   68  178.00000  150.00000  15.7%  37.8  188s
 33600 24964  168.00000   35   72  178.00000  150.00000  15.7%  37.2  192s
 34206 25514  160.00000   43   90  178.00000  150.00000  15.7%  37.5  195s
 36190 27132 infeasible   57       178.00000  150.00000  15.7%  37.1  202s
 36786 27611  151.00000   36   67  178.00000  150.00000  15.7%  37.2  205s
 37979 28994  152.00000   57   68  178.00000  150.00000  15.7%  37.8  212s
 39346 29384  156.00000   51   79  178.00000  150.00000  15.7%  37.5  215s
 40568 30145  152.00000   51   87  178.00000  150.00000  15.7%  38.0  222s
 41047 30713  154.00000   45   95  178.00000  150.00000  15.7%  38.3  225s
 43143 32156  160.00000   49   87  178.00000  150.00000  15.7%  38.2  231s
 44260 33400  152.00000   44   72  178.00000  150.00000  15.7%  38.6  239s
 45491 33888  150.00000   42   90  178.00000  150.00000  15.7%  38.3  242s
 46888 35116  165.00000   44   87  178.00000  150.00000  15.7%  38.6  248s
 47793 35578 infeasible   61       178.00000  150.00000  15.7%  38.4  251s
 48461 35959  167.00000   49   72  178.00000  150.00000  15.7%  38.5  255s
 50111 37227 infeasible   69       178.00000  150.00000  15.7%  38.6  261s
 51532 38667  155.00000   60   61  178.00000  150.00000  15.7%  38.7  269s
 52573 39176  163.00000   50   70  178.00000  150.00000  15.7%  38.5  272s
 53976 40626  150.00000   39  115  178.00000  150.00000  15.7%  38.8  278s
 55226 41083 infeasible   60       178.00000  150.00000  15.7%  38.5  281s
 55779 41570  158.00000   50   89  178.00000  150.00000  15.7%  38.6  285s
 57069 42920  151.00000   63   64  178.00000  150.00000  15.7%  39.0  291s
 58831 43601  152.00000   54   69  178.00000  150.00000  15.7%  39.2  298s
 59431 44040 infeasible   61       178.00000  150.00000  15.7%  39.5  301s
 61136 45502  152.00000   54   64  178.00000  150.00000  15.7%  39.6  307s
 61796 45888  155.00000   51   81  178.00000  150.00000  15.7%  39.7  310s
 62374 46835  155.00000   43   93  178.00000  150.00000  15.7%  39.8  315s
 64310 47957  160.00000   45   71  178.00000  150.00000  15.7%  39.7  321s
 66045 49221  159.00000   62  108  178.00000  150.00000  15.7%  39.7  328s
 66636 49750  165.00000   48   93  178.00000  150.00000  15.7%  39.8  331s
 67333 50454  150.00000   44   98  178.00000  150.00000  15.7%  39.9  335s
 69015 51093  161.00000   51   74  178.00000  150.00000  15.7%  39.9  340s
 70183 52559  150.00000   54   79  178.00000  150.00000  15.7%  40.1  348s
 71549 53058  166.00000   54   79  178.00000  150.00000  15.7%  39.8  351s
 72840 54347  153.00000   48   73  178.00000  150.00000  15.7%  39.8  358s
 73730 54577 infeasible   65       178.00000  150.00000  15.7%  39.8  360s

Cutting planes:
  Learned: 64
  Gomory: 127
  Lift-and-project: 168
  Cover: 2
  Implied bound: 33
  Projected implied bound: 12
  MIR: 70
  Mixing: 2
  StrongCG: 94
  Flow cover: 635
  Inf proof: 18
  Zero half: 162
  RLT: 222
  Relax-and-lift: 126

Explored 74024 nodes (2951634 simplex iterations) in 360.02 seconds (399.57 work units)
Thread count was 16 (of 16 available processors)

Solution count 5: 178 179 180 ... 183

Time limit reached
Best objective 1.780000000000e+02, best bound 1.500000000000e+02, gap 15.7303%

User-callback calls 217834, time in user-callback 0.95 sec
