Gurobi 12.0.3 (linux64) logging started Wed Dec 10 12:06:00 2025

Set parameter LogFile to value "/home/bazzo/Scrivania/fjsp_rescheduling/simulations/logs/EX2/gurobi_exp2.log"
Set parameter OutputFlag to value 1
Gurobi Optimizer version 12.0.3 build v12.0.3rc0 (linux64 - "Ubuntu 22.04.5 LTS")

CPU model: Intel(R) Xeon(R) W-2145 CPU @ 3.70GHz, instruction set [SSE2|AVX|AVX2|AVX512]
Thread count: 8 physical cores, 16 logical processors, using up to 16 threads

Optimize a model with 19729 rows, 4139 columns and 95649 nonzeros
Model fingerprint: 0xbdf88fa4
Model has 10 quadratic constraints
Coefficient statistics:
  Matrix range     [1e+00, 3e+02]
  QMatrix range    [1e+00, 1e+00]
  QLMatrix range   [1e+00, 1e+00]
  Objective range  [0e+00, 0e+00]
  Bounds range     [1e+00, 1e+00]
  RHS range        [1e+00, 9e+02]
Presolve removed 6273 rows and 1397 columns
Presolve time: 0.02s
Presolved: 13476 rows, 2808 columns, 65895 nonzeros
Presolved model has 10 second-order cone constraints
Ordering time: 0.01s

Barrier statistics:
 Dense cols : 220
 AA' NZ     : 8.985e+04
 Factor NZ  : 1.848e+05 (roughly 8 MB of memory)
 Factor Ops : 5.050e+06 (less than 1 second per iteration)
 Threads    : 8

                  Objective                Residual
Iter       Primal          Dual         Primal    Dual     Compl     Time
   0   0.00000000e+00 -8.25791275e+03  3.18e+02 1.00e-01  9.23e+00     0s
   1   0.00000000e+00 -2.45363465e+04  4.64e+01 9.01e-01  1.89e+00     0s
   2   0.00000000e+00 -1.38588271e+04  1.85e+01 4.54e-01  9.08e-01     0s
   3   0.00000000e+00 -4.16305310e+03  1.72e+00 1.13e-01  2.42e-01     0s
   4   0.00000000e+00 -2.43572550e+02  2.28e-01 7.14e-03  1.38e-02     0s
   5   0.00000000e+00 -1.16167671e+02  1.10e-03 5.53e-03  6.58e-03     0s
   6   0.00000000e+00 -1.09560771e+00  1.21e-09 1.07e-04  6.20e-05     0s
   7   0.00000000e+00 -2.44840780e-03  1.17e-10 4.81e-07  1.39e-07     0s
   8   0.00000000e+00 -7.15718516e-04  9.69e-11 1.62e-05  6.62e-08     0s
   9   0.00000000e+00  1.37976113e-06  5.72e-11 6.97e-08  8.48e-11     0s
  10   0.00000000e+00 -1.05078552e-05  9.65e-11 2.40e-07  1.17e-13     0s

Barrier solved model in 10 iterations and 0.14 seconds (0.16 work units)
Optimal objective 0.00000000e+00

Set parameter TimeLimit to value 2160
Set parameter Presolve to value 2
Set parameter MIPFocus to value 3
Set parameter Heuristics to value 0.1
Set parameter ImproveStartGap to value 0.5
Set parameter Presolve to value 2
Gurobi Optimizer version 12.0.3 build v12.0.3rc0 (linux64 - "Ubuntu 22.04.5 LTS")

CPU model: Intel(R) Xeon(R) W-2145 CPU @ 3.70GHz, instruction set [SSE2|AVX|AVX2|AVX512]
Thread count: 8 physical cores, 16 logical processors, using up to 16 threads

Non-default parameters:
TimeLimit  2160
Heuristics  0.1
MIPFocus  3
Presolve  2
ImproveStartGap  0.5

Optimize a model with 19729 rows, 4139 columns and 95649 nonzeros
Model fingerprint: 0xd8d42f39
Model has 10 quadratic constraints
Variable types: 10 continuous, 4129 integer (4002 binary)
Coefficient statistics:
  Matrix range     [1e+00, 3e+02]
  QMatrix range    [1e+00, 1e+00]
  QLMatrix range   [1e+00, 1e+00]
  Objective range  [1e+00, 1e+00]
  Bounds range     [1e+00, 1e+00]
  RHS range        [1e+00, 9e+02]
Presolve removed 6484 rows and 1423 columns
Presolve time: 0.49s
Presolved: 13245 rows, 2716 columns, 90044 nonzeros
Presolved model has 10 quadratic constraint(s)
Variable types: 10 continuous, 2706 integer (2644 binary)
Root relaxation presolve removed 196 rows and 97 columns
Root relaxation presolved: 13049 rows, 2619 columns, 89125 nonzeros


Root relaxation: objective 1.000000e+00, 292 iterations, 0.07 seconds (0.11 work units)

    Nodes    |    Current Node    |     Objective Bounds      |     Work
 Expl Unexpl |  Obj  Depth IntInf | Incumbent    BestBd   Gap | It/Node Time

H    0     0                    78084.000000    1.00000   100%     -    0s
*    0     0               0    78084.000000    1.00000   100%     -    0s
     0     0    1.00000    0   64 78084.0000    1.00000   100%     -    0s
H    0     0                    3377.0000000    1.00000   100%     -    0s
H    0     0                    1977.0000000    1.00000   100%     -    1s
H    0     0                    1905.0000000    1.00000   100%     -    1s
H    0     0                    1607.0000000    1.00000   100%     -    1s
H    0     0                    1544.0000000    1.00000   100%     -    1s
H    0     0                    1375.0000000    1.00000   100%     -    1s
H    0     0                    1199.0000000    1.00000   100%     -    1s
H    0     0                    1186.0000000    1.00000   100%     -    1s
H    0     0                    1143.0000000    1.00000   100%     -    1s
H    0     0                    1142.0000000    1.00000   100%     -    1s
H    0     0                    1118.0000000    1.00000   100%     -    1s
H    0     0                    1103.0000000    1.00000   100%     -    1s
H    0     0                    1082.0000000    1.00000   100%     -    1s
H    0     0                    1067.0000000    1.00000   100%     -    1s
H    0     0                    1058.0000000    1.00000   100%     -    2s
H    0     0                    1053.0000000    1.00000   100%     -    2s
H    0     0                    1008.0000000    1.00000   100%     -    2s
H    0     0                     998.0000000    1.00000   100%     -    2s
H    0     0                     996.0000000    1.00000   100%     -    2s
     0     0    2.00000    0   44  996.00000    2.00000   100%     -    2s
H    0     0                     960.0000000    2.00000   100%     -    2s
     0     0    2.00000    0   52  960.00000    2.00000   100%     -    2s
H    0     0                     939.0000000    2.00000   100%     -    3s
H    0     0                     895.0000000    2.00000   100%     -    4s
H    0     0                     821.0000000    2.00000   100%     -    4s
     0     0    2.00000    0   39  821.00000    2.00000   100%     -    4s
H    0     0                     800.0000000    2.00000   100%     -    5s
H    0     0                     789.0000000    2.00000   100%     -    5s
H    0     0                     776.0000000    2.00000   100%     -    5s
H    0     0                     737.0000000    2.00000   100%     -    5s
H    0     0                     730.0000000    2.00000   100%     -    5s
H    0     0                     719.0000000    2.00000   100%     -    5s
H    0     0                     717.0000000    2.00000   100%     -    5s
H    0     0                     710.0000000    2.00000   100%     -    5s
H    0     0                     652.0000000    2.00000   100%     -    5s
H    0     0                     639.0000000    2.00000   100%     -    5s
H    0     0                     624.0000000    2.00000   100%     -    5s
H    0     0                     611.0000000    2.00000   100%     -    5s
H    0     0                     606.0000000    2.00000   100%     -    5s
H    0     0                     593.0000000    2.00000   100%     -    5s
H    0     0                     589.0000000    2.00000   100%     -    5s
H    0     0                     576.0000000    2.00000   100%     -    5s
H    0     0                     556.0000000    2.00000   100%     -    5s
H    0     0                     541.0000000    2.00000   100%     -    5s
     0     0    2.00000    0   66  541.00000    2.00000   100%     -    5s
H    0     0                     525.0000000    2.00000   100%     -    5s
H    0     0                     515.0000000    2.00000   100%     -    5s
H    0     0                     494.0000000    2.00000   100%     -    6s
H    0     0                     485.0000000    2.00000   100%     -    6s
H    0     0                     437.0000000    2.00000   100%     -    6s
     0     0    2.00000    0   34  437.00000    2.00000   100%     -    6s
     0     0    2.00000    0   67  437.00000    2.00000   100%     -    7s
     0     0    2.30385    0   29  437.00000    2.30385  99.5%     -    8s
     0     0    2.30385    0   52  437.00000    2.30385  99.5%     -    8s
     0     0    2.70659    0   55  437.00000    2.70659  99.4%     -   10s
     0     0    2.72410    0   73  437.00000    2.72410  99.4%     -   10s
     0     0    3.00000    0   57  437.00000    3.00000  99.3%     -   11s
     0     0    3.00000    0   91  437.00000    3.00000  99.3%     -   12s
     0     0    3.12821    0   57  437.00000    3.12821  99.3%     -   13s
     0     0    3.12821    0   84  437.00000    3.12821  99.3%     -   13s
H    0     0                     396.0000000    3.12821  99.2%     -   14s
H    0     0                     370.0000000    3.12821  99.2%     -   14s
     0     0    3.50000    0   51  370.00000    3.50000  99.1%     -   15s
     0     0    3.50000    0   74  370.00000    3.50000  99.1%     -   15s
     0     0    4.00000    0   40  370.00000    4.00000  98.9%     -   18s
     0     0    4.00000    0   56  370.00000    4.00000  98.9%     -   18s
     0     0    4.40000    0   59  370.00000    4.40000  98.8%     -   19s
     0     0    4.40000    0   73  370.00000    4.40000  98.8%     -   19s
     0     0    4.93333    0   62  370.00000    4.93333  98.7%     -   22s
     0     0    4.93333    0   78  370.00000    4.93333  98.7%     -   22s
     0     0    5.00000    0   65  370.00000    5.00000  98.6%     -   25s
     0     0    5.00000    0   88  370.00000    5.00000  98.6%     -   25s
     0     0    5.20000    0   64  370.00000    5.20000  98.6%     -   26s
     0     0    5.20000    0  119  370.00000    5.20000  98.6%     -   27s
     0     0    5.50000    0   68  370.00000    5.50000  98.5%     -   30s
     0     0    5.50000    0  102  370.00000    5.50000  98.5%     -   30s
     0     0    5.75000    0   62  370.00000    5.75000  98.4%     -   32s
     0     0    5.75000    0   87  370.00000    5.75000  98.4%     -   32s
     0     0    5.80000    0   60  370.00000    5.80000  98.4%     -   34s
     0     0    5.80000    0   83  370.00000    5.80000  98.4%     -   34s
     0     0    6.00000    0   69  370.00000    6.00000  98.4%     -   35s
     0     0    6.00000    0   89  370.00000    6.00000  98.4%     -   35s
     0     0    6.00000    0   61  370.00000    6.00000  98.4%     -   37s
     0     0    6.00000    0  109  370.00000    6.00000  98.4%     -   37s
     0     0    6.00000    0   76  370.00000    6.00000  98.4%     -   38s
     0     0    6.00000    0  101  370.00000    6.00000  98.4%     -   38s
     0     0    6.00000    0   48  370.00000    6.00000  98.4%     -   40s
     0     0    6.00000    0   96  370.00000    6.00000  98.4%     -   40s
     0     0    6.00000    0   71  370.00000    6.00000  98.4%     -   43s
     0     0    6.00000    0   92  370.00000    6.00000  98.4%     -   43s
     0     0    6.00000    0   70  370.00000    6.00000  98.4%     -   44s
     0     0    6.00000    0  103  370.00000    6.00000  98.4%     -   44s
     0     0    6.00000    0   75  370.00000    6.00000  98.4%     -   45s
     0     0    6.00000    0   68  370.00000    6.00000  98.4%     -   46s
     0     2    6.00000    0   67  370.00000    6.00000  98.4%     -   46s
    89   106    8.05208   12   74  370.00000    8.00000  97.8%   375   50s
   261   272   10.00000   18   94  370.00000   10.00000  97.3%   366   55s
   449   447   49.00000   33   68  370.00000   10.00000  97.3%   298   60s
   452   449   14.00000   20   72  370.00000   10.00000  97.3%   296   66s
   455   451   21.33393   17   87  370.00000   10.00000  97.3%   294   71s
   459   454   71.00000   35  123  370.00000   10.00000  97.3%   292   75s
   463   456   12.00000   17  119  370.00000   10.00000  97.3%   289   81s
   469   465   10.00000   11   99  370.00000   10.00000  97.3%   305   85s
   712   640   19.00000   21  102  370.00000   10.00000  97.3%   275   90s
  1457  1137   12.00000   18   94  370.00000   12.00000  96.8%   178   95s
H 2475  2043                     354.0000000   12.46552  96.5%   125   98s
H 2612  2221                     342.0000000   12.65523  96.3%   122   99s
  2697  2453   20.98849   16  105  342.00000   12.72109  96.3%   119  100s
H 3013  2598                     334.0000000   12.90909  96.1%   111  100s
H 3374  3195                     322.0000000   13.00000  96.0%   104  102s
H 3629  3195                     306.0000000   13.00000  95.8%  98.9  102s
  4759  4540   16.00000   25  101  306.00000   13.29116  95.7%  84.9  105s
  6744  6763   14.02778   27   93  306.00000   14.00000  95.4%  71.6  110s
  8754  8783   18.63889   33  108  306.00000   14.01786  95.4%  65.1  115s
 10808 10713   14.44444   25  104  306.00000   14.44444  95.3%  61.1  120s
 14024 13811   15.69728   31   92  306.00000   14.83333  95.2%  54.7  126s
H15464 14550                     305.0000000   14.91667  95.1%  53.1  128s
 16439 16555   20.42857   28   85  305.00000   15.00000  95.1%  52.3  131s
 18493 18578   15.00000   37   75  305.00000   15.00000  95.1%  50.4  135s
 21751 21877   17.18722   35   88  305.00000   15.00000  95.1%  48.7  141s
 24157 23640   23.12987   39  100  305.00000   15.00000  95.1%  47.7  145s
H24680 23638                     304.0000000   15.00000  95.1%  47.7  145s
 26815 26038   26.50000   32   89  304.00000   15.00000  95.1%  47.2  150s
 29284 28868   15.00000   27  124  304.00000   15.00000  95.1%  46.4  156s
 31148 30682   16.25437   32  132  304.00000   15.01695  95.1%  45.9  160s
H31408 30677                     300.0000000   15.01695  95.0%  45.8  160s
H32335 31650                     297.0000000   15.01786  94.9%  45.4  162s
 34519 33869   20.43077   27  118  297.00000   15.16162  94.9%  44.9  166s
H36647 35872                     288.0000000   15.25000  94.7%  44.3  169s
 37848 36446   31.66667   33   87  288.00000   15.35097  94.7%  43.9  171s
 39211 38165   27.88889   36  116  288.00000   15.46154  94.6%  43.9  175s
 41637 40568   16.46769   41  120  288.00000   15.68131  94.6%  43.7  181s
 43581 42340   17.24444   36   83  288.00000   15.82970  94.5%  43.4  186s
H44080 42329                     281.0000000   15.86199  94.4%  43.4  186s
 46324 44810   16.00000   38   85  281.00000   16.00000  94.3%  43.3  191s
 47899 46423   16.77922   34  112  281.00000   16.00000  94.3%  43.4  195s
 50567 48855   17.10959   29   97  281.00000   16.00000  94.3%  43.5  200s
 53487 51705   21.45714   35   83  281.00000   16.00000  94.3%  43.3  206s
 55222 53502   16.00000   36  110  281.00000   16.00000  94.3%  43.3  211s
 56882 55275   20.22143   32  103  281.00000   16.00000  94.3%  43.2  215s
H57921 55464                     280.0000000   16.00000  94.3%  43.1  217s
 58119 55623   16.00000   34   90  280.00000   16.00000  94.3%  43.2  220s
H58120 55588                     272.0000000   16.00000  94.1%  43.2  220s
H58886 56305                     264.0000000   16.00000  93.9%  43.3  221s
H59288 57136                     257.0000000   16.00000  93.8%  43.3  223s
 59983 57848   16.00000   32  110  257.00000   16.00000  93.8%  43.3  225s
 62261 59912   43.00000   43   84  257.00000   16.00000  93.8%  43.6  231s
 64487 62127   16.00000   29  111  257.00000   16.00000  93.8%  43.9  236s
 65763 63386   16.00000   33   95  257.00000   16.00000  93.8%  44.2  240s
 67901 65635   16.00000   35  104  257.00000   16.00000  93.8%  44.4  245s
 69832 67529   22.81713   42   91  257.00000   16.00000  93.8%  44.7  251s
 71485 69428   16.00000   42   61  257.00000   16.00000  93.8%  44.8  255s
 74244 72049   16.05951   47   87  257.00000   16.00000  93.8%  44.6  260s
 77292 74521   16.00790   43   97  257.00000   16.00000  93.8%  44.4  265s
 79824 77433   20.62121   24   81  257.00000   16.03996  93.8%  44.3  271s
H80940 78199                     246.0000000   16.06667  93.5%  44.2  273s
 81869 78956   40.12403   23  107  246.00000   16.09938  93.5%  44.2  275s
 84218 81332   18.12500   34  104  246.00000   16.18957  93.4%  44.2  280s
 86968 83322   16.25656   33  131  246.00000   16.25656  93.4%  44.2  286s
 89099 85838   16.33333   35   74  246.00000   16.33333  93.4%  44.0  291s
 91053 87875   16.44444   31  106  246.00000   16.37086  93.3%  43.9  295s
 93859 90390   18.02222   38   83  246.00000   16.47619  93.3%  43.9  300s
 95530 91987   19.05556   41  100  246.00000   16.50000  93.3%  43.8  305s
 97855 94297   16.73062   27   81  246.00000   16.60714  93.2%  43.8  310s
 99493 95573   18.49202   34   91  246.00000   16.66667  93.2%  43.8  315s
 101714 97854   78.45000   44   94  246.00000   16.76465  93.2%  43.8  321s
 103463 99336   20.41246   41  148  246.00000   16.85000  93.2%  43.8  325s
 105793 101834   50.55556   38  107  246.00000   16.93478  93.1%  43.8  330s
 108562 104635   17.51029   46   87  246.00000   17.00000  93.1%  43.8  336s
 110369 106539   17.88889   52   95  246.00000   17.00000  93.1%  43.7  340s
 113255 109151   20.30848   41  125  246.00000   17.00000  93.1%  43.5  345s
 116118 111607   17.00000   38   93  246.00000   17.00000  93.1%  43.4  350s
 118485 113885   29.00000   48   67  246.00000   17.00000  93.1%  43.5  356s
 120218 115524   17.00000   41   98  246.00000   17.00000  93.1%  43.5  360s
 122772 117745   17.00000   40   86  246.00000   17.00000  93.1%  43.4  365s
 125031 120204   77.00000   41   91  246.00000   17.00000  93.1%  43.3  371s
 127599 122545   62.00000   49   67  246.00000   17.00000  93.1%  43.3  376s
 128856 124240   17.19608   44  104  246.00000   17.00000  93.1%  43.3  380s
 131344 126574   17.00000   47   86  246.00000   17.00000  93.1%  43.3  386s
 134022 128884   17.00000   54   74  246.00000   17.00000  93.1%  43.3  391s
 135503 130201   17.81828   42   98  246.00000   17.00000  93.1%  43.3  395s
 137732 132354   25.12386   31   99  246.00000   17.00000  93.1%  43.4  400s
 139868 134204   17.00000   39   77  246.00000   17.00000  93.1%  43.5  406s
 141025 135442   17.21602   39  115  246.00000   17.00000  93.1%  43.6  410s
 143097 137429   41.00000   60   50  246.00000   17.00000  93.1%  43.7  415s
 145107 139360   57.00000   53   51  246.00000   17.00000  93.1%  43.8  421s
 147188 141262   35.49415   62   63  246.00000   17.00000  93.1%  43.9  426s
 148492 142431   17.00000   37   85  246.00000   17.00000  93.1%  44.0  430s
 150300 144316   77.00000   38   73  246.00000   17.00000  93.1%  44.2  435s
 152291 146263   17.00000   57   78  246.00000   17.00000  93.1%  44.3  441s
 153723 147573   35.29713   52   82  246.00000   17.00000  93.1%  44.3  445s
 156092 149774  243.66667   59   81  246.00000   17.00000  93.1%  44.4  450s
 158360 151963   41.00000   52   60  246.00000   17.00000  93.1%  44.5  456s
 159804 153429   17.00000   46   84  246.00000   17.00000  93.1%  44.5  460s
 162366 155666   17.00000   39   59  246.00000   17.00000  93.1%  44.6  466s
 164525 158085   22.33333   42   67  246.00000   17.00000  93.1%  44.6  471s
 166346 159572   41.00000   49   74  246.00000   17.00000  93.1%  44.6  475s
 168700 161948   30.50000   47   89  246.00000   17.00000  93.1%  44.6  481s
 170439 163548   19.00364   53  104  246.00000   17.00000  93.1%  44.6  485s
 172645 165345   17.97778   42  121  246.00000   17.00000  93.1%  44.7  491s
 174742 167301   18.38889   50   85  246.00000   17.00000  93.1%  44.8  496s
 176028 168508   38.00000   48   78  246.00000   17.00000  93.1%  44.9  500s
 177805 170245   17.69048   54   75  246.00000   17.00000  93.1%  45.1  506s
 179161 171615   17.00000   35   81  246.00000   17.00000  93.1%  45.2  510s
 181410 173550   17.22222   57   55  246.00000   17.00000  93.1%  45.2  515s
 183299 175419   17.00000   44   75  246.00000   17.00000  93.1%  45.3  521s
 184647 176675   17.00000   50   98  246.00000   17.00000  93.1%  45.4  525s
 186948 178678   17.90891   53  101  246.00000   17.00000  93.1%  45.4  531s
 188791 180800   17.00068   40  107  246.00000   17.00000  93.1%  45.5  536s
 190448 182002   38.00000   48   57  246.00000   17.00000  93.1%  45.5  540s
 192373 183796   19.50000   56  112  246.00000   17.00000  93.1%  45.6  546s
 193575 185049   17.04196   53  102  246.00000   17.00000  93.1%  45.7  550s
 195895 187252   62.00000   45   75  246.00000   17.00000  93.1%  45.8  556s
 197149 188345   94.00000   54   82  246.00000   17.00000  93.1%  45.9  560s
 199464 190674   17.00000   51   80  246.00000   17.00000  93.1%  45.9  566s
 200938 191985   17.00000   53   96  246.00000   17.00000  93.1%  46.0  570s
 203143 194083   17.70588   49  103  246.00000   17.00000  93.1%  46.0  576s
 204533 194884 infeasible   47       246.00000   17.00000  93.1%  46.0  580s
 205825 196618   17.14423   42   71  246.00000   17.00000  93.1%  46.1  585s
 208078 198664   17.00000   52   92  246.00000   17.00000  93.1%  46.2  591s
 209320 199803   17.00000   50   89  246.00000   17.00000  93.1%  46.3  595s
 211462 201773   17.22222   45   68  246.00000   17.00000  93.1%  46.3  601s
 212632 202907   17.01099   50   97  246.00000   17.00000  93.1%  46.4  605s
 214513 204747   17.16667   44   58  246.00000   17.00000  93.1%  46.5  611s
 215927 205893   17.03200   48   78  246.00000   17.00000  93.1%  46.6  615s
 217830 207802   33.00000   46   80  246.00000   17.00000  93.1%  46.7  621s
 219256 209300   17.00000   48   84  246.00000   17.00000  93.1%  46.7  625s
 221594 211385   17.00000   50   98  246.00000   17.00000  93.1%  46.7  631s
 223443 212868   17.00000   54   72  246.00000   17.00000  93.1%  46.7  635s
 225390 214735  138.00000   46   86  246.00000   17.00000  93.1%  46.8  641s
 227082 216229   18.16667   62   66  246.00000   17.00000  93.1%  46.8  645s
 228833 217819   17.24611   48   69  246.00000   17.00000  93.1%  46.9  651s
 230044 219070   18.48797   50   87  246.00000   17.00000  93.1%  46.9  655s
 231944 220785   17.00000   51   48  246.00000   17.00000  93.1%  47.0  661s
 233315 222184   17.86310   49   71  246.00000   17.00000  93.1%  47.1  665s
 235501 224276   22.82857   52   86  246.00000   17.00000  93.1%  47.1  671s
 237073 225854   17.00000   50   70  246.00000   17.00000  93.1%  47.1  675s
 239396 227702   62.00000   45   67  246.00000   17.00000  93.1%  47.1  680s
 241737 229944  182.00000   51   64  246.00000   17.00000  93.1%  47.2  686s
 243124 231225   17.01732   50   93  246.00000   17.00000  93.1%  47.2  690s
 245369 233204   17.03119   49   97  246.00000   17.00000  93.1%  47.3  696s
 246633 234457   17.96667   44  112  246.00000   17.00000  93.1%  47.4  700s
 248242 235797   33.08571   56  104  246.00000   17.00000  93.1%  47.4  705s
 250005 237607   17.00000   46   77  246.00000   17.00000  93.1%  47.5  711s
 251866 239107   18.36257   47  103  246.00000   17.00000  93.1%  47.5  716s
 252995 240410   22.43125   46   95  246.00000   17.00000  93.1%  47.6  721s
 254396 241709   17.40184   43  101  246.00000   17.00000  93.1%  47.6  725s
 256593 243625   24.28235   57  101  246.00000   17.00000  93.1%  47.6  731s
 257736 244770   17.00000   59   92  246.00000   17.00000  93.1%  47.6  735s
 259773 246815   49.00000   56   94  246.00000   17.00000  93.1%  47.7  741s
 261248 247909   18.56354   45   96  246.00000   17.00000  93.1%  47.8  745s
 263134 249687  159.00000   49   52  246.00000   17.00000  93.1%  47.9  751s
 264467 251112   17.22694   54  111  246.00000   17.00000  93.1%  47.9  755s
 266537 253029   18.10333   47  105  246.00000   17.00000  93.1%  48.0  761s
 268083 254591   17.00000   44   78  246.00000   17.00000  93.1%  48.0  766s
 269640 255747   17.75000   49   62  246.00000   17.00000  93.1%  48.0  770s
 271667 257953   17.50273   53   98  246.00000   17.00000  93.1%  48.1  776s
 273238 259163   17.00000   49  100  246.00000   17.00000  93.1%  48.1  780s
 275159 260978   17.41812   53  120  246.00000   17.00000  93.1%  48.2  786s
 276536 262222   94.00000   46   66  246.00000   17.00000  93.1%  48.2  790s
 278364 263993   49.00000   41   61  246.00000   17.00000  93.1%  48.3  797s
 279738 265176   17.00000   50   81  246.00000   17.00000  93.1%  48.3  801s
 281023 266161   17.03340   47  128  246.00000   17.00000  93.1%  48.4  805s
 282724 267923   17.00000   53   92  246.00000   17.00000  93.1%  48.4  811s
 283989 269130   17.02824   45   81  246.00000   17.00000  93.1%  48.5  815s
 285459 270382   17.43948   54  107  246.00000   17.00000  93.1%  48.5  820s
 287399 272160   22.00000   47   67  246.00000   17.00000  93.1%  48.6  826s
 288728 273413   81.00000   46   80  246.00000   17.00000  93.1%  48.7  830s
 290092 274732   17.11594   51   80  246.00000   17.00000  93.1%  48.7  835s
 292080 276407   17.00000   50   86  246.00000   17.00000  93.1%  48.8  841s
 293169 277625   17.00000   45   74  246.00000   17.00000  93.1%  48.8  845s
 294519 278689   19.50000   48   94  246.00000   17.00000  93.1%  48.9  850s
 296378 280710   17.55556   47   94  246.00000   17.00000  93.1%  49.0  856s
 298093 281775   21.00000   57   83  246.00000   17.00000  93.1%  49.0  860s
 299851 283579   17.16667   56   86  246.00000   17.00000  93.1%  49.1  867s
 301095 284625   26.00000   45   69  246.00000   17.00000  93.1%  49.1  871s
 302236 285712   17.85445   55   92  246.00000   17.00000  93.1%  49.2  875s
 304266 287721   77.00000   58   66  246.00000   17.00000  93.1%  49.3  881s
 305777 289090   17.22222   37   57  246.00000   17.00000  93.1%  49.3  886s
 307207 290608  154.59926   44   78  246.00000   17.00000  93.1%  49.3  890s
 309470 292578   33.22222   40   68  246.00000   17.00000  93.1%  49.3  896s
 311044 293911   17.00847   43   98  246.00000   17.00000  93.1%  49.3  901s
 312244 295233   17.33333   42   85  246.00000   17.00000  93.1%  49.3  905s
 314498 297199   19.90272   42  118  246.00000   17.00000  93.1%  49.4  911s
 315574 298348     cutoff   47       246.00000   17.00000  93.1%  49.4  916s
 317246 299914   66.69281   48   76  246.00000   17.00000  93.1%  49.4  920s
 318617 301053   17.16667   53   86  246.00000   17.00000  93.1%  49.4  925s
 320566 302919   24.01041   48  143  246.00000   17.00000  93.1%  49.5  931s
 322128 304133   53.00000   50   87  246.00000   17.00000  93.1%  49.5  936s
H322170 304133                     245.9999990   17.00000  93.1%  49.5  936s
 322781 304924   17.00000   50   95  246.00000   17.00000  93.1%  49.6  940s
 324732 306934  137.00000   58   78  246.00000   17.00000  93.1%  49.6  946s
 326185 308202   17.00000   53   80  246.00000   17.00000  93.1%  49.7  950s
 327553 309290   17.23810   57   73  246.00000   17.00000  93.1%  49.7  955s
 329106 311121   49.00000   47   56  246.00000   17.00000  93.1%  49.8  961s
 330552 312353   17.00000   49   61  246.00000   17.00000  93.1%  49.8  965s
 331884 313586   17.06723   54  104  246.00000   17.00000  93.1%  49.8  970s
 333772 315408   17.00622   54  101  246.00000   17.00000  93.1%  49.9  976s
 335120 316660   22.00000   45   67  246.00000   17.00000  93.1%  49.9  980s
H335816 317032                     245.9999981   17.00000  93.1%  50.0  983s
 336180 317786   18.25000   44   63  246.00000   17.00000  93.1%  50.0  985s
 337630 319096   17.00000   54   66  246.00000   17.00000  93.1%  50.0  990s
 339511 320808   17.49342   59  108  246.00000   17.00000  93.1%  50.0  996s
 340953 322093  137.00000   53   70  246.00000   17.00000  93.1%  50.0 1000s
 342236 323424   59.00000   53   63  246.00000   17.00000  93.1%  50.0 1005s
 344137 325144   17.00000   54   73  246.00000   17.00000  93.1%  50.1 1011s
 345468 326437   46.58333   39   83  246.00000   17.00000  93.1%  50.1 1015s
 346896 327694   17.05376   48   95  246.00000   17.00000  93.1%  50.1 1020s
 348896 329583  110.81818   43   67  246.00000   17.00000  93.1%  50.2 1026s
 350157 330866   17.00000   53   84  246.00000   17.00000  93.1%  50.2 1030s
 351488 332066   17.08065   47   79  246.00000   17.00000  93.1%  50.3 1035s
 353505 334094   22.00824   45   64  246.00000   17.00000  93.1%  50.3 1041s
 354864 335267   59.11765   54   79  246.00000   17.00000  93.1%  50.3 1046s
 356114 336397   17.40385   43   94  246.00000   17.00000  93.1%  50.4 1050s
 357317 337758   17.14000   50   75  246.00000   17.00000  93.1%  50.4 1055s
 359372 339618   17.00000   41   54  246.00000   17.00000  93.1%  50.5 1061s
 360619 340866   17.01910   52   99  246.00000   17.00000  93.1%  50.6 1066s
 362025 342067   20.91277   47  107  246.00000   17.00000  93.1%  50.6 1071s
 363199 343211   29.00000   51   81  246.00000   17.00000  93.1%  50.7 1075s
 365084 345027  159.00000   57   55  246.00000   17.00000  93.1%  50.7 1082s
 366407 346251   77.00000   44   66  246.00000   17.00000  93.1%  50.8 1086s
 367688 347250  171.00000   68   70  246.00000   17.00000  93.1%  50.8 1090s
 369159 348739   27.05085   65   86  246.00000   17.00000  93.1%  50.9 1097s
 370427 349929   62.00000   61   64  246.00000   17.00000  93.1%  51.0 1101s
 371690 351059   17.00000   43   86  246.00000   17.00000  93.1%  51.0 1105s
 372918 352288   17.04196   66   90  246.00000   17.00000  93.1%  51.1 1110s
 374987 354325   17.40000   43  100  246.00000   17.00000  93.1%  51.1 1116s
 376463 356102   82.87500   44   62  246.00000   17.00000  93.1%  51.1 1121s
 378410 357490   86.00000   41   79  246.00000   17.00000  93.1%  51.1 1125s
 379724 358769   17.00000   50   91  246.00000   17.00000  93.1%  51.2 1130s
 381833 360603   17.00000   42   91  246.00000   17.00000  93.1%  51.2 1136s
 383213 362095   17.22222   42   93  246.00000   17.00000  93.1%  51.2 1141s
 384804 363400   77.00000   42   43  246.00000   17.00000  93.1%  51.2 1145s
 386099 364730   17.58333   57  110  246.00000   17.00000  93.1%  51.3 1150s
 387704 366276   17.51563   48   89  246.00000   17.00000  93.1%  51.3 1155s
 389990 368250   17.00000   58   64  246.00000   17.00000  93.1%  51.3 1162s
 390821 368770   53.09701   54   84  246.00000   17.00000  93.1%  51.3 1166s
 391784 369935   77.00000   55   42  246.00000   17.00000  93.1%  51.4 1170s
 393184 371204   53.36111   52   74  246.00000   17.00000  93.1%  51.4 1175s
 395034 373022   22.00000   50   92  246.00000   17.00000  93.1%  51.5 1182s
 396354 374292   22.00000   49   50  246.00000   17.00000  93.1%  51.5 1186s
 397683 375539   23.87500   56   96  246.00000   17.00000  93.1%  51.5 1190s
 399363 377057   18.43750   54   62  246.00000   17.00000  93.1%  51.5 1195s
 400629 378284   33.08036   49   88  246.00000   17.00000  93.1%  51.6 1200s
 402613 380327   17.00000   45   76  246.00000   17.00000  93.1%  51.7 1206s
 404059 381573   17.33333   62   76  246.00000   17.00000  93.1%  51.7 1211s
 405296 382764   27.22222   50   61  246.00000   17.00000  93.1%  51.7 1215s
 406780 384275   17.61735   50   91  246.00000   17.00000  93.1%  51.8 1220s
 408994 386084   22.00000   47   76  246.00000   17.00000  93.1%  51.8 1227s
 410247 387236   22.00000   61   77  246.00000   17.00000  93.1%  51.8 1231s
 411502 388778   17.07143   54   77  246.00000   17.00000  93.1%  51.9 1236s
 413121 389966   17.07143   56   92  246.00000   17.00000  93.1%  51.9 1240s
 414067 390807   62.00000   58   70  246.00000   17.00000  93.1%  52.0 1245s
 415854 392685   18.01485   57   91  246.00000   17.00000  93.1%  52.0 1252s
 417270 393861   17.00000   56   71  246.00000   17.00000  93.1%  52.1 1256s
 418513 394944   17.84943   60  145  246.00000   17.00000  93.1%  52.1 1261s
 419671 396116   17.09483   59  113  246.00000   17.00000  93.1%  52.2 1266s
 420986 397446   17.00119   53   82  246.00000   17.00000  93.1%  52.3 1270s
 422954 399208   17.10667   43  124  246.00000   17.00000  93.1%  52.3 1277s
 424345 400447   17.13333   48  101  246.00000   17.00000  93.1%  52.3 1281s
 425698 401678   18.38080   49   91  246.00000   17.00000  93.1%  52.4 1286s
 426906 402999   17.00000   47   79  246.00000   17.00000  93.1%  52.4 1290s
 428291 404278   17.00000   38   83  246.00000   17.00000  93.1%  52.4 1295s
 429519 405380  186.00000   39   55  246.00000   17.00000  93.1%  52.5 1300s
 430692 406430  161.00000   53   93  246.00000   17.00000  93.1%  52.5 1305s
 432616 408177   81.00000   46   76  246.00000   17.00000  93.1%  52.6 1312s
 433724 409274   49.00000   40   70  246.00000   17.00000  93.1%  52.7 1316s
 434874 410303   38.66667   42   80  246.00000   17.00000  93.1%  52.8 1321s
 435956 411345   29.21667   46   83  246.00000   17.00000  93.1%  52.8 1325s
 436986 412371   17.04959   40   80  246.00000   17.00000  93.1%  52.9 1330s
 438226 413666   17.00072   42  108  246.00000   17.00000  93.1%  53.0 1335s
 439766 415020   17.06081   40   96  246.00000   17.00030  93.1%  53.0 1340s
 441914 417063   17.00106   54   83  246.00000   17.00106  93.1%  53.0 1347s
 443259 418359   17.00199   56  120  246.00000   17.00143  93.1%  53.0 1352s
 444764 419813   69.67568   51   79  246.00000   17.00195  93.1%  53.0 1356s
 446188 420990   17.02707   50   89  246.00000   17.00236  93.1%  53.0 1361s
 447715 422470   17.10184   53   80  246.00000   17.00285  93.1%  53.0 1366s
 449158 423769   36.00000   48   85  246.00000   17.00330  93.1%  53.1 1370s
 451028 425458   21.05471   50   68  246.00000   17.00399  93.1%  53.0 1375s
 452464 426700   17.27486   47   98  246.00000   17.00472  93.1%  53.1 1380s
 453859 427995   17.12678   53  100  246.00000   17.00551  93.1%  53.1 1385s
 456311 430390   17.08115   54   93  246.00000   17.00614  93.1%  53.1 1392s
 457881 431691   17.00793   50   85  246.00000   17.00654  93.1%  53.1 1396s
 459380 432973   17.00967   48   92  246.00000   17.00741  93.1%  53.1 1401s
 460737 434272   17.83202   47  106  246.00000   17.00781  93.1%  53.1 1406s
 462151 435714   17.11111   53   80  246.00000   17.00865  93.1%  53.1 1411s
 463678 436975   17.08115   48   91  246.00000   17.00919  93.1%  53.1 1415s
 465023 438192   17.42857   49  100  246.00000   17.00985  93.1%  53.2 1420s
 466415 439842   49.01060   39   86  246.00000   17.01060  93.1%  53.2 1425s
 468115 441013   17.14286   59   86  246.00000   17.01101  93.1%  53.2 1430s
 469568 442370   17.08065   47   98  246.00000   17.01154  93.1%  53.2 1435s
 471784 444332   22.06009   54   94  246.00000   17.01247  93.1%  53.2 1442s
 473208 445540   17.11111   50  108  246.00000   17.01318  93.1%  53.2 1446s
 474874 446963   17.36765   64   93  246.00000   17.01362  93.1%  53.2 1452s
 476295 448533   17.10000   47   85  246.00000   17.01474  93.1%  53.2 1456s
 477792 449739   17.08115   48   91  246.00000   17.01530  93.1%  53.3 1461s
 479563 451446   18.13889   56   63  246.00000   17.01644  93.1%  53.2 1466s
 481071 452659   17.11111   54  101  246.00000   17.01646  93.1%  53.2 1470s
 482411 454154   17.83723   49  112  246.00000   17.01746  93.1%  53.3 1475s
 484205 455560   18.00000   46   81  246.00000   17.01810  93.1%  53.3 1480s
 485459 456626   33.47436   43   92  246.00000   17.01829  93.1%  53.3 1485s
 486789 458145   17.01940   51   87  246.00000   17.01940  93.1%  53.3 1490s
 488434 459373   17.03093   48   91  246.00000   17.01983  93.1%  53.3 1495s
 490721 461470   17.26819   51   78  246.00000   17.02154  93.1%  53.4 1502s
 492103 462741   19.60000   55  109  246.00000   17.02222  93.1%  53.4 1506s
 493475 463893   17.13333   50   79  246.00000   17.02296  93.1%  53.4 1511s
 494759 465378   17.98731   48  107  246.00000   17.02381  93.1%  53.4 1516s
 496471 466430   74.78958   43  118  246.00000   17.02442  93.1%  53.4 1521s
 497765 467734   20.93290   54   78  246.00000   17.02507  93.1%  53.4 1526s
 499125 469043   17.02616   41   92  246.00000   17.02616  93.1%  53.5 1530s
 500385 470193   27.06000   50   86  246.00000   17.02701  93.1%  53.5 1535s
 502250 471954   17.02814   40  112  246.00000   17.02814  93.1%  53.5 1540s
 503669 473547   49.03147   53  114  246.00000   17.02857  93.1%  53.5 1545s
 505563 474806   17.13185   54   96  246.00000   17.03008  93.1%  53.5 1550s
 506776 476054   17.21669   59   84  246.00000   17.03283  93.1%  53.5 1555s
 509012 477895   17.54485   50  117  246.00000   17.03333  93.1%  53.5 1562s
 510156 479062   17.03333   43   96  246.00000   17.03333  93.1%  53.6 1567s
 511433 480110   17.08160   54  101  246.00000   17.03333  93.1%  53.6 1571s
 512534 481340   37.89583   48  111  246.00000   17.03333  93.1%  53.6 1576s
 514408 482493   70.00000   59   71  246.00000   17.03419  93.1%  53.6 1581s
 515301 483690   17.29167   62   96  246.00000   17.03469  93.1%  53.6 1585s
 516567 484840   17.07059   58   95  246.00000   17.03557  93.1%  53.7 1590s
 517757 485957   17.03804   60  107  246.00000   17.03765  93.1%  53.7 1595s
 519729 487649   49.03851   58   92  246.00000   17.03851  93.1%  53.7 1600s
 521196 488952   17.25125   53  101  246.00000   17.03922  93.1%  53.7 1605s
 523591 490590   24.80000   61   77  246.00000   17.04230  93.1%  53.7 1610s
 525028 492276   77.13141   55  123  246.00000   17.04459  93.1%  53.7 1617s
 526163 493448   17.04628   46  115  246.00000   17.04628  93.1%  53.8 1622s
 527641 494637   18.29276   48  112  246.00000   17.04912  93.1%  53.8 1626s
 528919 495860   17.21339   61  108  246.00000   17.04959  93.1%  53.8 1631s
 530220 497034   17.11058   55  145  246.00000   17.04959  93.1%  53.9 1636s
 531495 498250   49.04959   60   97  246.00000   17.04971  93.1%  53.9 1641s
 532768 499341   17.05041   49  136  246.00000   17.05041  93.1%  53.9 1646s
 533975 500491   17.26416   49  106  246.00000   17.05220  93.1%  54.0 1651s
 535394 501845   17.40330   47  100  246.00000   17.05444  93.1%  54.0 1656s
 537315 503300   17.51563   55  122  246.00000   17.05692  93.1%  53.9 1661s
 538407 504341   17.29167   37   86  246.00000   17.05820  93.1%  54.0 1666s
 539597 505506 infeasible   56       246.00000   17.06154  93.1%  54.0 1671s
 540944 507075   19.56626   61   90  246.00000   17.06262  93.1%  54.0 1676s
 542713 508240   49.00000   52   70  246.00000   17.06667  93.1%  54.0 1681s
 543832 509260   18.30673   43  103  246.00000   17.06848  93.1%  54.1 1686s
 545208 510380   41.00000   46   75  246.00000   17.06878  93.1%  54.1 1691s
 546373 511478   17.23529   46   83  246.00000   17.07059  93.1%  54.1 1695s
 547599 512912   17.07143   57   75  246.00000   17.07143  93.1%  54.2 1700s
 549160 513899   49.10143   50  110  246.00000   17.07143  93.1%  54.2 1705s
 550766 515415   24.07118   49   98  246.00000   17.07199  93.1%  54.2 1710s
 552010 516649   17.11111   44   92  246.00000   17.07407  93.1%  54.3 1715s
 553822 518068   21.00000   49   66  246.00000   17.07575  93.1%  54.3 1720s
 555062 519239   20.07778   49   97  246.00000   17.07778  93.1%  54.3 1725s
 556275 520337   29.28571   56   88  246.00000   17.07938  93.1%  54.3 1730s
 557536 521464   17.81818   50   72  246.00000   17.08000  93.1%  54.3 1735s
 559460 523309   48.04048   38  137  246.00000   17.08143  93.1%  54.4 1742s
 560162 524247   17.51836   53   93  246.00000   17.08219  93.1%  54.4 1745s
 561820 525398   22.54065   56   83  246.00000   17.08362  93.1%  54.4 1750s
 563070 526605   19.50000   53  103  246.00000   17.08664  93.1%  54.4 1755s
 565172 528425   17.18653   48   66  246.00000   17.08955  93.1%  54.5 1762s
 565821 528960   17.11111   50  108  246.00000   17.08955  93.1%  54.5 1765s
 567090 530190   17.19737   60   97  246.00000   17.09218  93.1%  54.5 1770s
 568372 531321   17.09326   48   85  246.00000   17.09326  93.1%  54.5 1775s
 570175 532853   22.36489   45  105  246.00000   17.09524  93.1%  54.5 1780s
 571511 534029   17.15000   52   85  246.00000   17.09756  93.0%  54.5 1785s
 572790 535233   41.00000   46   92  246.00000   17.09942  93.0%  54.6 1790s
 574270 536488   27.00000   55   43  246.00000   17.10000  93.0%  54.6 1795s
 575653 537761   36.00000   45   72  246.00000   17.10000  93.0%  54.6 1800s
 577037 538940   17.16495   54   81  246.00000   17.10000  93.0%  54.6 1805s
 578375 540185   17.10000   62   79  246.00000   17.10000  93.0%  54.6 1810s
 579654 541279   17.10000   54   70  246.00000   17.10000  93.0%  54.6 1815s
 581025 542558   27.00000   64   59  246.00000   17.10000  93.0%  54.7 1820s
 582334 543658     cutoff   52       246.00000   17.10000  93.0%  54.7 1825s
 583572 544800   17.59627   53   82  246.00000   17.10000  93.0%  54.7 1830s
 584859 545935   34.33333   47   89  246.00000   17.10000  93.0%  54.8 1835s
 586225 547093   17.10000   57   80  246.00000   17.10000  93.0%  54.8 1840s
 587479 548338   17.11523   59  108  246.00000   17.10084  93.0%  54.8 1845s
 588860 549442   17.16243   45  107  246.00000   17.10315  93.0%  54.8 1850s
 590114 550641   17.41329   52   65  246.00000   17.10526  93.0%  54.8 1855s
 591034 551451   94.08955   53   87  246.00000   17.10714  93.0%  54.9 1860s
 592402 552728  194.00000   57   66  246.00000   17.10909  93.0%  54.9 1865s
 593935 554178   17.19636   52  116  246.00000   17.11111  93.0%  54.9 1870s
 595333 555537   17.11111   47  107  246.00000   17.11111  93.0%  54.9 1875s
 596869 556922   17.22222   55   82  246.00000   17.11111  93.0%  54.9 1880s
 598285 558204   17.87500   51   93  246.00000   17.11111  93.0%  54.9 1885s
 599653 559384   17.25000   52   85  246.00000   17.11111  93.0%  54.9 1890s
 601093 560852   17.88889   54  109  246.00000   17.11111  93.0%  54.9 1896s
 602664 562052  143.00000   57   68  246.00000   17.11111  93.0%  54.9 1901s
 604106 563262   62.01670   53   80  246.00000   17.11111  93.0%  55.0 1906s
 605416 564506   17.87500   53   66  246.00000   17.11111  93.0%  55.0 1911s
 606772 565744   29.00000   52   87  246.00000   17.11111  93.0%  55.0 1916s
 608179 566929   19.82569   53   92  246.00000   17.11111  93.0%  55.0 1921s
 609468 568143   29.00000   51   78  246.00000   17.11111  93.0%  55.0 1926s
 610732 569277   17.23519   42   85  246.00000   17.11111  93.0%  55.1 1931s
 612123 570388   26.33029   49   78  246.00000   17.11111  93.0%  55.1 1936s
 613301 571592  142.00000   46   69  246.00000   17.11111  93.0%  55.1 1941s
 614717 572974   17.12500   56   86  246.00000   17.11111  93.0%  55.1 1946s
 616183 574141   18.66667   60   75  246.00000   17.11111  93.0%  55.1 1951s
 617456 575381   17.11111   53   84  246.00000   17.11111  93.0%  55.1 1956s
 618998 576756   22.67778   61   78  246.00000   17.11111  93.0%  55.1 1961s
 620331 577964   17.11111   52   87  246.00000   17.11111  93.0%  55.1 1966s
 621716 579164   17.22222   54   83  246.00000   17.11111  93.0%  55.2 1971s
 623184 580498  134.11111   56   61  246.00000   17.11111  93.0%  55.2 1976s
 624488 581599   17.11111   65  101  246.00000   17.11111  93.0%  55.2 1981s
 625715 582829   17.24658   55   71  246.00000   17.11111  93.0%  55.2 1986s
 627142 584164   17.11111   50   89  246.00000   17.11111  93.0%  55.2 1991s
 628586 585430   26.01748   52   85  246.00000   17.11111  93.0%  55.2 1996s
 629918 586539   17.21429   58   77  246.00000   17.11111  93.0%  55.2 2001s
 631272 587765   17.11111   59   80  246.00000   17.11111  93.0%  55.3 2006s
 632614 589016   17.11111   55   84  246.00000   17.11111  93.0%  55.3 2011s
 633992 590161   71.00000   57   48  246.00000   17.11111  93.0%  55.3 2017s
 635465 591488   17.24658   68   90  246.00000   17.11111  93.0%  55.3 2022s
 636814 592730   18.09958   57   94  246.00000   17.11111  93.0%  55.3 2027s
 638218 593896   18.28333   53   99  246.00000   17.11111  93.0%  55.3 2032s
 639491 595139   17.12197   49   86  246.00000   17.11111  93.0%  55.4 2037s
 640825 596179   19.11111   54   80  246.00000   17.11111  93.0%  55.4 2042s
 641394 596727   18.38958   62   89  246.00000   17.11111  93.0%  55.4 2045s
 642593 597829  159.42857   51   82  246.00000   17.11111  93.0%  55.4 2050s
 643760 598799   49.00000   63   67  246.00000   17.11111  93.0%  55.5 2055s
 644972 600004   17.11111   55   96  246.00000   17.11111  93.0%  55.5 2060s
 646461 601341   21.30128   54   89  246.00000   17.11111  93.0%  55.5 2065s
 647885 602624   17.24658   58   83  246.00000   17.11111  93.0%  55.5 2070s
 649306 603890   17.37011   58   89  246.00000   17.11111  93.0%  55.5 2075s
 650632 605076  138.00000   52   65  246.00000   17.11111  93.0%  55.5 2080s
 651989 606105   18.25000   56   82  246.00000   17.11111  93.0%  55.5 2085s
 653173 607264   22.00000   44   74  246.00000   17.11111  93.0%  55.6 2091s
 654446 608469   17.11111   48   69  246.00000   17.11111  93.0%  55.6 2096s
 655500 609376   17.24658   51   66  246.00000   17.11111  93.0%  55.6 2101s
 656833 610604     cutoff   49       246.00000   17.11111  93.0%  55.6 2106s
 658214 611766   19.37500   56   85  246.00000   17.11111  93.0%  55.6 2111s
 659482 612988   17.11111   56   63  246.00000   17.11111  93.0%  55.7 2116s
 660859 614120  111.09091   56   74  246.00000   17.11494  93.0%  55.7 2121s
 662102 615337   17.42857   56   94  246.00000   17.11688  93.0%  55.7 2126s
 663468 616405   19.17857   51   99  246.00000   17.11765  93.0%  55.7 2132s
 664581 617578   59.12414   55   73  246.00000   17.11765  93.0%  55.8 2137s
 665908 618638   66.00000   57   77  246.00000   17.11765  93.0%  55.8 2142s
 667104 619842   18.21993   52  112  246.00000   17.11840  93.0%  55.8 2147s
 667749 620429   49.12075   57  103  246.00000   17.12081  93.0%  55.8 2150s
 668925 621456   52.08719   41  112  246.00000   17.12222  93.0%  55.8 2155s
 670209 622704   66.29770   63   90  246.00000   17.12414  93.0%  55.8 2160s

Cutting planes:
  Learned: 313
  Gomory: 615
  Lift-and-project: 602
  Cover: 20
  Implied bound: 28
  Projected implied bound: 40
  MIR: 1373
  Mixing: 137
  StrongCG: 877
  Flow cover: 6743
  Inf proof: 305
  Zero half: 3848
  RLT: 1865
  Relax-and-lift: 1888

Explored 670869 nodes (37486448 simplex iterations) in 2160.03 seconds (3370.37 work units)
Thread count was 16 (of 16 available processors)

Solution count 10: 246 246 246 ... 297

Time limit reached
Best objective 2.459999980604e+02, best bound 1.712413793103e+01, gap 93.0390%

User-callback calls 1757251, time in user-callback 6.81 sec
Set parameter TimeLimit to value 1080
Gurobi Optimizer version 12.0.3 build v12.0.3rc0 (linux64 - "Ubuntu 22.04.5 LTS")

CPU model: Intel(R) Xeon(R) W-2145 CPU @ 3.70GHz, instruction set [SSE2|AVX|AVX2|AVX512]
Thread count: 8 physical cores, 16 logical processors, using up to 16 threads

Non-default parameters:
TimeLimit  1080
Heuristics  0.1
MIPFocus  3
Presolve  2
ImproveStartGap  0.5

Optimize a model with 19730 rows, 4139 columns and 95659 nonzeros
Model fingerprint: 0x56dd58a1
Model has 10 quadratic constraints
Variable types: 10 continuous, 4129 integer (4002 binary)
Coefficient statistics:
  Matrix range     [1e+00, 3e+02]
  QMatrix range    [1e+00, 1e+00]
  QLMatrix range   [1e+00, 1e+00]
  Objective range  [5e-01, 5e-01]
  Bounds range     [1e+00, 1e+00]
  RHS range        [1e+00, 9e+02]

MIP start from previous solve produced solution with objective 119 (0.01s)
Loaded MIP start from previous solve with objective 119

Presolve removed 6500 rows and 1430 columns
Presolve time: 0.37s
Presolved: 13230 rows, 2709 columns, 89499 nonzeros
Presolved model has 10 quadratic constraint(s)
Found heuristic solution: objective 17.0000000
Variable types: 10 continuous, 2699 integer (2637 binary)

Resetting heuristic parameters to focus on improving solution
(using Heuristics=0.5 and RINS=10)...

Root relaxation presolve removed 137 rows and 69 columns
Root relaxation presolved: 13093 rows, 2640 columns, 88846 nonzeros


Root relaxation: objective 1.100000e+01, 398 iterations, 0.07 seconds (0.12 work units)

    Nodes    |    Current Node    |     Objective Bounds      |     Work
 Expl Unexpl |  Obj  Depth IntInf | Incumbent    BestBd   Gap | It/Node Time

     0     0   11.00000    0    4   17.00000   11.00000  35.3%     -    0s
H    0     0                      16.0000000   11.00000  31.2%     -    0s
     0     0   11.00000    0    4   16.00000   11.00000  31.2%     -    1s
     0     2   11.00000    0    4   16.00000   11.00000  31.2%     -    2s
H   23    97                      15.0000000   11.00000  26.7%  63.6    3s
   236   443   11.00000   21   41   15.00000   11.00000  26.7%  55.9    5s
  1483  1408   11.00000   12    4   15.00000   11.00000  26.7%  40.8   10s
  1486  1410   12.08889   50   45   15.00000   11.00000  26.7%  40.7   15s
  1488  1411   11.00000   35   41   15.00000   11.00000  26.7%  40.6   20s
  1490  1413   11.00000   14   42   15.00000   11.00000  26.7%  40.6   27s
  1491  1413   11.00000   35   68   15.00000   11.00000  26.7%  40.6   30s
  1493  1415   12.00000   39   55   15.00000   11.00000  26.7%  40.5   37s
  1494  1415   11.05000   58   28   15.00000   11.00000  26.7%  40.5   41s
  1495  1416   11.00000   30   58   15.00000   11.00000  26.7%  40.5   46s
  1496  1417   11.00000   28   44   15.00000   11.00000  26.7%  40.4   50s
  1498  1418   12.00000   64   37   15.00000   11.00000  26.7%  40.4   58s
  1499  1419   11.00000   58   38   15.00000   11.00000  26.7%  40.4   61s
  1501  1420   11.00000   24   35   15.00000   11.00000  26.7%  40.3   66s
  1503  1421   11.19288   38   55   15.00000   11.00000  26.7%  40.2   72s
  1504  1422   11.00000   33   32   15.00000   11.00000  26.7%  40.2   75s
  1507  1424   12.15994   43   27   15.00000   11.00000  26.7%  40.1   81s
  1679  1775   11.00000   20   57   15.00000   11.00000  26.7%  46.2   85s
  2266  2250   11.00703   32   66   15.00000   11.00000  26.7%  44.1   90s
  3145  2852 infeasible   49        15.00000   11.00000  26.7%  47.9   96s
  3604  3129   11.00000   55   64   15.00000   11.00000  26.7%  48.4  100s
  4621  3805   11.00000   65   35   15.00000   11.00000  26.7%  45.9  107s
  5117  4051   11.00000   52   46   15.00000   11.00000  26.7%  44.7  111s
  6032  4769   11.00000   52   42   15.00000   11.00000  26.7%  44.1  117s
  6537  5216   11.00000   18   97   15.00000   11.00000  26.7%  43.6  121s
  7505  6151   11.10140   29   84   15.00000   11.00000  26.7%  42.8  127s
  7951  6545   11.08182   79   30   15.00000   11.00000  26.7%  42.4  131s
  8783  7392   11.07361   80   61   15.00000   11.00000  26.7%  42.6  137s
  9234  7825   11.11750   82   57   15.00000   11.00000  26.7%  42.3  140s
 10106  8613   11.00000   62   25   15.00000   11.00000  26.7%  41.8  147s
 10515  9087   11.00102   67   47   15.00000   11.00000  26.7%  41.4  150s
 11485  9924   11.00568   78   37   15.00000   11.00000  26.7%  40.9  156s
 11921 10321   11.04167   75   37   15.00000   11.00000  26.7%  40.9  160s
 12789 11235   11.00000   73   25   15.00000   11.00000  26.7%  40.7  166s
 13298 11715   12.00000   80   26   15.00000   11.00000  26.7%  40.8  170s
 14365 12739   11.00000   71   16   15.00000   11.00000  26.7%  40.7  178s
 14908 13285   12.00000   76   25   15.00000   11.00000  26.7%  40.8  182s
 15494 13798   11.00000   49   41   15.00000   11.00000  26.7%  40.8  187s
 16077 14323   12.00000   87   27   15.00000   11.00000  26.7%  40.9  191s
 16679 14946   11.00000   89   33   15.00000   11.00000  26.7%  41.1  196s
 17356 15571   11.00000   78   20   15.00000   11.00000  26.7%  41.0  201s
 18035 16141   11.11162   86   55   15.00000   11.00000  26.7%  41.1  206s
 18651 16793   11.00000   71   46   15.00000   11.00000  26.7%  41.1  211s
 19345 17561   11.00000   69   24   15.00000   11.00000  26.7%  41.0  217s
 20145 18287   11.00000   69   25   15.00000   11.00000  26.7%  40.9  223s
 20925 19110   12.02941   76   37   15.00000   11.00000  26.7%  40.9  229s
 21793 19874   11.03418   81   23   15.00000   11.00000  26.7%  40.7  235s
 22609 20682   11.00000   88   26   15.00000   11.00000  26.7%  40.7  241s
 23489 21467   11.00000   87   18   15.00000   11.00000  26.7%  40.8  247s
 24350 22202   11.00000   84   13   15.00000   11.00000  26.7%  40.7  254s
 25152 23032   12.00000   86   31   15.00000   11.00000  26.7%  40.7  260s
 26041 23826   12.45031   91   64   15.00000   11.00000  26.7%  40.7  266s
 26889 24495   11.02917   93   19   15.00000   11.00000  26.7%  40.6  272s
 27622 25287   11.00832   85   41   15.00000   11.00000  26.7%  40.7  278s
 28480 26022 infeasible   82        15.00000   11.00000  26.7%  40.8  284s
 29263 26714   11.00000   79   25   15.00000   11.00000  26.7%  40.9  291s
 30009 27461   12.00000   85   47   15.00000   11.00000  26.7%  41.2  297s
 30806 28237 infeasible   75        15.00000   11.00000  26.7%  41.3  303s
 31635 28973   11.10630   79   66   15.00000   11.00000  26.7%  41.3  309s
 32407 29712   11.04762   78   26   15.00000   11.00000  26.7%  41.4  315s
 33186 30446   11.08342   89   64   15.00000   11.00000  26.7%  41.6  322s
 33990 31181   11.01333   89   63   15.00000   11.00000  26.7%  41.7  328s
 34779 31942   11.00000   64   27   15.00000   11.00000  26.7%  41.9  334s
 35598 32635   13.21237   70   36   15.00000   11.00000  26.7%  41.9  340s
 36345 33325   12.00000   70   35   15.00000   11.00000  26.7%  41.9  347s
 37084 34072   11.05661   86   41   15.00000   11.00000  26.7%  42.0  353s
 37891 34761   11.00000   76   28   15.00000   11.00000  26.7%  42.1  359s
 38630 35481   11.04439   88   37   15.00000   11.00000  26.7%  42.2  365s
 39397 36225   11.00000   81   24   15.00000   11.00000  26.7%  42.3  371s
 40201 36913   11.00000   62   31   15.00000   11.00000  26.7%  42.4  378s
 40935 37670 infeasible   88        15.00000   11.00000  26.7%  42.4  384s
 41767 38431   11.00000   88   20   15.00000   11.00000  26.7%  42.3  391s
 42613 39176   12.00000   85   23   15.00000   11.00000  26.7%  42.3  397s
 43448 39914   11.00000   62   45   15.00000   11.00000  26.7%  42.3  403s
 44264 40610   11.00000   75   24   15.00000   11.00000  26.7%  42.2  410s
 45004 41354   11.03571   94   31   15.00000   11.00000  26.7%  42.2  417s
 45828 42104   11.00000   88   20   15.00000   11.00000  26.7%  42.2  423s
 46660 42836   11.00000   75   40   15.00000   11.00000  26.7%  42.2  429s
 47448 43576   11.19298   82   35   15.00000   11.00000  26.7%  42.1  436s
 48262 44324   11.00000   92   38   15.00000   11.00000  26.7%  42.1  442s
 49070 44957   11.00000   73   30   15.00000   11.00000  26.7%  42.2  448s
 49763 45660   11.00531   79   51   15.00000   11.00000  26.7%  42.3  455s
 50530 46405   11.00000   99   20   15.00000   11.00000  26.7%  42.3  461s
 51319 47205   11.00000   94   20   15.00000   11.00000  26.7%  42.4  468s
 52143 47949   12.00000   91   36   15.00000   11.00000  26.7%  42.4  474s
 52922 48601   11.10618   79   33   15.00000   11.00000  26.7%  42.5  481s
 53632 49342   11.00000   81   23   15.00000   11.00000  26.7%  42.6  487s
 54434 50054   11.16667   85   19   15.00000   11.00000  26.7%  42.7  494s
 55233 50755   11.00000   77   18   15.00000   11.00000  26.7%  42.8  500s
 56012 51453   11.02632   81   50   15.00000   11.00000  26.7%  42.9  507s
 56780 52157   11.00000   83   18   15.00000   11.00000  26.7%  43.1  513s
 57556 52851   12.00000   88   18   15.00000   11.00000  26.7%  43.2  519s
 58330 53444   11.08052   83   36   15.00000   11.00000  26.7%  43.3  526s
 58979 54162   11.00000   65   26   15.00000   11.00000  26.7%  43.3  533s
 59749 54871   12.00000   93   53   15.00000   11.00000  26.7%  43.4  539s
 60526 55571   11.30263   88   66   15.00000   11.00000  26.7%  43.4  546s
 61326 56241   12.00000   76   33   15.00000   11.00000  26.7%  43.4  553s
 62076 56907   12.00000   85   24   15.00000   11.00000  26.7%  43.5  559s
 62816 57571   11.00000   85   17   15.00000   11.00000  26.7%  43.5  566s
 63562 58221   11.01873   89   49   15.00000   11.00000  26.7%  43.6  572s
 64298 58932   11.06667   72   37   15.00000   11.00000  26.7%  43.7  578s
 65077 59594   13.26322   88   45   15.00000   11.00000  26.7%  43.7  585s
 65796 60282   11.00000   68   25   15.00000   11.00000  26.7%  43.7  592s
 66567 60944   11.00000   75   39   15.00000   11.00000  26.7%  43.7  599s
 67305 61683   12.00000   86   40   15.00000   11.00000  26.7%  43.8  605s
 68092 62378   12.01869   70   54   15.00000   11.00000  26.7%  43.8  612s
 68837 63072   11.00000   65   31   15.00000   11.00000  26.7%  43.7  619s
 69578 63770   11.00000   61   33   15.00000   11.00000  26.7%  43.7  625s
 70315 64384   11.01155   78   46   15.00000   11.00000  26.7%  43.8  632s
 71029 65059   11.00344   57   47   15.00000   11.00000  26.7%  43.8  639s
 71778 65707   11.00000   79   27   15.00000   11.00000  26.7%  43.9  646s
 72464 66405   12.00000   94   39   15.00000   11.00000  26.7%  43.9  652s
 73234 67098   11.00000   52   50   15.00000   11.00000  26.7%  43.9  659s
 73993 67761   11.00000   80   26   15.00000   11.00000  26.7%  44.0  666s
 74730 68427   11.00000   82   37   15.00000   11.00000  26.7%  44.0  672s
 75439 69027   11.00000   50   43   15.00000   11.00000  26.7%  44.2  679s
 76061 69698   12.00000   90   26   15.00000   11.00000  26.7%  44.2  686s
 76762 70352   12.00000   77   32   15.00000   11.00000  26.7%  44.2  693s
 77446 71056   12.00000   82   27   15.00000   11.00000  26.7%  44.3  700s
 78174 71731   12.00000   59   24   15.00000   11.00000  26.7%  44.3  707s
 78873 72389   11.00000   73   36   15.00000   11.00000  26.7%  44.3  713s
 79575 73002   11.00000   51   37   15.00000   11.00000  26.7%  44.3  720s
 80230 73663   11.00000   81   21   15.00000   11.00000  26.7%  44.4  727s
 80924 74361   11.08592   53   63   15.00000   11.00000  26.7%  44.4  734s
 81666 75010   11.44444   78   40   15.00000   11.00000  26.7%  44.5  741s
 82383 75688   11.04066   66   31   15.00000   11.00000  26.7%  44.5  748s
 83099 76290   12.03654   57   44   15.00000   11.00000  26.7%  44.6  755s
 83754 76908   13.23626   62   58   15.00000   11.00000  26.7%  44.7  762s
 84436 77540   12.00000   55   61   15.00000   11.00000  26.7%  44.8  769s
 85132 78149   11.00000   82   26   15.00000   11.00000  26.7%  44.8  775s
 85787 78752   12.20341   68   48   15.00000   11.00000  26.7%  44.9  782s
 86442 79299   11.00000   77   57   15.00000   11.00000  26.7%  45.0  789s
 87061 79893   11.32500   66   57   15.00000   11.00000  26.7%  45.1  796s
 87735 80559 infeasible   62        15.00000   11.00000  26.7%  45.1  803s
 88457 81174   12.00000   71   50   15.00000   11.00000  26.7%  45.2  811s
 89106 81779   11.00000   53   64   15.00000   11.00000  26.7%  45.2  818s
 89770 82392   12.00000   87   51   15.00000   11.00000  26.7%  45.3  824s
 90458 82973   11.00000   49   58   15.00000   11.00000  26.7%  45.4  832s
 91099 83590   12.00000   67   46   15.00000   11.00000  26.7%  45.4  839s
 91798 84211   11.03549   80   46   15.00000   11.00000  26.7%  45.5  846s
 92477 84836 infeasible   77        15.00000   11.00000  26.7%  45.5  853s
 93198 85359   12.00000   69   40   15.00000   11.00000  26.7%  45.5  861s
 93809 85931   11.04348   59   35   15.00000   11.00000  26.7%  45.6  868s
 94438 86649   11.09091   71   28   15.00000   11.00000  26.7%  45.7  876s
 95212 87234   11.07692   67   32   15.00000   11.00000  26.7%  45.6  884s
 95876 87857   12.00000   71   36   15.00000   11.00000  26.7%  45.7  891s
 96552 88431   12.03243   79   37   15.00000   11.00000  26.7%  45.7  899s
 97187 89099   12.03243   71   48   15.00000   11.00000  26.7%  45.8  906s
 97881 89724     cutoff   76        15.00000   11.00000  26.7%  45.8  914s
 97929 89724   11.00850   78   42   15.00000   11.00000  26.7%  45.8  915s
 98516 90433   11.00000   65   38   15.00000   11.00000  26.7%  45.8  922s
 99249 91115   11.00000   77   22   15.00000   11.00000  26.7%  45.8  930s
 99959 91699   11.05720   55   81   15.00000   11.00000  26.7%  45.8  937s
 100592 92249   11.08627   79   62   15.00000   11.00000  26.7%  45.9  945s
 101204 92848   11.00000   71   22   15.00000   11.00000  26.7%  46.0  952s
 101867 93434   11.08696   71   34   15.00000   11.00000  26.7%  46.1  960s
 102519 93977   12.00000   63   45   15.00000   11.00000  26.7%  46.1  968s
 103118 94550   12.00000   77   28   15.00000   11.00000  26.7%  46.2  976s
 103755 95143   12.00000   76   35   15.00000   11.00000  26.7%  46.3  984s
 104382 95742   11.00000   32   55   15.00000   11.00000  26.7%  46.3  992s
 105031 96413   11.04500   78   42   15.00000   11.00000  26.7%  46.4  999s
 105272 96413   11.02556   75   30   15.00000   11.00000  26.7%  46.4 1000s
 105718 96995   11.00000   60   40   15.00000   11.00000  26.7%  46.4 1008s
 106326 97616   11.00612   71   67   15.00000   11.00000  26.7%  46.4 1016s
 106977 98205   12.00000   62   54   15.00000   11.00000  26.7%  46.4 1024s
 107618 98796   11.00043   31   70   15.00000   11.00000  26.7%  46.5 1032s
 108257 99326   11.09504   60   49   15.00000   11.00000  26.7%  46.5 1040s
 108842 99885   11.00000   61   27   15.00000   11.00000  26.7%  46.6 1048s
 109441 100439   11.04762   70   38   15.00000   11.00000  26.7%  46.7 1056s
 110022 100963   12.00000   48   60   15.00000   11.00000  26.7%  46.8 1063s
 110600 101462   11.09756   53   66   15.00000   11.00000  26.7%  46.8 1070s
 111131 101983   11.00202   37   82   15.00000   11.00000  26.7%  47.0 1077s
 111676 102103   12.00000   44   57   15.00000   11.00000  26.7%  47.1 1080s

Cutting planes:
  Learned: 145
  Gomory: 457
  Lift-and-project: 222
  Cover: 27
  Implied bound: 5
  Projected implied bound: 20
  MIR: 1648
  Mixing: 155
  StrongCG: 1348
  Flow cover: 4118
  GUB cover: 2
  Inf proof: 101
  Zero half: 3485
  RLT: 644
  Relax-and-lift: 992

Explored 111815 nodes (5274315 simplex iterations) in 1080.10 seconds (1024.28 work units)
Thread count was 16 (of 16 available processors)

Solution count 7: 15 15 16 ... 119

Time limit reached
Best objective 1.500000000000e+01, best bound 1.100000000000e+01, gap 26.6667%

User-callback calls 342663, time in user-callback 1.57 sec
Set parameter TimeLimit to value 360
Gurobi Optimizer version 12.0.3 build v12.0.3rc0 (linux64 - "Ubuntu 22.04.5 LTS")

CPU model: Intel(R) Xeon(R) W-2145 CPU @ 3.70GHz, instruction set [SSE2|AVX|AVX2|AVX512]
Thread count: 8 physical cores, 16 logical processors, using up to 16 threads

Non-default parameters:
TimeLimit  360
Heuristics  0.1
MIPFocus  3
Presolve  2
ImproveStartGap  0.5

Optimize a model with 19732 rows, 4139 columns and 95907 nonzeros
Model fingerprint: 0x8e30ee41
Model has 10 quadratic constraints
Variable types: 10 continuous, 4129 integer (4002 binary)
Coefficient statistics:
  Matrix range     [5e-01, 3e+02]
  QMatrix range    [1e+00, 1e+00]
  QLMatrix range   [1e+00, 1e+00]
  Objective range  [1e+00, 1e+00]
  Bounds range     [1e+00, 1e+00]
  RHS range        [1e+00, 9e+02]

MIP start from previous solve produced solution with objective 36 (0.01s)
Loaded MIP start from previous solve with objective 36

Presolve removed 6457 rows and 1436 columns
Presolve time: 0.37s
Presolved: 13275 rows, 2703 columns, 89631 nonzeros
Presolved model has 10 quadratic constraint(s)
Variable types: 10 continuous, 2693 integer (2630 binary)

Resetting heuristic parameters to focus on improving solution
(using Heuristics=0.5 and RINS=10)...

Root relaxation presolve removed 3451 rows and 962 columns
Root relaxation presolved: 9824 rows, 1741 columns, 68850 nonzeros


Root relaxation: objective 2.700000e+01, 176 iterations, 0.06 seconds (0.07 work units)

    Nodes    |    Current Node    |     Objective Bounds      |     Work
 Expl Unexpl |  Obj  Depth IntInf | Incumbent    BestBd   Gap | It/Node Time

     0     0   27.00000    0   35   36.00000   27.00000  25.0%     -    0s
     0     0   27.00000    0   35   36.00000   27.00000  25.0%     -    1s
     0     2   27.00000    0   35   36.00000   27.00000  25.0%     -    1s
   248   493   27.00000   11   51   36.00000   27.00000  25.0%   102    5s
  1344  1231   27.00000   16   35   36.00000   27.00000  25.0%  59.3   10s
  1348  1234   28.00000   24   49   36.00000   27.00000  25.0%  59.1   17s
  1349  1234   28.00000   40   44   36.00000   28.00000  22.2%  59.1   24s
  1350  1235   28.00000   14   82   36.00000   28.00000  22.2%  59.0   27s
  1351  1236   28.00000    9   44   36.00000   28.00000  22.2%  59.0   31s
  1352  1236   28.00000    9   78   36.00000   28.00000  22.2%  58.9   35s
  1354  1238   28.00000   18   86   36.00000   28.00000  22.2%  58.9   41s
  1355  1238   29.00000   23   49   36.00000   28.00000  22.2%  58.8   46s
  1360  1243   28.00000   18   43   36.00000   28.00000  22.2%  63.8   52s
  1362  1245   29.00000   30  106   36.00000   28.00000  22.2%  63.8   57s
  1363  1245   32.00000   19   31   36.00000   28.00000  22.2%  63.7   61s
  1365  1247   28.00000    8   42   36.00000   28.00000  22.2%  63.6   65s
  1369  1249   28.00000   21   48   36.00000   28.00000  22.2%  63.4   70s
  1948  1788 infeasible   59        36.00000   28.00000  22.2%  60.7   75s
  3208  2806   28.00000   47   75   36.00000   28.00000  22.2%  55.0   81s
  4135  3306   29.00000   60   69   36.00000   28.00000  22.2%  53.0   85s
  5095  3719   29.00000   70   61   36.00000   28.00000  22.2%  52.1   90s
  6326  4831   29.00000   79   40   36.00000   28.00000  22.2%  52.3   96s
  7113  5569   29.00000   60   51   36.00000   28.00000  22.2%  52.5  101s
  7953  6302   28.00000   41  122   36.00000   28.00000  22.2%  51.9  105s
  9113  7316   30.00000   48   53   36.00000   28.00000  22.2%  51.8  111s
  9936  8021   34.00000   59   42   36.00000   28.00000  22.2%  51.7  116s
 10697  8677   34.00000   55   75   36.00000   28.00000  22.2%  52.3  120s
 11410  9378   29.00000   59   79   36.00000   28.00000  22.2%  52.3  125s
 12610 10461   30.00000   65   64   36.00000   28.00000  22.2%  52.4  131s
 13524 11292   28.00000   58   77   36.00000   28.00000  22.2%  52.0  137s
 14439 12202   29.00000   64   60   36.00000   28.00000  22.2%  52.3  142s
 14954 12728   28.00000   43   70   36.00000   28.00000  22.2%  52.4  145s
 16130 13715   29.00000   62   38   36.00000   28.00000  22.2%  52.1  152s
 16706 14287   29.00000   53   68   36.00000   28.00000  22.2%  51.8  156s
 17963 15342   31.00000   68   54   36.00000   28.00000  22.2%  51.8  163s
 18477 15940   29.00000   58   48   36.00000   28.00000  22.2%  52.0  167s
 19179 16467   29.00000   70   66   36.00000   28.00000  22.2%  51.8  170s
 19768 17077   28.00000   59   65   36.00000   28.00000  22.2%  51.8  175s
 21121 18263   31.00000   55   76   36.00000   28.00000  22.2%  52.1  184s
 21827 18815   29.00000   50   66   36.00000   28.00000  22.2%  52.3  188s
 22497 19525   29.00000   60   55   36.00000   28.00000  22.2%  52.6  192s
 23290 20184   28.03774   46  101   36.00000   28.00000  22.2%  52.6  197s
 24024 20825   29.00000   62   60   36.00000   28.00000  22.2%  52.6  201s
 24751 21490   29.00000   47   67   36.00000   28.00000  22.2%  52.7  206s
 25506 22161   32.00000   59   55   36.00000   28.00000  22.2%  52.9  211s
 26275 22883   29.00000   55   56   36.00000   28.00000  22.2%  53.0  215s
 27053 23465   30.00000   65   70   36.00000   28.00000  22.2%  53.0  220s
 27705 23970 infeasible   65        36.00000   28.00000  22.2%  53.1  225s
 28291 24511   29.00000   39   61   36.00000   28.00000  22.2%  53.2  230s
 28953 25264   32.00000   51   52   36.00000   28.00000  22.2%  53.7  235s
 29788 25790   32.00000   61   53   36.00000   28.00000  22.2%  53.6  240s
 30391 26339   33.00000   47   61   36.00000   28.00000  22.2%  54.1  245s
 31757 27676   33.00000   46   52   36.00000   28.00000  22.2%  54.2  254s
 32511 28344   29.00000   50   64   36.00000   28.00000  22.2%  54.4  259s
 33251 28873   29.00000   62   63   36.00000   28.00000  22.2%  54.5  265s
 34557 30095   29.00000   54   76   36.00000   28.00000  22.2%  55.1  274s
 35256 30733   29.00000   52   51   36.00000   28.00000  22.2%  55.2  279s
 35984 31263   29.00000   57   64   36.00000   28.00000  22.2%  55.4  284s
 36631 31877   28.00000   44  108   36.00000   28.00000  22.2%  55.6  290s
 37376 32381 infeasible   73        36.00000   28.00000  22.2%  55.8  295s
 38586 33436   29.00000   60   81   36.00000   28.00000  22.2%  56.5  305s
 39240 34078 infeasible   61        36.00000   28.00000  22.2%  56.5  310s
 40004 34667   28.00000   53   86   36.00000   28.00000  22.2%  56.6  315s
 40660 35268   29.00000   53   62   36.00000   28.00000  22.2%  56.6  320s
 41344 35792   29.00000   55   60   36.00000   28.00000  22.2%  56.9  325s
 41944 36299   29.00000   56   52   36.00000   28.00000  22.2%  57.2  330s
 42558 36946   29.00000   55   63   36.00000   28.00000  22.2%  57.3  335s
 43269 37506   30.00000   51   76   36.00000   28.00000  22.2%  57.4  340s
 43939 38071   30.00000   48   67   36.00000   28.00000  22.2%  57.6  346s
 44585 38730   29.00000   50   92   36.00000   28.00000  22.2%  57.8  351s
 45330 39302   29.00000   57   68   36.00000   28.00000  22.2%  57.9  357s
 45958 39577   32.00000   66   81   36.00000   28.00000  22.2%  58.0  360s

Cutting planes:
  Learned: 197
  Gomory: 114
  Lift-and-project: 95
  Cover: 76
  Implied bound: 14
  Projected implied bound: 15
  MIR: 867
  Mixing: 44
  StrongCG: 917
  Flow cover: 3210
  GUB cover: 1
  Inf proof: 100
  Zero half: 3728
  RLT: 562
  Relax-and-lift: 756

Explored 46265 nodes (2685808 simplex iterations) in 360.06 seconds (383.17 work units)
Thread count was 16 (of 16 available processors)

Solution count 2: 36 36 

Time limit reached
Best objective 3.600000000000e+01, best bound 2.800000000000e+01, gap 22.2222%

User-callback calls 163066, time in user-callback 0.85 sec
