
Gurobi 12.0.2 (win64) logging started Mon Nov 17 17:01:04 2025

Set parameter LogFile to value "C:\Users\utente\Desktop\TESI\Job_Shop_Scheduling_Benchmark_Environments_and_Instances\simulations\logs\experiment_logs\gurobi_exp2.log"
Set parameter OutputFlag to value 1
Set parameter TimeLimit to value 2000
Gurobi Optimizer version 12.0.2 build v12.0.2rc0 (win64 - Windows 10.0 (19045.2))

CPU model: Intel(R) Core(TM) i7-7500U CPU @ 2.70GHz, instruction set [SSE2|AVX|AVX2]
Thread count: 2 physical cores, 4 logical processors, using up to 4 threads

Non-default parameters:
TimeLimit  2000
NonConvex  2

Optimize a model with 19740 rows, 4139 columns and 95505 nonzeros
Model fingerprint: 0x5299480e
Model has 10 quadratic constraints
Variable types: 0 continuous, 4139 integer (4002 binary)
Coefficient statistics:
  Matrix range     [1e+00, 8e+02]
  QMatrix range    [1e+00, 1e+00]
  QLMatrix range   [1e+00, 1e+00]
  Objective range  [1e+00, 1e+00]
  Bounds range     [1e+00, 1e+00]
  RHS range        [1e+00, 2e+03]

---------------------------------------------------------------------------
Multi-objectives: starting optimization with 2 objectives... 
---------------------------------------------------------------------------

Multi-objectives: applying initial presolve...
---------------------------------------------------------------------------

Presolve removed 8174 rows and 333 columns
Presolve time: 0.62s
Presolved: 11566 rows, 3806 columns, 51519 nonzeros

Multi-objectives: optimize objective 1 () ...
---------------------------------------------------------------------------

Presolve removed 2266 rows and 1868 columns
Presolve time: 0.21s
Presolved: 9300 rows, 1938 columns, 45109 nonzeros
Presolved model has 10 quadratic constraint(s)
Variable types: 0 continuous, 1938 integer (1873 binary)

Root relaxation: objective 0.000000e+00, 300 iterations, 0.05 seconds (0.03 work units)

    Nodes    |    Current Node    |     Objective Bounds      |     Work
 Expl Unexpl |  Obj  Depth IntInf | Incumbent    BestBd   Gap | It/Node Time

     0     0    0.00000    0    1          -    0.00000      -     -    1s
H    0     0                    1067529.0000    0.00000   100%     -    1s
     0     0    0.00000    0   54 1067529.00    0.00000   100%     -    1s
H    0     0                    3217.0000000    0.00000   100%     -    1s
H    0     0                    3176.0000000    0.00000   100%     -    1s
H    0     0                    3175.0000000    0.00000   100%     -    1s
H    0     0                    2881.0000000    0.00000   100%     -    1s
H    0     0                    2849.0000000    0.00000   100%     -    1s
H    0     0                    1768.0000000    0.00000   100%     -    1s
H    0     0                    1692.0000000    0.00000   100%     -    1s
H    0     0                    1584.0000000    0.00000   100%     -    1s
     0     0    0.00000    0   47 1584.00000    0.00000   100%     -    1s
     0     0    0.00000    0    5 1584.00000    0.00000   100%     -    1s
     0     0    0.00000    0   39 1584.00000    0.00000   100%     -    2s
     0     0    0.00000    0   35 1584.00000    0.00000   100%     -    2s
     0     0    0.00000    0   29 1584.00000    0.00000   100%     -    2s
     0     0    0.00000    0   87 1584.00000    0.00000   100%     -    2s
     0     0    1.00000    0   89 1584.00000    1.00000   100%     -    2s
     0     0    1.00000    0   88 1584.00000    1.00000   100%     -    3s
     0     0    1.18972    0   98 1584.00000    1.18972   100%     -    3s
     0     0    4.75741    0  110 1584.00000    4.75741   100%     -    3s
     0     0   28.03019    0  119 1584.00000   28.03019  98.2%     -    3s
     0     0   33.68695    0  119 1584.00000   33.68695  97.9%     -    3s
     0     0   40.18546    0  139 1584.00000   40.18546  97.5%     -    3s
     0     0   46.42337    0  116 1584.00000   46.42337  97.1%     -    3s
     0     0   46.42337    0  146 1584.00000   46.42337  97.1%     -    4s
     0     0   46.42337    0  106 1584.00000   46.42337  97.1%     -    4s
     0     0   46.42337    0   93 1584.00000   46.42337  97.1%     -    4s
     0     0   46.42337    0   93 1584.00000   46.42337  97.1%     -    4s
     0     0   46.42337    0  109 1584.00000   46.42337  97.1%     -    4s
     0     0   46.42337    0  101 1584.00000   46.42337  97.1%     -    4s
     0     0   46.42337    0  112 1584.00000   46.42337  97.1%     -    4s
     0     0   46.42337    0  127 1584.00000   46.42337  97.1%     -    4s
     0     0   46.42337    0  131 1584.00000   46.42337  97.1%     -    4s
     0     0   46.42337    0  120 1584.00000   46.42337  97.1%     -    5s
     0     0   46.42337    0  130 1584.00000   46.42337  97.1%     -    5s
H    0     0                    1557.0000000   50.86866  96.7%     -    5s
     0     0   50.86866    0  124 1557.00000   50.86866  96.7%     -    5s
     0     0   50.86866    0  138 1557.00000   50.86866  96.7%     -    5s
     0     0   50.86866    0  142 1557.00000   50.86866  96.7%     -    5s
     0     0   50.86866    0  124 1557.00000   50.86866  96.7%     -    5s
     0     0   50.86866    0  134 1557.00000   50.86866  96.7%     -    5s
     0     0   50.86866    0  146 1557.00000   50.86866  96.7%     -    5s
     0     0   50.86866    0   85 1557.00000   50.86866  96.7%     -    6s
     0     2   50.86866    0   72 1557.00000   50.86866  96.7%     -    6s
H   30    24                    1548.0000000   50.86866  96.7%  48.6    7s
H   86    82                    1525.0000000   50.86866  96.7%  25.4    7s
H   95    88                    1498.0000000   50.86866  96.6%  24.8    7s
H  115   111                    1469.0000000   50.86866  96.5%  23.4    7s
H  116   111                    1116.0000000   50.86866  95.4%  23.2    7s
H  148   112                     999.0000000   50.86866  94.9%  20.2    7s
H  175   123                     976.0000000   50.86866  94.8%  20.5    7s
H  179   123                     955.0000000   50.86866  94.7%  20.4    7s
H  204   148                     942.0000000   50.86866  94.6%  19.6    7s
H  209   150                     696.0000000   50.86866  92.7%  19.4    7s
H  234   170                     669.0000000   50.86866  92.4%  18.4    8s
H  239   159                     633.0000000   62.11818  90.2%  18.4    8s
H  331   241                     619.0000000   62.43007  89.9%  18.6    8s
   345   243  200.50000   26   41  619.00000   62.43007  89.9%  18.2   10s
   358   252  379.00000   63   90  619.00000   62.43007  89.9%  17.6   15s
H  385   255                     607.0000000   62.43007  89.7%  16.4   19s
H  385   242                     559.0000000   62.43007  88.8%  16.4   19s
H  415   246                     551.0000000   62.43007  88.7%  64.8   19s
   430   256  306.00000   24   46  551.00000   62.43007  88.7%  63.8   20s
H  472   254                     525.0000000   62.43007  88.1%  60.2   20s
   882   445  250.00000   18   59  525.00000   66.19048  87.4%  38.9   25s
H 1646  1018                     524.0000000   75.86764  85.5%  27.7   29s
  1704  1068  210.00000   36   55  524.00000   75.86764  85.5%  27.4   30s
H 2019  1343                     517.0000000   78.94881  84.7%  25.0   31s
H 3072  2211                     508.0000000  110.61586  78.2%  21.1   35s
H 4462  2609                     440.0000000  126.14752  71.3%  19.3   39s
H 4576  2401                     409.0000000  127.28376  68.9%  19.1   40s
H 4924  2476                     404.0000000  131.18895  67.5%  18.9   40s
  6015  3330     cutoff   85       404.00000  144.00000  64.4%  18.1   45s
H 6373  3459                     401.0000000  147.00000  63.3%  17.8   45s
H 7267  4139                     400.0000000  149.00000  62.7%  17.3   48s
  7806  4486  219.00000   35   63  400.00000  155.00469  61.2%  17.0   50s
  9724  5939  320.00000   68   45  400.00000  156.00000  61.0%  16.2   55s
 11190  6912  187.00000   41   42  400.00000  157.00000  60.7%  15.8   60s
 12894  8028  214.00000   56   47  400.00000  162.11765  59.5%  15.8   65s
*14439  8873             118     396.0000000  163.00000  58.8%  15.4   69s
H14464  8930                     395.0000000  163.00000  58.7%  15.4   69s
H14464  8687                     388.0000000  163.00000  58.0%  15.4   69s
H14704  8428                     377.0000000  163.00000  56.8%  15.3   70s
 16482  9527  303.00000   48   38  377.00000  163.00000  56.8%  15.2   75s
H17853 10340                     376.0000000  163.00000  56.6%  15.1   79s
 18239 10651  256.00000   51   39  376.00000  163.00000  56.6%  15.1   80s
 19863 11676  331.00000   85   38  376.00000  163.00000  56.6%  14.9   85s
H20697 11550                     369.0000000  163.00000  55.8%  14.9   87s
 21527 12108  367.00000   72   34  369.00000  163.00000  55.8%  14.8   90s
H22352 12140                     364.0000000  163.00000  55.2%  14.8   92s
 23369 12891  283.00000   55   32  364.00000  163.00000  55.2%  14.7   95s
 25246 14077  323.03448   48   34  364.00000  163.00000  55.2%  14.6  100s
 26909 15190  306.00000   84   43  364.00000  163.00000  55.2%  14.5  105s
 28665 16244  339.00000   40   33  364.00000  163.00000  55.2%  14.5  110s
 30205 17125  356.00000   70   30  364.00000  163.00000  55.2%  14.5  115s
 31660 18066 infeasible   71       364.00000  163.00000  55.2%  14.6  120s
 33330 19207 infeasible   81       364.00000  163.00000  55.2%  14.6  125s
 35236 20415  182.00000   43   51  364.00000  163.50000  55.1%  14.6  130s
 36754 21488  358.00000   53   21  364.00000  164.00000  54.9%  14.5  135s
 38704 22699  246.00000   49   38  364.00000  164.00000  54.9%  14.4  140s
 40304 23750  360.00000   62   28  364.00000  165.00000  54.7%  14.5  145s
 42166 25022  327.00000   40   33  364.00000  166.00000  54.4%  14.4  150s
 43976 26147  338.00000   78   35  364.00000  167.00000  54.1%  14.3  155s
 45863 27404 infeasible  103       364.00000  167.00000  54.1%  14.3  160s
 47802 28608  296.00000   90   31  364.00000  167.00000  54.1%  14.3  165s
 49501 29611 infeasible   61       364.00000  168.00000  53.8%  14.3  170s
 51173 30683 infeasible   99       364.00000  171.00000  53.0%  14.3  175s
 52936 31685  355.00000   49   38  364.00000  171.00000  53.0%  14.2  180s
 54558 32668  308.00000   88   28  364.00000  171.00000  53.0%  14.2  185s
 56500 33524  189.66667   84   54  364.00000  171.00000  53.0%  14.2  190s
 58544 34336  291.00000  116   22  364.00000  171.00000  53.0%  14.1  195s
 60398 35277     cutoff  105       364.00000  171.00000  53.0%  14.1  200s
 62574 36363  261.00000  114   43  364.00000  171.00000  53.0%  14.0  205s
 64629 37273  196.00000   80   29  364.00000  171.00000  53.0%  13.9  210s
 66363 38046  287.00000  109   22  364.00000  171.00000  53.0%  13.9  215s
 68288 39019     cutoff   87       364.00000  171.00000  53.0%  13.9  220s
 69940 39751  311.00000   86   30  364.00000  171.00000  53.0%  13.9  225s
 71744 40736     cutoff  102       364.00000  171.00000  53.0%  13.9  230s
 73752 41935  280.00000   75   29  364.00000  171.00000  53.0%  13.9  235s
 75635 43024  256.00000   74   32  364.00000  171.00000  53.0%  13.8  240s
 77286 43804  332.00000   87   19  364.00000  171.00000  53.0%  13.8  245s
 78983 44680 infeasible   94       364.00000  171.00000  53.0%  13.8  250s
 80328 45340 infeasible   76       364.00000  171.00000  53.0%  13.8  255s
 81907 46114  247.00000   66   31  364.00000  171.00000  53.0%  13.8  260s
 83760 47099  234.00000   80   40  364.00000  171.00000  53.0%  13.8  265s
 85654 47971  188.00000   73   37  364.00000  171.00000  53.0%  13.7  270s
 87594 48952  171.00000   62   50  364.00000  171.00000  53.0%  13.7  275s
 89416 50042     cutoff   97       364.00000  171.00000  53.0%  13.7  280s
 91183 50887     cutoff   98       364.00000  171.00000  53.0%  13.7  285s
 93278 51819  358.00000   79   36  364.00000  171.00000  53.0%  13.6  290s
 95180 52750  203.00000   79   35  364.00000  171.00000  53.0%  13.6  295s
 97083 53738 infeasible   89       364.00000  171.00000  53.0%  13.6  300s
 98847 54583  171.00000   75   41  364.00000  171.00000  53.0%  13.6  305s
 100846 55525  187.00000   71   46  364.00000  171.00000  53.0%  13.5  310s
 102862 56460  252.00000   91   36  364.00000  171.00000  53.0%  13.5  315s
 104735 57518  355.00000  102   22  364.00000  171.00000  53.0%  13.5  320s
 106896 58650  337.00000  117   25  364.00000  171.00000  53.0%  13.5  325s
 108731 59438  358.00000  107   13  364.00000  171.00000  53.0%  13.4  330s
 110713 60371  359.00000   85   24  364.00000  171.00000  53.0%  13.4  335s
 112525 61157  244.00000   86   30  364.00000  171.00000  53.0%  13.4  340s
 114501 62027 infeasible   99       364.00000  171.00000  53.0%  13.4  345s
 116216 62914  171.00000   79   31  364.00000  171.00000  53.0%  13.4  350s
 117965 63678  330.31250   96   25  364.00000  171.00000  53.0%  13.4  355s
 119762 64431  242.23529   96   37  364.00000  171.00000  53.0%  13.4  360s
 121633 65264  231.00000   82   47  364.00000  171.00000  53.0%  13.4  365s
 123554 66260  246.00000   92   34  364.00000  171.00000  53.0%  13.4  370s
 125533 67178  198.00000   77   49  364.00000  171.00000  53.0%  13.4  375s
 127240 67982  304.00000   99   37  364.00000  171.00000  53.0%  13.4  380s
 129010 68887  283.00000  102   30  364.00000  171.00000  53.0%  13.4  385s
 130676 69530 infeasible   79       364.00000  171.00000  53.0%  13.4  390s
 132707 70408  262.00000   74   39  364.00000  171.00000  53.0%  13.4  395s
 134387 71240  226.00000   83   27  364.00000  171.00000  53.0%  13.4  400s
 136255 72068  327.00000  106   34  364.00000  171.00000  53.0%  13.4  405s
 137970 72710 infeasible   85       364.00000  171.00000  53.0%  13.4  410s
H137971 71761                     361.0000000  171.00000  52.6%  13.4  410s
H138141 71136                     360.0000000  171.00000  52.5%  13.4  410s
 139659 71769  308.00000  102   27  360.00000  171.00000  52.5%  13.4  415s
 141152 72553  171.00000   80   45  360.00000  171.00000  52.5%  13.5  420s
 142834 73388  198.00000   82   33  360.00000  171.00000  52.5%  13.5  425s
 144240 73923  282.00000  105   34  360.00000  171.00000  52.5%  13.5  430s
 145555 74577  330.00000   95   25  360.00000  171.00000  52.5%  13.5  435s
 146949 75122  330.00000   89   36  360.00000  171.00000  52.5%  13.5  440s
 148510 75912  171.00000   78   42  360.00000  171.00000  52.5%  13.5  445s
 150285 76575  249.00000   84   44  360.00000  171.00000  52.5%  13.5  450s
H150722 74723                     356.0000000  171.00000  52.0%  13.5  452s
H150765 72753                     351.0000000  171.00000  51.3%  13.5  452s
 151525 73203  328.00000   84   34  351.00000  171.00000  51.3%  13.5  455s
 153052 73769  192.00000   91   34  351.00000  171.00000  51.3%  13.5  460s
 154065 74269  223.00000   86   35  351.00000  171.00000  51.3%  13.5  466s
 154917 74699  234.00000   74   32  351.00000  171.00000  51.3%  13.5  470s
 155690 75021 infeasible   94       351.00000  171.00000  51.3%  13.5  475s
 156552 75393  325.00000   94   22  351.00000  171.00000  51.3%  13.5  480s
 157374 75772  303.00000   98   32  351.00000  171.00000  51.3%  13.5  485s
 158153 76098  246.00000   94   36  351.00000  171.00000  51.3%  13.5  490s
 159039 76570  340.00000  109   21  351.00000  171.00000  51.3%  13.5  496s
 159713 76999  302.00000   85   28  351.00000  171.00000  51.3%  13.6  500s
 161086 77794 infeasible   85       351.00000  171.00000  51.3%  13.6  505s
 162451 78372  228.00000  101   19  351.00000  171.00000  51.3%  13.6  510s
 163903 79057  275.00000   86   29  351.00000  171.00000  51.3%  13.6  515s
 165231 79739  171.03448   81   41  351.00000  171.00000  51.3%  13.6  520s
 166621 80383  257.00000   90   26  351.00000  171.00000  51.3%  13.6  525s
 167688 80894     cutoff   84       351.00000  171.00000  51.3%  13.6  530s
 168635 81398 infeasible   89       351.00000  171.00000  51.3%  13.6  536s
 169690 81994  171.00000   79   35  351.00000  171.00000  51.3%  13.5  541s
 170719 82470  277.00000  110   28  351.00000  171.00000  51.3%  13.5  545s
 171690 82929  289.42857  118   42  351.00000  171.00000  51.3%  13.5  550s
 172636 83357  295.00000   99   25  351.00000  171.00000  51.3%  13.5  555s
 173982 83904  268.00000  106   32  351.00000  171.00000  51.3%  13.5  560s
 175047 84409     cutoff   69       351.00000  171.00000  51.3%  13.5  565s
 176485 85188  306.00000   74   34  351.00000  171.00000  51.3%  13.5  570s
 177886 85812  302.00000   92   26  351.00000  171.00000  51.3%  13.5  575s
 178789 86210  176.00000   68   39  351.00000  171.00000  51.3%  13.5  580s
 180082 86772     cutoff  109       351.00000  171.00000  51.3%  13.5  585s
 181191 87314 infeasible   94       351.00000  171.00000  51.3%  13.5  590s
 182556 87905  246.00000   94   20  351.00000  171.00000  51.3%  13.5  595s
 184095 88449  279.00000   86   30  351.00000  171.00000  51.3%  13.5  600s
 185152 89129  315.00000  118   17  351.00000  171.00000  51.3%  13.5  606s
 186180 89662  189.00000   87   30  351.00000  171.00000  51.3%  13.5  610s
 187768 90440  187.00000   91   35  351.00000  171.00000  51.3%  13.4  615s
 189409 91219  171.00000   66   39  351.00000  171.00000  51.3%  13.4  620s
 190954 91873     cutoff  109       351.00000  171.00000  51.3%  13.4  625s
 192280 92362 infeasible  108       351.00000  171.00000  51.3%  13.4  630s
 193290 92864  234.00000   94   33  351.00000  171.00000  51.3%  13.4  635s
 194837 93449  349.00000  118   28  351.00000  171.00000  51.3%  13.4  640s
 195989 93882  207.00000   92   32  351.00000  171.00000  51.3%  13.4  645s
 197359 94546  341.00000  115   19  351.00000  171.00000  51.3%  13.4  650s
 198641 95104  312.00000  115   20  351.00000  171.00000  51.3%  13.4  655s
 200503 95991  290.00000   87   40  351.00000  171.00000  51.3%  13.4  660s
 202239 96703  213.00000  103   33  351.00000  171.00000  51.3%  13.4  665s
 204312 97585     cutoff  106       351.00000  171.00000  51.3%  13.4  670s
 205841 98297  292.00000   97   40  351.00000  171.00000  51.3%  13.3  675s
 207447 99123  319.00000  115   22  351.00000  171.00000  51.3%  13.3  680s
 208445 99619  171.00000   80   37  351.00000  171.00000  51.3%  13.3  685s
 209638 100189  277.00000  101   26  351.00000  171.00000  51.3%  13.3  691s
 210602 100639  277.35294  106   30  351.00000  171.00000  51.3%  13.3  695s
 211567 101038  180.00000   81   38  351.00000  171.00000  51.3%  13.3  700s
 212425 101417     cutoff   99       351.00000  171.00000  51.3%  13.3  705s
 213251 101742  171.00000   86   42  351.00000  171.00000  51.3%  13.3  710s
 214191 102079     cutoff  104       351.00000  171.00000  51.3%  13.3  715s
 215093 102485  208.00000   86   33  351.00000  171.00000  51.3%  13.3  720s
 216021 102932  298.00000  103   33  351.00000  171.00000  51.3%  13.3  725s
 217547 103606  291.00000  112   24  351.00000  171.00000  51.3%  13.3  730s
 218938 104231     cutoff   92       351.00000  171.00000  51.3%  13.3  735s
 220132 104863 infeasible   80       351.00000  171.00000  51.3%  13.3  740s
 220996 105163 infeasible  107       351.00000  171.00000  51.3%  13.3  745s
 221850 105533  180.00000   92   32  351.00000  171.00000  51.3%  13.3  750s
 222937 106019  238.00000   96   34  351.00000  171.00000  51.3%  13.3  756s
 223688 106236  314.16667  104   35  351.00000  171.00000  51.3%  13.3  760s
 224549 106516  268.00000  100   28  351.00000  171.00000  51.3%  13.3  765s
 225419 106884  171.00000   89   47  351.00000  171.00000  51.3%  13.3  770s
 226686 107326  275.00000   93   39  351.00000  171.00000  51.3%  13.3  775s
 228453 108176  207.00000   77   40  351.00000  171.00000  51.3%  13.3  780s
 230269 108914  345.00000  114   35  351.00000  171.00000  51.3%  13.3  785s
 231985 109742     cutoff  110       351.00000  171.00000  51.3%  13.3  790s
 233644 110459  261.00000   95   32  351.00000  171.00000  51.3%  13.3  795s
 235277 111227  239.00000  109   32  351.00000  171.00000  51.3%  13.3  800s
 237168 112116  251.00000   97   33  351.00000  171.00000  51.3%  13.3  805s
H238685 106564                     337.0000000  171.00000  49.3%  13.3  809s
 238791 106679  253.00000  114   29  337.00000  171.00000  49.3%  13.3  810s
 240634 107470  325.00000   99   18  337.00000  171.00000  49.3%  13.2  815s
 242290 108094  212.00000   88   44  337.00000  171.00000  49.3%  13.2  820s
 243904 108752  207.33333   91   42  337.00000  171.00000  49.3%  13.2  825s
 245306 109408  223.00000  100   31  337.00000  171.00000  49.3%  13.2  830s
 247079 110049  171.00000   91   47  337.00000  171.00000  49.3%  13.2  835s
 248740 110538  268.00000  103   40  337.00000  171.00000  49.3%  13.2  840s
 250348 111271 infeasible  103       337.00000  171.00000  49.3%  13.2  845s
 251764 111850  175.00000   85   38  337.00000  171.00000  49.3%  13.3  850s
 253250 112384  316.00000  116   26  337.00000  171.00000  49.3%  13.3  855s
 255046 113225  215.00000  106   42  337.00000  171.00000  49.3%  13.3  860s
 256947 113969  198.42308   89   41  337.00000  171.00000  49.3%  13.2  865s
 258800 114848 infeasible  116       337.00000  171.00000  49.3%  13.2  870s
 260367 115465  220.00000   91   34  337.00000  171.00000  49.3%  13.3  875s
 262027 116153  232.00000  103   37  337.00000  171.00000  49.3%  13.3  880s
 263732 116854 infeasible  116       337.00000  171.00000  49.3%  13.3  885s
 265492 117723  241.00000  111   32  337.00000  171.00000  49.3%  13.3  890s
 267245 118482  196.00000   97   48  337.00000  171.00000  49.3%  13.3  895s
 269093 119274  279.00000  108   36  337.00000  171.00000  49.3%  13.3  900s
H269393 118716                     336.0000000  171.00000  49.1%  13.3  900s
 270649 119311 infeasible  104       336.00000  171.00000  49.1%  13.3  905s
 272421 119946  214.00000   99   36  336.00000  171.00000  49.1%  13.3  910s
 274157 120610     cutoff  110       336.00000  171.00000  49.1%  13.3  915s
 275759 121178  220.93548   97   37  336.00000  171.00000  49.1%  13.3  920s
 277482 121836  207.00000  101   34  336.00000  171.00000  49.1%  13.3  925s
 278903 122373     cutoff  116       336.00000  171.00000  49.1%  13.3  930s
 280710 123096  271.00000   84   42  336.00000  171.00000  49.1%  13.3  935s
 282095 123594  228.42857  114   44  336.00000  171.00000  49.1%  13.3  940s
 283999 124444 infeasible  102       336.00000  171.00000  49.1%  13.3  945s
 285491 125059  246.00000  119   34  336.00000  171.00000  49.1%  13.3  950s
 287132 125797  254.03605  101   56  336.00000  171.00000  49.1%  13.3  955s
 288629 126426  187.00000   96   40  336.00000  171.00000  49.1%  13.3  960s
 290127 127017     cutoff  102       336.00000  171.00000  49.1%  13.3  965s
 292060 127761  251.00000   90   31  336.00000  171.00000  49.1%  13.3  970s
 293655 128369  235.00000   95   38  336.00000  171.00000  49.1%  13.3  975s
 295227 128915  256.00000  123   26  336.00000  171.00000  49.1%  13.3  980s
 296890 129583  203.77241   89   39  336.00000  171.00000  49.1%  13.3  985s
 298509 130259  297.00000   98   24  336.00000  171.00000  49.1%  13.3  990s
 300092 130695  236.00000  102   31  336.00000  171.00000  49.1%  13.3  995s
 301846 131361  171.00000   96   51  336.00000  171.00000  49.1%  13.3 1000s
 303376 131907  278.75676  108   26  336.00000  171.00000  49.1%  13.3 1005s
 304887 132564  262.00000  106   27  336.00000  171.00000  49.1%  13.3 1010s
 306290 133268  285.42857   92   42  336.00000  171.00000  49.1%  13.3 1015s
 308020 134089 infeasible   96       336.00000  171.00000  49.1%  13.3 1020s
 309690 134709  235.00000  110   46  336.00000  171.00000  49.1%  13.3 1025s
 311244 135392 infeasible  115       336.00000  171.00000  49.1%  13.3 1030s
 312914 136076  171.00000  110   49  336.00000  171.00000  49.1%  13.3 1035s
 314529 136751  231.00000  102   35  336.00000  171.00000  49.1%  13.4 1040s
 315934 137298  316.00000  111   34  336.00000  171.00000  49.1%  13.3 1045s
 317582 137953  240.00000   84   38  336.00000  171.00000  49.1%  13.4 1050s
 319107 138453  172.00000   84   39  336.00000  171.00000  49.1%  13.4 1055s
 320666 138925  285.00000   96   38  336.00000  171.00000  49.1%  13.4 1060s
 322143 139367  302.00000  107   21  336.00000  171.00000  49.1%  13.4 1065s
 323438 139868  288.00000  113   27  336.00000  171.00000  49.1%  13.4 1070s
 324983 140308  276.00000   96   31  336.00000  171.00000  49.1%  13.4 1075s
 326302 140781  274.00000  118   34  336.00000  171.00000  49.1%  13.4 1080s
 327768 141248  308.00000   98   29  336.00000  171.00000  49.1%  13.4 1085s
 329088 141538  217.00000   96   50  336.00000  171.00000  49.1%  13.4 1090s
 330599 142071  305.00000  108   25  336.00000  171.00000  49.1%  13.4 1095s
 331884 142371  212.00000  107   43  336.00000  171.00000  49.1%  13.4 1100s
 333473 142823     cutoff  101       336.00000  171.00000  49.1%  13.5 1105s
 335124 143305  171.00000   98   43  336.00000  171.00000  49.1%  13.5 1110s
 336627 143819 infeasible  122       336.00000  171.00000  49.1%  13.5 1115s
 338370 144294     cutoff  113       336.00000  171.00000  49.1%  13.5 1120s
 339864 144838  175.00000   87   58  336.00000  171.00000  49.1%  13.5 1125s
 341479 145441  293.91667  101   41  336.00000  171.00000  49.1%  13.5 1130s
 343018 145971     cutoff  117       336.00000  171.00000  49.1%  13.5 1135s
 344549 146461  171.00000   87   39  336.00000  171.00000  49.1%  13.5 1140s
 345904 146847  316.44000  114   30  336.00000  171.00000  49.1%  13.5 1145s
 346962 147186  214.00000  108   37  336.00000  171.00000  49.1%  13.5 1150s
 348375 147622  199.00000   93   36  336.00000  171.00000  49.1%  13.5 1155s
 350235 148384  280.15000  103   33  336.00000  171.00000  49.1%  13.5 1160s
 351629 148945 infeasible  114       336.00000  171.00000  49.1%  13.5 1165s
 353035 149485  274.00000  105   36  336.00000  171.00000  49.1%  13.5 1170s
 354609 150114  181.00000  104   36  336.00000  171.00000  49.1%  13.5 1175s
 356432 150939 infeasible  113       336.00000  171.00000  49.1%  13.5 1180s
 357560 151325  187.00000  102   34  336.00000  171.00000  49.1%  13.5 1185s
 358880 151721  210.00000   79   36  336.00000  171.00000  49.1%  13.5 1190s
 360592 152338  315.00000  108   18  336.00000  171.00000  49.1%  13.5 1195s
 361982 152763  196.00000   73   44  336.00000  171.00000  49.1%  13.5 1200s
 363206 153129  311.00000  109   35  336.00000  171.00000  49.1%  13.5 1205s
 364342 153570  309.00000  107   38  336.00000  171.00000  49.1%  13.5 1210s
 365770 154089     cutoff  130       336.00000  171.00000  49.1%  13.5 1215s
 367044 154575  217.00000  102   33  336.00000  171.00000  49.1%  13.5 1220s
 368331 155118  287.00000  111   28  336.00000  171.00000  49.1%  13.5 1225s
 369930 155643     cutoff   98       336.00000  171.00000  49.1%  13.5 1230s
 371057 156060  253.00000   90   37  336.00000  171.00000  49.1%  13.5 1235s
 372346 156386  310.00000   97   24  336.00000  171.00000  49.1%  13.5 1240s
 373554 156833     cutoff  104       336.00000  171.00000  49.1%  13.5 1245s
 374724 157344  255.00000  116   36  336.00000  171.00000  49.1%  13.5 1250s
 375757 157729  238.00000   92   45  336.00000  171.00000  49.1%  13.5 1255s
 377055 158261  293.00000  123   18  336.00000  171.00000  49.1%  13.5 1260s
 378360 158673     cutoff  100       336.00000  171.00000  49.1%  13.5 1265s
 379574 159264 infeasible  100       336.00000  171.00000  49.1%  13.5 1270s
 380821 159780 infeasible  115       336.00000  171.00000  49.1%  13.5 1275s
 382277 160386 infeasible  107       336.00000  171.00000  49.1%  13.5 1280s
 383217 160835  309.00000  112   30  336.00000  171.00000  49.1%  13.5 1285s
 384530 161334 infeasible  111       336.00000  171.00000  49.1%  13.5 1291s
 385369 161683  278.00000  100   27  336.00000  171.00000  49.1%  13.5 1296s
 386202 162004  190.14286  101   45  336.00000  171.00000  49.1%  13.5 1300s
 387046 162360  298.00000  115   27  336.00000  171.00000  49.1%  13.5 1305s
 387860 162682  218.00000   89   44  336.00000  171.00000  49.1%  13.5 1310s
 388579 163028  293.00000  114   27  336.00000  171.00000  49.1%  13.5 1315s
 389188 163324  172.42857   88   47  336.00000  171.00000  49.1%  13.5 1320s
 390106 163671  235.00000  102   38  336.00000  171.00000  49.1%  13.5 1325s
 390949 163999  198.00000   90   36  336.00000  171.00000  49.1%  13.5 1330s
 392034 164420     cutoff  105       336.00000  171.00000  49.1%  13.5 1336s
 392852 164719  283.00000  101   36  336.00000  171.00000  49.1%  13.5 1340s
 394040 165309  255.00000  105   35  336.00000  171.00000  49.1%  13.5 1345s
 395400 165845  275.00000  110   21  336.00000  171.00000  49.1%  13.5 1350s
 396758 166278 infeasible  111       336.00000  171.00000  49.1%  13.5 1355s
 397901 166749  316.00000  110   25  336.00000  171.00000  49.1%  13.5 1360s
 399214 167408  208.30000   99   33  336.00000  171.00000  49.1%  13.5 1365s
 400659 167993 infeasible   92       336.00000  171.00000  49.1%  13.5 1370s
 401871 168576  171.00000   92   34  336.00000  171.00000  49.1%  13.5 1375s
 403361 169216  188.00000   99   48  336.00000  171.00000  49.1%  13.5 1380s
 404912 169897  172.00000   66   34  336.00000  171.00000  49.1%  13.6 1385s
 406318 170607 infeasible  111       336.00000  171.00000  49.1%  13.6 1390s
 407841 171107  212.00000  105   34  336.00000  171.00000  49.1%  13.6 1395s
 409278 171578 infeasible  108       336.00000  171.00000  49.1%  13.5 1400s
 410708 172030  313.00000  112   24  336.00000  171.00000  49.1%  13.5 1405s
 412210 172591     cutoff   98       336.00000  171.00000  49.1%  13.5 1410s
 413667 173138  172.00000   85   40  336.00000  171.00000  49.1%  13.5 1415s
 414893 173536     cutoff  115       336.00000  171.00000  49.1%  13.5 1420s
 416374 174073  203.00000  101   40  336.00000  171.00000  49.1%  13.5 1425s
 418088 174596  180.00000  100   42  336.00000  171.00000  49.1%  13.5 1430s
 419711 175084  250.00000  108   34  336.00000  171.00000  49.1%  13.5 1435s
 421199 175540  187.00000  102   34  336.00000  171.00000  49.1%  13.5 1440s
 422835 176135  232.00000  114   30  336.00000  171.00000  49.1%  13.5 1445s
 424207 176620  288.00000   99   32  336.00000  171.00000  49.1%  13.5 1450s
 425656 177122  277.00000  121   26  336.00000  171.00000  49.1%  13.5 1455s
 427061 177576  171.17391  101   39  336.00000  171.00000  49.1%  13.5 1460s
 428918 178280 infeasible  111       336.00000  171.00000  49.1%  13.5 1465s
 430749 178956  171.00000   93   44  336.00000  171.00000  49.1%  13.5 1470s
 432318 179400  260.00000  108   24  336.00000  171.00000  49.1%  13.5 1475s
 433833 179968  180.00000   95   33  336.00000  171.00000  49.1%  13.5 1480s
 435522 180501  242.00000  105   35  336.00000  171.00000  49.1%  13.5 1485s
 437044 180864     cutoff  117       336.00000  171.00000  49.1%  13.5 1490s
 438889 181506  234.00000  111   37  336.00000  171.00000  49.1%  13.5 1495s
 440577 182197  221.44000  111   39  336.00000  171.00000  49.1%  13.5 1500s
 442399 182880  319.00000  125   20  336.00000  171.00000  49.1%  13.5 1505s
 443997 183437 infeasible  113       336.00000  171.00000  49.1%  13.5 1510s
 445364 183846  226.00000  110   32  336.00000  171.00000  49.1%  13.5 1515s
 446763 184444  260.00000  124   26  336.00000  171.00000  49.1%  13.5 1520s
 448322 184840  242.00000  114   32  336.00000  171.00000  49.1%  13.5 1525s
 449692 185199 infeasible  115       336.00000  171.00000  49.1%  13.5 1530s
 451047 185699 infeasible  109       336.00000  171.00000  49.1%  13.5 1535s
 452326 186145  204.00000   99   33  336.00000  171.00000  49.1%  13.5 1540s
 453661 186659 infeasible  114       336.00000  171.00000  49.1%  13.5 1545s
 454983 187190  180.00000  107   34  336.00000  171.00000  49.1%  13.5 1550s
 456445 187721     cutoff  131       336.00000  171.00000  49.1%  13.5 1555s
 457826 188231  220.00000  112   30  336.00000  171.00000  49.1%  13.5 1560s
 459166 188647  311.00000  135   20  336.00000  171.00000  49.1%  13.5 1565s
 460458 189124  278.00000  109   22  336.00000  171.00000  49.1%  13.5 1570s
 461928 189736  214.08696  105   39  336.00000  171.00000  49.1%  13.5 1575s
 463213 190095     cutoff  121       336.00000  171.00000  49.1%  13.5 1580s
 465005 190738  320.00000  107   34  336.00000  171.00000  49.1%  13.5 1585s
 466540 191214  180.00000  106   41  336.00000  171.00000  49.1%  13.5 1590s
 468185 191757     cutoff   99       336.00000  171.00000  49.1%  13.5 1595s
 469944 192319     cutoff  106       336.00000  171.00000  49.1%  13.5 1600s
 471536 192835  251.45455  131   42  336.00000  171.00000  49.1%  13.5 1605s
 473163 193399  249.93548  105   46  336.00000  171.00000  49.1%  13.4 1610s
 475033 193808  209.42857  109   37  336.00000  171.00000  49.1%  13.4 1615s
 476638 194391  305.40741  122   26  336.00000  171.00000  49.1%  13.4 1620s
 478113 194819 infeasible  115       336.00000  171.00000  49.1%  13.5 1625s
 479717 195240  272.14815  108   30  336.00000  171.00000  49.1%  13.4 1630s
 481410 195816 infeasible  109       336.00000  171.00000  49.1%  13.4 1635s
 483227 196370 infeasible  110       336.00000  171.00000  49.1%  13.4 1640s
 484942 196830  171.00000  108   35  336.00000  171.00000  49.1%  13.4 1645s
 486447 197138  251.00000  116   35  336.00000  171.00000  49.1%  13.4 1650s
 487952 197589     cutoff  128       336.00000  171.00000  49.1%  13.4 1655s
 489772 198135  255.00000  123   29  336.00000  171.00000  49.1%  13.4 1660s
 491298 198503  230.00000  114   37  336.00000  171.00000  49.1%  13.4 1665s
 492771 198789 infeasible  116       336.00000  171.00000  49.1%  13.4 1670s
 494076 199138  172.00000  112   43  336.00000  171.00000  49.1%  13.4 1675s
 495357 199490 infeasible  115       336.00000  171.00000  49.1%  13.4 1680s
 496194 199721  251.00000  118   28  336.00000  171.00000  49.1%  13.4 1685s
 497377 199954  251.00000  119   29  336.00000  171.00000  49.1%  13.4 1690s
 498651 200288  251.22222  123   28  336.00000  171.00000  49.1%  13.4 1695s
 499634 200586     cutoff  119       336.00000  171.00000  49.1%  13.4 1700s
 500843 200998  242.00000  113   43  336.00000  171.00000  49.1%  13.4 1705s
 502035 201398  292.00000  107   28  336.00000  171.00000  49.1%  13.4 1710s
 503404 201948  296.00000  112   44  336.00000  171.00000  49.1%  13.4 1715s
 504454 202136  188.00000  112   44  336.00000  171.00000  49.1%  13.4 1720s
 505678 202698  288.00000  115   21  336.00000  171.00000  49.1%  13.4 1725s
 507089 203014     cutoff  112       336.00000  171.00000  49.1%  13.4 1730s
 508581 203616  198.00000  109   37  336.00000  171.00000  49.1%  13.4 1735s
 509823 203942 infeasible  113       336.00000  171.00000  49.1%  13.4 1740s
 510861 204231     cutoff  120       336.00000  171.00000  49.1%  13.4 1745s
 511923 204556  180.00000   90   44  336.00000  171.00000  49.1%  13.4 1750s
 512842 204847  263.00000  102   24  336.00000  171.00000  49.1%  13.4 1755s
 513887 205175  240.00000  116   35  336.00000  171.00000  49.1%  13.4 1760s
 514885 205554 infeasible  104       336.00000  171.00000  49.1%  13.4 1765s
 516160 205906 infeasible  110       336.00000  171.00000  49.1%  13.4 1770s
 517201 206184     cutoff  124       336.00000  171.00000  49.1%  13.4 1775s
 518491 206639  171.00000   92   36  336.00000  171.00000  49.1%  13.4 1780s
 519605 206982  263.00000  107   32  336.00000  171.00000  49.1%  13.4 1785s
 520691 207266 infeasible  123       336.00000  171.00000  49.1%  13.4 1790s
 522418 207749  299.00000  106   30  336.00000  171.00000  49.1%  13.4 1795s
 523816 208157  187.00000  100   41  336.00000  171.00000  49.1%  13.4 1800s
 524989 208525     cutoff  106       336.00000  171.00000  49.1%  13.4 1805s
 526289 208932 infeasible  119       336.00000  171.00000  49.1%  13.4 1810s
 527398 209303  197.00000  110   37  336.00000  171.00000  49.1%  13.4 1815s
 528535 209607  240.00000  100   34  336.00000  171.00000  49.1%  13.4 1820s
 530093 210087 infeasible  106       336.00000  171.00000  49.1%  13.4 1825s
 531546 210504 infeasible  115       336.00000  171.00000  49.1%  13.4 1830s
 532786 210878     cutoff  105       336.00000  171.00000  49.1%  13.4 1835s
 534244 211479  263.57143  110   44  336.00000  171.00000  49.1%  13.4 1840s
 535720 212084  206.00000  106   43  336.00000  171.00000  49.1%  13.4 1845s
 537397 212655     cutoff  130       336.00000  171.00000  49.1%  13.4 1850s
 538983 213172     cutoff  107       336.00000  171.00000  49.1%  13.4 1855s
 540203 213513  257.22222  120   36  336.00000  171.00000  49.1%  13.4 1860s
 541464 213781     cutoff  115       336.00000  171.00000  49.1%  13.4 1865s
 542768 214096 infeasible  115       336.00000  171.00000  49.1%  13.4 1871s
 543891 214428  220.00000  110   36  336.00000  171.00000  49.1%  13.4 1875s
 545330 214788     cutoff  121       336.00000  171.00000  49.1%  13.4 1880s
 546951 215218  226.00000  101   38  336.00000  171.00000  49.1%  13.4 1885s
 548693 215580  260.00000  121   24  336.00000  171.00000  49.1%  13.4 1890s
 550122 216104  251.00000  104   32  336.00000  171.00000  49.1%  13.4 1895s
 551688 216655  269.00000  119   36  336.00000  171.00000  49.1%  13.4 1900s
 552943 217108  270.00000  114   22  336.00000  171.00000  49.1%  13.4 1905s
 553944 217448  199.00000  105   36  336.00000  171.00000  49.1%  13.4 1910s
 555133 217945  288.00000  123   13  336.00000  171.00000  49.1%  13.4 1915s
 556657 218618  187.00000  102   32  336.00000  171.00000  49.1%  13.4 1920s
 557867 219014  171.00000   94   41  336.00000  171.00000  49.1%  13.4 1925s
 558640 219212  172.42857  107   52  336.00000  171.00000  49.1%  13.4 1930s
 560016 219777  223.00000   99   46  336.00000  171.00000  49.1%  13.5 1935s
 561442 220197  171.00000  104   38  336.00000  171.00000  49.1%  13.5 1940s
 562808 220398  291.00000  123   23  336.00000  171.00000  49.1%  13.5 1945s
 563958 220595  223.00000  102   39  336.00000  171.00000  49.1%  13.5 1950s
 565123 220954 infeasible  112       336.00000  171.00000  49.1%  13.5 1955s
 566536 221372     cutoff  106       336.00000  171.00000  49.1%  13.5 1960s
 567682 221697  268.29032  117   31  336.00000  171.00000  49.1%  13.5 1965s
 568909 222008  171.22222   95   37  336.00000  171.00000  49.1%  13.5 1970s
 569858 222364  199.22222  105   41  336.00000  171.00000  49.1%  13.5 1975s
 571660 223171 infeasible  107       336.00000  171.00000  49.1%  13.5 1980s
 573273 223760     cutoff  124       336.00000  171.00000  49.1%  13.5 1985s
 574597 224228  215.00000  103   37  336.00000  171.00000  49.1%  13.5 1990s
 576186 224832  257.00000  110   28  336.00000  171.00000  49.1%  13.5 1995s
 577844 225362 infeasible  103       336.00000  171.00000  49.1%  13.5 2000s

Cutting planes:
  Learned: 57
  Gomory: 32
  Lift-and-project: 47
  Cover: 5
  Implied bound: 11
  Projected implied bound: 8
  MIR: 57
  StrongCG: 6
  Flow cover: 170
  Inf proof: 92
  Zero half: 36
  RLT: 31
  Relax-and-lift: 23

Explored 577919 nodes (7785565 simplex iterations) in 2000.04 seconds (1887.62 work units)
Thread count was 4 (of 4 available processors)

Solution count 10: 336 337 351 ... 377

Time limit reached
Best objective 3.360000000000e+02, best bound 1.710000000000e+02, gap 49.1071%

---------------------------------------------------------------------------
Multi-objectives: stopped in 2000.51 seconds (1887.62 work units), solution count 10
Time Limit reached


User-callback calls 1678493, time in user-callback 14.23 sec
