
Gurobi 12.0.2 (win64) logging started Mon Nov 17 17:46:35 2025

Set parameter LogFile to value "C:\Users\utente\Desktop\TESI\Job_Shop_Scheduling_Benchmark_Environments_and_Instances\simulations\logs\experiment_logs\gurobi_exp4.log"
Set parameter OutputFlag to value 1
Set parameter TimeLimit to value 2000
Gurobi Optimizer version 12.0.2 build v12.0.2rc0 (win64 - Windows 10.0 (19045.2))

CPU model: Intel(R) Core(TM) i7-7500U CPU @ 2.70GHz, instruction set [SSE2|AVX|AVX2]
Thread count: 2 physical cores, 4 logical processors, using up to 4 threads

Non-default parameters:
TimeLimit  2000
NonConvex  2

Optimize a model with 4601 rows, 3145 columns and 19007 nonzeros
Model fingerprint: 0x2cba2fdb
Model has 12 quadratic constraints
Variable types: 0 continuous, 3145 integer (3024 binary)
Coefficient statistics:
  Matrix range     [1e+00, 1e+04]
  QMatrix range    [1e+00, 1e+00]
  QLMatrix range   [1e+00, 1e+00]
  Objective range  [1e+00, 1e+00]
  Bounds range     [1e+00, 1e+00]
  RHS range        [1e+00, 4e+04]

---------------------------------------------------------------------------
Multi-objectives: starting optimization with 2 objectives... 
---------------------------------------------------------------------------

Multi-objectives: applying initial presolve...
---------------------------------------------------------------------------

Presolve removed 1803 rows and 407 columns
Presolve time: 0.05s
Presolved: 2798 rows, 2738 columns, 12726 nonzeros

Multi-objectives: optimize objective 1 () ...
---------------------------------------------------------------------------

Presolve removed 207 rows and 1610 columns
Presolve time: 0.04s
Presolved: 2591 rows, 1128 columns, 12174 nonzeros
Presolved model has 12 quadratic constraint(s)
Variable types: 0 continuous, 1128 integer (1057 binary)

Root relaxation: objective 1.210000e+02, 204 iterations, 0.00 seconds (0.00 work units)

    Nodes    |    Current Node    |     Objective Bounds      |     Work
 Expl Unexpl |  Obj  Depth IntInf | Incumbent    BestBd   Gap | It/Node Time

     0     0  121.00000    0    -          -  121.00000      -     -    0s
     0     0  121.00000    0   47          -  121.00000      -     -    0s
H    0     0                    2.588410e+08  121.00000   100%     -    0s
     0     0  121.00000    0   44 2.5884e+08  121.00000   100%     -    0s
H    0     0                    2624924.0000  121.00000   100%     -    0s
H    0     0                    1509755.0000  121.00000   100%     -    0s
     0     0  121.00000    0   26 1509755.00  121.00000   100%     -    0s
     0     0  121.00000    0   44 1509755.00  121.00000   100%     -    0s
     0     0  121.00000    0   44 1509755.00  121.00000   100%     -    0s
     0     0  121.00000    0   42 1509755.00  121.00000   100%     -    0s
     0     0  121.00000    0   51 1509755.00  121.00000   100%     -    0s
     0     0  121.00000    0   36 1509755.00  121.00000   100%     -    0s
H    0     0                    1508236.0000  121.00000   100%     -    0s
     0     0  121.00000    0   68 1508236.00  121.00000   100%     -    0s
     0     0  121.00000    0   12 1508236.00  121.00000   100%     -    0s
     0     0  121.00000    0   62 1508236.00  121.00000   100%     -    0s
     0     0  121.00000    0   35 1508236.00  121.00000   100%     -    0s
H    0     0                    1507597.0000  121.00000   100%     -    0s
     0     0  121.00000    0   88 1507597.00  121.00000   100%     -    0s
     0     0  121.00000    0   39 1507597.00  121.00000   100%     -    0s
     0     0  121.00000    0   81 1507597.00  121.00000   100%     -    0s
     0     0  121.00000    0   50 1507597.00  121.00000   100%     -    1s
H    0     0                    1506080.0000  121.00000   100%     -    1s
H    0     0                    1506079.0000  121.00000   100%     -    1s
H    0     0                    1504565.0000  121.00000   100%     -    1s
     0     0  177.50891    0   85 1504565.00  177.50891   100%     -    1s
     0     0 1353.45113    0   49 1504565.00 1353.45113   100%     -    1s
     0     0 3180.00000    0   58 1504565.00 3180.00000   100%     -    1s
     0     0 3600.00000    0   64 1504565.00 3600.00000   100%     -    1s
     0     0 3600.00000    0   69 1504565.00 3600.00000   100%     -    1s
     0     0 3600.00000    0   66 1504565.00 3600.00000   100%     -    1s
     0     0 3600.00000    0   75 1504565.00 3600.00000   100%     -    1s
     0     0 3606.69081    0   55 1504565.00 3606.69081   100%     -    1s
     0     0 3982.17474    0   84 1504565.00 3982.17474   100%     -    1s
     0     0 4489.36096    0   98 1504565.00 4489.36096   100%     -    1s
H    0     0                    1464308.0000 4603.15444   100%     -    1s
H    0     0                    1455260.0000 4603.15444   100%     -    1s
     0     0 4603.15444    0  100 1455260.00 4603.15444   100%     -    1s
     0     0 4603.15444    0   92 1455260.00 4603.15444   100%     -    1s
     0     0 4659.06573    0   89 1455260.00 4659.06573   100%     -    1s
     0     0 4659.51013    0   79 1455260.00 4659.51013   100%     -    1s
     0     0 4660.73957    0   82 1455260.00 4660.73957   100%     -    1s
     0     0 4660.73957    0   87 1455260.00 4660.73957   100%     -    1s
     0     0 4661.14696    0   84 1455260.00 4661.14696   100%     -    1s
     0     0 4843.42640    0   54 1455260.00 4843.42640   100%     -    1s
     0     0 4857.07042    0  105 1455260.00 4857.07042   100%     -    1s
     0     0 4857.07042    0   94 1455260.00 4857.07042   100%     -    1s
H    0     0                    1409444.0000 4857.07042   100%     -    1s
     0     0 4857.07042    0   94 1409444.00 4857.07042   100%     -    1s
     0     0 4859.64195    0   97 1409444.00 4859.64195   100%     -    1s
     0     0 4859.64195    0   90 1409444.00 4859.64195   100%     -    1s
     0     0 4893.76096    0   83 1409444.00 4893.76096   100%     -    2s
     0     0 4893.76096    0   82 1409444.00 4893.76096   100%     -    2s
     0     0 4894.54541    0   86 1409444.00 4894.54541   100%     -    2s
     0     0 4894.54541    0   88 1409444.00 4894.54541   100%     -    2s
     0     0 4894.86568    0   89 1409444.00 4894.86568   100%     -    2s
     0     0 4895.05513    0   63 1409444.00 4895.05513   100%     -    2s
     0     2 4895.05513    0   63 1409444.00 4895.05513   100%     -    2s
H  314   299                    1377544.0000 8292.72381  99.4%  11.4    2s
H  321   299                    1367112.0000 8292.72381  99.4%  11.4    2s
H  321   283                    942060.00000 8292.72381  99.1%  11.4    2s
H  321   283                    942059.00000 8292.72381  99.1%  11.4    2s
H  321   283                    941611.00000 8292.72381  99.1%  11.4    2s
H  321   274                    903099.00000 8292.72381  99.1%  11.4    2s
H  321   274                    894860.00000 8292.72381  99.1%  11.4    2s
H  321   272                    856679.00000 8292.72381  99.0%  11.4    2s
H  321   272                    812509.00000 8292.72381  99.0%  11.4    2s
H  321   272                    811681.00000 8292.72381  99.0%  11.4    2s
H  331   251                    811384.00000 8292.72381  99.0%  11.0    5s
H  331   239                    811383.00000 8292.72381  99.0%  11.0    5s
H  331   227                    810973.00000 8292.72381  99.0%  11.0    5s
H  332   216                    790350.00000 8292.72381  99.0%  11.0    5s
H  332   205                    789769.00000 8292.72381  98.9%  11.0    5s
H  332   195                    789768.00000 8292.72381  98.9%  11.0    5s
H  332   185                    789190.00000 8292.72381  98.9%  11.0    5s
H  332   175                    787238.00000 8292.72381  98.9%  11.0    5s
H  332   166                    759201.00000 8292.72381  98.9%  11.0    5s
H  332   158                    709941.00000 8292.72381  98.8%  11.0    5s
H  336   152                    709634.00000 8292.72381  98.8%  10.9    6s
H  336   144                    709633.00000 8292.72381  98.8%  10.9    6s
H  336   136                    709329.00000 8292.72381  98.8%  10.9    6s
H  336   129                    699817.00000 8292.72381  98.8%  10.9    6s
H  340   125                    687381.00000 8292.72381  98.8%  10.8    6s
H  340   119                    650781.00000 8292.72381  98.7%  10.8    6s
H  342   113                    650450.00000 8292.72381  98.7%  10.7    6s
H  346   110                    649469.00000 8292.72381  98.7%  10.6    6s
H  346   104                    649162.00000 8292.72381  98.7%  10.6    6s
H  346    99                    649161.00000 8292.72381  98.7%  10.6    6s
H  346    93                    648857.00000 8292.72381  98.7%  10.6    6s
H  347    89                    635545.00000 8292.72381  98.7%  10.5    6s
H  351    86                    618301.00000 8292.72381  98.7%  10.4    7s
H  351    81                    465406.00000 8292.72381  98.2%  10.4    7s
H  351    77                    465405.00000 8292.72381  98.2%  10.4    7s
H  351    72                    465404.00000 8292.72381  98.2%  10.4    7s
H  351    68                    465403.00000 8292.72381  98.2%  10.4    7s
H  351    64                    464617.00000 8292.72381  98.2%  10.4    7s
H 1148   628                    447820.00000 12708.1907  97.2%  25.1    9s
H 1270   729                    430920.00000 12708.1907  97.1%  24.7    9s
  1336   814 191960.000   82   45 430920.000 12708.1907  97.1%  24.1   10s
H 1444   869                    430581.00000 12708.1907  97.0%  23.5   10s
H 1500   892                    430244.00000 12708.1907  97.0%  23.4   10s
H 1621  1005                    429909.00000 15979.2374  96.3%  23.2   10s
H 1722  1040                    429576.00000 15979.2374  96.3%  22.6   10s
H 1789  1102                    425607.00000 15979.2374  96.2%  22.4   11s
H 1896  1153                    424295.00000 15980.9654  96.2%  22.2   11s
H 4606  2849                    400579.00000 16237.5117  95.9%  18.4   14s
  4856  3167 22116.9039   36   73 400579.000 16251.3217  95.9%  18.6   15s
  8578  5207 140778.000   39   53 400579.000 16611.5001  95.9%  18.7   20s
 13140  7965 280379.328   58   54 400579.000 16905.9542  95.8%  18.0   25s
 16495  9684 infeasible   43      400579.000 17204.1354  95.7%  18.1   30s
 19346 11157 132474.671   49   94 400579.000 17468.1801  95.6%  18.5   35s

Cutting planes:
  Learned: 197
  Gomory: 62
  Lift-and-project: 7
  Cover: 4
  Implied bound: 9
  Projected implied bound: 7
  MIR: 147
  Mixing: 17
  StrongCG: 62
  Flow cover: 507
  Inf proof: 32
  Zero half: 28
  RLT: 24
  Relax-and-lift: 35

Explored 21295 nodes (405259 simplex iterations) in 38.13 seconds (24.44 work units)
Thread count was 4 (of 4 available processors)

Solution count 10: 400579 424295 425607 ... 464617

Solve interrupted
Best objective 4.005790000000e+05, best bound 1.772000000000e+04, gap 95.5764%

---------------------------------------------------------------------------
Multi-objectives: stopped in 38.17 seconds (24.44 work units), solution count 10
Solve interrupted


User-callback calls 59063, time in user-callback 0.40 sec

Gurobi 12.0.2 (win64) logging started Mon Nov 17 17:48:47 2025

Set parameter LogFile to value "C:\Users\utente\Desktop\TESI\Job_Shop_Scheduling_Benchmark_Environments_and_Instances\simulations\logs\experiment_logs\gurobi_exp4.log"
Set parameter OutputFlag to value 1
Set parameter TimeLimit to value 1800
Gurobi Optimizer version 12.0.2 build v12.0.2rc0 (win64 - Windows 10.0 (19045.2))

CPU model: Intel(R) Core(TM) i7-7500U CPU @ 2.70GHz, instruction set [SSE2|AVX|AVX2]
Thread count: 2 physical cores, 4 logical processors, using up to 4 threads

Non-default parameters:
TimeLimit  1800
NonConvex  2

Optimize a model with 4601 rows, 3145 columns and 19007 nonzeros
Model fingerprint: 0x2cba2fdb
Model has 12 quadratic constraints
Variable types: 0 continuous, 3145 integer (3024 binary)
Coefficient statistics:
  Matrix range     [1e+00, 1e+04]
  QMatrix range    [1e+00, 1e+00]
  QLMatrix range   [1e+00, 1e+00]
  Objective range  [1e+00, 1e+00]
  Bounds range     [1e+00, 1e+00]
  RHS range        [1e+00, 4e+04]

---------------------------------------------------------------------------
Multi-objectives: starting optimization with 2 objectives... 
---------------------------------------------------------------------------

Multi-objectives: applying initial presolve...
---------------------------------------------------------------------------

Presolve removed 1803 rows and 407 columns
Presolve time: 0.09s
Presolved: 2798 rows, 2738 columns, 12726 nonzeros

Multi-objectives: optimize objective 1 () ...
---------------------------------------------------------------------------

Presolve removed 207 rows and 1610 columns
Presolve time: 0.03s
Presolved: 2591 rows, 1128 columns, 12174 nonzeros
Presolved model has 12 quadratic constraint(s)
Variable types: 0 continuous, 1128 integer (1057 binary)

Root relaxation: objective 1.210000e+02, 204 iterations, 0.01 seconds (0.00 work units)

    Nodes    |    Current Node    |     Objective Bounds      |     Work
 Expl Unexpl |  Obj  Depth IntInf | Incumbent    BestBd   Gap | It/Node Time

     0     0  121.00000    0    -          -  121.00000      -     -    0s
     0     0  121.00000    0   47          -  121.00000      -     -    0s
H    0     0                    2.588410e+08  121.00000   100%     -    0s
     0     0  121.00000    0   44 2.5884e+08  121.00000   100%     -    0s
H    0     0                    2624924.0000  121.00000   100%     -    0s
H    0     0                    1509755.0000  121.00000   100%     -    0s
     0     0  121.00000    0   26 1509755.00  121.00000   100%     -    0s
     0     0  121.00000    0   44 1509755.00  121.00000   100%     -    0s
     0     0  121.00000    0   44 1509755.00  121.00000   100%     -    0s
     0     0  121.00000    0   42 1509755.00  121.00000   100%     -    0s
     0     0  121.00000    0   51 1509755.00  121.00000   100%     -    0s
     0     0  121.00000    0   36 1509755.00  121.00000   100%     -    0s
H    0     0                    1508236.0000  121.00000   100%     -    0s
     0     0  121.00000    0   68 1508236.00  121.00000   100%     -    0s
     0     0  121.00000    0   12 1508236.00  121.00000   100%     -    0s
     0     0  121.00000    0   62 1508236.00  121.00000   100%     -    0s
     0     0  121.00000    0   35 1508236.00  121.00000   100%     -    0s
H    0     0                    1507597.0000  121.00000   100%     -    0s
     0     0  121.00000    0   88 1507597.00  121.00000   100%     -    0s
     0     0  121.00000    0   39 1507597.00  121.00000   100%     -    0s
     0     0  121.00000    0   81 1507597.00  121.00000   100%     -    0s
     0     0  121.00000    0   50 1507597.00  121.00000   100%     -    1s
H    0     0                    1506080.0000  121.00000   100%     -    1s
H    0     0                    1506079.0000  121.00000   100%     -    1s
H    0     0                    1504565.0000  121.00000   100%     -    1s
     0     0  177.50891    0   85 1504565.00  177.50891   100%     -    1s
     0     0 1353.45113    0   49 1504565.00 1353.45113   100%     -    1s
     0     0 3180.00000    0   58 1504565.00 3180.00000   100%     -    1s
     0     0 3600.00000    0   64 1504565.00 3600.00000   100%     -    1s
     0     0 3600.00000    0   69 1504565.00 3600.00000   100%     -    1s
     0     0 3600.00000    0   66 1504565.00 3600.00000   100%     -    1s
     0     0 3600.00000    0   75 1504565.00 3600.00000   100%     -    1s
     0     0 3606.69081    0   55 1504565.00 3606.69081   100%     -    1s
     0     0 3982.17474    0   84 1504565.00 3982.17474   100%     -    1s
     0     0 4489.36096    0   98 1504565.00 4489.36096   100%     -    1s
H    0     0                    1464308.0000 4603.15444   100%     -    1s
H    0     0                    1455260.0000 4603.15444   100%     -    1s
     0     0 4603.15444    0  100 1455260.00 4603.15444   100%     -    1s
     0     0 4603.15444    0   92 1455260.00 4603.15444   100%     -    1s
     0     0 4659.06573    0   89 1455260.00 4659.06573   100%     -    1s
     0     0 4659.51013    0   79 1455260.00 4659.51013   100%     -    1s
     0     0 4660.73957    0   82 1455260.00 4660.73957   100%     -    1s
     0     0 4660.73957    0   87 1455260.00 4660.73957   100%     -    1s
     0     0 4661.14696    0   84 1455260.00 4661.14696   100%     -    1s
     0     0 4843.42640    0   54 1455260.00 4843.42640   100%     -    1s
     0     0 4857.07042    0  105 1455260.00 4857.07042   100%     -    1s
     0     0 4857.07042    0   94 1455260.00 4857.07042   100%     -    1s
H    0     0                    1409444.0000 4857.07042   100%     -    1s
     0     0 4857.07042    0   94 1409444.00 4857.07042   100%     -    1s
     0     0 4859.64195    0   97 1409444.00 4859.64195   100%     -    1s
     0     0 4859.64195    0   90 1409444.00 4859.64195   100%     -    1s
     0     0 4893.76096    0   83 1409444.00 4893.76096   100%     -    1s
     0     0 4893.76096    0   82 1409444.00 4893.76096   100%     -    1s
     0     0 4894.54541    0   86 1409444.00 4894.54541   100%     -    2s
     0     0 4894.54541    0   88 1409444.00 4894.54541   100%     -    2s
     0     0 4894.86568    0   89 1409444.00 4894.86568   100%     -    2s
     0     0 4895.05513    0   63 1409444.00 4895.05513   100%     -    2s
     0     2 4895.05513    0   63 1409444.00 4895.05513   100%     -    2s
H  314   299                    1377544.0000 8292.72381  99.4%  11.4    2s
H  321   299                    1367112.0000 8292.72381  99.4%  11.4    2s
H  321   283                    942060.00000 8292.72381  99.1%  11.4    2s
H  321   283                    942059.00000 8292.72381  99.1%  11.4    2s
H  321   283                    941611.00000 8292.72381  99.1%  11.4    2s
H  321   274                    903099.00000 8292.72381  99.1%  11.4    2s
H  321   274                    894860.00000 8292.72381  99.1%  11.4    2s
H  321   272                    856679.00000 8292.72381  99.0%  11.4    2s
H  321   272                    812509.00000 8292.72381  99.0%  11.4    2s
H  321   272                    811681.00000 8292.72381  99.0%  11.4    2s
H  331   251                    811384.00000 8292.72381  99.0%  11.0    5s
H  331   239                    811383.00000 8292.72381  99.0%  11.0    5s
H  331   227                    810973.00000 8292.72381  99.0%  11.0    5s
H  332   216                    790350.00000 8292.72381  99.0%  11.0    5s
H  332   205                    789769.00000 8292.72381  98.9%  11.0    5s
H  332   195                    789768.00000 8292.72381  98.9%  11.0    5s
H  332   185                    789190.00000 8292.72381  98.9%  11.0    5s
H  332   175                    787238.00000 8292.72381  98.9%  11.0    5s
H  332   166                    759201.00000 8292.72381  98.9%  11.0    5s
H  332   158                    709941.00000 8292.72381  98.8%  11.0    5s
H  336   152                    709634.00000 8292.72381  98.8%  10.9    6s
H  336   144                    709633.00000 8292.72381  98.8%  10.9    6s
H  336   136                    709329.00000 8292.72381  98.8%  10.9    6s
H  336   129                    699817.00000 8292.72381  98.8%  10.9    6s
H  340   125                    687381.00000 8292.72381  98.8%  10.8    6s
H  340   119                    650781.00000 8292.72381  98.7%  10.8    6s
H  342   113                    650450.00000 8292.72381  98.7%  10.7    6s
H  346   110                    649469.00000 8292.72381  98.7%  10.6    6s
H  346   104                    649162.00000 8292.72381  98.7%  10.6    6s
H  346    99                    649161.00000 8292.72381  98.7%  10.6    6s
H  346    93                    648857.00000 8292.72381  98.7%  10.6    6s
H  347    89                    635545.00000 8292.72381  98.7%  10.5    6s
H  351    86                    618301.00000 8292.72381  98.7%  10.4    7s
H  351    81                    465406.00000 8292.72381  98.2%  10.4    7s
H  351    77                    465405.00000 8292.72381  98.2%  10.4    7s
H  351    72                    465404.00000 8292.72381  98.2%  10.4    7s
H  351    68                    465403.00000 8292.72381  98.2%  10.4    7s
H  351    64                    464617.00000 8292.72381  98.2%  10.4    7s
H 1148   628                    447820.00000 12708.1907  97.2%  25.1    9s
  1207   690 72679.0306   57   59 447820.000 12708.1907  97.2%  24.8   10s
H 1270   729                    430920.00000 12708.1907  97.1%  24.7   10s
H 1444   869                    430581.00000 12708.1907  97.0%  23.5   10s
H 1500   892                    430244.00000 12708.1907  97.0%  23.4   10s
H 1621  1005                    429909.00000 15979.2374  96.3%  23.2   10s
H 1722  1040                    429576.00000 15979.2374  96.3%  22.6   11s
H 1789  1102                    425607.00000 15979.2374  96.2%  22.4   11s
H 1896  1153                    424295.00000 15980.9654  96.2%  22.2   11s
H 4606  2849                    400579.00000 16237.5117  95.9%  18.4   14s
  5226  3258 134089.952   43   69 400579.000 16252.7647  95.9%  18.3   15s
  8578  5207 140778.000   39   53 400579.000 16611.5001  95.9%  18.7   20s
 12110  7369 77150.6117   47   86 400579.000 16853.9799  95.8%  18.1   25s
 15460  9102 283270.000   50   36 400579.000 17061.3235  95.7%  18.0   30s
 18093 10627 99476.0000   45   63 400579.000 17307.6272  95.7%  18.3   35s
 20930 12064 120411.000   57   44 400579.000 17595.0061  95.6%  18.5   40s
 23369 13563 276824.000   47   43 400579.000 17880.7920  95.5%  18.9   45s
 26231 15031 33927.8038   33  100 400579.000 18227.6641  95.4%  18.9   50s
 28463 16151 118400.898   47   82 400579.000 18400.1264  95.4%  19.1   55s
 30748 17263 80268.3591   41   73 400579.000 18674.1513  95.3%  19.4   60s
H31508 16343                    351296.00000 18802.8749  94.6%  19.6   62s
 32614 16988 78958.2033   31   64 351296.000 18961.9653  94.6%  19.7   65s
 34416 17819 21474.2840   42   92 351296.000 19275.3889  94.5%  19.8   70s
H35674 18288                    349908.00000 19508.7845  94.4%  20.0   73s
 35810 18398 46523.0396   56   68 349908.000 19639.0410  94.4%  20.0   75s
 36659 18702     cutoff   62      349908.000 19727.5792  94.4%  20.2   80s
 38000 19513 321418.000   67   53 349908.000 19943.1967  94.3%  20.3   85s
H39376 19588                    342233.00000 20136.0632  94.1%  20.4   89s
 39453 19742 271111.000   57   31 342233.000 20166.0679  94.1%  20.4   90s
 41035 20476 300336.114   55   71 342233.000 20476.7590  94.0%  20.6   95s
 42454 21280 187185.625   42   62 342233.000 20952.7789  93.9%  20.9  100s
 44742 21997 175364.684   42   72 342233.000 21552.1189  93.7%  21.2  106s
 46221 22742 infeasible   45      342233.000 22055.1601  93.6%  21.3  110s
 47794 23414 22332.5743   33  105 342233.000 22332.5743  93.5%  21.6  115s
 49201 24156 37997.1583   42   87 342233.000 22556.6980  93.4%  21.7  120s
 51223 25032 94339.2950   38   68 342233.000 22870.6856  93.3%  21.7  125s
H52088 25383                    341403.00000 22974.9040  93.3%  21.7  128s
H52100 23828                    311982.00000 22974.9040  92.6%  21.7  128s
 52528 24037 80825.1875   51   70 311982.000 23013.2550  92.6%  21.8  131s
 53671 24468 270552.526   55   64 311982.000 23239.0308  92.6%  21.9  135s
 55573 25435     cutoff   60      311982.000 23401.2740  92.5%  22.1  140s
 57518 26209 54253.1135   35   46 311982.000 23703.6191  92.4%  22.2  145s
 59054 26775 92599.5185   39   72 311982.000 24089.0040  92.3%  22.4  150s
 61010 27494 221350.000   53   86 311982.000 24425.6381  92.2%  22.6  155s
 63285 28452 26435.8604   28   59 311982.000 24858.4175  92.0%  22.9  160s
 65644 29350 175312.333   26   96 311982.000 25185.0784  91.9%  23.1  165s
 67906 30272 191758.043   36   68 311982.000 25566.4605  91.8%  23.4  170s
 70073 31083     cutoff   62      311982.000 25911.1074  91.7%  23.5  175s
 72461 31957 92962.9327   26   58 311982.000 25987.5592  91.7%  23.6  180s
 74380 32606     cutoff   44      311982.000 26270.4087  91.6%  23.7  185s
 76830 33798 109075.869   44   81 311982.000 26469.2442  91.5%  23.8  191s
 77992 34239 157855.000   40   46 311982.000 26706.6578  91.4%  23.9  195s
 79218 34692 34427.0000   30   64 311982.000 26909.0000  91.4%  24.1  200s
 80527 35216 75197.0905   49   66 311982.000 27014.2907  91.3%  24.2  205s
 82041 35872 242310.000   63   40 311982.000 27251.6197  91.3%  24.2  210s
 83332 36353 271736.438   52   79 311982.000 27463.8149  91.2%  24.3  215s
 84708 36973 234863.443   43   78 311982.000 27707.1924  91.1%  24.4  220s
 86426 37736 104300.622   27   67 311982.000 27923.8711  91.0%  24.4  226s
 87796 38188 147612.789   52   58 311982.000 28113.8805  91.0%  24.5  230s
 89792 38896 54394.8373   48   76 311982.000 28306.9557  90.9%  24.5  235s
 91416 39586 156124.046   37   92 311982.000 28593.0434  90.8%  24.6  240s
 94001 40663 36176.8067   33  102 311982.000 28813.8843  90.8%  24.6  245s
 95818 41493     cutoff   34      311982.000 29000.6764  90.7%  24.6  250s
 97539 42186 200469.000   43   50 311982.000 29340.7490  90.6%  24.7  255s
 99323 42971 29707.9025   32   84 311982.000 29597.6946  90.5%  24.7  260s
 101202 43682 54215.6250   40   54 311982.000 29858.6166  90.4%  24.7  265s
 103021 44418 256405.276   43   81 311982.000 30059.1963  90.4%  24.7  271s
 104463 44929 173408.658   46   49 311982.000 30263.5168  90.3%  24.7  275s
 105464 45374 75211.3872   40   68 311982.000 30406.2011  90.3%  24.8  280s
 106858 45903 74020.3246   46   81 311982.000 30598.1709  90.2%  24.8  285s
 108183 46369 57861.0000   57   55 311982.000 30822.3836  90.1%  24.9  291s
 109593 47000 55661.6386   36   52 311982.000 30969.1968  90.1%  24.9  295s
 110933 47509 infeasible   40      311982.000 31137.3729  90.0%  24.9  300s
 112317 48086 86431.0207   38   98 311982.000 31330.7033  90.0%  24.9  305s
 113648 48542 268356.000   53   70 311982.000 31505.6520  89.9%  25.0  310s
 115265 49155 62902.1694   30  100 311982.000 31744.4607  89.8%  25.0  315s
 116894 49836 237477.571   66   52 311982.000 31933.2346  89.8%  25.1  320s
 118419 50568 103526.801   49   74 311982.000 32218.2255  89.7%  25.2  325s
 119881 51021 infeasible   42      311982.000 32446.2424  89.6%  25.2  330s
 121254 51509 92592.8220   52   76 311982.000 32677.0689  89.5%  25.2  335s
 122883 52199 197802.781   49   79 311982.000 32976.1929  89.4%  25.3  340s
 124342 52843 100376.282   49   68 311982.000 33124.7307  89.4%  25.3  345s
 126226 53349 148729.000   35   56 311982.000 33369.2819  89.3%  25.4  350s
 127524 53911 94215.5035   39   83 311982.000 33560.8912  89.2%  25.4  355s
 129276 54705 70317.6314   33   95 311982.000 33750.9887  89.2%  25.4  360s
 130693 55302 97743.9700   37   85 311982.000 33954.5252  89.1%  25.4  365s
 132457 55961     cutoff   56      311982.000 34141.4810  89.1%  25.4  370s
 133956 56504 39981.6013   32   84 311982.000 34428.7490  89.0%  25.5  376s
 134966 56892 206522.813   37   83 311982.000 34624.4213  88.9%  25.5  380s
 136804 57551 53268.9581   35   99 311982.000 34918.7751  88.8%  25.5  385s
 138631 58300 122836.000   48   50 311982.000 35180.0308  88.7%  25.5  390s
 140289 59122 151937.737   35   81 311982.000 35328.2432  88.7%  25.5  395s
 141820 59681 185757.959   39   60 311982.000 35483.6327  88.6%  25.5  400s
 143586 60575 192898.000   39   56 311982.000 35584.9692  88.6%  25.5  405s
 145263 61223     cutoff   41      311982.000 35788.1644  88.5%  25.5  410s
 147346 61975 53972.3330   42   80 311982.000 36014.3261  88.5%  25.5  415s
 149010 62703 53736.8421   29   95 311982.000 36186.8083  88.4%  25.6  420s
 150867 63460 168302.027   35   81 311982.000 36356.2698  88.3%  25.6  425s
 152789 64133 85691.3899   47   60 311982.000 36579.1316  88.3%  25.6  430s
 154897 64916 215683.000   54   35 311982.000 36873.8402  88.2%  25.6  435s
 156709 65557 289011.000   48   33 311982.000 37070.0072  88.1%  25.6  440s
 158201 66094     cutoff   46      311982.000 37292.2611  88.0%  25.6  446s
 159220 66496 178503.460   37   63 311982.000 37484.9530  88.0%  25.7  450s
 160623 67148 47189.8944   44   62 311982.000 37644.1663  87.9%  25.7  455s
 162222 67831     cutoff   41      311982.000 37822.7542  87.9%  25.6  460s
 164048 68614 221035.000   69   28 311982.000 37991.2919  87.8%  25.6  466s
 165472 69145 287360.561   54   54 311982.000 38106.7337  87.8%  25.6  470s
 167548 69924 79500.1978   34   91 311982.000 38239.0605  87.7%  25.6  475s
 169433 70749 49011.6197   33   63 311982.000 38479.0330  87.7%  25.6  480s
 171447 71505 129048.437   46   60 311982.000 38569.8450  87.6%  25.6  485s
 173103 72275     cutoff   50      311982.000 38680.8114  87.6%  25.6  490s
 175022 73018     cutoff   42      311982.000 38827.0271  87.6%  25.6  495s
 176800 73576 209878.000   67   30 311982.000 39056.9237  87.5%  25.6  500s
 178271 74055 95735.0000   42   58 311982.000 39191.6301  87.4%  25.6  505s
 179632 74593 156250.982   29   61 311982.000 39374.2449  87.4%  25.6  510s
 181409 75343 39935.9624   32   72 311982.000 39532.5223  87.3%  25.7  515s
 183318 76142 188690.614   41   55 311982.000 39722.5162  87.3%  25.7  520s
 185160 76858     cutoff   56      311982.000 39898.9347  87.2%  25.7  525s
 186758 77425 207955.000   40   46 311982.000 40138.3208  87.1%  25.7  530s
 188297 77972 infeasible   52      311982.000 40285.2669  87.1%  25.7  535s
 190251 78588 166849.662   35   75 311982.000 40424.9789  87.0%  25.7  540s
 190999 78925 95237.7697   37   72 311982.000 40518.0000  87.0%  25.7  545s
 192107 79311 101323.725   43   61 311982.000 40663.8691  87.0%  25.7  550s
 194290 80244 291620.000   43   45 311982.000 40851.6069  86.9%  25.7  555s
 196142 80863 279354.000   59   34 311982.000 41107.8462  86.8%  25.7  561s
 197118 81230 infeasible   65      311982.000 41195.2992  86.8%  25.7  565s
 198513 81720 54114.8372   52   41 311982.000 41311.6302  86.8%  25.8  570s
 200355 82322     cutoff   44      311982.000 41501.1520  86.7%  25.8  575s
 201804 82844 56458.0000   57   51 311982.000 41697.7684  86.6%  25.8  580s
 203308 83293 168363.074   45  108 311982.000 41880.3611  86.6%  25.8  585s
 205193 83985 298320.210   53   36 311982.000 42027.8264  86.5%  25.8  590s
 206976 84710 infeasible   61      311982.000 42208.9161  86.5%  25.8  595s
 208367 85177 144220.384   53   79 311982.000 42330.3084  86.4%  25.8  600s
 209801 85658     cutoff   34      311982.000 42502.4347  86.4%  25.9  605s
 211267 86191 187576.540   48   48 311982.000 42675.9105  86.3%  25.9  610s
 213428 86866 235505.000   43   43 311982.000 42886.3682  86.3%  25.9  615s
 215432 87640 105652.592   44   80 311982.000 43073.1136  86.2%  25.9  620s
 217369 88444 110704.036   34   78 311982.000 43195.7510  86.2%  25.9  625s
 219687 89293 178046.193   35   51 311982.000 43416.0000  86.1%  25.9  630s
 221646 90005 156256.000   37   48 311982.000 43569.8394  86.0%  25.9  635s
 223431 90543 57596.2939   50   85 311982.000 43793.3357  86.0%  25.9  640s
 225053 91148 184129.714   42   69 311982.000 43953.9125  85.9%  25.9  645s
 227083 91792 234666.738   60   45 311982.000 44172.8449  85.8%  26.0  650s
 229110 92372 infeasible   36      311982.000 44375.1461  85.8%  26.0  655s
 230786 92853 204794.745   35   53 311982.000 44557.2390  85.7%  26.0  660s
 232429 93455     cutoff   33      311982.000 44724.4177  85.7%  26.1  665s
 234567 94301 75279.3111   33   82 311982.000 44915.0955  85.6%  26.1  670s
 236433 94969 122614.390   43   75 311982.000 45110.0000  85.5%  26.1  675s
 238327 95769 infeasible   47      311982.000 45223.6300  85.5%  26.1  680s
 240200 96469 infeasible   31      311982.000 45457.6766  85.4%  26.1  685s
 242098 97212 100543.533   53   75 311982.000 45613.3799  85.4%  26.1  690s
 244115 98042 187110.000   57   27 311982.000 45740.5575  85.3%  26.1  695s
 245419 98441 171908.467   48   72 311982.000 45852.3042  85.3%  26.1  700s
 247516 99227 237740.000   50   32 311982.000 45965.6048  85.3%  26.1  705s
 249376 99851 infeasible   50      311982.000 46123.1964  85.2%  26.1  710s
 251178 100499 295992.000   61   38 311982.000 46305.0000  85.2%  26.1  715s
 253289 101312 infeasible   58      311982.000 46414.0000  85.1%  26.1  720s
 255470 102427 110161.611   27   97 311982.000 46525.9358  85.1%  26.0  725s
 257378 103101 infeasible   47      311982.000 46655.3715  85.0%  26.0  730s
 259114 103683     cutoff   41      311982.000 46811.7577  85.0%  26.0  735s
 260904 104412 163039.257   37   71 311982.000 46941.4447  85.0%  26.0  740s
 262627 105041     cutoff   58      311982.000 47117.0318  84.9%  26.1  745s
 264187 105590 112767.406   40   76 311982.000 47210.5243  84.9%  26.1  750s
 266178 106320 69656.3648   37   83 311982.000 47352.5835  84.8%  26.0  755s
 268153 107111 177830.273   36  106 311982.000 47477.5940  84.8%  26.0  760s
 269810 107629 117253.691   41   62 311982.000 47612.1114  84.7%  26.0  765s
 271585 108365 168816.098   30   76 311982.000 47749.0000  84.7%  26.1  770s
 273861 109280 infeasible   51      311982.000 47889.3870  84.6%  26.0  775s
 275909 110118 131338.048   49   53 311982.000 48034.2967  84.6%  26.0  780s
 278337 111015     cutoff   46      311982.000 48184.6917  84.6%  26.0  785s
 280642 112043 95972.9098   58   61 311982.000 48370.0000  84.5%  26.0  790s
 282571 112865 162299.746   44   76 311982.000 48429.9161  84.5%  26.0  795s
 284864 113633 231320.000   46   52 311982.000 48555.0086  84.4%  26.0  800s
 286834 114497 296910.000   48   44 311982.000 48672.3907  84.4%  26.0  805s
 289084 115456 80656.6443   38   73 311982.000 48767.5577  84.4%  26.0  810s
 290793 116221 203814.000   36   60 311982.000 48865.0000  84.3%  26.0  815s
 293022 117008 infeasible   37      311982.000 48981.4597  84.3%  26.0  820s
 294972 117793 271614.000   78   31 311982.000 49037.9905  84.3%  26.0  825s
 296758 118477 infeasible   42      311982.000 49142.6169  84.2%  26.0  830s
 298656 119169 77878.3987   38   86 311982.000 49238.8636  84.2%  26.0  835s
 300784 119986 281669.615   43   49 311982.000 49422.1382  84.2%  26.0  840s
 302598 120614 223077.994   36   52 311982.000 49537.7337  84.1%  26.0  845s
 304934 121444 infeasible   50      311982.000 49697.3161  84.1%  26.0  850s
 306614 122034 310514.000   58   11 311982.000 49861.1981  84.0%  26.0  855s
 308693 122827 infeasible   68      311982.000 50000.7805  84.0%  26.0  860s
 310651 123491 158991.000   69   50 311982.000 50089.0000  83.9%  26.0  865s
 312442 124170 167329.672   50   67 311982.000 50175.8953  83.9%  26.0  870s
 314261 124968 114981.000   46   64 311982.000 50304.4153  83.9%  26.0  875s
 316172 125655 162352.508   34   88 311982.000 50423.4175  83.8%  26.0  880s
 317866 126213 158708.000   39   57 311982.000 50536.3746  83.8%  26.0  885s
 319745 126991 51533.9821   46   85 311982.000 50640.8447  83.8%  26.0  890s
 321641 127638 infeasible   39      311982.000 50739.1355  83.7%  26.0  895s
 323325 128219 265904.574   41   60 311982.000 50817.3523  83.7%  26.0  900s
 325232 129057 infeasible   63      311982.000 50947.2980  83.7%  26.0  905s
 327167 129756 infeasible   49      311982.000 51044.5807  83.6%  26.0  910s
 328875 130381 92302.6834   61   87 311982.000 51164.5349  83.6%  26.0  915s
 330823 131261 60581.2324   41   77 311982.000 51340.3571  83.5%  26.0  920s
 332779 131797 118647.719   37   92 311982.000 51438.4440  83.5%  26.0  925s
 334413 132489 infeasible   43      311982.000 51543.9150  83.5%  26.0  930s
 336203 133081 131797.445   57   77 311982.000 51660.5905  83.4%  26.1  935s
 337999 133702     cutoff   37      311982.000 51782.0837  83.4%  26.1  940s
 339421 134170 infeasible   41      311982.000 51887.8213  83.4%  26.1  945s
 340964 134733 infeasible   54      311982.000 51981.8269  83.3%  26.1  950s
 342359 135200 infeasible   48      311982.000 52064.3582  83.3%  26.1  955s
 344149 135861 111321.930   39  106 311982.000 52164.7028  83.3%  26.1  960s
 345833 136424     cutoff   44      311982.000 52276.4968  83.2%  26.1  965s
 347914 137148 253293.000   64   25 311982.000 52400.0000  83.2%  26.1  970s
 349648 137726 197634.136   38   54 311982.000 52496.5188  83.2%  26.1  975s
 351927 138463 258758.545   50   61 311982.000 52630.6102  83.1%  26.1  980s
 353597 139039     cutoff   40      311982.000 52734.4886  83.1%  26.1  985s
 355468 139692 128582.894   35  104 311982.000 52840.2387  83.1%  26.1  990s
 357178 140415 301564.000   66   38 311982.000 52960.0181  83.0%  26.1  995s
 359375 141180 254031.739   50   40 311982.000 53088.6244  83.0%  26.1 1000s
 361148 141742 290031.000   48   47 311982.000 53155.0000  83.0%  26.1 1005s
 362882 142342 256313.201   51   65 311982.000 53219.0000  82.9%  26.1 1010s
 364657 142997 185937.430   40   65 311982.000 53336.9371  82.9%  26.1 1015s
 366498 143625 72114.4435   49   74 311982.000 53437.9985  82.9%  26.1 1020s
 368604 144334     cutoff   51      311982.000 53548.8115  82.8%  26.2 1025s
 370387 144920 256751.000   66   17 311982.000 53666.8077  82.8%  26.2 1030s
 372133 145554 59837.5172   34   72 311982.000 53801.2735  82.8%  26.2 1035s
 374450 146520 131908.361   38  109 311982.000 53897.4703  82.7%  26.1 1040s
 376152 147083 55671.8029   49   95 311982.000 54002.7003  82.7%  26.2 1045s
 377840 147774 102753.101   42   75 311982.000 54051.1724  82.7%  26.2 1050s
 379499 148440 224073.279   56   70 311982.000 54137.1088  82.6%  26.2 1055s
 381296 148980 75504.1781   37   70 311982.000 54253.5951  82.6%  26.2 1060s
 383364 149872 132675.620   41   67 311982.000 54374.9496  82.6%  26.2 1065s
 385214 150592 118551.635   41   67 311982.000 54479.2945  82.5%  26.2 1070s
 386984 151276 120664.957   40   98 311982.000 54554.3471  82.5%  26.2 1075s
 389110 152023 98274.9974   37   96 311982.000 54707.0235  82.5%  26.2 1080s
 390757 152615 272292.826   49   76 311982.000 54768.7238  82.4%  26.2 1085s
 392322 153279 190071.000   33   57 311982.000 54858.6850  82.4%  26.2 1090s
 394099 153858 171233.992   41   87 311982.000 54937.4683  82.4%  26.2 1095s
 395875 154478 191937.953   36   79 311982.000 55013.9535  82.4%  26.2 1100s
 398105 155216 245074.799   51   88 311982.000 55101.7985  82.3%  26.3 1105s
 399827 155741 infeasible   62      311982.000 55216.2408  82.3%  26.3 1110s
 401498 156431 112107.243   58   53 311982.000 55323.7355  82.3%  26.3 1115s
 403483 157035 89525.9849   58   62 311982.000 55401.8572  82.2%  26.3 1120s
 405493 157797 240239.365   58   47 311982.000 55516.8370  82.2%  26.3 1125s
 407303 158368 201603.410   39   38 311982.000 55597.2084  82.2%  26.3 1130s
 409022 158959     cutoff   63      311982.000 55667.0414  82.2%  26.3 1135s
 410701 159714 267309.343   42   83 311982.000 55721.1967  82.1%  26.3 1140s
 412475 160280 198434.866   42   59 311982.000 55825.0686  82.1%  26.3 1145s
 414541 161076 239469.000   64   44 311982.000 55921.0033  82.1%  26.3 1150s
 416389 161792 116256.558   56   72 311982.000 55982.0000  82.1%  26.3 1155s
 418231 162421 58133.2793   76   96 311982.000 56054.1642  82.0%  26.3 1160s
 419962 163076 258028.000   63   21 311982.000 56133.4900  82.0%  26.3 1165s
 421662 163574 209720.000   38   43 311982.000 56228.0000  82.0%  26.3 1170s
 423515 164315 85148.2977   53   58 311982.000 56299.4280  82.0%  26.3 1175s
 425829 164974 144838.000   47   45 311982.000 56415.1111  81.9%  26.3 1180s
 427847 165695 107023.244   38   79 311982.000 56472.6675  81.9%  26.3 1185s
 429671 166372 236033.913   51   49 311982.000 56534.3382  81.9%  26.3 1190s
 431316 166976 57629.9686   38   66 311982.000 56596.5211  81.9%  26.3 1195s
 432698 167483 69123.7194   39   50 311982.000 56653.0000  81.8%  26.3 1200s
 434447 168136 infeasible   43      311982.000 56736.9692  81.8%  26.3 1205s
 436097 168772 63146.4130   44   70 311982.000 56809.9853  81.8%  26.4 1211s
 437810 169376 infeasible   42      311982.000 56911.0915  81.8%  26.4 1215s
 439806 170225 158213.460   43  128 311982.000 56997.3291  81.7%  26.4 1220s
 441714 170785 111756.283   54   52 311982.000 57074.6413  81.7%  26.4 1225s
 443604 171375 202854.000   50   41 311982.000 57170.0366  81.7%  26.4 1230s
 445376 172067 77018.2996   53   67 311982.000 57251.7010  81.6%  26.4 1235s
 447114 172705 136172.000   36   65 311982.000 57331.8745  81.6%  26.4 1240s
 448989 173263 infeasible   39      311982.000 57439.6930  81.6%  26.4 1245s
 450718 173825 121210.511   42   78 311982.000 57522.0342  81.6%  26.4 1250s
 452445 174384 58979.4258   33  103 311982.000 57595.8514  81.5%  26.4 1255s
 454163 174931 283291.000   75   30 311982.000 57706.3776  81.5%  26.4 1260s
 455951 175524 infeasible   37      311982.000 57787.8673  81.5%  26.4 1265s
 457438 175955 81675.3241   56   84 311982.000 57887.3195  81.4%  26.4 1270s
 459098 176545 112424.730   38   79 311982.000 57953.1589  81.4%  26.4 1275s
 460674 177151 275423.528   40   41 311982.000 58027.3084  81.4%  26.4 1280s
 462544 177729 infeasible   58      311982.000 58112.1379  81.4%  26.4 1285s
 464160 178382 243237.636   57   89 311982.000 58194.0721  81.3%  26.4 1290s
 465840 179100 60235.7326   34   70 311982.000 58290.2384  81.3%  26.4 1295s
 467673 179747 218586.669   49  104 311982.000 58354.8366  81.3%  26.4 1300s
 469441 180436 280586.000   43   36 311982.000 58423.6406  81.3%  26.4 1305s
 471370 181074 146934.643   47   63 311982.000 58523.6416  81.2%  26.5 1310s
 473261 181716 206707.000   62   31 311982.000 58623.5645  81.2%  26.5 1315s
 474757 182196     cutoff   56      311982.000 58697.3294  81.2%  26.5 1320s
 476550 182861 205368.000   63   29 311982.000 58785.3159  81.2%  26.5 1325s
 478449 183553 infeasible   41      311982.000 58881.4261  81.1%  26.5 1330s
 480228 184285 183162.000   39   46 311982.000 58971.2201  81.1%  26.5 1335s
 482279 184896 180156.000   38   36 311982.000 59038.5476  81.1%  26.5 1340s
 484128 185543 304454.000   40   38 311982.000 59124.3809  81.0%  26.5 1345s
 485949 186168 247829.802   47   60 311982.000 59199.5231  81.0%  26.5 1350s
 487786 186871 261561.617   48   42 311982.000 59279.8167  81.0%  26.5 1355s
 489752 187397 59850.5124   44   66 311982.000 59339.3440  81.0%  26.5 1360s
 490825 187806 infeasible   47      311982.000 59392.9206  81.0%  26.5 1365s
 492661 188446 232552.000   55   46 311982.000 59450.1529  80.9%  26.5 1370s
 494455 188940     cutoff   54      311982.000 59530.4140  80.9%  26.5 1375s
 496143 189547 201823.576   45   73 311982.000 59602.6538  80.9%  26.5 1380s
 497899 190113 infeasible   49      311982.000 59688.2486  80.9%  26.5 1386s
 499446 190543 169319.029   45   69 311982.000 59750.5808  80.8%  26.5 1390s
 500752 190975 64656.7083   63   96 311982.000 59805.3869  80.8%  26.5 1395s
 502680 191634 245757.000   53   45 311982.000 59898.4005  80.8%  26.5 1400s
 504516 192347 203822.000   57   43 311982.000 60000.1635  80.8%  26.5 1405s
 506353 192930 122264.516   55   80 311982.000 60131.1980  80.7%  26.5 1410s
 508116 193522     cutoff   62      311982.000 60232.7230  80.7%  26.5 1415s
 509850 194153 136475.651   55   76 311982.000 60375.9556  80.6%  26.5 1420s
 511688 194856 182470.792   31   93 311982.000 60453.2991  80.6%  26.5 1425s
 513418 195412 238769.081   38   54 311982.000 60515.1802  80.6%  26.5 1430s
 515285 196090 276554.000   46   44 311982.000 60598.5430  80.6%  26.5 1435s
 517211 196687 253159.000   56   35 311982.000 60714.8994  80.5%  26.5 1440s
 518715 197204     cutoff   42      311982.000 60799.3612  80.5%  26.5 1445s
 520455 197763 164173.350   31   96 311982.000 60874.0000  80.5%  26.5 1450s
 522293 198340 222156.309   45   28 311982.000 60978.9785  80.5%  26.5 1455s
 524014 198937 231886.375   69   72 311982.000 61042.7977  80.4%  26.6 1460s
 525707 199522 250321.000   57   42 311982.000 61119.7288  80.4%  26.6 1465s
 527651 200193 135165.396   40   81 311982.000 61210.1633  80.4%  26.6 1470s
 529369 200664 237349.000   67   45 311982.000 61283.3840  80.4%  26.6 1475s
 531189 201275 infeasible   34      311982.000 61337.1573  80.3%  26.6 1480s
 533035 202030 163535.961   61   77 311982.000 61387.3765  80.3%  26.6 1485s
 534818 202663 197876.386   50   45 311982.000 61467.5073  80.3%  26.6 1490s
 535849 202989 143319.818   52   80 311982.000 61511.1251  80.3%  26.6 1495s
 537259 203515     cutoff   52      311982.000 61582.5455  80.3%  26.6 1500s
 538971 204111 202547.792   45   62 311982.000 61671.9519  80.2%  26.6 1505s
 540872 204755 233025.036   37   60 311982.000 61718.1185  80.2%  26.6 1510s
 542734 205473 187724.052   51   71 311982.000 61798.1908  80.2%  26.6 1515s
 544622 206189 97684.8276   52   46 311982.000 61857.7301  80.2%  26.6 1520s
 546536 206905 69234.2748   50   89 311982.000 61935.0000  80.1%  26.6 1525s
 548021 207371 169817.868   43   69 311982.000 62003.9797  80.1%  26.6 1530s
 549730 207965 224615.482   46   60 311982.000 62078.9474  80.1%  26.6 1535s
 551514 208464 140696.408   52   82 311982.000 62129.9584  80.1%  26.6 1540s
 553244 209002 111071.346   42   72 311982.000 62221.6825  80.1%  26.6 1545s
 555079 209692 219288.207   41   56 311982.000 62294.5410  80.0%  26.6 1550s
 557060 210306 infeasible   62      311982.000 62370.8718  80.0%  26.6 1555s
 558457 210771 infeasible   42      311982.000 62418.9373  80.0%  26.6 1560s
 560399 211462 240906.429   62   47 311982.000 62489.8176  80.0%  26.6 1565s
 562055 211922 98645.3989   34   93 311982.000 62584.0348  79.9%  26.6 1570s
 563549 212459 210345.198   39   58 311982.000 62648.4778  79.9%  26.6 1575s
 565331 213007 infeasible   43      311982.000 62718.2500  79.9%  26.7 1580s
 567101 213651 infeasible   49      311982.000 62802.5910  79.9%  26.7 1585s
 568912 214385 infeasible   51      311982.000 62874.0000  79.8%  26.7 1591s
 570394 214894 183668.000   33   37 311982.000 62932.3828  79.8%  26.7 1595s
 572225 215502 168122.000   55   43 311982.000 63027.3092  79.8%  26.7 1600s
 574025 216132 87849.0100   36   68 311982.000 63107.5167  79.8%  26.7 1605s
 575681 216646 138264.060   47   62 311982.000 63173.0000  79.8%  26.7 1610s
 577366 217193 137643.667   48   54 311982.000 63252.7980  79.7%  26.7 1615s
 579113 217814 260483.132   36   86 311982.000 63304.3628  79.7%  26.7 1620s
 580909 218428     cutoff   49      311982.000 63374.3781  79.7%  26.7 1625s
 582666 218986 107033.764   35   74 311982.000 63476.1608  79.7%  26.7 1631s
 584047 219520 70338.9789   33  104 311982.000 63542.0801  79.6%  26.7 1635s
 585836 220112 256497.000   68   40 311982.000 63601.4935  79.6%  26.7 1640s
 587516 220700 249168.000   56   27 311982.000 63668.4044  79.6%  26.7 1645s
 589154 221259 216900.431   41   59 311982.000 63729.5661  79.6%  26.7 1650s
 591037 221941 77600.2742   89   62 311982.000 63789.0000  79.6%  26.7 1656s
 592474 222415 224884.545   60   37 311982.000 63854.7458  79.5%  26.7 1660s
 594231 223085 108781.531   35   62 311982.000 63909.2379  79.5%  26.7 1665s
 595994 223734 76249.3011   35   70 311982.000 63972.6462  79.5%  26.7 1670s
 597886 224365 113191.136   39  104 311982.000 64059.6861  79.5%  26.8 1675s
 599463 224886 163961.000   43   68 311982.000 64129.7743  79.4%  26.8 1680s
 600845 225418 307148.000   47   43 311982.000 64188.8695  79.4%  26.8 1685s
 602642 226013 122628.791   67   92 311982.000 64254.9594  79.4%  26.8 1690s
 604327 226519 infeasible   38      311982.000 64292.0000  79.4%  26.8 1695s
 606160 227151     cutoff   80      311982.000 64376.7766  79.4%  26.8 1700s
 607971 227790 106389.019   37   63 311982.000 64446.9734  79.3%  26.8 1705s
 609490 228283 68363.4454   53   84 311982.000 64487.5511  79.3%  26.8 1710s
 611387 228833 255114.000   88   31 311982.000 64571.7689  79.3%  26.8 1715s
 613318 229416 305561.000   53   12 311982.000 64637.2788  79.3%  26.8 1720s
 615011 229815 infeasible   36      311982.000 64712.5280  79.3%  26.8 1725s
 616483 230403 163002.000   45   47 311982.000 64753.6808  79.2%  26.8 1730s
 618023 230889 81400.8862   38   49 311982.000 64809.4830  79.2%  26.8 1735s
 619589 231425 290386.000   51   34 311982.000 64844.8400  79.2%  26.8 1740s
 621055 231893 238135.000   53   47 311982.000 64911.6381  79.2%  26.8 1745s
 622537 232426 72482.6447   43   81 311982.000 64963.0691  79.2%  26.8 1750s
 624054 232910 153043.039   46   71 311982.000 65019.3239  79.2%  26.8 1756s
 625055 233302 126913.773   32   66 311982.000 65065.7167  79.1%  26.8 1760s
 626336 233716 161178.279   58   63 311982.000 65108.2299  79.1%  26.8 1765s
 628201 234325 infeasible   33      311982.000 65178.3528  79.1%  26.8 1770s
 629656 234748 149399.954   40   85 311982.000 65228.2708  79.1%  26.8 1775s
 631521 235423 216347.000   38   54 311982.000 65269.2646  79.1%  26.8 1780s
 633379 236092 271613.737   36   82 311982.000 65343.7175  79.1%  26.8 1785s
 634814 236575 infeasible   58      311982.000 65380.3559  79.0%  26.8 1790s
 636563 237156 181445.817   44   43 311982.000 65435.0000  79.0%  26.8 1796s
 638015 237524 68095.9085   56   93 311982.000 65507.2203  79.0%  26.8 1800s

Cutting planes:
  Learned: 549
  Gomory: 143
  Lift-and-project: 10
  Cover: 31
  Implied bound: 27
  Projected implied bound: 12
  MIR: 568
  Mixing: 63
  StrongCG: 283
  Flow cover: 1943
  Inf proof: 408
  Zero half: 55
  Mod-K: 1
  RLT: 62
  Relax-and-lift: 94

Explored 638152 nodes (17134112 simplex iterations) in 1800.05 seconds (1100.96 work units)
Thread count was 4 (of 4 available processors)

Solution count 10: 311982 341403 342233 ... 429909

Time limit reached
Best objective 3.119820000000e+05, best bound 6.550800000000e+04, gap 79.0026%

---------------------------------------------------------------------------
Multi-objectives: stopped in 1800.72 seconds (1100.96 work units), solution count 10
Time Limit reached


User-callback calls 1852110, time in user-callback 18.22 sec
