
Gurobi 12.0.3 (linux64) logging started Fri Jan  2 00:11:41 2026

Set parameter LogFile to value "/home/bazzo/Scrivania/fjsp_rescheduling/simulations/logs/EX10/gurobi_exp10.log"
Set parameter OutputFlag to value 1
Gurobi Optimizer version 12.0.3 build v12.0.3rc0 (linux64 - "Ubuntu 22.04.5 LTS")

CPU model: Intel(R) Xeon(R) W-2145 CPU @ 3.70GHz, instruction set [SSE2|AVX|AVX2|AVX512]
Thread count: 8 physical cores, 16 logical processors, using up to 16 threads

Optimize a model with 11262 rows, 9661 columns and 48392 nonzeros
Model fingerprint: 0xd6e7492d
Model has 15 quadratic constraints
Coefficient statistics:
  Matrix range     [1e+00, 6e+02]
  QMatrix range    [1e+00, 1e+00]
  QLMatrix range   [1e+00, 1e+00]
  Objective range  [0e+00, 0e+00]
  Bounds range     [1e+00, 1e+00]
  RHS range        [1e+00, 2e+03]
Presolve removed 4076 rows and 6252 columns
Presolve time: 0.01s
Presolved: 7216 rows, 4114 columns, 34622 nonzeros
Presolved model has 15 second-order cone constraints
Ordering time: 0.00s

Barrier statistics:
 Dense cols : 161
 AA' NZ     : 3.485e+04
 Factor NZ  : 5.733e+04 (roughly 5 MB of memory)
 Factor Ops : 1.457e+06 (less than 1 second per iteration)
 Threads    : 8

                  Objective                Residual
Iter       Primal          Dual         Primal    Dual     Compl     Time
   0   0.00000000e+00 -1.40438504e+04  1.91e+02 1.00e-01  8.27e+00     0s
   1   0.00000000e+00 -1.62361311e+04  4.08e+01 5.01e-01  2.18e+00     0s
   2   0.00000000e+00 -6.44369388e+03  6.42e+00 1.48e-01  5.43e-01     0s
   3   0.00000000e+00 -1.71922963e+03  1.38e+00 2.55e-02  1.33e-01     0s
   4   0.00000000e+00 -2.73701833e+02  1.63e-01 5.81e-03  2.06e-02     0s
   5   0.00000000e+00 -1.18245531e+01  5.65e-03 1.03e-03  8.75e-04     0s
   6   0.00000000e+00 -9.43778402e+00  4.40e-03 2.68e-03  6.97e-04     0s
   7   0.00000000e+00 -7.91579070e+00  3.97e-03 2.63e-03  5.84e-04     0s
   8   0.00000000e+00 -7.75391722e+00  2.45e-03 2.58e-03  5.73e-04     0s
   9   0.00000000e+00 -7.68168132e+00  2.38e-03 2.65e-03  5.67e-04     0s
  10   0.00000000e+00 -3.59021361e+00  2.05e-03 1.68e-03  2.61e-04     0s
  11   0.00000000e+00 -3.39965108e+00  1.91e-03 1.26e-03  2.50e-04     0s
  12   0.00000000e+00 -3.30993917e+00  1.90e-03 1.21e-03  2.43e-04     0s
  13   0.00000000e+00 -2.96236676e+00  1.83e-03 2.38e-03  2.15e-04     0s
  14   0.00000000e+00 -2.52995841e+00  9.37e-04 1.75e-03  1.84e-04     0s
  15   0.00000000e+00 -1.08752405e+00  9.49e-06 1.07e-03  8.02e-05     0s
  16   0.00000000e+00 -6.66445936e-01  1.99e-06 6.53e-04  4.91e-05     0s
  17   0.00000000e+00 -6.21546637e-01  5.03e-09 5.93e-04  4.52e-05     0s
  18   0.00000000e+00 -3.86457721e-02  1.31e-10 4.15e-05  2.77e-06     0s
  19   0.00000000e+00 -3.25064857e-04  1.66e-10 3.45e-07  2.30e-08     0s
  20   0.00000000e+00 -1.15352089e-06  1.02e-10 1.23e-09  8.17e-11     0s
  21   0.00000000e+00 -4.81060827e-07  1.32e-10 1.50e-08  1.81e-13     0s

Barrier solved model in 21 iterations and 0.18 seconds (0.12 work units)
Optimal objective 0.00000000e+00

Set parameter TimeLimit to value 2160
Set parameter Presolve to value 2
Set parameter MIPFocus to value 3
Set parameter Heuristics to value 0.1
Set parameter ImproveStartGap to value 0.5
Set parameter Presolve to value 2
Gurobi Optimizer version 12.0.3 build v12.0.3rc0 (linux64 - "Ubuntu 22.04.5 LTS")

CPU model: Intel(R) Xeon(R) W-2145 CPU @ 3.70GHz, instruction set [SSE2|AVX|AVX2|AVX512]
Thread count: 8 physical cores, 16 logical processors, using up to 16 threads

Non-default parameters:
TimeLimit  2160
Heuristics  0.1
MIPFocus  3
Presolve  2
ImproveStartGap  0.5

Optimize a model with 11262 rows, 9661 columns and 48392 nonzeros
Model fingerprint: 0x7976b499
Model has 15 quadratic constraints
Variable types: 15 continuous, 9646 integer (9450 binary)
Coefficient statistics:
  Matrix range     [1e+00, 6e+02]
  QMatrix range    [1e+00, 1e+00]
  QLMatrix range   [1e+00, 1e+00]
  Objective range  [1e+00, 1e+00]
  Bounds range     [1e+00, 1e+00]
  RHS range        [1e+00, 2e+03]
Presolve removed 3219 rows and 6119 columns
Presolve time: 0.22s
Presolved: 8043 rows, 3542 columns, 39346 nonzeros
Presolved model has 15 quadratic constraint(s)
Variable types: 15 continuous, 3527 integer (3430 binary)
Root relaxation presolve removed 4462 rows and 1992 columns
Root relaxation presolved: 3581 rows, 1550 columns, 18909 nonzeros


Root relaxation: objective 0.000000e+00, 216 iterations, 0.03 seconds (0.03 work units)

    Nodes    |    Current Node    |     Objective Bounds      |     Work
 Expl Unexpl |  Obj  Depth IntInf | Incumbent    BestBd   Gap | It/Node Time

H    0     0                    2556732.0000    0.00000   100%     -    0s
*    0     0               0    2556732.0000    0.00000   100%     -    0s
     0     0    0.00000    0   46 2556732.00    0.00000   100%     -    0s
H    0     0                    2544780.0000    0.00000   100%     -    0s
     0     0    0.00000    0   34 2544780.00    0.00000   100%     -    0s
H    0     0                    258415.00000    0.00000   100%     -    0s
H    0     0                    5646.0000000    0.00000   100%     -    0s
H    0     0                    5122.0000000    0.00000   100%     -    0s
H    0     0                    5042.0000000    0.00000   100%     -    0s
H    0     0                    5022.0000000    0.00000   100%     -    0s
     0     0    0.00000    0   37 5022.00000    0.00000   100%     -    0s
     0     0    0.00000    0   23 5022.00000    0.00000   100%     -    1s
H    0     0                    4794.0000000    0.00000   100%     -    1s
     0     0    0.00000    0   65 4794.00000    0.00000   100%     -    1s
H    0     0                    4775.0000000    7.66718   100%     -    2s
H    0     0                    4659.0000000    7.66718   100%     -    2s
     0     0    7.75000    0   15 4659.00000    7.75000   100%     -    2s
H    0     0                    4432.0000000    7.75000   100%     -    2s
H    0     0                    4404.0000000    7.75000   100%     -    2s
H    0     0                    4068.0000000    7.75000   100%     -    2s
H    0     0                    3972.0000000    7.75000   100%     -    2s
H    0     0                    3476.0000000    7.75000   100%     -    2s
H    0     0                    3468.0000000    7.75000   100%     -    2s
     0     0   13.30000    0   47 3468.00000   13.30000   100%     -    2s
H    0     0                    3196.0000000   13.30000   100%     -    2s
H    0     0                    3043.0000000   13.30000   100%     -    3s
     0     0   18.00820    0   18 3043.00000   18.00820  99.4%     -    3s
H    0     0                    2891.0000000   18.00820  99.4%     -    3s
     0     0   19.33333    0   93 2891.00000   19.33333  99.3%     -    3s
     0     0   21.33929    0   29 2891.00000   21.33929  99.3%     -    4s
     0     0   21.33929    0   57 2891.00000   21.33929  99.3%     -    4s
     0     0   22.53333    0   76 2891.00000   22.53333  99.2%     -    5s
     0     0   22.53333    0   90 2891.00000   22.53333  99.2%     -    5s
     0     0   24.18182    0   44 2891.00000   24.18182  99.2%     -    7s

Cutting planes:
  Learned: 25
  Gomory: 25
  Lift-and-project: 10
  Implied bound: 15
  MIR: 59
  Mixing: 8
  StrongCG: 27
  Flow cover: 542
  Zero half: 31
  RLT: 3
  Relax-and-lift: 29

Explored 1 nodes (9326 simplex iterations) in 7.08 seconds (7.31 work units)
Thread count was 16 (of 16 available processors)

Solution count 10: 2891 3043 3196 ... 4659

Solve interrupted
Best objective 2.891000000000e+03, best bound 2.418181818182e+01, gap 99.1635%

User-callback calls 5887, time in user-callback 0.03 sec

Gurobi 12.0.3 (linux64) logging started Fri Jan  2 01:13:19 2026

Set parameter LogFile to value "/home/bazzo/Scrivania/fjsp_rescheduling/simulations/logs/EX10/gurobi_exp10.log"
Set parameter OutputFlag to value 1
Set parameter TimeLimit to value 2160
Set parameter Presolve to value 2
Set parameter MIPFocus to value 3
Set parameter Heuristics to value 0.1
Set parameter ImproveStartGap to value 0.5
Set parameter Presolve to value 2
Gurobi Optimizer version 12.0.3 build v12.0.3rc0 (linux64 - "Ubuntu 22.04.5 LTS")

CPU model: Intel(R) Xeon(R) W-2145 CPU @ 3.70GHz, instruction set [SSE2|AVX|AVX2|AVX512]
Thread count: 8 physical cores, 16 logical processors, using up to 16 threads

Non-default parameters:
TimeLimit  2160
Heuristics  0.1
MIPFocus  3
Presolve  2
ImproveStartGap  0.5

Optimize a model with 11262 rows, 9661 columns and 48392 nonzeros
Model fingerprint: 0x7976b499
Model has 15 quadratic constraints
Variable types: 15 continuous, 9646 integer (9450 binary)
Coefficient statistics:
  Matrix range     [1e+00, 6e+02]
  QMatrix range    [1e+00, 1e+00]
  QLMatrix range   [1e+00, 1e+00]
  Objective range  [1e+00, 1e+00]
  Bounds range     [1e+00, 1e+00]
  RHS range        [1e+00, 2e+03]
Presolve removed 3219 rows and 6119 columns
Presolve time: 0.21s
Presolved: 8043 rows, 3542 columns, 39346 nonzeros
Presolved model has 15 quadratic constraint(s)
Variable types: 15 continuous, 3527 integer (3430 binary)
Root relaxation presolve removed 4462 rows and 1992 columns
Root relaxation presolved: 3581 rows, 1550 columns, 18909 nonzeros


Root relaxation: objective 0.000000e+00, 216 iterations, 0.02 seconds (0.03 work units)

    Nodes    |    Current Node    |     Objective Bounds      |     Work
 Expl Unexpl |  Obj  Depth IntInf | Incumbent    BestBd   Gap | It/Node Time

H    0     0                    2556732.0000    0.00000   100%     -    0s
*    0     0               0    2556732.0000    0.00000   100%     -    0s
     0     0    0.00000    0   46 2556732.00    0.00000   100%     -    0s
H    0     0                    2544780.0000    0.00000   100%     -    0s
     0     0    0.00000    0   34 2544780.00    0.00000   100%     -    0s
H    0     0                    258415.00000    0.00000   100%     -    0s
H    0     0                    5646.0000000    0.00000   100%     -    0s
H    0     0                    5122.0000000    0.00000   100%     -    0s
H    0     0                    5042.0000000    0.00000   100%     -    0s
H    0     0                    5022.0000000    0.00000   100%     -    0s
     0     0    0.00000    0   37 5022.00000    0.00000   100%     -    0s
     0     0    0.00000    0   23 5022.00000    0.00000   100%     -    1s
H    0     0                    4794.0000000    0.00000   100%     -    1s
     0     0    0.00000    0   65 4794.00000    0.00000   100%     -    1s
H    0     0                    4775.0000000    7.66718   100%     -    2s
H    0     0                    4659.0000000    7.66718   100%     -    2s
     0     0    7.75000    0   15 4659.00000    7.75000   100%     -    3s
H    0     0                    4432.0000000    7.75000   100%     -    3s
H    0     0                    4404.0000000    7.75000   100%     -    3s
H    0     0                    4068.0000000    7.75000   100%     -    3s
H    0     0                    3972.0000000    7.75000   100%     -    3s
H    0     0                    3476.0000000    7.75000   100%     -    3s
H    0     0                    3468.0000000    7.75000   100%     -    3s
     0     0   13.30000    0   47 3468.00000   13.30000   100%     -    3s
H    0     0                    3196.0000000   13.30000   100%     -    3s
H    0     0                    3043.0000000   13.30000   100%     -    4s
     0     0   18.00820    0   18 3043.00000   18.00820  99.4%     -    4s
H    0     0                    2891.0000000   18.00820  99.4%     -    4s
     0     0   19.33333    0   93 2891.00000   19.33333  99.3%     -    4s
     0     0   21.33929    0   29 2891.00000   21.33929  99.3%     -    5s
     0     0   21.33929    0   57 2891.00000   21.33929  99.3%     -    5s
     0     0   22.53333    0   76 2891.00000   22.53333  99.2%     -    6s
     0     0   22.53333    0   90 2891.00000   22.53333  99.2%     -    6s
     0     0   24.18182    0   44 2891.00000   24.18182  99.2%     -    7s
     0     0   24.18182    0   90 2891.00000   24.18182  99.2%     -    7s
     0     0   25.00176    0   46 2891.00000   25.00176  99.1%     -    8s
     0     0   25.00176    0   83 2891.00000   25.00176  99.1%     -    8s
     0     0   25.04444    0   43 2891.00000   25.04444  99.1%     -   10s
     0     0   25.12695    0   71 2891.00000   25.12695  99.1%     -   10s
     0     0   25.51176    0   55 2891.00000   25.51176  99.1%     -   11s
     0     0   25.51176    0   74 2891.00000   25.51176  99.1%     -   11s
     0     0   25.54748    0   45 2891.00000   25.54748  99.1%     -   11s
     0     0   25.57577    0   86 2891.00000   25.57577  99.1%     -   11s
     0     0   25.98152    0   41 2891.00000   25.98152  99.1%     -   12s
     0     0   25.98152    0   83 2891.00000   25.98152  99.1%     -   12s
     0     0   26.15250    0   61 2891.00000   26.15250  99.1%     -   13s
     0     0   26.15250    0   96 2891.00000   26.15250  99.1%     -   13s
     0     0   26.17188    0   73 2891.00000   26.17188  99.1%     -   13s
     0     0   26.17188    0  108 2891.00000   26.17188  99.1%     -   14s
     0     0   26.30443    0   51 2891.00000   26.30443  99.1%     -   14s
     0     0   26.30443    0   90 2891.00000   26.30443  99.1%     -   14s
     0     0   26.50000    0   53 2891.00000   26.50000  99.1%     -   15s
     0     0   26.50000    0  102 2891.00000   26.50000  99.1%     -   15s
     0     0   26.75049    0   45 2891.00000   26.75049  99.1%     -   15s
     0     0   26.77886    0   99 2891.00000   26.77886  99.1%     -   16s
     0     0   26.78726    0   53 2891.00000   26.78726  99.1%     -   16s
     0     0   26.85714    0   94 2891.00000   26.85714  99.1%     -   16s
     0     0   27.00040    0   48 2891.00000   27.00040  99.1%     -   17s
     0     0   27.00040    0   96 2891.00000   27.00040  99.1%     -   17s
     0     0   27.00040    0   78 2891.00000   27.00040  99.1%     -   18s
     0     0   27.00040    0   83 2891.00000   27.00040  99.1%     -   18s
     0     0   27.00040    0   58 2891.00000   27.00040  99.1%     -   18s
     0     0   27.03846    0  104 2891.00000   27.03846  99.1%     -   18s
     0     0   27.28846    0   52 2891.00000   27.28846  99.1%     -   19s
     0     0   27.35584    0   96 2891.00000   27.35584  99.1%     -   19s
     0     0   27.41667    0   63 2891.00000   27.41667  99.1%     -   19s
     0     0   27.41667    0  112 2891.00000   27.41667  99.1%     -   19s
     0     0   27.56411    0   56 2891.00000   27.56411  99.0%     -   20s
     0     0   27.56411    0   45 2891.00000   27.56411  99.0%     -   20s
H    0     0                    2870.0000000   27.56411  99.0%     -   20s
H    0     0                    2743.0000000   27.56411  99.0%     -   20s
H    0     0                    2688.0000000   27.56411  99.0%     -   21s
H    0     0                    2639.0000000   27.56411  99.0%     -   21s
H    0     0                    2594.0000000   27.56411  98.9%     -   21s
H    0     0                    2391.0000000   27.56411  98.8%     -   21s
H    0     0                    2370.0000000   27.56411  98.8%     -   21s
H    0     0                    2339.0000000   27.56411  98.8%     -   21s
H    0     0                    2324.0000000   27.56411  98.8%     -   21s
H    0     0                    2287.0000000   27.56411  98.8%     -   21s
H    0     0                    2286.0000000   27.56411  98.8%     -   21s
     0     2   27.56411    0   45 2286.00000   27.56411  98.8%     -   21s
H   33    42                    2267.0000000   39.06536  98.3%   723   23s
    96   118   74.85099    6   98 2267.00000   68.30292  97.0%   638   25s
   233   242  111.59676   14  112 2267.00000   82.45455  96.4%   572   30s
H  275   281                    2232.0000000   92.00000  95.9%   602   32s
H  316   325                    2194.0000000   94.74319  95.7%   589   34s
H  333   360                    2181.0000000   94.74319  95.7%   570   34s
   361   418   94.76467    8   99 2181.00000   94.76467  95.7%   547   35s
H  419   440                    2075.0000000   95.18440  95.4%   490   35s
H  446   419                    2059.0000000   97.79012  95.3%   476   38s
   449   421  151.46975    5   57 2059.00000   97.79012  95.3%   473   41s
H  450   401                    2050.0000000   97.79012  95.2%   472   43s
H  450   381                    1987.0000000   97.79012  95.1%   472   43s
   452   382  126.06667   10   46 1987.00000   97.79012  95.1%   470   45s
H  630   484                    1970.0000000   97.79012  95.0%   437   49s
   631   495   97.79012   25  117 1970.00000   97.79012  95.0%   437   50s
   802   627   97.79012   19  111 1970.00000   97.79012  95.0%   447   55s
H  998   715                    1955.0000000   97.79012  95.0%   398   57s
H 1091   783                    1889.0000000   97.79012  94.8%   377   58s
  1268   913   97.79012   24  114 1889.00000   97.79012  94.8%   342   60s
H 1286   890                    1879.0000000   97.79012  94.8%   340   60s
H 1453  1043                    1867.0000000   97.79012  94.8%   312   61s
  2011  1745  185.67871   24  134 1867.00000  101.78724  94.5%   255   65s
H 2615  2290                    1866.0000000  103.16327  94.5%   213   67s
H 2656  2290                    1806.0000000  103.16327  94.3%   211   67s
H 2917  2561                    1753.0000000  104.79147  94.0%   199   68s
  3027  2598  106.10083   23  120 1753.00000  105.77093  94.0%   196   70s
H 3548  3323                    1738.0000000  109.43512  93.7%   181   73s
  4097  3888  114.44685   23   99 1738.00000  112.39298  93.5%   167   75s
H 4730  4542                    1626.0000000  115.39383  92.9%   156   78s
H 5018  4967                    1603.0000000  116.35167  92.7%   151   79s
  5452  5473  213.85641   30  121 1603.00000  116.80966  92.7%   144   81s
H 5481  5465                    1531.0000000  116.80966  92.4%   144   81s
  6634  6611  121.13374   31  103 1531.00000  120.45778  92.1%   130   85s
  8527  8633  125.85714   33   71 1531.00000  123.81030  91.9%   117   91s
  9613  9516  136.12174   34   84 1531.00000  125.94985  91.8%   112   96s
 10604 10773  139.38760   25  134 1531.00000  128.42571  91.6%   109  100s
 12234 12254  129.95585   24  131 1531.00000  129.85634  91.5%   104  106s
 13462 13561  131.86198   23  128 1531.00000  131.69118  91.4%   102  111s
 14841 14979  133.27398   26  160 1531.00000  133.09738  91.3%   100  115s
 16314 16542  169.68022   29  124 1531.00000  134.80502  91.2%  98.2  120s
 17969 17976  255.59506   30  143 1531.00000  136.74198  91.1%  96.8  127s
 18591 18551  137.25000   24  138 1531.00000  137.25000  91.0%  96.2  131s
 20086 20406  139.80831   24  116 1531.00000  139.00000  90.9%  95.1  137s
 21023 21297  144.63369   40  173 1531.00000  140.07813  90.9%  94.5  141s
 22698 23004  411.72146   38   93 1531.00000  141.70000  90.7%  93.5  147s
 23641 24026  194.32417   30  111 1531.00000  142.71538  90.7%  93.0  150s
 25503 25710  290.19536   39   60 1531.00000  144.16513  90.6%  92.3  157s
 26368 26573  156.00271   23  161 1531.00000  145.58549  90.5%  92.2  160s
 27986 28251  147.58737   23  115 1531.00000  147.30612  90.4%  91.8  167s
 28915 29072  156.63256   37  129 1531.00000  147.99373  90.3%  91.2  171s
 30788 30987  241.38585   29  114 1531.00000  150.24096  90.2%  90.3  177s
 31670 32011  151.36000   35   73 1531.00000  151.21302  90.1%  89.8  180s
 33633 33871  171.10494   28  112 1531.00000  153.00000  90.0%  88.8  187s
 34559 34901  162.50268   35  115 1531.00000  153.69186  90.0%  88.4  190s
 36508 36830  601.30108   29   88 1531.00000  155.48210  89.8%  87.7  196s
H36723 36809                    1444.0000000  155.51548  89.2%  87.7  196s
 37519 37729  258.87114   32   88 1444.00000  156.34483  89.2%  87.3  200s
 39331 39340  166.27874   26  160 1444.00000  158.12526  89.0%  86.8  206s
 40824 40961  309.13265   25   64 1444.00000  159.50000  89.0%  86.6  213s
 41683 41959  438.63810   30  115 1444.00000  159.89354  88.9%  86.3  216s
 43629 43709  177.05713   28  136 1444.00000  162.00000  88.8%  85.6  222s
 44451 44656  297.75509   37  109 1444.00000  162.63636  88.7%  85.6  225s
 46358 46513  186.62593   31   99 1444.00000  164.42718  88.6%  85.1  231s
 48169 48225  195.19937   28  127 1444.00000  165.63158  88.5%  84.9  237s
 48989 49114  174.55229   36  175 1444.00000  166.52830  88.5%  84.8  240s
 50772 50537  168.80831   27  127 1444.00000  168.00000  88.4%  84.5  248s
 51307 51424  174.56657   31   87 1444.00000  168.34483  88.3%  84.5  251s
 52976 53046  170.07437   29   85 1444.00000  169.50911  88.3%  84.2  258s
 53828 53891  170.12643   35  129 1444.00000  170.12643  88.2%  84.1  261s
 55581 55651  291.24175   39  109 1444.00000  171.14407  88.1%  83.8  267s
 56442 56439  180.83856   31  116 1444.00000  171.64112  88.1%  83.7  270s
 58090 58055  180.93367   28  113 1444.00000  172.77778  88.0%  83.7  276s
 59772 59732  186.58917   42  108 1444.00000  173.96751  88.0%  83.5  282s
 60541 60575  370.59577   29  103 1444.00000  174.50805  87.9%  83.4  285s
 62204 62248  175.68898   33  114 1444.00000  175.54517  87.8%  83.4  292s
 63073 63100  210.96883   32  115 1444.00000  176.00000  87.8%  83.4  295s
 64536 64597  215.01258   34  120 1444.00000  176.72190  87.8%  83.3  300s
 66099 66108  196.43152   37  132 1444.00000  177.88116  87.7%  83.2  307s
 66955 67072  210.38167   37   88 1444.00000  178.24483  87.7%  83.1  310s
 68712 68587  179.00000   32   92 1444.00000  179.00000  87.6%  83.0  316s
 69455 69376  184.00365   30  138 1444.00000  179.80000  87.5%  83.0  320s
 71124 70980  279.79500   38   87 1444.00000  180.76364  87.5%  82.9  326s
 72714 72509  234.92427   32  108 1444.00000  181.83723  87.4%  82.9  333s
 73392 73472  318.25152   31   82 1444.00000  182.22372  87.4%  82.9  336s
 75146 75052  205.98441   40   85 1444.00000  183.22266  87.3%  82.7  342s
 75944 76052  435.49393   39  129 1444.00000  183.91667  87.3%  82.6  345s
 77795 77822  199.25457   27  109 1444.00000  185.04477  87.2%  82.4  352s
 78722 78598  240.26170   34   88 1444.00000  185.54030  87.2%  82.3  355s
 80389 80318  203.39844   34  115 1444.00000  186.44132  87.1%  82.2  361s
 81218 81189  209.00607   36  118 1444.00000  187.00000  87.0%  82.2  365s
 82884 82860  254.62610   42  107 1444.00000  187.85714  87.0%  82.1  371s
 84585 84471  216.37727   42  117 1444.00000  189.00000  86.9%  82.0  378s
 85387 85280  381.07258   30  116 1444.00000  189.64768  86.9%  82.0  381s
 87108 86853  229.07728   31  122 1444.00000  190.95493  86.8%  81.9  387s
 87781 87673  452.04892   34  144 1444.00000  191.04892  86.8%  82.0  390s
 89502 89430  196.85394   37  107 1444.00000  192.34675  86.7%  81.9  397s
 90376 90211  370.95174   32  115 1444.00000  193.00000  86.6%  81.8  400s
 92018 91902  373.83263   30  104 1444.00000  194.26804  86.5%  81.8  406s
 92870 92690  506.00000   38   56 1444.00000  195.02862  86.5%  81.8  410s
H93462 92683                    1426.0000000  195.06478  86.3%  81.8  410s
H94155 93305                    1402.0000000  195.64306  86.0%  81.8  413s
 94315 94157  394.79630   28   77 1402.00000  195.95362  86.0%  81.8  417s
 95169 94865  197.38099   27   95 1402.00000  196.34729  86.0%  81.8  420s
 96789 96606  199.27225   33  107 1402.00000  197.33697  85.9%  81.7  427s
 97632 97399  200.48606   33  103 1402.00000  197.83846  85.9%  81.7  430s
 99309 98816  198.90483   29   77 1402.00000  198.90483  85.8%  81.5  436s
 99853 99562  208.56364   31  126 1402.00000  199.00000  85.8%  81.5  440s
 101445 101254  284.00000   27   82 1402.00000  200.04667  85.7%  81.5  446s
 103213 102977  421.00000   30   54 1402.00000  201.25911  85.6%  81.4  453s
 104040 103817  203.70371   26  114 1402.00000  201.71654  85.6%  81.4  456s
 105710 105583  497.89449   33  145 1402.00000  202.50168  85.6%  81.3  462s
 106651 106387 1006.25637   33   96 1402.00000  203.00000  85.5%  81.2  465s
 107465 106857  410.88081   36  103 1402.00000  203.40093  85.5%  81.1  470s
 108756 108491  713.00000   26   76 1402.00000  204.04639  85.4%  81.1  476s
 110323 110129  209.06704   28  102 1402.00000  204.53471  85.4%  81.1  483s
 111246 110989  223.27677   35  130 1402.00000  204.83056  85.4%  81.0  486s
 112912 112575  334.65321   27   88 1402.00000  205.34161  85.4%  80.9  492s
 113719 113427  236.00000   38   77 1402.00000  205.93286  85.3%  80.9  495s
 115340 114948  206.83974   36   99 1402.00000  206.83617  85.2%  80.9  502s
 116094 115684  269.83570   33  103 1402.00000  207.28571  85.2%  80.9  505s
 117686 117276  219.17895   32   84 1402.00000  208.00000  85.2%  80.9  511s
 118444 118051  215.81340   32  159 1402.00000  208.37736  85.1%  81.0  515s
 119976 119717  214.00000   30  156 1402.00000  208.95884  85.1%  80.9  521s
 121717 121294  264.58862   30  121 1402.00000  209.42226  85.1%  80.8  528s
 122473 122209  216.61529   35  107 1402.00000  209.71429  85.0%  80.9  531s
 123896 123519  224.85651   38  135 1402.00000  210.28076  85.0%  80.9  537s
 124710 124363  217.95886   39   87 1402.00000  210.65345  85.0%  80.9  540s
 126237 125898  223.58504   34  102 1402.00000  211.13128  84.9%  80.9  547s
 127106 126728  213.09345   31  121 1402.00000  211.48701  84.9%  80.8  550s
 128749 128350  219.13514   42   84 1402.00000  212.13542  84.9%  80.8  556s
 129572 129129  215.41048   32  104 1402.00000  212.47581  84.8%  80.8  560s
 131141 130652  654.00000   38   77 1402.00000  213.00000  84.8%  80.7  566s
 132754 132299  251.82385   33  127 1402.00000  213.41815  84.8%  80.7  573s
 133552 133032  262.86584   39   94 1402.00000  213.86957  84.7%  80.7  577s
 134285 133892  325.37617   30   83 1402.00000  214.14243  84.7%  80.7  580s
 135910 135317  324.41976   35  131 1402.00000  214.89901  84.7%  80.7  586s
 136581 136048  293.66000   39  104 1402.00000  215.19231  84.7%  80.8  590s
 138139 137661  235.76505   32   99 1402.00000  215.89295  84.6%  80.7  596s
 139692 139103  216.69048   32  112 1402.00000  216.69048  84.5%  80.7  603s
 140388 139901  228.33696   33  106 1402.00000  217.00000  84.5%  80.8  606s
 141192 140636  217.17460   37   75 1402.00000  217.17460  84.5%  80.8  610s
 142675 142186  222.18978   27  130 1402.00000  217.99331  84.5%  80.8  616s
 143495 142846  220.87670   33  145 1402.00000  218.23571  84.4%  80.8  620s
 144909 144405  253.50445   36  108 1402.00000  218.91214  84.4%  80.8  626s
 146535 145800  222.02902   35   95 1402.00000  219.62500  84.3%  80.8  633s
 147132 146543  238.00000   35   64 1402.00000  219.87744  84.3%  80.9  636s
 148699 148053  243.33189   36   87 1402.00000  220.28635  84.3%  80.9  643s
 149405 148824  273.13044   32   97 1402.00000  220.65993  84.3%  81.0  646s
 150178 149663  293.06908   30  120 1402.00000  221.07792  84.2%  81.0  650s
 151767 151259  396.00000   41   57 1402.00000  221.59235  84.2%  81.0  656s
 153502 152890  237.25637   37   89 1402.00000  222.27518  84.1%  81.0  663s
 154261 153548  283.91494   33   99 1402.00000  222.57143  84.1%  80.9  667s
 154919 154297  231.20323   35  137 1402.00000  222.94444  84.1%  80.9  670s
 156372 155828  223.73274   31  183 1402.00000  223.37858  84.1%  81.0  676s
 157209 156409  312.27847   37  126 1402.00000  223.80581  84.0%  81.0  680s
 158589 157948  291.32046   34   93 1402.00000  224.30350  84.0%  81.1  686s
 160087 159517  233.77143   34   89 1402.00000  224.98502  84.0%  81.1  693s
 160924 160313  310.14671   36  142 1402.00000  225.03636  83.9%  81.1  696s
 162605 162025  232.09048   27   92 1402.00000  225.63043  83.9%  81.0  703s
 163455 162763  231.57451   37  122 1402.00000  225.92735  83.9%  81.0  706s
 164199 163637  658.00000   41   53 1402.00000  226.00000  83.9%  81.0  710s
 165911 165311  330.94017   38   55 1402.00000  226.43506  83.8%  80.9  716s
 166757 166164  240.63475   35  134 1402.00000  226.66667  83.8%  80.9  720s
 168484 167649  243.66667   41   89 1402.00000  227.21731  83.8%  80.8  728s
 169106 168492  247.05600   38   72 1402.00000  227.33333  83.8%  80.8  731s
 170826 170171  278.08698   34   93 1402.00000  227.91667  83.7%  80.8  737s
 171647 171017  239.75000   42  121 1402.00000  228.10265  83.7%  80.8  741s
 173349 172620  241.75637   34  102 1402.00000  228.68662  83.7%  80.8  747s
 174111 173414  231.05068   29  119 1402.00000  228.83889  83.7%  80.7  750s
 175722 174884  229.06614   35  100 1402.00000  229.06614  83.7%  80.7  757s
 176398 175521  229.87312   40  136 1402.00000  229.42237  83.6%  80.7  761s
 177863 177118  241.95329   47   98 1402.00000  230.00000  83.6%  80.8  768s
 178652 177969  296.96653   39  110 1402.00000  230.11670  83.6%  80.8  771s
 180297 179468  951.00000   35   63 1402.00000  230.63176  83.5%  80.7  777s
 181012 180283  274.89339   34  131 1402.00000  230.94444  83.5%  80.8  781s
 181827 181191  392.03636   31   59 1402.00000  231.05769  83.5%  80.8  785s
 183458 182656  565.54656   41  105 1402.00000  231.55060  83.5%  80.8  791s
 184954 184272  573.00000   36   65 1402.00000  232.00000  83.5%  80.8  798s
 185845 184972  232.81299   36  133 1402.00000  232.20644  83.4%  80.7  801s
 187158 186390  301.50735   39  116 1402.00000  232.64506  83.4%  80.8  808s
 187976 187224  531.41397   36  106 1402.00000  232.87031  83.4%  80.7  811s
 188817 187923  249.47202   31  138 1402.00000  233.10918  83.4%  80.7  815s
 190352 189407  513.30608   35  114 1402.00000  233.84856  83.3%  80.7  822s
 191014 190100  402.00000   36   76 1402.00000  234.00000  83.3%  80.7  825s
 192399 191509  304.66167   34  124 1402.00000  234.47350  83.3%  80.8  832s
 193124 192244  257.46985   29   93 1402.00000  234.86869  83.2%  80.8  835s
 194599 193631  535.32046   34   93 1402.00000  235.25711  83.2%  80.8  842s
 195260 194438  237.74246   38  115 1402.00000  235.44793  83.2%  80.8  846s
 196275 195126  389.47403   35  143 1402.00000  235.83333  83.2%  80.8  852s
 196759 195840  576.27500   31   65 1402.00000  235.94332  83.2%  80.9  855s
 198262 197434  254.41667   30   85 1402.00000  236.26316  83.1%  80.9  862s
 199077 198254  280.45470   36   54 1402.00000  236.63750  83.1%  80.9  866s
 200778 199912  245.42923   36  106 1402.00000  237.00000  83.1%  80.8  873s
 201575 200614  287.14662   34  119 1402.00000  237.25637  83.1%  80.8  876s
 202287 201260  348.41815   34  141 1402.00000  237.37143  83.1%  80.8  880s
 203753 202803  321.85061   30  121 1402.00000  237.98978  83.0%  80.9  887s
 204485 203576  267.13854   37  110 1402.00000  238.13333  83.0%  81.0  891s
 206040 205140  239.57235   40   97 1402.00000  238.67317  83.0%  81.0  897s
 206830 205844  251.56005   40  119 1402.00000  238.92411  83.0%  81.0  900s
 207662 206499  261.30053   43  109 1402.00000  239.13333  82.9%  81.1  907s
 208207 207251  255.28259   35  120 1402.00000  239.23340  82.9%  81.1  911s
 209796 208828  381.96936   26  165 1402.00000  239.77250  82.9%  81.1  918s
 210561 209591  243.31561   34  135 1402.00000  239.97119  82.9%  81.1  921s
 211325 210165  621.50772   30   94 1402.00000  240.08254  82.9%  81.1  925s
 212636 211711  344.80000   37   97 1402.00000  240.46925  82.8%  81.2  931s
 213473 212371  250.25744   32  101 1402.00000  240.60446  82.8%  81.1  936s
 214941 213930  242.39552   45   97 1402.00000  241.00000  82.8%  81.2  942s
 215710 214664  257.69997   33  126 1402.00000  241.12879  82.8%  81.2  946s
 216448 215472  333.05926   29  132 1402.00000  241.32411  82.8%  81.2  950s
 217984 216903  254.09486   34   81 1402.00000  241.74662  82.8%  81.2  956s
 218705 217734  318.33333   32  129 1402.00000  241.94444  82.7%  81.2  960s
 220264 219204  251.56829   32  147 1402.00000  242.25000  82.7%  81.2  968s
 221018 220012  275.43333   34  130 1402.00000  242.42160  82.7%  81.1  971s
 222656 221609  393.27500   40   57 1402.00000  242.89111  82.7%  81.1  978s
 223435 222317  246.87859   38  118 1402.00000  243.02576  82.7%  81.1  982s
 224149 223101  368.82198   40  154 1402.00000  243.15883  82.7%  81.1  985s
 225543 224537  250.42687   41  109 1402.00000  243.53522  82.6%  81.2  992s
 226386 225260  243.79981   31  109 1402.00000  243.79981  82.6%  81.2  996s
 227854 226789  245.37991   44  124 1402.00000  244.03567  82.6%  81.2 1003s
 228659 227428  263.38822   38   84 1402.00000  244.24071  82.6%  81.2 1006s
 229308 228017  250.79599   38  119 1402.00000  244.36801  82.6%  81.2 1010s
 230772 229659  475.56000   38  108 1402.00000  244.60000  82.6%  81.2 1017s
 231564 230490  317.76240   40   81 1402.00000  244.75684  82.5%  81.2 1021s
 232400 231163  354.11288   33  131 1402.00000  244.92735  82.5%  81.2 1025s
 233795 232799  256.00000   39   66 1402.00000  245.25000  82.5%  81.2 1033s
 234716 233676  593.48027   46  111 1402.00000  245.40031  82.5%  81.2 1036s
 235601 234341  278.89237   29  111 1402.00000  245.51273  82.5%  81.1 1040s
 236932 235747  245.81944   30  106 1402.00000  245.81944  82.5%  81.2 1047s
 237692 236486  250.18164   36   70 1402.00000  245.95676  82.5%  81.2 1050s
 239102 237921  299.89413   41  109 1402.00000  246.20164  82.4%  81.2 1058s
 239876 238597  249.10781   39   87 1402.00000  246.42650  82.4%  81.2 1061s
 240556 239291  253.54263   39   84 1402.00000  246.62302  82.4%  81.3 1065s
 241859 240608  406.94737   39  133 1402.00000  246.96840  82.4%  81.3 1072s
 242576 241273  257.04568   40  135 1402.00000  247.08636  82.4%  81.4 1076s
 243963 242784  410.30670   32  121 1402.00000  247.28369  82.4%  81.4 1083s
 244754 243436  282.51806   34  108 1402.00000  247.44333  82.4%  81.4 1087s
 245418 244179  250.33614   32  154 1402.00000  247.61111  82.3%  81.4 1090s
 246887 245634  271.19651   39   95 1402.00000  248.03210  82.3%  81.4 1098s
 247641 246322  294.88524   34  144 1402.00000  248.12485  82.3%  81.4 1101s
 248337 247083  248.43344   28  126 1402.00000  248.43344  82.3%  81.4 1105s
 249888 248657  875.35123   36  104 1402.00000  248.84643  82.3%  81.4 1112s
 250691 249433  249.51908   39  104 1402.00000  249.00000  82.2%  81.4 1116s
 252147 250843  252.57692   37   67 1402.00000  249.21686  82.2%  81.5 1123s
 252904 251560  331.47751   34   99 1402.00000  249.35423  82.2%  81.5 1126s
 253635 252234  271.75415   41  109 1402.00000  249.51908  82.2%  81.5 1130s
 255027 253649  250.37592   31  103 1402.00000  249.91959  82.2%  81.5 1137s
 255746 254326  502.50794   40   67 1402.00000  249.98980  82.2%  81.5 1141s
 256426 255066  270.28571   28   94 1402.00000  250.11765  82.2%  81.6 1145s
 257780 256436  366.42723   32  134 1402.00000  250.50809  82.1%  81.6 1152s
 258544 257088  270.03872   43   81 1402.00000  250.71778  82.1%  81.6 1155s
 259200 257683  270.32632   39   96 1402.00000  250.87991  82.1%  81.7 1160s
 260472 259022  253.32977   43  102 1402.00000  251.05998  82.1%  81.7 1167s
 261148 259683  293.24783   38  117 1402.00000  251.28571  82.1%  81.8 1170s
 262549 261190  467.06391   32  121 1402.00000  251.53530  82.1%  81.8 1178s
 263328 261964  431.61749   37   78 1402.00000  251.61834  82.1%  81.8 1181s
 264114 262602  251.72446   31   99 1402.00000  251.72446  82.0%  81.8 1185s
 265484 264019  268.23526   34   99 1402.00000  252.00000  82.0%  81.9 1192s
 266181 264667  324.60500   36   72 1402.00000  252.17323  82.0%  81.9 1195s
 267512 265987  869.22550   37  100 1402.00000  252.44444  82.0%  81.9 1203s
 268163 266569  255.65391   32  124 1402.00000  252.62302  82.0%  81.9 1207s
 268755 267291  255.84569   32  128 1402.00000  252.79140  82.0%  82.0 1211s
 270272 268832  300.27419   33   68 1402.00000  253.10169  81.9%  82.0 1218s
 271035 269566  591.83721   34  118 1402.00000  253.28635  81.9%  82.0 1222s
 271777 270268  296.67679   32  135 1402.00000  253.56090  81.9%  82.0 1225s
 273159 271434  262.92500   34   65 1402.00000  254.00000  81.9%  82.0 1232s
 273657 272099  476.86213   39   83 1402.00000  254.02822  81.9%  82.1 1236s
 274338 272760  273.63188   42   87 1402.00000  254.19581  81.9%  82.1 1240s
 275828 274218  257.00848   35  108 1402.00000  254.55364  81.8%  82.1 1247s
 276483 274863  602.57143   37  118 1402.00000  254.84767  81.8%  82.2 1251s
 277185 275336  563.00000   38   81 1402.00000  255.00000  81.8%  82.2 1255s
 278238 276700  283.16242   36  122 1402.00000  255.18900  81.8%  82.3 1262s
 278985 277449  287.62292   38  120 1402.00000  255.43449  81.8%  82.3 1266s
 280501 278895  321.80076   38  109 1402.00000  255.74958  81.8%  82.3 1273s
 281197 279599  283.52088   38  115 1402.00000  255.92333  81.7%  82.4 1277s
 281909 280325  375.00000   36   67 1402.00000  256.00000  81.7%  82.4 1281s
 283413 281758  277.47480   32  115 1402.00000  256.28533  81.7%  82.4 1288s
 284091 282364  272.99854   37  128 1402.00000  256.50000  81.7%  82.4 1292s
 284706 283076  262.18303   30  137 1402.00000  256.66516  81.7%  82.4 1296s
 285421 283777  278.21007   45   99 1402.00000  256.80341  81.7%  82.5 1300s
 286710 285304  261.94400   37   82 1402.00000  257.02299  81.7%  82.5 1307s
 287665 286056  257.65931   30  140 1402.00000  257.25000  81.7%  82.5 1311s
 288426 286856  257.43258   42  107 1402.00000  257.43258  81.6%  82.5 1315s
 289998 288441  295.08571   36   75 1402.00000  257.72222  81.6%  82.4 1324s
 290832 289167  332.22788   32  111 1402.00000  257.97842  81.6%  82.4 1328s
 291562 289864  259.31916   33   92 1402.00000  258.00000  81.6%  82.5 1331s
 292265 290605  263.47816   32  103 1402.00000  258.19444  81.6%  82.5 1335s
 293684 291994  267.88078   35  112 1402.00000  258.50000  81.6%  82.5 1343s
 294411 292766  343.44087   36   98 1402.00000  258.65753  81.6%  82.5 1346s
 295183 293481  314.13600   37   84 1402.00000  258.87485  81.5%  82.5 1350s
 296664 294963  391.15309   35   96 1402.00000  259.11082  81.5%  82.5 1358s
 297386 295710  340.83379   33  147 1402.00000  259.26438  81.5%  82.5 1361s
 298138 296471  295.50257   41  140 1402.00000  259.43095  81.5%  82.5 1365s
 298907 297222  328.34524   31   97 1402.00000  259.57143  81.5%  82.5 1370s
 300492 298723  261.50000   33   72 1402.00000  259.91049  81.5%  82.5 1377s
 301183 299386  294.72650   33   94 1402.00000  260.00000  81.5%  82.6 1380s
 301848 300102  265.44504   31  108 1402.00000  260.00000  81.5%  82.6 1385s
 303297 301642  520.50080   32  123 1402.00000  260.31685  81.4%  82.6 1392s
 304135 302452  341.42257   31  156 1402.00000  260.43651  81.4%  82.6 1395s
 304947 303116  278.57877   27  128 1402.00000  260.55891  81.4%  82.6 1400s
 306303 304535  297.41225   38  121 1402.00000  260.96970  81.4%  82.6 1407s
 307044 304886  263.01852   34   70 1402.00000  261.03162  81.4%  82.6 1410s
 307395 305609  269.19444   34  107 1402.00000  261.09134  81.4%  82.6 1415s
 308874 307042  663.51916   40   81 1402.00000  261.33544  81.4%  82.7 1422s
H309205 307042                    1401.9999999  261.34797  81.4%  82.7 1422s
 309561 307775  585.11765   35   92 1402.00000  261.43907  81.4%  82.7 1425s
 310306 308511  267.43941   39  116 1402.00000  261.60204  81.3%  82.7 1430s
 311710 309899  267.82955   37   90 1402.00000  261.89366  81.3%  82.7 1437s
 312450 310581  315.31984   35  101 1402.00000  262.00000  81.3%  82.7 1441s
 313142 311326  436.13236   42   81 1402.00000  262.06702  81.3%  82.7 1445s
 314648 312854  444.99381   32  109 1402.00000  262.38889  81.3%  82.7 1452s
 315441 313578  280.38889   33  125 1402.00000  262.53651  81.3%  82.7 1456s
 316173 314215  577.94444   39   79 1402.00000  262.72222  81.3%  82.7 1460s
 317538 315601  312.67692   34  102 1402.00000  263.00000  81.2%  82.8 1467s
 318203 316236  314.07432   33   78 1402.00000  263.08657  81.2%  82.8 1471s
 318844 316893  317.92151   45   87 1402.00000  263.23858  81.2%  82.9 1475s
 320177 318256  304.05952   45   95 1402.00000  263.48210  81.2%  82.9 1482s
 320890 319046  277.30930   32  141 1402.00000  263.64789  81.2%  82.9 1486s
 321686 319809  294.98616   38  123 1402.00000  263.82398  81.2%  82.9 1490s
 322461 320232  284.82949   35   70 1402.00000  263.95292  81.2%  82.9 1495s
 323621 321689  279.22727   41  103 1402.00000  264.00000  81.2%  82.9 1502s
 324347 322387  264.50778   41  121 1402.00000  264.00580  81.2%  82.9 1506s
 325054 323069  268.86170   40   82 1402.00000  264.11946  81.2%  82.9 1510s
 326536 324546  272.41187   38  136 1402.00000  264.42401  81.1%  82.9 1517s
 327231 325202  272.84144   30  112 1402.00000  264.54903  81.1%  83.0 1521s
 327892 325975  690.28328   35  122 1402.00000  264.71181  81.1%  83.0 1525s
 329433 327436  616.65152   41   80 1402.00000  265.00000  81.1%  83.0 1533s
 330143 328163  265.00000   39   80 1402.00000  265.00000  81.1%  83.0 1537s
 330874 328781  271.71039   40   95 1402.00000  265.10772  81.1%  83.1 1540s
 332252 330155  724.97313   34  114 1402.00000  265.36376  81.1%  83.1 1548s
 332882 330923  592.66923   42  101 1402.00000  265.50000  81.1%  83.1 1552s
 333658 331606  385.10490   34  101 1402.00000  265.66945  81.1%  83.1 1556s
 335110 333000  295.01029   33   94 1402.00000  266.00000  81.0%  83.2 1564s
 335762 333738  268.25000   31  164 1402.00000  266.00315  81.0%  83.2 1568s
 336502 334502  633.78202   41  105 1402.00000  266.15581  81.0%  83.2 1571s
 337272 335274  274.06122   41   89 1402.00000  266.27273  81.0%  83.2 1575s
 338770 336742  315.77500   36   70 1402.00000  266.50000  81.0%  83.2 1583s
 339528 337438  285.12629   36  148 1402.00000  266.65179  81.0%  83.2 1587s
 340227 338139  298.97582   37  138 1402.00000  266.80435  81.0%  83.2 1590s
 340940 338768  288.00000   28   77 1402.00000  267.00000  81.0%  83.3 1595s
 341972 339688  271.18182   41  103 1402.00000  267.03906  81.0%  83.3 1602s
 342508 340403  407.95000   45   73 1402.00000  267.12653  80.9%  83.3 1605s
 343225 341062  267.30556   31  124 1402.00000  267.27748  80.9%  83.3 1610s
 344549 342456  312.55452   35   91 1402.00000  267.56765  80.9%  83.3 1618s
 345301 343196  270.41329   48   60 1402.00000  267.71951  80.9%  83.3 1622s
 346047 343907  269.59722   35  107 1402.00000  267.85526  80.9%  83.3 1627s
 346772 344652  704.21167   39  111 1402.00000  268.00000  80.9%  83.3 1631s
 347771 345431  268.46826   35   82 1402.00000  268.10079  80.9%  83.3 1637s
 348316 346078  345.91248   34  123 1402.00000  268.15846  80.9%  83.3 1642s
 348965 346828  271.60430   44  106 1402.00000  268.28002  80.9%  83.4 1645s
 349723 347577  470.81944   34  119 1402.00000  268.53595  80.8%  83.4 1650s
 351188 348991  281.88690   46  110 1402.00000  268.80000  80.8%  83.4 1658s
 351900 349609  268.92570   29  116 1402.00000  268.92570  80.8%  83.4 1662s
 352524 350360  288.61757   40  101 1402.00000  269.00000  80.8%  83.4 1665s
 353277 351047  277.23418   43   99 1402.00000  269.12576  80.8%  83.4 1670s
 354761 352714  327.72807   40   72 1402.00000  269.41113  80.8%  83.4 1678s
 355659 353405  481.83333   38   73 1402.00000  269.50388  80.8%  83.4 1681s
 356360 354096  458.00000   33   92 1402.00000  269.65436  80.8%  83.4 1686s
 357667 355352  269.92789   35   68 1402.00000  269.92789  80.7%  83.4 1693s
 358334 356031  270.09836   42  100 1402.00000  270.00000  80.7%  83.4 1697s
 359016 356768  347.94876   48  122 1402.00000  270.03210  80.7%  83.5 1701s
 359757 357578  273.56239   36  134 1402.00000  270.14220  80.7%  83.5 1705s
 361473 359298  279.52291   34  122 1402.00000  270.35616  80.7%  83.4 1713s
 362311 360109  494.22103   39  125 1402.00000  270.50604  80.7%  83.4 1717s
 363124 360867  283.78528   43  122 1402.00000  270.64706  80.7%  83.4 1721s
 363890 361403  469.43150   39   93 1402.00000  270.79422  80.7%  83.4 1725s
 365038 362628  279.86748   36  114 1402.00000  271.00000  80.7%  83.4 1733s
 365661 363327  301.31413   42   92 1402.00000  271.05769  80.7%  83.5 1737s
 366368 364031  312.74656   35  148 1402.00000  271.19523  80.7%  83.5 1741s
 367078 364735  300.06834   40  102 1402.00000  271.32480  80.6%  83.5 1745s
 368553 366198  459.72463   36  126 1402.00000  271.54643  80.6%  83.5 1753s
 369275 366842  332.03271   42  115 1402.00000  271.73579  80.6%  83.5 1757s
 369921 367485  427.45197   36  142 1402.00000  271.87991  80.6%  83.5 1761s
 370566 368162  402.72237   42  105 1402.00000  271.97762  80.6%  83.6 1765s
 371923 369545  283.04791   33   80 1402.00000  272.06731  80.6%  83.6 1773s
 372650 370294  297.73316   35   87 1402.00000  272.21548  80.6%  83.6 1777s
 373401 371029  420.42857   38  107 1402.00000  272.31423  80.6%  83.6 1781s
 374144 371655  276.13976   35  140 1402.00000  272.34806  80.6%  83.7 1785s
 374776 372266  409.35000   42   88 1402.00000  272.54365  80.6%  83.7 1790s
 376106 373712  942.87500   33  118 1402.00000  272.76793  80.5%  83.7 1797s
 376850 374256  486.33028   47   61 1402.00000  272.91021  80.5%  83.7 1801s
 377394 374875  787.19048   32   94 1402.00000  272.99511  80.5%  83.7 1805s
 378782 376321  302.47306   33  109 1402.00000  273.14131  80.5%  83.8 1813s
 379481 377047  291.82318   43  130 1402.00000  273.25778  80.5%  83.8 1817s
 380209 377741  315.85714   36   48 1402.00000  273.37657  80.5%  83.8 1821s
 380905 378471  275.44264   39  107 1402.00000  273.49091  80.5%  83.8 1825s
 382375 379855  494.74538   46   98 1402.00000  273.75000  80.5%  83.8 1833s
 383047 380549  294.96210   43  100 1402.00000  273.90000  80.5%  83.8 1837s
 383753 381189  485.94444   35   67 1402.00000  273.94444  80.5%  83.8 1840s
 385181 382770  281.72844   41  142 1402.00000  274.06122  80.5%  83.8 1848s
 385986 383566  283.45241   33  116 1402.00000  274.20626  80.4%  83.8 1852s
 386788 384145  282.36160   39   83 1402.00000  274.28130  80.4%  83.8 1856s
 387376 384885  276.30357   34  117 1402.00000  274.43458  80.4%  83.8 1860s
 388122 385633  980.02548   32   92 1402.00000  274.55111  80.4%  83.9 1865s
 389613 387063  355.23724   36   99 1402.00000  274.74391  80.4%  83.9 1872s
 390308 387758  282.97607   37   88 1402.00000  274.84325  80.4%  83.9 1876s
 391009 388511  301.10000   37  138 1402.00000  274.98214  80.4%  83.9 1881s
 391764 389020  426.53471   40  105 1402.00000  275.00483  80.4%  83.9 1885s
 393099 390500  275.94444   30   73 1402.00000  275.29281  80.4%  83.9 1892s
 393773 391051  343.12296   45  106 1402.00000  275.34579  80.4%  83.9 1896s
 394324 391724  290.36472   35  147 1402.00000  275.47891  80.4%  83.9 1900s
 395684 393057  278.02722   38   84 1402.00000  275.66100  80.3%  83.9 1908s
 396356 393806  281.23216   31  144 1402.00000  275.79771  80.3%  83.9 1912s
 397120 394565  303.71589   35   86 1402.00000  275.92308  80.3%  83.9 1916s
 397881 395308  295.46427   46  104 1402.00000  276.00000  80.3%  83.9 1920s
 398628 396035  277.23515   39   96 1402.00000  276.09117  80.3%  83.9 1925s
 399436 396559  277.15751   33  120 1402.00000  276.23666  80.3%  83.9 1932s
 399887 397445  306.35000   31   69 1402.00000  276.25969  80.3%  83.9 1935s
 400783 397985  487.01786   31   88 1402.00000  276.36111  80.3%  83.9 1940s
 402089 399429  279.20338   32  125 1402.00000  276.47837  80.3%  83.9 1948s
 402795 400164  276.67770   27  110 1402.00000  276.58333  80.3%  83.9 1952s
 403532 400942  285.73481   41  140 1402.00000  276.69231  80.3%  83.9 1956s
 404310 401648  295.58444   38  100 1402.00000  276.79808  80.3%  83.9 1960s
 405116 402239  290.00000   36  114 1402.00000  276.91887  80.2%  83.9 1967s
 405621 403009  305.11164   39  141 1402.00000  276.94825  80.2%  83.9 1972s
 406397 403604  304.41122   36   89 1402.00000  276.98595  80.2%  83.9 1975s
 407794 405107  364.22277   37  115 1402.00000  277.00483  80.2%  84.0 1984s
 408515 405909  278.95570   42  137 1402.00000  277.12376  80.2%  84.0 1988s
 409337 406671  292.68077   46   71 1402.00000  277.20067  80.2%  84.0 1992s
 410105 407383  277.28945   44  113 1402.00000  277.28945  80.2%  83.9 1996s
 410833 407981  296.84061   34  118 1402.00000  277.40000  80.2%  84.0 2001s
 412263 409616  369.56535   37   88 1402.00000  277.57143  80.2%  84.0 2008s
 413091 410356  287.46276   30   91 1402.00000  277.68220  80.2%  83.9 2012s
 413835 411171  296.82853   35  104 1402.00000  277.80395  80.2%  84.0 2017s
 414656 411991  360.78609   35  113 1402.00000  277.93651  80.2%  83.9 2021s
 415486 412794  278.04333   40   98 1402.00000  277.97304  80.2%  83.9 2025s
 416643 413808  278.23085   32  116 1402.00000  278.04854  80.2%  83.9 2033s
 417319 414557  287.46718   47  123 1402.00000  278.15251  80.2%  83.9 2037s
 418068 415266  278.27705   37  133 1402.00000  278.24138  80.2%  83.9 2041s
 418785 416053  306.82385   37  121 1402.00000  278.41781  80.1%  83.9 2046s
 419582 416786  308.80079   40  107 1402.00000  278.54317  80.1%  83.9 2050s
 421122 418354  295.84050   39  114 1402.00000  278.77500  80.1%  83.9 2058s
 421905 419114  281.59101   27  103 1402.00000  278.87669  80.1%  83.8 2062s
 422679 419637  508.36458   38  146 1402.00000  278.99327  80.1%  83.8 2066s
 423204 420366  307.12431   41   96 1402.00000  279.00000  80.1%  83.9 2070s
 424512 421679  281.54292   34  101 1402.00000  279.12698  80.1%  83.9 2078s
 425270 422510  293.50853   46  101 1402.00000  279.30125  80.1%  83.9 2082s
 426109 423240  301.00898   36   95 1402.00000  279.44259  80.1%  83.9 2086s
 426846 423784  294.28768   35  124 1402.00000  279.53705  80.1%  83.9 2091s
 427401 424471  531.96268   39   83 1402.00000  279.70459  80.0%  83.9 2095s
 428734 425837  397.78825   31  131 1402.00000  279.93814  80.0%  83.9 2103s
 429486 426576  280.00000   37   72 1402.00000  280.00000  80.0%  83.9 2107s
 430239 427387  281.85714   34   74 1402.00000  280.00000  80.0%  83.9 2111s
 431060 428157  297.69683   39  127 1402.00000  280.08663  80.0%  83.9 2115s
 431836 428773  282.52748   41  141 1402.00000  280.17143  80.0%  83.9 2120s
 433197 430204  367.60606   40  108 1402.00000  280.43865  80.0%  84.0 2128s
 433909 430419  280.77238   38  108 1402.00000  280.51140  80.0%  84.0 2132s
 434130 430904  296.00984   38  137 1402.00000  280.54643  80.0%  84.0 2136s
 434617 431607  281.27637   39  117 1402.00000  280.54643  80.0%  84.0 2140s
 436097 433033  407.60000   41   93 1402.00000  280.86710  80.0%  84.0 2148s
 436756 433677  284.90089   39  102 1402.00000  280.95374  80.0%  84.0 2153s
 437410 434380  291.78477   37  151 1402.00000  281.00000  80.0%  84.0 2157s
 438118 434908  300.32375   38  134 1402.00000  281.02041  80.0%  84.0 2160s

Cutting planes:
  Learned: 1017
  Gomory: 570
  Lift-and-project: 332
  Cover: 3
  Implied bound: 295
  Projected implied bound: 21
  MIR: 2333
  Mixing: 250
  StrongCG: 1683
  Flow cover: 10962
  Inf proof: 367
  Zero half: 3469
  RLT: 2071
  Relax-and-lift: 1717

Explored 438648 nodes (36878269 simplex iterations) in 2160.04 seconds (2731.12 work units)
Thread count was 16 (of 16 available processors)

Solution count 10: 1402 1402 1426 ... 1806

Time limit reached
Best objective 1.401999999860e+03, best bound 2.811166666667e+02, gap 79.9489%

User-callback calls 1165327, time in user-callback 5.85 sec
Set parameter TimeLimit to value 1080
Gurobi Optimizer version 12.0.3 build v12.0.3rc0 (linux64 - "Ubuntu 22.04.5 LTS")

CPU model: Intel(R) Xeon(R) W-2145 CPU @ 3.70GHz, instruction set [SSE2|AVX|AVX2|AVX512]
Thread count: 8 physical cores, 16 logical processors, using up to 16 threads

Non-default parameters:
TimeLimit  1080
Heuristics  0.1
MIPFocus  3
Presolve  2
ImproveStartGap  0.5

Optimize a model with 11263 rows, 9661 columns and 48407 nonzeros
Model fingerprint: 0x20c17dec
Model has 15 quadratic constraints
Variable types: 15 continuous, 9646 integer (9450 binary)
Coefficient statistics:
  Matrix range     [1e+00, 6e+02]
  QMatrix range    [1e+00, 1e+00]
  QLMatrix range   [1e+00, 1e+00]
  Objective range  [5e-01, 5e-01]
  Bounds range     [1e+00, 1e+00]
  RHS range        [1e+00, 2e+03]

MIP start from previous solve produced solution with objective 86 (0.01s)
Loaded MIP start from previous solve with objective 86

Presolve removed 3247 rows and 6126 columns
Presolve time: 0.21s
Presolved: 8016 rows, 3535 columns, 40905 nonzeros
Presolved model has 15 quadratic constraint(s)
Found heuristic solution: objective 12.0000000
Variable types: 15 continuous, 3520 integer (3423 binary)
Root relaxation presolve removed 3092 rows and 1389 columns
Root relaxation presolved: 4924 rows, 2147 columns, 26619 nonzeros


Root relaxation: objective 6.000000e+00, 313 iterations, 0.03 seconds (0.03 work units)

    Nodes    |    Current Node    |     Objective Bounds      |     Work
 Expl Unexpl |  Obj  Depth IntInf | Incumbent    BestBd   Gap | It/Node Time

     0     0    6.00000    0    5   12.00000    6.00000  50.0%     -    0s
H    0     0                      11.0000000    6.00000  45.5%     -    0s

Resetting heuristic parameters to focus on improving solution
(using Heuristics=0.5 and RINS=10)...

     0     0    6.00000    0   30   11.00000    6.00000  45.5%     -    0s
     0     0    6.00000    0   22   11.00000    6.00000  45.5%     -    0s
H    0     0                       9.0000000    6.00000  33.3%     -    1s
     0     0    6.00000    0    2    9.00000    6.00000  33.3%     -    1s
     0     2    6.00000    0    2    9.00000    6.00000  33.3%     -    1s
     1     4    6.00000    1   31    9.00000    6.00000  33.3%   7.0    1s
   791  1100    6.00000   19   46    9.00000    6.00000  33.3%  44.7    6s
  1234  1105    6.00000   10   29    9.00000    6.00000  33.3%  43.1   11s
  1236  1106    6.00000   20   75    9.00000    6.00000  33.3%  43.0   15s
  1240  1109    6.00188   31   13    9.00000    6.00000  33.3%  42.9   22s
  1241  1110    6.19228   29   31    9.00000    6.00000  33.3%  42.9   25s
  1315  1221    6.00000   20   48    9.00000    6.00000  33.3%  53.2   30s
  2188  2253    6.02041   54   39    9.00000    6.00000  33.3%  58.7   36s
  3146  2444    6.04078   52   43    9.00000    6.00000  33.3%  60.8   40s
  4076  2938    7.00000   31   54    9.00000    6.00000  33.3%  66.6   46s
  4440  3141    6.00000   42   53    9.00000    6.00000  33.3%  67.1   50s
  5569  3976    7.00000   33   59    9.00000    6.00000  33.3%  69.6   57s
  5911  4320    6.00000   30   38    9.00000    6.00000  33.3%  71.0   61s
  6329  4600    6.05405   46   33    9.00000    6.00000  33.3%  70.8   65s
  7034  5213    6.00000   35   55    9.00000    6.00000  33.3%  71.2   70s
  7679  5819    6.00000   46   41    9.00000    6.00000  33.3%  72.3   76s
  8381  6317    6.00000   27   82    9.00000    6.00000  33.3%  74.0   82s
  8699  6622    6.10180   39   54    9.00000    6.00000  33.3%  75.0   85s
  9406  7149    6.06201   41  106    9.00000    6.00000  33.3%  76.3   91s
  9737  7439    6.00000   48   69    9.00000    6.00000  33.3%  77.2   95s
 10365  7961    6.00532   43  122    9.00000    6.00000  33.3%  77.7  100s
 11020  8522    6.07585   47   79    9.00000    6.00000  33.3%  78.8  107s
 11376  8811    6.04701   49   46    9.00000    6.00000  33.3%  79.1  111s
 12104  9466    6.03358   52   41    9.00000    6.00000  33.3%  79.4  117s
 12499  9814    6.00000   34  106    9.00000    6.00000  33.3%  79.4  121s
 12901 10169    6.00000   46   42    9.00000    6.00000  33.3%  79.6  126s
 13328 10457    7.01503   60   29    9.00000    6.00000  33.3%  79.8  130s
 14095 11159    6.00000   33   56    9.00000    6.00000  33.3%  80.9  138s
 14519 11615    6.19020   34   66    9.00000    6.00000  33.3%  82.1  143s
 15088 12018     cutoff   53         9.00000    6.00000  33.3%  82.0  148s
 15551 12385    6.00773   60   47    9.00000    6.00000  33.3%  82.5  153s
 15976 12832    6.09156   55   65    9.00000    6.00000  33.3%  82.7  158s
 16515 13196    6.02337   64   48    9.00000    6.00000  33.3%  82.8  163s
 16976 13676 infeasible   81         9.00000    6.00000  33.3%  83.0  170s
 17557 14157    6.04437   56   62    9.00000    6.00000  33.3%  83.0  175s
 18135 14614    6.14161   54   86    9.00000    6.00000  33.3%  83.2  181s
 18688 15086 infeasible   41         9.00000    6.00000  33.3%  83.5  188s
 19318 15575    6.00000   44   57    9.00000    6.00000  33.3%  84.0  194s
 19905 16210    6.00976   58   47    9.00000    6.00000  33.3%  84.1  202s
 20628 16882    6.00100   64   50    9.00000    6.00000  33.3%  83.6  210s
 21382 17644    6.04221   60   74    9.00000    6.00000  33.3%  83.3  218s
 22327 18260    6.00882   38  116    9.00000    6.00000  33.3%  82.5  226s
 23057 18734    6.00000   36   72    9.00000    6.00000  33.3%  82.6  234s
 23698 19194    6.00000   30   83    9.00000    6.00000  33.3%  83.2  240s
 24275 19701    6.00000   43   76    9.00000    6.00000  33.3%  83.8  248s
 24931 20219    7.00000   45   45    9.00000    6.00000  33.3%  84.1  255s
 25607 20795    7.01958   42  110    9.00000    6.00000  33.3%  84.6  264s
 26331 21313 infeasible   43         9.00000    6.00000  33.3%  84.8  271s
 26979 21886    6.04012   69  102    9.00000    6.00000  33.3%  85.1  279s
 27671 22426    6.00000   61   72    9.00000    6.00000  33.3%  85.2  287s
 28341 22873    6.00000   45   41    9.00000    6.00000  33.3%  85.6  295s
 28941 23380    6.00000   37   93    9.00000    6.00000  33.3%  85.9  302s
 29616 23937    6.00000   47   73    9.00000    6.00000  33.3%  86.3  310s
 30332 24434    6.03405   54   87    9.00000    6.00000  33.3%  86.5  319s
 30980 24989    6.28670   59   49    9.00000    6.00000  33.3%  86.5  327s
 31654 25497    6.16235   65   62    9.00000    6.00000  33.3%  86.7  336s
 32330 26033    6.00490   63   50    9.00000    6.00000  33.3%  86.9  344s
 32989 26504    6.10383   53   47    9.00000    6.00000  33.3%  87.2  352s
 33612 27012    6.00000   69   33    9.00000    6.00000  33.3%  87.3  361s
 34254 27526    6.00000   61   72    9.00000    6.00000  33.3%  87.5  371s
 34906 28049    6.00000   60   47    9.00000    6.00000  33.3%  87.7  380s
 35600 28596    6.00990   52   34    9.00000    6.00000  33.3%  87.9  388s
 36304 29109    6.00000   43   54    9.00000    6.00000  33.3%  88.0  397s
 36931 29643    6.07215   62   50    9.00000    6.00000  33.3%  88.1  406s
 37603 30167    7.00000   45   46    9.00000    6.00000  33.3%  88.3  415s
 38209 30632    7.00000   49   59    9.00000    6.00000  33.3%  88.6  423s
 38782 31221    6.22806   42   75    9.00000    6.00000  33.3%  88.9  431s
 39473 31743    6.05361   47   59    9.00000    6.00000  33.3%  89.0  440s
 40099 32252    6.11318   49   80    9.00000    6.00000  33.3%  89.2  449s
 40719 32840    6.03922   45   56    9.00000    6.00000  33.3%  89.4  458s
 41409 33352    6.11599   38   59    9.00000    6.00000  33.3%  89.4  468s
 42084 33797    6.00000   41  103    9.00000    6.00000  33.3%  89.5  477s
 42674 34387    6.00000   54   31    9.00000    6.00000  33.3%  89.9  486s
 43390 34899 infeasible   48         9.00000    6.00000  33.3%  89.9  495s
 44031 35398    6.09049   42   97    9.00000    6.00000  33.3%  90.2  505s
 44709 35869    6.05109   67   26    9.00000    6.00000  33.3%  90.4  514s
 45044 35869 infeasible   53         9.00000    6.00000  33.3%  90.5  515s
 45362 36355 infeasible   50         9.00000    6.00000  33.3%  90.7  524s
 45979 36932    6.00044   47   45    9.00000    6.00000  33.3%  90.7  534s
 46689 37509    7.14723   57   66    9.00000    6.00000  33.3%  90.7  543s
 47395 38064    6.00000   54   22    9.00000    6.00000  33.3%  90.9  553s
 48057 38554    6.13639   61   65    9.00000    6.00000  33.3%  90.8  563s
 48673 39154 infeasible   49         9.00000    6.00000  33.3%  91.0  572s
 49402 39794    6.00636   52   93    9.00000    6.00000  33.3%  91.1  582s
 50157 40250    7.00000   56   99    9.00000    6.00000  33.3%  90.9  592s
 50745 40895    6.08417   45  100    9.00000    6.00000  33.3%  91.1  602s
 51519 41422    6.00000   58   22    9.00000    6.00000  33.3%  90.9  612s
 52249 41933    6.00000   42   49    9.00000    6.00000  33.3%  90.9  622s
 52927 42510    6.00000   55   42    9.00000    6.00000  33.3%  90.9  633s
 53638 43052    6.00000   38   60    9.00000    6.00000  33.3%  90.9  642s
 54391 43546 infeasible   43         9.00000    6.00000  33.3%  91.0  653s
 55024 44126    6.29521   53   59    9.00000    6.00000  33.3%  91.1  664s
 55776 44719    6.00000   51   37    9.00000    6.00000  33.3%  91.0  675s
 56523 45203 infeasible   51         9.00000    6.00000  33.3%  90.9  685s
 57169 45762    6.07377   53   58    9.00000    6.00000  33.3%  91.1  696s
 57902 46309    7.10976   57   69    9.00000    6.00000  33.3%  91.0  706s
 58636 46783    7.00000   59   49    9.00000    6.00000  33.3%  91.1  717s
 59266 47345 infeasible   61         9.00000    6.00000  33.3%  91.2  728s
 60017 47886    6.00000   54   70    9.00000    6.00000  33.3%  91.2  738s
 60728 48351    7.00000   40   92    9.00000    6.00000  33.3%  91.3  749s
 61349 48822    6.04503   49   74    9.00000    6.00000  33.3%  91.4  759s
 62014 49347 infeasible   58         9.00000    6.00000  33.3%  91.5  770s
 62709 49886    6.00000   59   28    9.00000    6.00000  33.3%  91.6  781s
 63395 50364    7.74905   46   68    9.00000    6.00000  33.3%  91.6  792s
 64040 50817    7.00000   54   38    9.00000    6.00000  33.3%  91.8  802s
 64649 51286 infeasible   50         9.00000    6.00000  33.3%  92.1  812s
 65266 51811    6.00826   52   51    9.00000    6.00000  33.3%  92.3  822s
 65929 52307    6.09468   62   56    9.00000    6.00000  33.3%  92.4  834s
 66570 52749    7.25554   56   49    9.00000    6.00000  33.3%  92.5  845s
 67194 53210    7.34761   55   35    9.00000    6.00000  33.3%  92.8  855s
 67813 53681 infeasible   66         9.00000    6.00000  33.3%  93.0  866s
 68400 54205    6.07316   64   97    9.00000    6.00000  33.3%  93.2  878s
 69062 54637    6.00083   57   65    9.00000    6.00000  33.3%  93.3  890s
 69630 55195    6.00000   43   90    9.00000    6.00000  33.3%  93.5  900s
 70337 55721    6.00000   42   39    9.00000    6.00000  33.3%  93.5  912s
 71001 56244    6.00000   44   72    9.00000    6.00000  33.3%  93.6  924s
 71692 56700    6.00000   45   33    9.00000    6.00000  33.3%  93.7  936s
 72290 57222    6.00000   45   70    9.00000    6.00000  33.3%  93.8  948s
 72950 57700    6.11084   54   33    9.00000    6.00000  33.3%  93.8  958s
 73606 58257    6.00000   50   24    9.00000    6.00000  33.3%  94.0  971s
 74333 58678 infeasible   57         9.00000    6.00000  33.3%  94.0  982s
 74993 59159    6.06743   48   41    9.00000    6.00000  33.3%  94.1  993s
 75634 59649    6.00298   39   72    9.00000    6.00000  33.3%  94.2 1004s
 76272 60066    6.00000   41   89    9.00000    6.00000  33.3%  94.3 1016s
 76855 60581 infeasible   40         9.00000    6.00000  33.3%  94.5 1028s
 77527 61076    6.05332   53   72    9.00000    6.00000  33.3%  94.5 1039s
 77958 61076    6.00000   45   39    9.00000    6.00000  33.3%  94.6 1040s
 78178 61512    6.05025   40   58    9.00000    6.00000  33.3%  94.7 1050s
 78789 61906    6.00000   50   55    9.00000    6.00000  33.3%  94.9 1060s
 79281 62348    6.00000   60   66    9.00000    6.00000  33.3%  95.1 1073s
 79825 62578    6.02273   54   77    9.00000    6.00000  33.3%  95.3 1080s

Cutting planes:
  Learned: 587
  Gomory: 523
  Lift-and-project: 153
  Cover: 13
  Implied bound: 51
  Projected implied bound: 5
  Clique: 2
  MIR: 2775
  Mixing: 35
  StrongCG: 2063
  Flow cover: 7264
  Inf proof: 292
  Zero half: 5208
  RLT: 582
  Relax-and-lift: 1497

Explored 80183 nodes (7653337 simplex iterations) in 1080.24 seconds (905.25 work units)
Thread count was 16 (of 16 available processors)

Solution count 7: 9 9 11 ... 86

Time limit reached
Best objective 9.000000000000e+00, best bound 6.000000000000e+00, gap 33.3333%

User-callback calls 275920, time in user-callback 1.61 sec
Set parameter TimeLimit to value 360
Gurobi Optimizer version 12.0.3 build v12.0.3rc0 (linux64 - "Ubuntu 22.04.5 LTS")

CPU model: Intel(R) Xeon(R) W-2145 CPU @ 3.70GHz, instruction set [SSE2|AVX|AVX2|AVX512]
Thread count: 8 physical cores, 16 logical processors, using up to 16 threads

Non-default parameters:
TimeLimit  360
Heuristics  0.1
MIPFocus  3
Presolve  2
ImproveStartGap  0.5

Optimize a model with 11265 rows, 9661 columns and 48594 nonzeros
Model fingerprint: 0x0c0efaad
Model has 15 quadratic constraints
Variable types: 15 continuous, 9646 integer (9450 binary)
Coefficient statistics:
  Matrix range     [5e-01, 6e+02]
  QMatrix range    [1e+00, 1e+00]
  QLMatrix range   [1e+00, 1e+00]
  Objective range  [1e+00, 1e+00]
  Bounds range     [1e+00, 1e+00]
  RHS range        [1e+00, 2e+03]

MIP start from previous solve produced solution with objective 86 (0.01s)
Loaded MIP start from previous solve with objective 86

Presolve removed 3165 rows and 6127 columns
Presolve time: 0.19s
Presolved: 8100 rows, 3534 columns, 40491 nonzeros
Presolved model has 15 quadratic constraint(s)
Variable types: 15 continuous, 3519 integer (3421 binary)

Resetting heuristic parameters to focus on improving solution
(using Heuristics=0.5 and RINS=10)...

Root relaxation presolve removed 6435 rows and 2797 columns
Root relaxation presolved: 1665 rows, 738 columns, 8712 nonzeros


Root relaxation: objective 6.000000e+01, 204 iterations, 0.02 seconds (0.03 work units)

    Nodes    |    Current Node    |     Objective Bounds      |     Work
 Expl Unexpl |  Obj  Depth IntInf | Incumbent    BestBd   Gap | It/Node Time

     0     0   60.00000    0   28   86.00000   60.00000  30.2%     -    0s
     0     0   60.00000    0   28   86.00000   60.00000  30.2%     -    1s
     0     2   60.00000    0   23   86.00000   60.00000  30.2%     -    1s
   482   429   68.00000   12   28   86.00000   61.00000  29.1%  61.6    5s
   489   434   67.00000   24   22   86.00000   61.00000  29.1%  60.7   10s
   496   438   75.00000    8   78   86.00000   62.00000  27.9%  59.8   15s
   507   446   69.00000   33   44   86.00000   63.00000  26.7%  58.5   20s
   972   784   67.00000   23   73   86.00000   64.00000  25.6%  75.4   25s
  2849  2400   72.00000   35   58   86.00000   64.00000  25.6%  46.5   30s
  4750  4307   65.00000   36   44   86.00000   64.00000  25.6%  39.8   35s
  6759  6295   68.00000   54   63   86.00000   64.00000  25.6%  38.1   40s
  9051  8291   72.00000   39   72   86.00000   65.00000  24.4%  37.1   45s
 10981 10123   75.00000   31   68   86.00000   65.00000  24.4%  36.8   50s
 13291 12381   66.00000   27   77   86.00000   65.00000  24.4%  37.3   56s
 15523 14376   71.00000   39   48   86.00000   65.00000  24.4%  37.8   61s
 16601 15529   66.00000   29   76   86.00000   65.00000  24.4%  38.1   65s
 18712 17255   68.00000   38   55   86.00000   65.00000  24.4%  38.7   70s
 20885 19236   66.00000   34   92   86.00000   65.00000  24.4%  39.0   75s
 22410 20616   72.00000   39   49   86.00000   65.00000  24.4%  39.4   80s
 24482 22508   70.00000   37   55   86.00000   65.00000  24.4%  40.0   85s
 26449 24490   70.16129   43   52   86.00000   65.00000  24.4%  40.4   91s
 27986 25706   69.00000   52   34   86.00000   65.00000  24.4%  40.7   96s
 29363 27149   69.00000   46   64   86.00000   66.00000  23.3%  41.1  100s
 31941 29034   75.00000   53   47   86.00000   66.00000  23.3%  40.9  106s
 33201 30487   67.16667   41   96   86.00000   66.00000  23.3%  40.9  111s
 34804 31684   72.00000   40   65   86.00000   66.00000  23.3%  41.0  115s
 37299 33638   70.00000   33   49   86.00000   66.00000  23.3%  40.8  121s
 38577 35022   66.00000   29   75   86.00000   66.00000  23.3%  41.0  126s
 39955 36209   69.00000   50   59   86.00000   66.00000  23.3%  41.2  130s
 42441 38080   69.00000   42   45   86.00000   66.00000  23.3%  41.0  136s
 43567 39424   67.00000   31   70   86.00000   66.00000  23.3%  41.4  141s
 45118 40708   70.00000   44   35   86.00000   66.00000  23.3%  41.5  145s
 47155 42523   70.00000   49   42   86.00000   66.00000  23.3%  41.7  151s
 48738 43493   77.00000   41   47   86.00000   66.00000  23.3%  41.7  156s
 50325 44860   69.00000   34   61   86.00000   66.00000  23.3%  41.8  160s
 52320 46848   68.00000   44   51   86.00000   66.00000  23.3%  42.1  167s
 53287 47352   72.00000   42   39   86.00000   66.00000  23.3%  42.1  170s
 55481 49299 infeasible   42        86.00000   66.00000  23.3%  42.3  176s
 56682 50641   66.00000   36   58   86.00000   66.00000  23.3%  42.5  181s
 57648 51113 infeasible   41        86.00000   66.00000  23.3%  42.4  185s
 58938 52492   70.00000   37   33   86.00000   66.00000  23.3%  42.5  190s
 61387 54410   70.00000   47   37   86.00000   66.00000  23.3%  42.5  196s
 62579 55777   70.00000   35   73   86.00000   66.00000  23.3%  42.6  202s
 64132 57026   70.00000   44   42   86.00000   66.00000  23.3%  42.6  206s
 65533 58333   66.00000   31   62   86.00000   66.00000  23.3%  42.6  210s
 67045 59405   69.00000   37   55   86.00000   66.00000  23.3%  42.6  215s
 68573 60619   72.00000   42   54   86.00000   66.00000  23.3%  42.6  220s
 70739 62890   69.00000   40   83   86.00000   66.00000  23.3%  42.7  226s
 72309 63848   72.00000   41   42   86.00000   66.00000  23.3%  42.7  231s
 73842 65119   68.00000   37   54   86.00000   66.00000  23.3%  42.8  236s
 75037 66561   69.00000   37   48   86.00000   66.00000  23.3%  43.0  240s
 76652 67852   75.00000   35   60   86.00000   66.00000  23.3%  43.0  245s
 78156 68804   69.00000   49   49   86.00000   66.00000  23.3%  43.0  250s
 80368 70969   66.00000   31   72   86.00000   66.00000  23.3%  43.1  256s
 81876 72007   69.00000   29   52   86.00000   66.00000  23.3%  43.1  261s
 83219 73353   69.00000   40   59   86.00000   66.00000  23.3%  43.2  266s
 84781 74718   66.00000   28   71   86.00000   66.00000  23.3%  43.2  270s
 86355 75688   70.00000   47   55   86.00000   66.00000  23.3%  43.3  275s
 87967 77079   71.00000   41   61   86.00000   66.00000  23.3%  43.3  280s
 90067 78939   75.00000   52   61   86.00000   66.00000  23.3%  43.5  286s
 90674 79846   72.00000   41   48   86.00000   66.00000  23.3%  43.5  290s
 93504 81828   72.00000   44   66   86.00000   66.00000  23.3%  43.4  296s
 94757 83202   70.00000   66   39   86.00000   66.00000  23.3%  43.5  301s
 96317 84372   76.00000   39   60   86.00000   66.00000  23.3%  43.5  306s
 97802 85717   69.00000   43   51   86.00000   66.00000  23.3%  43.6  311s
 99433 86785   68.00000   39   77   86.00000   66.00000  23.3%  43.6  315s
 101197 88176 infeasible   37        86.00000   66.00000  23.3%  43.6  320s
 102409 89478   66.59389   39   91   86.00000   66.00000  23.3%  43.8  325s
 104530 91244   69.00000   44   43   86.00000   66.00000  23.3%  43.9  332s
 105627 91712   69.00000   42   52   86.00000   66.00000  23.3%  43.9  335s
 107809 93574   68.00000   35   45   86.00000   66.00000  23.3%  43.9  341s
 109402 94812   70.00000   41   63   86.00000   66.00000  23.3%  43.9  346s
 111052 96142   67.00000   33   48   86.00000   66.00000  23.3%  43.9  351s
 112330 97554   70.00000   45   65   86.00000   66.00000  23.3%  44.0  356s
 113830 98558   70.00000   44   55   86.00000   66.00000  23.3%  43.9  360s

Cutting planes:
  Learned: 144
  Gomory: 144
  Lift-and-project: 113
  Cover: 4
  Implied bound: 5
  Projected implied bound: 6
  MIR: 217
  Mixing: 6
  StrongCG: 227
  Flow cover: 1161
  Inf proof: 33
  Zero half: 126
  RLT: 62
  Relax-and-lift: 60

Explored 114414 nodes (5025850 simplex iterations) in 360.02 seconds (401.22 work units)
Thread count was 16 (of 16 available processors)

Solution count 1: 86 

Time limit reached
Best objective 8.600000000000e+01, best bound 6.600000000000e+01, gap 23.2558%

User-callback calls 290588, time in user-callback 0.81 sec
