Gurobi 12.0.3 (linux64) logging started Wed Dec 10 13:09:55 2025

Set parameter LogFile to value "/home/bazzo/Scrivania/fjsp_rescheduling/simulations/logs/EX3/gurobi_exp3.log"
Set parameter OutputFlag to value 1
Gurobi Optimizer version 12.0.3 build v12.0.3rc0 (linux64 - "Ubuntu 22.04.5 LTS")

CPU model: Intel(R) Xeon(R) W-2145 CPU @ 3.70GHz, instruction set [SSE2|AVX|AVX2|AVX512]
Thread count: 8 physical cores, 16 logical processors, using up to 16 threads

Optimize a model with 116372 rows, 65081 columns and 545824 nonzeros
Model fingerprint: 0x85f479a5
Model has 20 quadratic constraints
Coefficient statistics:
  Matrix range     [1e+00, 2e+03]
  QMatrix range    [1e+00, 1e+00]
  QLMatrix range   [1e+00, 1e+00]
  Objective range  [0e+00, 0e+00]
  Bounds range     [1e+00, 1e+00]
  RHS range        [1e+00, 7e+03]
Presolve removed 72782 rows and 49633 columns
Presolve time: 0.12s
Presolved: 43630 rows, 15776 columns, 210807 nonzeros
Presolved model has 20 second-order cone constraints
Ordering time: 0.03s

Barrier statistics:
 Dense cols : 526
 AA' NZ     : 2.320e+05
 Factor NZ  : 4.498e+05 (roughly 30 MB of memory)
 Factor Ops : 2.517e+07 (less than 1 second per iteration)
 Threads    : 8

                  Objective                Residual
Iter       Primal          Dual         Primal    Dual     Compl     Time
   0   0.00000000e+00 -9.92211567e+04  1.40e+03 1.00e-01  3.26e+01     0s
   1   0.00000000e+00 -2.72590655e+05  7.94e+02 2.57e+01  1.63e+01     0s
   2   0.00000000e+00 -2.16724995e+05  2.58e+02 1.46e+01  6.08e+00     0s
   3   0.00000000e+00 -9.70110148e+04  1.12e+02 2.93e+00  1.95e+00     0s
   4   0.00000000e+00 -4.95492213e+04  4.45e+01 7.92e-01  8.12e-01     0s
   5   0.00000000e+00 -2.29817156e+04  2.98e+01 4.88e-01  3.55e-01     0s
   6   0.00000000e+00 -1.30579185e+04  2.08e+01 3.09e-01  1.93e-01     0s
   7   0.00000000e+00 -9.87663537e+03  1.77e+01 2.48e-01  1.44e-01     0s
   8   0.00000000e+00 -9.59901548e+03  1.75e+01 2.44e-01  1.40e-01     0s
   9   0.00000000e+00 -9.12474314e+03  1.62e+01 2.49e-01  1.32e-01     0s
  10   0.00000000e+00 -5.61541953e+03  1.24e+01 2.02e-01  7.94e-02     1s
  11   0.00000000e+00 -5.29448166e+03  1.17e+01 1.92e-01  7.47e-02     1s
  12   0.00000000e+00 -3.68367612e+03  9.16e+00 1.47e-01  5.14e-02     1s
  13   0.00000000e+00 -3.21758994e+03  7.05e+00 1.33e-01  4.44e-02     1s
  14   0.00000000e+00 -3.12519054e+03  6.43e+00 1.29e-01  4.29e-02     1s
  15   0.00000000e+00 -3.01846447e+03  6.34e+00 1.33e-01  4.13e-02     1s
  16   0.00000000e+00 -2.63214774e+03  5.48e+00 4.63e-01  3.63e-02     1s
  17   0.00000000e+00 -1.81654971e+03  3.84e+00 3.16e-01  2.48e-02     1s
  18   0.00000000e+00 -1.36272651e+03  3.28e+00 2.32e-01  1.85e-02     1s
  19   0.00000000e+00 -9.89338289e+02  2.27e+00 1.69e-01  1.33e-02     1s
  20   0.00000000e+00 -5.59257616e+02  2.02e+00 9.38e-02  7.55e-03     1s
  21   0.00000000e+00 -3.03977232e+02  1.13e+00 5.23e-02  4.13e-03     1s
  22   0.00000000e+00 -2.83208823e+02  1.12e+00 4.87e-02  3.84e-03     1s
  23   0.00000000e+00 -2.84756852e+02  1.12e+00 4.88e-02  3.85e-03     1s
  24   0.00000000e+00 -2.80689510e+02  1.10e+00 4.78e-02  3.77e-03     1s
  25   0.00000000e+00 -2.73795483e+02  1.09e+00 4.66e-02  3.68e-03     1s
  26   0.00000000e+00 -2.64149202e+02  1.07e+00 4.52e-02  3.59e-03     1s
  27   0.00000000e+00 -2.63271756e+02  1.07e+00 4.51e-02  3.58e-03     1s
  28   0.00000000e+00 -2.16119672e+02  8.30e-01 3.53e-02  2.93e-03     1s
  29   0.00000000e+00 -2.16036289e+02  8.30e-01 3.53e-02  2.93e-03     1s
  30   0.00000000e+00 -2.16119227e+02  8.29e-01 3.53e-02  2.92e-03     1s
  31   0.00000000e+00 -2.15555998e+02  8.28e-01 3.52e-02  2.92e-03     1s
  32   0.00000000e+00 -2.15479124e+02  8.28e-01 3.52e-02  2.92e-03     2s
  33   0.00000000e+00 -2.14391730e+02  8.28e-01 3.48e-02  2.89e-03     2s
  34   0.00000000e+00 -2.13068809e+02  8.22e-01 3.46e-02  2.87e-03     2s
  35   0.00000000e+00 -1.40738234e+02  2.19e-03 2.33e-02  1.89e-03     2s
  36   0.00000000e+00 -1.40463822e+02  2.19e-03 2.32e-02  1.89e-03     2s
  37   0.00000000e+00 -1.40678128e+02  2.19e-03 2.32e-02  1.89e-03     2s
  38   0.00000000e+00 -1.40459289e+02  2.18e-03 2.31e-02  1.88e-03     2s
  39   0.00000000e+00 -1.40475122e+02  2.18e-03 2.31e-02  1.88e-03     2s
  40   0.00000000e+00 -1.40534745e+02  2.18e-03 2.31e-02  1.88e-03     2s
  41   0.00000000e+00 -1.40320676e+02  2.18e-03 2.31e-02  1.88e-03     2s
  42   0.00000000e+00 -1.40013326e+02  2.17e-03 2.30e-02  1.88e-03     2s
  43   0.00000000e+00 -1.39334756e+02  2.17e-03 2.29e-02  1.87e-03     2s
  44   0.00000000e+00 -1.38798039e+02  2.15e-03 2.25e-02  1.87e-03     2s
  45   0.00000000e+00 -1.38500442e+02  2.14e-03 2.24e-02  1.86e-03     2s
  46   0.00000000e+00 -1.38322724e+02  2.14e-03 2.24e-02  1.86e-03     2s
  47   0.00000000e+00 -1.38425970e+02  2.14e-03 2.24e-02  1.86e-03     2s
  48   0.00000000e+00 -1.38329579e+02  2.13e-03 2.23e-02  1.86e-03     3s
  49   0.00000000e+00 -1.38205384e+02  2.13e-03 2.23e-02  1.86e-03     3s
  50   0.00000000e+00 -1.38233278e+02  2.13e-03 2.23e-02  1.86e-03     3s
  51   0.00000000e+00 -1.37918548e+02  2.10e-03 2.21e-02  1.85e-03     3s
  52   0.00000000e+00 -1.37566713e+02  2.10e-03 2.20e-02  1.85e-03     3s
  53   0.00000000e+00 -1.36886847e+02  2.08e-03 2.14e-02  1.84e-03     3s
  54   0.00000000e+00 -9.04968885e+01  8.21e-04 1.45e-02  1.22e-03     3s
  55   0.00000000e+00 -9.03556646e+01  8.20e-04 1.44e-02  1.22e-03     3s
  56   0.00000000e+00 -9.03111177e+01  8.20e-04 1.44e-02  1.21e-03     3s
  57   0.00000000e+00 -9.08269595e+01  8.20e-04 1.44e-02  1.21e-03     3s
  58   0.00000000e+00 -9.08015039e+01  8.13e-04 1.44e-02  1.21e-03     3s
  59   0.00000000e+00 -9.10400225e+01  8.11e-04 1.44e-02  1.21e-03     3s
  60   0.00000000e+00 -9.10420938e+01  8.10e-04 1.44e-02  1.21e-03     3s
  61   0.00000000e+00 -9.10974463e+01  8.09e-04 1.44e-02  1.21e-03     3s
  62   0.00000000e+00 -9.11489597e+01  8.08e-04 1.44e-02  1.21e-03     3s
  63   0.00000000e+00 -9.15881213e+01  8.08e-04 1.44e-02  1.21e-03     3s
  64   0.00000000e+00 -9.16459969e+01  8.07e-04 1.44e-02  1.21e-03     3s
  65   0.00000000e+00 -9.11508893e+01  8.06e-04 1.42e-02  1.21e-03     4s
  66   0.00000000e+00 -9.11573857e+01  8.04e-04 1.42e-02  1.21e-03     4s
  67   0.00000000e+00 -9.11413217e+01  7.99e-04 1.42e-02  1.21e-03     4s
  68   0.00000000e+00 -9.13088677e+01  7.97e-04 1.39e-02  1.21e-03     4s
  69   0.00000000e+00 -9.10278890e+01  7.88e-04 1.40e-02  1.20e-03     4s
  70   0.00000000e+00 -9.09412981e+01  7.86e-04 1.40e-02  1.20e-03     4s
  71   0.00000000e+00 -9.09298839e+01  7.85e-04 1.40e-02  1.20e-03     4s
  72   0.00000000e+00 -9.09172696e+01  7.85e-04 1.40e-02  1.20e-03     4s
  73   0.00000000e+00 -9.09897428e+01  7.85e-04 1.40e-02  1.20e-03     4s
  74   0.00000000e+00 -9.09861428e+01  7.85e-04 1.40e-02  1.20e-03     4s

Barrier performed 74 iterations in 4.03 seconds (3.23 work units)
Numerical trouble encountered

Model may be infeasible or unbounded.  Consider using the
homogeneous algorithm (through parameter 'BarHomogeneous')

Set parameter TimeLimit to value 2160
Set parameter Presolve to value 2
Set parameter MIPFocus to value 3
Set parameter Heuristics to value 0.1
Set parameter ImproveStartGap to value 0.5
Set parameter Presolve to value 2
Gurobi Optimizer version 12.0.3 build v12.0.3rc0 (linux64 - "Ubuntu 22.04.5 LTS")

CPU model: Intel(R) Xeon(R) W-2145 CPU @ 3.70GHz, instruction set [SSE2|AVX|AVX2|AVX512]
Thread count: 8 physical cores, 16 logical processors, using up to 16 threads

Non-default parameters:
TimeLimit  2160
Heuristics  0.1
MIPFocus  3
Presolve  2
ImproveStartGap  0.5

Optimize a model with 116372 rows, 65081 columns and 545824 nonzeros
Model fingerprint: 0x6cd39afd
Model has 20 quadratic constraints
Variable types: 20 continuous, 65061 integer (64560 binary)
Coefficient statistics:
  Matrix range     [1e+00, 2e+03]
  QMatrix range    [1e+00, 1e+00]
  QLMatrix range   [1e+00, 1e+00]
  Objective range  [1e+00, 1e+00]
  Bounds range     [1e+00, 1e+00]
  RHS range        [1e+00, 7e+03]
Presolve removed 72504 rows and 49442 columns
Presolve time: 3.00s
Presolved: 43868 rows, 15639 columns, 278828 nonzeros
Presolved model has 20 quadratic constraint(s)
Variable types: 20 continuous, 15619 integer (15448 binary)

Deterministic concurrent LP optimizer: primal and dual simplex (primal and dual model)
Showing primal log only...

Root relaxation presolved: 41327 rows, 14477 columns, 267906 nonzeros

Concurrent spin time: 0.14s (can be avoided by choosing Method=3)

Solved with dual simplex

Root relaxation: objective 4.000000e+00, 1223 iterations, 0.39 seconds (0.28 work units)
Total elapsed time = 5.32s (DegenMoves)

    Nodes    |    Current Node    |     Objective Bounds      |     Work
 Expl Unexpl |  Obj  Depth IntInf | Incumbent    BestBd   Gap | It/Node Time

     0     0    4.00000    0    9          -    4.00000      -     -    6s
     0     0    4.00000    0   53          -    4.00000      -     -   12s
     0     0    4.00000    0   60          -    4.00000      -     -   13s
     0     0    4.00555    0   79          -    4.00555      -     -   16s
     0     0    4.00555    0  111          -    4.00555      -     -   16s
     0     0    9.92308    0   86          -    9.92308      -     -   22s
     0     0   10.14857    0  124          -   10.14857      -     -   22s
     0     0   12.00000    0  114          -   12.00000      -     -   27s
     0     0   12.00000    0  137          -   12.00000      -     -   27s
     0     0   12.00000    0   97          -   12.00000      -     -   31s
     0     0   12.00000    0  174          -   12.00000      -     -   31s
     0     0   12.00000    0  123          -   12.00000      -     -   35s
     0     0   12.00000    0  172          -   12.00000      -     -   36s
     0     0   12.00000    0  108          -   12.00000      -     -   39s
     0     0   12.00000    0  175          -   12.00000      -     -   39s
     0     0   12.00000    0  102          -   12.00000      -     -   48s
     0     0   12.00000    0  151          -   12.00000      -     -   48s
     0     0   12.00000    0   80          -   12.00000      -     -   54s
     0     0   12.00000    0  129          -   12.00000      -     -   54s
     0     0   12.00000    0   92          -   12.00000      -     -   58s
     0     0   12.00000    0  126          -   12.00000      -     -   58s
     0     0   12.00000    0   84          -   12.00000      -     -   63s
     0     0   12.00000    0  146          -   12.00000      -     -   63s
     0     0   12.36852    0  115          -   12.36852      -     -   68s
     0     0   12.56287    0  142          -   12.56287      -     -   68s
     0     0   12.65102    0   96          -   12.65102      -     -   75s
     0     0   12.69162    0  135          -   12.69162      -     -   75s
     0     0   13.05076    0  118          -   13.05076      -     -   83s
     0     0   13.32262    0  167          -   13.32262      -     -   84s
     0     0   14.26585    0  128          -   14.26585      -     -   90s
     0     0   14.32124    0  166          -   14.32124      -     -   90s
     0     0   15.04935    0  131          -   15.04935      -     -   98s
     0     0   15.30235    0  206          -   15.30235      -     -   98s
     0     0   16.44496    0  137          -   16.44496      -     -  104s
     0     0   16.47230    0  166          -   16.47230      -     -  104s
     0     0   16.68839    0  130          -   16.68839      -     -  109s
     0     0   16.76623    0  182          -   16.76623      -     -  109s
     0     0   16.87924    0  104          -   16.87924      -     -  116s
     0     0   16.97931    0  162          -   16.97931      -     -  116s
     0     0   17.03378    0  151          -   17.03378      -     -  122s
     0     0   17.06886    0  179          -   17.06886      -     -  123s
     0     0   17.10626    0  128          -   17.10626      -     -  127s
     0     0   17.11954    0  187          -   17.11954      -     -  127s
     0     0   17.29358    0  137          -   17.29358      -     -  131s
     0     0   17.59217    0  185          -   17.59217      -     -  131s
     0     0   17.81664    0  139          -   17.81664      -     -  137s
     0     0   17.84799    0  173          -   17.84799      -     -  138s
     0     0   18.14212    0  139          -   18.14212      -     -  143s
     0     0   18.51279    0  209          -   18.51279      -     -  143s
     0     0   18.89820    0  132          -   18.89820      -     -  149s
     0     0   19.15819    0  184          -   19.15819      -     -  149s
     0     0   19.25372    0  159          -   19.25372      -     -  153s
     0     0   19.69313    0  216          -   19.69313      -     -  153s
     0     0   20.03078    0  152          -   20.03078      -     -  161s
     0     0   20.16719    0  215          -   20.16719      -     -  161s
     0     0   20.48537    0  157          -   20.48537      -     -  169s
     0     0   20.68211    0  259          -   20.68211      -     -  169s
     0     0   20.84940    0  174          -   20.84940      -     -  177s
     0     0   20.90748    0  233          -   20.90748      -     -  177s
     0     0   21.23699    0  167          -   21.23699      -     -  185s
     0     0   21.32754    0  203          -   21.32754      -     -  185s
     0     0   21.35452    0  198          -   21.35452      -     -  190s
     0     0   21.35896    0  281          -   21.35896      -     -  191s
     0     0   21.57437    0  173          -   21.57437      -     -  197s
     0     0   21.61153    0  215          -   21.61153      -     -  197s
     0     0   22.21519    0  159          -   22.21519      -     -  204s
     0     0   22.48079    0  204          -   22.48079      -     -  204s
     0     0   22.84666    0  159          -   22.84666      -     -  211s
     0     0   22.91725    0  232          -   22.91725      -     -  211s
     0     0   23.04756    0  166          -   23.04756      -     -  219s
     0     0   23.08961    0  226          -   23.08961      -     -  219s
     0     0   23.19092    0  156          -   23.19092      -     -  224s
     0     0   23.20885    0  207          -   23.20885      -     -  224s
     0     0   23.21944    0  153          -   23.21944      -     -  234s
     0     0   23.22732    0  166          -   23.22732      -     -  234s
     0     0   23.53434    0  129          -   23.53434      -     -  242s
     0     0   23.57748    0  184          -   23.57748      -     -  242s
     0     0   23.62879    0  152          -   23.62879      -     -  247s
     0     0   23.67041    0  226          -   23.67041      -     -  247s
     0     0   23.71311    0  164          -   23.71311      -     -  254s
     0     0   23.79835    0  220          -   23.79835      -     -  255s
     0     0   23.91488    0  139          -   23.91488      -     -  260s
     0     0   23.97404    0  206          -   23.97404      -     -  260s
     0     0   24.07578    0  129          -   24.07578      -     -  268s
     0     0   24.10210    0  208          -   24.10210      -     -  268s
     0     0   24.37853    0  179          -   24.37853      -     -  277s
     0     0   24.51036    0  202          -   24.51036      -     -  277s
     0     0   24.63187    0  176          -   24.63187      -     -  283s
     0     0   24.68627    0  252          -   24.68627      -     -  284s
     0     0   24.96446    0  173          -   24.96446      -     -  290s
     0     0   25.12825    0  275          -   25.12825      -     -  290s
     0     0   25.16209    0  183          -   25.16209      -     -  298s
     0     0   25.23954    0  233          -   25.23954      -     -  298s
     0     0   25.31804    0  165          -   25.31804      -     -  302s
     0     0   25.38358    0  215          -   25.38358      -     -  303s
     0     0   25.39482    0  186          -   25.39482      -     -  308s
     0     0   25.42805    0  205          -   25.42805      -     -  308s
     0     0   25.58621    0  163          -   25.58621      -     -  313s
     0     0   25.77569    0  227          -   25.77569      -     -  314s
     0     0   25.96206    0  175          -   25.96206      -     -  319s
     0     0   26.00938    0  224          -   26.00938      -     -  319s
     0     0   26.05908    0  201          -   26.05908      -     -  329s
     0     0   26.07268    0  224          -   26.07268      -     -  329s
     0     0   26.21182    0  183          -   26.21182      -     -  340s
     0     0   26.32323    0  228          -   26.32323      -     -  340s
     0     0   26.53224    0  175          -   26.53224      -     -  347s
     0     0   26.54970    0  230          -   26.54970      -     -  347s
     0     0   27.01563    0  167          -   27.01563      -     -  352s
     0     0   27.21336    0  243          -   27.21336      -     -  352s
     0     0   27.33088    0  182          -   27.33088      -     -  361s
     0     0   27.34381    0  230          -   27.34381      -     -  362s
     0     0   27.51931    0  177          -   27.51931      -     -  368s
     0     0   27.60510    0  236          -   27.60510      -     -  369s
     0     0   27.79888    0  188          -   27.79888      -     -  375s
     0     0   27.85868    0  247          -   27.85868      -     -  376s
     0     0   27.87208    0  185          -   27.87208      -     -  383s
     0     0   27.87994    0  271          -   27.87994      -     -  383s
     0     0   28.02472    0  179          -   28.02472      -     -  389s
     0     0   28.06277    0  227          -   28.06277      -     -  390s
     0     0   28.13783    0  167          -   28.13783      -     -  398s
     0     0   28.16464    0  241          -   28.16464      -     -  398s
     0     0   28.17063    0  178          -   28.17063      -     -  408s
     0     0   28.17555    0  232          -   28.17555      -     -  408s
     0     0   28.20594    0  194          -   28.20594      -     -  416s
     0     0   28.20622    0  238          -   28.20622      -     -  416s
     0     0   28.26441    0  187          -   28.26441      -     -  425s
     0     0   28.28881    0  235          -   28.28881      -     -  425s
     0     0   28.35640    0  164          -   28.35640      -     -  428s
     0     0   28.43272    0  235          -   28.43272      -     -  428s
     0     0   28.44322    0  179          -   28.44322      -     -  432s
     0     0   28.44561    0  220          -   28.44561      -     -  432s
     0     0   28.64667    0  188          -   28.64667      -     -  442s
     0     0   28.69784    0  239          -   28.69784      -     -  443s
     0     0   28.71829    0  172          -   28.71829      -     -  448s
     0     0   28.72649    0  255          -   28.72649      -     -  448s
     0     0   28.72761    0  168          -   28.72761      -     -  459s
     0     0   28.72836    0  192          -   28.72836      -     -  464s
     0     0   28.72836    0  175          -   28.72836      -     -  465s
H    0     0                    2048477.3497   28.72836   100%     -  470s
H    0     0                    95956.000000   28.72836   100%     -  470s
H    0     0                    87611.000000   28.72836   100%     -  470s
H    0     0                    81787.000000   28.72836   100%     -  470s
H    0     0                    81555.000000   28.72836   100%     -  470s
H    0     0                    42866.000000   28.72836   100%     -  471s
H    0     0                    42484.000000   28.72836   100%     -  471s
H    0     0                    42461.000000   28.72836   100%     -  471s
H    0     0                    41972.000000   28.72836   100%     -  471s
H    0     0                    39015.000000   28.72836   100%     -  471s
H    0     0                    38797.000000   28.72836   100%     -  471s
H    0     0                    37846.000000   28.72836   100%     -  471s
H    0     0                    27696.000000   28.72836   100%     -  471s
H    0     0                    27103.000000   28.72836   100%     -  471s
H    0     0                    26423.000000   28.72836   100%     -  471s
H    0     0                    26219.000000   28.72836   100%     -  471s
H    0     0                    25814.000000   28.72836   100%     -  471s
H    0     0                    25430.000000   28.72836   100%     -  471s
H    0     0                    25427.000000   28.72836   100%     -  471s
     0     2   28.72836    0  150 25427.0000   28.72836   100%     -  471s
     7    16   29.68886    3  292 25427.0000   29.18546   100%   722  475s
    43    52   31.88984    7  238 25427.0000   30.97709   100%  1068  482s
H   45    52                    25368.000000   31.97720   100%  1066  482s
    63    72   65.61984    9  305 25368.0000   37.91724   100%  1082  486s
H   71    80                    16913.000000   43.40961   100%  1072  487s
H   72    80                    13769.000000   43.42162   100%  1072  487s
H   75    80                    8927.0000000   44.41813   100%  1081  487s
    93   107   54.45012   11  268 8927.00000   46.61287  99.5%  1107  491s
H  109   115                    8684.0000000   49.43099  99.4%  1088  492s
H  125   135                    7129.0000000   50.88226  99.3%  1045  494s
   134   150  153.09941    7  288 7129.00000   51.48357  99.3%  1053  496s
   157   170   76.03646    9  262 7129.00000   53.26740  99.3%  1060  501s
H  158   170                    6707.0000000   53.26740  99.2%  1053  501s
H  160   170                    6289.0000000   53.65245  99.1%  1054  501s
H  166   170                    5507.0000000   54.46184  99.0%  1032  501s
H  178   194                    5496.0000000   54.73613  99.0%  1023  502s
H  193   205                    5251.0000000   55.30659  98.9%   974  504s
   202   205   84.87177    9  294 5251.00000   55.87276  98.9%   982  505s
   262   285   69.91722    7  250 5251.00000   57.89598  98.9%   907  511s
H  286   295                    4993.0000000   58.31140  98.8%   870  513s
H  292   295                    4860.0000000   59.26919  98.8%   872  513s
H  293   295                    4579.0000000   59.28368  98.7%   872  513s
   296   320   62.36085    6  325 4579.00000   59.64091  98.7%   885  515s
H  321   334                    4344.0000000   59.82917  98.6%   850  517s
H  331   334                    4149.0000000   59.85340  98.6%   838  517s
H  383   387                    3704.0000000   61.27224  98.3%   772  520s
H  385   387                    3278.0000000   61.40079  98.1%   771  520s
H  409   426                    3260.0000000   62.80849  98.1%   787  525s
H  430   426                    2971.0000000   63.04950  97.9%   784  525s
   482   473  165.72585   13  175 2971.00000   63.35051  97.9%   729  537s
   484   474  456.82349   17  130 2971.00000   63.35051  97.9%   726  548s
H  484   450                    2919.0000000   63.35051  97.8%   726  552s
   485   451  208.66062    9  141 2919.00000   63.35051  97.8%   724  555s
   487   452  180.27445   13  142 2919.00000   63.35051  97.8%   722  575s
H  487   429                    2860.0000000   63.35051  97.8%   722  575s
H  487   407                    2808.0000000   63.35051  97.7%   722  583s
H  487   387                    2775.0000000   63.35051  97.7%   722  583s
   489   389   70.06008    8  151 2775.00000   63.35051  97.7%   719  608s
H  489   369                    2744.0000000   63.35051  97.7%   719  611s
H  489   351                    2587.0000000   63.35051  97.6%   719  611s
H  489   333                    2560.0000000   63.35051  97.5%   719  611s
H  489   316                    2521.0000000   63.35051  97.5%   719  611s
H  489   300                    2453.0000000   63.35051  97.4%   719  611s
H  489   285                    2420.0000000   63.35051  97.4%   719  611s
H  489   271                    2389.0000000   63.35051  97.3%   719  611s
H  489   257                    2364.0000000   63.35051  97.3%   719  611s
H  489   244                    2333.0000000   63.35051  97.3%   719  611s
   490   244  134.43544   16  252 2333.00000   63.35051  97.3%   717  618s
   491   245  316.47037   11  190 2333.00000   63.35051  97.3%   716  631s
   492   246  208.66062    9  298 2333.00000   63.35051  97.3%   714  636s
   493   246  108.82090    6  180 2333.00000   63.35051  97.3%   713  647s
H  493   234                    2200.0000000   63.35051  97.1%   713  648s
   494   235  241.46295   14  275 2200.00000   63.35051  97.1%   711  652s
   495   236   70.26252   14  182 2200.00000   63.35051  97.1%   710  658s
   496   236  112.15038   11  221 2200.00000   63.35051  97.1%   708  665s
   497   237  214.65705   12  175 2200.00000   63.35051  97.1%   707  672s
   498   238   67.87377   16  233 2200.00000   63.35051  97.1%   706  678s
   499   238   68.08099   17  197 2200.00000   63.35051  97.1%   704  680s
   502   240   82.17949   22  243 2200.00000   63.35051  97.1%   700  685s
H  502   227                    2144.0000000   63.35051  97.0%   700  694s
H  502   216                    2117.0000000   63.35051  97.0%   700  694s
H  502   204                    1984.0000000   63.35051  96.8%   700  695s
H  502   194                    1896.0000000   63.35051  96.7%   700  695s
   506   197   66.00000   20  185 1896.00000   63.35051  96.7%   694  700s
   509   199   67.20238   19  172 1896.00000   63.35051  96.7%   690  705s
   513   202  122.00000   20  190 1896.00000   63.35051  96.7%   685  711s
   515   203  208.66062   11  162 1896.00000   63.35051  96.7%   682  716s
   518   210   63.35051   12  183 1896.00000   63.35051  96.7%   758  720s
   538   227   63.35051   15  231 1896.00000   63.35051  96.7%   751  727s
   554   239   63.35051   17  268 1896.00000   63.35051  96.7%   752  732s
H  603   262                    1861.0000000   63.35051  96.6%   718  735s
H  604   251                    1719.0000000   63.35051  96.3%   718  735s
H  608   240                    1566.0000000   63.35051  96.0%   726  736s
H  611   230                    1398.0000000   63.35051  95.5%   725  736s
   653   266   63.35051   21  286 1398.00000   63.35051  95.5%   711  741s
   671   278   63.35051   21  277 1398.00000   63.35051  95.5%   724  745s
   697   293   63.35051   24  248 1398.00000   63.35051  95.5%   740  750s
H  715   303                    1393.0000000   63.35051  95.5%   741  753s
   749   339   63.35051   24  195 1393.00000   63.35051  95.5%   734  756s
   785   343   63.35051   20  276 1393.00000   63.35051  95.5%   722  760s
H  797   341                    1285.0000000   63.35051  95.1%   726  762s
   846   376  135.57082   18  284 1285.00000   63.35051  95.1%   704  766s
   874   416   63.35051   27  267 1285.00000   63.35051  95.1%   702  770s
   964   491  184.37305   22  268 1285.00000   63.35051  95.1%   669  777s
  1061   591   66.12492   19  291 1285.00000   63.35051  95.1%   629  782s
  1115   607   63.35051   20  241 1285.00000   63.35051  95.1%   618  786s
H 1119   607                    1274.0000000   63.35051  95.0%   619  786s
H 1220   712                    1259.0000000   63.35051  95.0%   583  792s
H 1221   712                    1249.0000000   63.35051  94.9%   583  792s
H 1222   712                    1241.0000000   63.35051  94.9%   583  792s
H 1224   712                    1237.0000000   63.35051  94.9%   584  792s
H 1319   809                    1224.0000000   63.35051  94.8%   556  797s
H 1322   809                    1181.0000000   63.35051  94.6%   558  797s
  1327   898  158.07730   21  254 1181.00000   63.35051  94.6%   563  800s
  1520  1009   71.20660   26  299 1181.00000   63.35051  94.6%   512  805s
H 1529  1026                    1005.0000000   63.35051  93.7%   516  807s
  1545  1154   63.35051   23  255 1005.00000   63.35051  93.7%   516  811s
H 1692  1258                     994.0000000   63.35051  93.6%   482  814s
  1779  1392   66.54191   25  251  994.00000   63.44941  93.6%   467  817s
  1916  1524   81.24493   26  241  994.00000   64.01934  93.6%   441  820s
  2137  1753   73.27477   24  283  994.00000   64.92823  93.5%   411  828s
  2280  1920   67.54380   28  202  994.00000   65.18176  93.4%   393  832s
  2450  2135  175.21779   27  250  994.00000   65.72086  93.4%   375  837s
H 2649  2133                     985.0000000   66.27756  93.3%   354  837s
H 2665  2141                     970.0000000   66.27756  93.2%   353  840s
  2827  2449  105.45035   26  302  970.00000   66.85348  93.1%   346  849s
  2982  2574   69.80141   24  285  970.00000   67.56817  93.0%   336  853s
  3107  2825   72.21391   19  310  970.00000   68.13073  93.0%   329  857s
  3361  3008   68.63340   31  267  970.00000   68.35664  93.0%   311  862s
  3544  3271   70.87280   23  258  970.00000   68.75387  92.9%   305  867s
  3811  3279  148.51443   27  291  970.00000   69.61307  92.8%   293  872s
  3819  3309   96.29418   21  305  970.00000   69.79877  92.8%   294  876s
  3852  3429   78.54498   26  262  970.00000   70.29767  92.8%   295  880s
  3973  3621   73.01865   35  255  970.00000   70.71278  92.7%   292  886s
  4166  4040  171.42929   28  218  970.00000   71.54814  92.6%   285  892s
  4589  4447   74.52992   28  247  970.00000   71.98820  92.6%   266  899s
  5003  4955  184.13863   36  271  970.00000   72.97333  92.5%   254  906s
  5527  5503   84.89882   28  274  970.00000   73.74614  92.4%   237  913s
  6083  6114   91.54022   30  251  970.00000   74.69479  92.3%   223  922s
  6701  6193  300.71881   33  253  970.00000   75.64933  92.2%   211  929s
  6782  6669  104.07250   25  271  970.00000   76.02508  92.2%   210  937s
  7263  7299  257.36669   31  278  970.00000   76.46978  92.1%   203  946s
  7895  8016  120.60209   37  214  970.00000   77.80275  92.0%   195  955s
  8618  8699   87.32906   35  261  970.00000   78.72895  91.9%   186  965s
  9309  9640  429.54847   26  282  970.00000   79.43651  91.8%   179  975s
 10272 10561   84.61048   25  270  970.00000   80.61630  91.7%   172  985s
 11199 11810  102.38717   23  264  970.00000   81.53511  91.6%   164  996s
 12517 12745   85.84020   32  259  970.00000   82.39790  91.5%   154 1008s
 13457 14070  109.23738   31  243  970.00000   83.76305  91.4%   150 1021s
 14806 15140  137.87950   32  298  970.00000   84.77252  91.3%   144 1035s
 15896 16287   87.73639   30  246  970.00000   85.81051  91.2%   140 1048s
 17079 16957  101.82115   31  296  970.00000   86.73140  91.1%   135 1074s
 17766 18018   89.06925   33  259  970.00000   87.43304  91.0%   134 1087s
 18835 18769  103.25036   32  264  970.00000   88.33942  90.9%   132 1101s
 19616 19197  187.28417   36  255  970.00000   88.94636  90.8%   130 1119s
 20048 19205  100.61201   31  286  970.00000   89.20402  90.8%   130 1134s
 20056 19213  101.28824   36  243  970.00000   89.34170  90.8%   130 1147s
 20064 19413   89.47824   30  264  970.00000   89.47824  90.8%   130 1164s
 20272 20799   89.83603   31  197  970.00000   89.76624  90.7%   131 1182s
 21670 22363   96.37285   29  274  970.00000   90.57984  90.7%   129 1200s
 23260 23618  104.25917   34  234  970.00000   91.52666  90.6%   125 1217s
 24538 25492  165.63930   34  252  970.00000   91.93883  90.5%   123 1235s
 26467 27022   93.98227   40  224  970.00000   92.97396  90.4%   119 1251s
 28044 28203  170.73449   30  234  970.00000   93.69988  90.3%   117 1266s
 29250 28996   98.02835   36  257  970.00000   94.32554  90.3%   116 1280s
 30053 30232  410.77819   36  344  970.00000   94.71259  90.2%   115 1295s
 31322 31627  150.40643   14  342  970.00000   95.49836  90.2%   114 1310s
 32748 32795   96.46602   33  241  970.00000   95.90198  90.1%   112 1325s
 33956 34469   96.88577   31  184  970.00000   96.43164  90.1%   111 1340s
 35687 35757   98.41746   32  240  970.00000   96.98690  90.0%   110 1354s
 37010 37598  181.32604   39  274  970.00000   97.61427  89.9%   108 1368s
 38890 39214  115.32282   38  268  970.00000   98.13189  89.9%   106 1382s
 40562 39806  107.30500   39  277  970.00000   98.68012  89.8%   105 1395s
H40615 39781                     952.0000000   98.68012  89.6%   105 1395s
 41164 41462  119.65637   37  191  952.00000   98.82440  89.6%   105 1409s
 42907 42566  175.29451   44  258  952.00000   99.23876  89.6%   103 1422s
 44023 44162  102.31533   36  258  952.00000   99.73815  89.5%   103 1436s
 45675 45544  115.60417   37  245  952.00000  100.20999  89.5%   101 1450s
 47121 46214  118.31176   36  264  952.00000  100.56471  89.4%   101 1462s
 47820 47318  100.72321   47  233  952.00000  100.72321  89.4%   100 1477s
 48956 47630  326.59885   36  215  952.00000  101.01532  89.4%   100 1490s
 49270 48539  101.11984   35  262  952.00000  101.11984  89.4%   100 1504s
 50201 49767  107.22697   30  254  952.00000  101.48984  89.3%   100 1517s
 51476 50689  102.80795   34  215  952.00000  101.83832  89.3%   100 1530s
 52407 51640  104.99409   34  273  952.00000  102.15417  89.3%  99.3 1543s
 53378 52805  113.05150   26  271  952.00000  102.54294  89.2%  99.4 1555s
 54565 53852  233.33293   46  192  952.00000  102.88717  89.2%  98.7 1568s
H55117 53852                     951.9998860  102.89632  89.2%  98.6 1568s
 55646 54782  148.75169   35  235  951.99989  103.18808  89.2%  98.5 1580s
 56604 55683  112.07741   34  215  951.99989  103.58505  89.1%  98.6 1593s
 57534 56218  128.38959   42  230  951.99989  103.82764  89.1%  98.5 1603s
 58083 57157  109.42962   37  249  951.99989  103.93298  89.1%  98.4 1616s
 59053 58064  198.72483   31  209  951.99989  104.29004  89.0%  98.3 1628s
 59972 58072  159.71098   42  254  951.99989  104.53943  89.0%  98.0 1640s
 59980 58080  127.86805   24  196  951.99989  104.57644  89.0%  98.1 1656s
 59988 58088  143.25812   31  260  951.99989  104.64175  89.0%  98.2 1666s
 59996 58096  105.38459   28  276  951.99989  104.67597  89.0%  98.4 1678s
 60004 58104  219.40269   42  234  951.99989  104.73118  89.0%  98.5 1690s
 60012 58112  144.93418   37  239  951.99989  104.76737  89.0%  98.6 1701s
 60020 58755  387.94065   36  236  951.99989  104.79550  89.0%  98.7 1714s
 60669 59789  176.40338   38  173  951.99989  104.95239  89.0%  98.7 1728s
 61725 60775  240.65778   33  240  951.99989  105.27092  88.9%  98.5 1742s
 62723 61734  158.53833   34  259  951.99989  105.51160  88.9%  98.4 1756s
 63697 62261  110.31900   37  210  951.99989  105.76427  88.9%  98.5 1767s
 64232 63518  107.66442   25  190  951.99989  105.83726  88.9%  98.4 1782s
 65521 64538  106.15754   29  183  951.99989  106.15754  88.8%  98.2 1795s
 66565 65906  129.32105   39  205  951.99989  106.48788  88.8%  98.1 1810s
 67967 67328  140.58192   33  276  951.99989  106.78522  88.8%  97.9 1825s
 69417 67356  123.91515   37  204  951.99989  107.17983  88.7%  97.6 1835s
 69445 68273  184.51505   37  227  951.99989  107.28586  88.7%  97.6 1848s
 70377 69208  389.81386   26  212  951.99989  107.45466  88.7%  97.5 1862s
 71327 70617  111.18412   41  208  951.99989  107.71111  88.7%  97.6 1877s
 72783 71839  216.71820   38  220  951.99989  107.97851  88.7%  97.3 1890s
 74022 73351  146.85769   47  227  951.99989  108.18540  88.6%  97.1 1905s
 75564 73873  112.83809   33  247  951.99989  108.43598  88.6%  96.6 1916s
 76092 74614  108.60016   27  244  951.99989  108.49065  88.6%  96.5 1929s
 76847 75954  117.49507   41  204  951.99989  108.69166  88.6%  96.5 1943s
 78235 77024  116.27415   26  266  951.99989  108.95448  88.6%  96.3 1955s
 79317 78019  152.48543   34  271  951.99989  109.15101  88.5%  96.1 1968s
 80343 79269  233.08817   34  271  951.99989  109.31003  88.5%  95.9 1982s
 81644 79522  291.14364   39  235  951.99989  109.52733  88.5%  95.8 1992s
 81903 80263  226.45350   37  181  951.99989  109.58698  88.5%  95.9 2004s
 82652 81554  160.79991   34  277  951.99989  109.78518  88.5%  96.1 2018s
 83965 82443  119.39905   25  257  951.99989  110.03100  88.4%  95.9 2031s
 84872 83607  110.80969   33  245  951.99989  110.21046  88.4%  95.8 2045s
 86081 84654  196.65889   44  222  951.99989  110.38357  88.4%  95.6 2058s
 87144 85753  120.47598   33  284  951.99989  110.55603  88.4%  95.5 2071s
 88265 86760  191.80974   32  276  951.99989  110.78392  88.4%  95.5 2083s
 89287 87048  166.33691   31  229  951.99989  110.95435  88.3%  95.5 2094s
 89575 88028  212.62936   26  227  951.99989  111.00569  88.3%  95.5 2108s
 90565 89313  130.03393   39  269  951.99989  111.10153  88.3%  95.4 2123s
 91894 90448  144.56679   38  277  951.99989  111.27262  88.3%  95.2 2137s
 93048 91645  129.13075   40  182  951.99989  111.51487  88.3%  95.0 2152s
 94263 92105  158.97576   39  203  951.99989  111.73867  88.3%  94.9 2160s

Cutting planes:
  Learned: 228
  Gomory: 910
  Lift-and-project: 878
  Cover: 86
  Implied bound: 310
  Projected implied bound: 103
  Clique: 1
  MIR: 3659
  Mixing: 254
  StrongCG: 1915
  Flow cover: 14826
  GUB cover: 1
  Inf proof: 59
  Zero half: 2826
  RLT: 2811
  Relax-and-lift: 2291
  BQP: 1

Explored 94727 nodes (9125942 simplex iterations) in 2160.08 seconds (2642.73 work units)
Thread count was 16 (of 16 available processors)

Solution count 10: 952 952 970 ... 1241

Time limit reached
Best objective 9.519998860002e+02, best bound 1.118764068261e+02, gap 88.2483%

User-callback calls 706713, time in user-callback 5.80 sec
Set parameter TimeLimit to value 1080
Gurobi Optimizer version 12.0.3 build v12.0.3rc0 (linux64 - "Ubuntu 22.04.5 LTS")

CPU model: Intel(R) Xeon(R) W-2145 CPU @ 3.70GHz, instruction set [SSE2|AVX|AVX2|AVX512]
Thread count: 8 physical cores, 16 logical processors, using up to 16 threads

Non-default parameters:
TimeLimit  1080
Heuristics  0.1
MIPFocus  3
Presolve  2
ImproveStartGap  0.5

Optimize a model with 116373 rows, 65081 columns and 545844 nonzeros
Model fingerprint: 0x05d203e8
Model has 20 quadratic constraints
Variable types: 20 continuous, 65061 integer (64560 binary)
Coefficient statistics:
  Matrix range     [1e+00, 2e+03]
  QMatrix range    [1e+00, 1e+00]
  QLMatrix range   [1e+00, 1e+00]
  Objective range  [5e-01, 5e-01]
  Bounds range     [1e+00, 1e+00]
  RHS range        [1e+00, 7e+03]

MIP start from previous solve produced solution with objective 358 (0.09s)
Loaded MIP start from previous solve with objective 358

Presolve removed 75829 rows and 50834 columns
Presolve time: 3.35s
Presolved: 40544 rows, 14247 columns, 249307 nonzeros
Presolved model has 20 quadratic constraint(s)
Found heuristic solution: objective 48.0000000
Variable types: 20 continuous, 14227 integer (14056 binary)

Deterministic concurrent LP optimizer: primal and dual simplex (primal and dual model)
Showing primal log only...

Root relaxation presolved: 40053 rows, 14024 columns, 247056 nonzeros

Concurrent spin time: 0.13s (can be avoided by choosing Method=3)

Solved with primal simplex

Root relaxation: objective 1.200000e+01, 1642 iterations, 0.38 seconds (0.26 work units)
Total elapsed time = 5.01s (DegenMoves)

    Nodes    |    Current Node    |     Objective Bounds      |     Work
 Expl Unexpl |  Obj  Depth IntInf | Incumbent    BestBd   Gap | It/Node Time

     0     0   12.00000    0   22   48.00000   12.00000  75.0%     -    5s
H    0     0                      47.0000000   12.00000  74.5%     -    6s
H    0     0                      45.0000000   12.00000  73.3%     -    7s
     0     0   12.00000    0   51   45.00000   12.00000  73.3%     -    8s
     0     0   12.00000    0   61   45.00000   12.00000  73.3%     -    9s
     0     0   12.00000    0   79   45.00000   12.00000  73.3%     -   11s
     0     0   12.00000    0   86   45.00000   12.00000  73.3%     -   12s
     0     0   12.00000    0   70   45.00000   12.00000  73.3%     -   15s
     0     0   12.00000    0   88   45.00000   12.00000  73.3%     -   15s
     0     0   12.00000    0   56   45.00000   12.00000  73.3%     -   19s
     0     0   12.00000    0  101   45.00000   12.00000  73.3%     -   22s
     0     0   12.00000    0   71   45.00000   12.00000  73.3%     -   25s
     0     0   12.00000    0   98   45.00000   12.00000  73.3%     -   27s
     0     0   12.00000    0   50   45.00000   12.00000  73.3%     -   30s
     0     0   12.00000    0   67   45.00000   12.00000  73.3%     -   32s
H    0     0                      44.0000000   12.00000  72.7%     -   34s
H    0     0                      43.0000000   12.00000  72.1%     -   34s
     0     0   12.00000    0   96   43.00000   12.00000  72.1%     -   34s
     0     0   12.00000    0   60   43.00000   12.00000  72.1%     -   37s
     0     0   12.00000    0   74   43.00000   12.00000  72.1%     -   39s
     0     0   12.00000    0   95   43.00000   12.00000  72.1%     -   41s
     0     0   12.00000    0   63   43.00000   12.00000  72.1%     -   43s
     0     0   12.00000    0   44   43.00000   12.00000  72.1%     -   46s
H    0     0                      42.0000000   12.00000  71.4%     -   47s
     0     0   12.00000    0   34   42.00000   12.00000  71.4%     -   47s
     0     0   12.00000    0   39   42.00000   12.00000  71.4%     -   50s
     0     0   12.00000    0   65   42.00000   12.00000  71.4%     -   52s
     0     0   12.00000    0   53   42.00000   12.00000  71.4%     -   55s
     0     0   12.00000    0   33   42.00000   12.00000  71.4%     -   57s
     0     0   12.00000    0   78   42.00000   12.00000  71.4%     -   60s
     0     0   12.00000    0   21   42.00000   12.00000  71.4%     -   62s
     0     0   12.00000    0   88   42.00000   12.00000  71.4%     -   65s
     0     0   12.00000    0   72   42.00000   12.00000  71.4%     -   68s
     0     0   12.00000    0   77   42.00000   12.00000  71.4%     -   71s
     0     0   12.00000    0   93   42.00000   12.00000  71.4%     -   74s
     0     0   12.00000    0   30   42.00000   12.00000  71.4%     -   78s
     0     0   12.00000    0   36   42.00000   12.00000  71.4%     -   81s
     0     0   12.00000    0   59   42.00000   12.00000  71.4%     -   85s
     0     0   12.00000    0   29   42.00000   12.00000  71.4%     -   88s
     0     0   12.00000    0   77   42.00000   12.00000  71.4%     -   91s
     0     0   12.00000    0   44   42.00000   12.00000  71.4%     -   95s
     0     0   12.00000    0   74   42.00000   12.00000  71.4%     -   97s
     0     0   12.00000    0   43   42.00000   12.00000  71.4%     -  101s
     0     0   12.00000    0  136   42.00000   12.00000  71.4%     -  105s
     0     0   12.00000    0   59   42.00000   12.00000  71.4%     -  107s
     0     0   12.00000    0  107   42.00000   12.00000  71.4%     -  110s
     0     0   12.00000    0   54   42.00000   12.00000  71.4%     -  112s
     0     0   12.00000    0   84   42.00000   12.00000  71.4%     -  115s
     0     0   12.00000    0   56   42.00000   12.00000  71.4%     -  120s
     0     0   12.00000    0   77   42.00000   12.00000  71.4%     -  123s
     0     0   12.00000    0  104   42.00000   12.00000  71.4%     -  127s
     0     0   12.00000    0   80   42.00000   12.00000  71.4%     -  130s
     0     0   12.00000    0   48   42.00000   12.00000  71.4%     -  131s
     0     0   12.00000    0  102   42.00000   12.00000  71.4%     -  133s
     0     0   12.00000    0   64   42.00000   12.00000  71.4%     -  138s
     0     0   12.00000    0   99   42.00000   12.00000  71.4%     -  143s
     0     0   12.00000    0   49   42.00000   12.00000  71.4%     -  148s
     0     0   12.00000    0  111   42.00000   12.00000  71.4%     -  154s
     0     0   12.00000    0   80   42.00000   12.00000  71.4%     -  157s
     0     0   12.00000    0   73   42.00000   12.00000  71.4%     -  161s
     0     0   12.00000    0   59   42.00000   12.00000  71.4%     -  170s
     0     0   12.00000    0   93   42.00000   12.00000  71.4%     -  173s
H    0     0                      41.0000000   12.00000  70.7%     -  176s
     0     0   12.00000    0   66   41.00000   12.00000  70.7%     -  176s
     0     0   12.00000    0  106   41.00000   12.00000  70.7%     -  180s
     0     0   12.00000    0   58   41.00000   12.00000  70.7%     -  185s
H    0     0                      40.0000000   12.00000  70.0%     -  189s
     0     0   12.00000    0  138   40.00000   12.00000  70.0%     -  189s
     0     0   12.00000    0  117   40.00000   12.00000  70.0%     -  192s
     0     0   12.00000    0   80   40.00000   12.00000  70.0%     -  194s
H    0     0                      39.0000000   12.00000  69.2%     -  200s
     0     0   12.00000    0   80   39.00000   12.00000  69.2%     -  200s
     0     0   12.00000    0  141   39.00000   12.00000  69.2%     -  204s
     0     0   12.00000    0   78   39.00000   12.00000  69.2%     -  215s
     0     0   12.00000    0  150   39.00000   12.00000  69.2%     -  224s
     0     0   12.00000    0   94   39.00000   12.00000  69.2%     -  229s
     0     0   12.00000    0  123   39.00000   12.00000  69.2%     -  233s
     0     0   12.00000    0   89   39.00000   12.00000  69.2%     -  237s
     0     0   12.00000    0   76   39.00000   12.00000  69.2%     -  241s
     0     0   12.00000    0   96   39.00000   12.00000  69.2%     -  244s
     0     0   12.00000    0   66   39.00000   12.00000  69.2%     -  248s
     0     0   12.00000    0   97   39.00000   12.00000  69.2%     -  259s
     0     0   12.00000    0   95   39.00000   12.00000  69.2%     -  263s
     0     0   12.00000    0   58   39.00000   12.00000  69.2%     -  266s
     0     0   12.00000    0  101   39.00000   12.00000  69.2%     -  269s
     0     0   12.00000    0   63   39.00000   12.00000  69.2%     -  273s
     0     0   12.00000    0   77   39.00000   12.00000  69.2%     -  276s
     0     0   12.00000    0   81   39.00000   12.00000  69.2%     -  285s
     0     0   12.00000    0   90   39.00000   12.00000  69.2%     -  290s
     0     0   12.00000    0   79   39.00000   12.00000  69.2%     -  300s
     0     0   12.00000    0   98   39.00000   12.00000  69.2%     -  314s
     0     0   12.00000    0   74   39.00000   12.00000  69.2%     -  324s
     0     0   12.00000    0  100   39.00000   12.00000  69.2%     -  331s
     0     0   12.00000    0   59   39.00000   12.00000  69.2%     -  334s
     0     0   12.00000    0  122   39.00000   12.00000  69.2%     -  338s
     0     0   12.00000    0   81   39.00000   12.00000  69.2%     -  350s
     0     0   12.00000    0   80   39.00000   12.00000  69.2%     -  364s
     0     0   12.00000    0   56   39.00000   12.00000  69.2%     -  367s
     0     0   12.00000    0  109   39.00000   12.00000  69.2%     -  370s
     0     0   12.00000    0   46   39.00000   12.00000  69.2%     -  382s
     0     0   12.00000    0   99   39.00000   12.00000  69.2%     -  395s
     0     0   12.00000    0   80   39.00000   12.00000  69.2%     -  411s
     0     0   12.00000    0  152   39.00000   12.00000  69.2%     -  415s
     0     0   12.00000    0   66   39.00000   12.00000  69.2%     -  419s
     0     0   12.00000    0  120   39.00000   12.00000  69.2%     -  424s
     0     0   12.00000    0   88   39.00000   12.00000  69.2%     -  428s
     0     0   12.00000    0  112   39.00000   12.00000  69.2%     -  444s
     0     0   12.00000    0   54   39.00000   12.00000  69.2%     -  456s
     0     0   12.00000    0  109   39.00000   12.00000  69.2%     -  460s
     0     0   12.00000    0   83   39.00000   12.00000  69.2%     -  472s
     0     0   12.00000    0  121   39.00000   12.00000  69.2%     -  477s
     0     0   12.00000    0   86   39.00000   12.00000  69.2%     -  479s
     0     2   12.00000    0   47   39.00000   12.00000  69.2%     -  481s
    15    24   12.01080    4  309   39.00000   12.00000  69.2%   703  486s
    23    33   12.00000    5  222   39.00000   12.00000  69.2%  1069  490s
    32    45   12.00000    4  206   39.00000   12.00000  69.2%  1180  495s
    44    65   12.00000    6  310   39.00000   12.00000  69.2%  1112  505s
    64   267   12.00000    6  270   39.00000   12.00000  69.2%   956  513s
   304   405   12.00000    8  271   39.00000   12.00000  69.2%   356  517s
   447   600   12.05982    9  280   39.00000   12.00000  69.2%   323  522s
   661   601   15.00000   14   86   39.00000   12.00000  69.2%   285  555s
   663   602   12.50000   14   48   39.00000   12.00000  69.2%   284  568s
   664   603   12.00000   27   71   39.00000   12.00000  69.2%   284  587s
   666   604   12.00000   21   91   39.00000   12.00000  69.2%   283  607s
   667   605   14.00000   25  164   39.00000   12.00000  69.2%   283  610s
   669   606   14.27202   28  194   39.00000   12.00000  69.2%   282  628s
   670   607   13.00000   22   97   39.00000   12.00000  69.2%   281  633s
   671   608   12.00634   13  198   39.00000   12.00000  69.2%   281  636s
   672   608   14.00000   33   87   39.00000   12.00000  69.2%   280  641s
   673   609   12.00000    7  143   39.00000   12.00000  69.2%   280  654s
   674   610   13.00000   14  142   39.00000   12.00000  69.2%   280  672s
   675   610   14.00000   25  134   39.00000   12.00000  69.2%   279  686s
   676   611   13.00000   19  115   39.00000   12.00000  69.2%   279  690s
   678   612   12.00000   11  149   39.00000   12.00000  69.2%   278  706s
   679   613   12.00940    6  133   39.00000   12.00000  69.2%   278  720s
   681   614   17.00000   32  173   39.00000   12.00000  69.2%   277  725s
   682   615   15.00000   30   82   39.00000   12.00000  69.2%   276  742s
   683   616   14.00000   17  142   39.00000   12.00000  69.2%   276  745s
   684   616   15.00000   30  131   39.00000   12.00000  69.2%   275  761s
   685   617   14.00000   26  119   39.00000   12.00000  69.2%   275  769s
   686   618   12.00000   10  119   39.00000   12.00000  69.2%   275  770s
   693   631   12.06937   18  283   39.00000   12.00000  69.2%   325  776s
   701   637   12.00000   19  262   39.00000   12.00000  69.2%   340  780s
   717   647   12.05573   20  320   39.00000   12.00000  69.2%   380  789s
   725   693   12.00000   21  281   39.00000   12.00000  69.2%   402  795s
   773   760   12.05319   26  357   39.00000   12.00000  69.2%   415  802s
   858   745   12.00000   21  257   39.00000   12.00000  69.2%   411  807s
   872   771   12.00000   27  281   39.00000   12.00000  69.2%   431  813s
   902   781   12.34962   25  352   39.00000   12.00000  69.2%   452  820s
   922   939   12.10669   27  328   39.00000   12.00000  69.2%   476  832s
  1098   974   12.00000   37  278   39.00000   12.00000  69.2%   442  840s
  1192  1147   12.05470   41  311   39.00000   12.00000  69.2%   441  852s
  1434  1137   12.05352   40  384   39.00000   12.00000  69.2%   410  864s
  1505  1254   12.80705   39  288   39.00000   12.00000  69.2%   414  876s
  1657  1345   12.14883   44  303   39.00000   12.00000  69.2%   406  889s
  1815  1471   12.01248   38  292   39.00000   12.00000  69.2%   398  901s
  2018  1678   12.42331   53  324   39.00000   12.00000  69.2%   388  914s
  2304  1800   12.21674   30  316   39.00000   12.00000  69.2%   373  928s
  2538  1897   12.03891   45  348   39.00000   12.00000  69.2%   362  941s
  2739  1905   12.00000   23  219   39.00000   12.00000  69.2%   358  952s
  2747  1939   12.42730   39  318   39.00000   12.00000  69.2%   365  964s
  2783  2064   12.00000   27  267   39.00000   12.00000  69.2%   372  975s
  2912  2248   12.02275   37  322   39.00000   12.00000  69.2%   372  989s
  3100  2347   12.09317   43  321   39.00000   12.00000  69.2%   367 1003s
  3207  2601   12.00000   24  209   39.00000   12.00000  69.2%   371 1017s
  3485  2845   12.33684   27  315   39.00000   12.00000  69.2%   362 1032s
  3759  3155   12.04494   30  352   39.00000   12.00000  69.2%   358 1049s
  4109  3335   12.00817   36  311   39.00000   12.00000  69.2%   347 1064s
  4295  3669   12.00000   32  316   39.00000   12.00000  69.2%   345 1080s

Cutting planes:
  Learned: 66
  Gomory: 727
  Lift-and-project: 1394
  Cover: 179
  Implied bound: 74
  Clique: 29
  MIR: 7383
  Mixing: 144
  StrongCG: 1746
  Flow cover: 18911
  GUB cover: 4
  Zero half: 1111
  RLT: 454
  Relax-and-lift: 1578

Explored 4645 nodes (1697991 simplex iterations) in 1080.25 seconds (1284.21 work units)
Thread count was 16 (of 16 available processors)

Solution count 10: 39 39 40 ... 45

Time limit reached
Best objective 3.900000000000e+01, best bound 1.200000000000e+01, gap 69.2308%

User-callback calls 440147, time in user-callback 3.72 sec
Set parameter TimeLimit to value 360
Gurobi Optimizer version 12.0.3 build v12.0.3rc0 (linux64 - "Ubuntu 22.04.5 LTS")

CPU model: Intel(R) Xeon(R) W-2145 CPU @ 3.70GHz, instruction set [SSE2|AVX|AVX2|AVX512]
Thread count: 8 physical cores, 16 logical processors, using up to 16 threads

Non-default parameters:
TimeLimit  360
Heuristics  0.1
MIPFocus  3
Presolve  2
ImproveStartGap  0.5

Optimize a model with 116375 rows, 65081 columns and 546580 nonzeros
Model fingerprint: 0x7047dedb
Model has 20 quadratic constraints
Variable types: 20 continuous, 65061 integer (64560 binary)
Coefficient statistics:
  Matrix range     [5e-01, 2e+03]
  QMatrix range    [1e+00, 1e+00]
  QLMatrix range   [1e+00, 1e+00]
  Objective range  [1e+00, 1e+00]
  Bounds range     [1e+00, 1e+00]
  RHS range        [1e+00, 7e+03]

MIP start from previous solve produced solution with objective 233 (0.08s)
Loaded MIP start from previous solve with objective 233

Presolve removed 75807 rows and 50868 columns
Presolve time: 2.86s
Presolved: 40568 rows, 14213 columns, 248185 nonzeros
Presolved model has 20 quadratic constraint(s)
Variable types: 20 continuous, 14193 integer (14021 binary)

Resetting heuristic parameters to focus on improving solution
(using Heuristics=0.5 and RINS=10)...


Deterministic concurrent LP optimizer: primal and dual simplex (primal and dual model)
Showing primal log only...

Concurrent spin time: 0.04s

Solved with dual simplex

Root relaxation: objective 2.200000e+02, 1579 iterations, 0.28 seconds (0.26 work units)
Total elapsed time = 5.01s (DegenMoves)

    Nodes    |    Current Node    |     Objective Bounds      |     Work
 Expl Unexpl |  Obj  Depth IntInf | Incumbent    BestBd   Gap | It/Node Time

     0     0  220.00000    0   76  233.00000  220.00000  5.58%     -    7s
     0     0  220.00000    0   76  233.00000  220.00000  5.58%     -   10s
     0     2  220.00000    0   75  233.00000  220.00000  5.58%     -   12s
    23    39  220.00000    5  185  233.00000  220.00000  5.58%   417   15s
   117   275  220.00000   10   86  233.00000  220.00000  5.58%   156   20s
   495   787 infeasible   33       233.00000  220.00000  5.58%  80.6   30s
   909  1196  220.85714   13  180  233.00000  220.00000  5.58%  69.2   39s
  1421  1197  220.00000    8   76  233.00000  220.00000  5.58%  60.6   44s
  1423  1198  225.00000   72   73  233.00000  220.00000  5.58%  60.5   49s
  1424  1199  222.00000   34   83  233.00000  220.00000  5.58%  60.5   50s
  1426  1200  221.00000   39   97  233.00000  221.00000  5.15%  60.4   63s
  1427  1201  227.00000   42  132  233.00000  221.00000  5.15%  60.3   65s
  1428  1202  222.00000   19   92  233.00000  222.00000  4.72%  60.3   73s
  1429  1202  222.00000   69  176  233.00000  222.00000  4.72%  60.3   78s
  1430  1203  223.00000   31   82  233.00000  222.00000  4.72%  60.2   81s
  1431  1204  222.00000   28  116  233.00000  222.00000  4.72%  60.2   89s
  1432  1204  223.00000   47   82  233.00000  223.00000  4.29%  60.1   95s
  1434  1206  223.00000   15  107  233.00000  223.00000  4.29%  60.1  102s
  1436  1207  223.00000   21  137  233.00000  223.00000  4.29%  60.0  107s
  1438  1208  229.00000   21   81  233.00000  223.00000  4.29%  59.9  112s
  1439  1209  230.00000   15   71  233.00000  223.00000  4.29%  59.8  115s
  1443  1213  223.00000   30   76  233.00000  223.00000  4.29%  80.0  120s
  1445  1214  223.00000   38   84  233.00000  223.00000  4.29%  79.9  140s
  1447  1216  223.00000   28  116  233.00000  223.00000  4.29%  79.7  145s
  1448  1216  223.00000   13   94  233.00000  223.00000  4.29%  79.7  150s
  1450  1218  223.00000   27   95  233.00000  223.00000  4.29%  79.6  159s
  1451  1218  223.00000   32  162  233.00000  223.00000  4.29%  79.5  165s
  1452  1219  223.00000   11  101  233.00000  223.00000  4.29%  79.5  170s
  1453  1220  223.00000   64   99  233.00000  223.00000  4.29%  79.4  175s
  1454  1220  231.00000   38  121  233.00000  223.00000  4.29%  79.4  180s
  1455  1221  229.00000   32  101  233.00000  223.00000  4.29%  79.3  185s
  1456  1222  223.00000   21  115  233.00000  223.00000  4.29%  79.3  191s
  1457  1222  223.00000   71   97  233.00000  223.00000  4.29%  79.2  196s
  1466  1235  223.00000   21  166  233.00000  223.00000  4.29%  96.2  201s
  1567  1317  223.00000   28  124  233.00000  223.00000  4.29%   100  205s
  1785  1590  223.00000   33  109  233.00000  223.00000  4.29%  96.7  212s
  1947  1704  223.00000   37  104  233.00000  223.00000  4.29%  92.3  215s
  2280  1916  223.00000   31  142  233.00000  223.00000  4.29%  89.1  223s
  2469  2119  224.00000   39  143  233.00000  223.00000  4.29%  87.1  227s
  2744  2264  224.00000   52  140  233.00000  223.00000  4.29%  84.3  231s
  3004  2334  224.00000   34  174  233.00000  223.00000  4.29%  82.5  236s
  3184  2498  224.00000   45  161  233.00000  223.00000  4.29%  84.8  241s
  3426  2779  224.00000   56  137  233.00000  223.00000  4.29%  84.2  247s
  3814  2978  225.00000   79  138  233.00000  223.00000  4.29%  80.3  254s
  4186  3167  225.00000  100  131  233.00000  223.00000  4.29%  78.1  262s
  4557  3419  225.00000  123  131  233.00000  223.00000  4.29%  77.4  272s
  5026  3723  224.00000   54  131  233.00000  223.00000  4.29%  77.4  280s
  5528  3982  223.00000   48  124  233.00000  223.00000  4.29%  74.8  290s
  5913  4266  229.00000   47  166  233.00000  223.00000  4.29%  75.3  298s
  6320  4539  225.00000   44  160  233.00000  223.00000  4.29%  77.4  308s
  6645  4912  228.00000   65  143  233.00000  223.00000  4.29%  79.1  317s
  7096  5251  225.00000   63  147  233.00000  223.00000  4.29%  79.0  326s
  7505  5555  225.00000   97  121  233.00000  223.00000  4.29%  79.5  336s
  7897  5865  224.00000   35  140  233.00000  223.00000  4.29%  79.8  345s
  8256  6231  229.00000   34  143  233.00000  223.00000  4.29%  80.7  354s
  8683  6460 infeasible   48       233.00000  223.00000  4.29%  81.4  360s

Cutting planes:
  Learned: 143
  Gomory: 289
  Lift-and-project: 142
  Cover: 363
  Implied bound: 70
  Projected implied bound: 32
  Clique: 2
  MIR: 1575
  Mixing: 54
  StrongCG: 1950
  Flow cover: 6721
  GUB cover: 9
  Inf proof: 17
  Zero half: 1150
  RLT: 514
  Relax-and-lift: 630
  BQP: 1

Explored 8969 nodes (745209 simplex iterations) in 360.11 seconds (323.04 work units)
Thread count was 16 (of 16 available processors)

Solution count 1: 233 

Time limit reached
Best objective 2.330000000000e+02, best bound 2.230000000000e+02, gap 4.2918%

User-callback calls 116624, time in user-callback 0.86 sec
