
Gurobi 12.0.3 (linux64) logging started Wed Dec 10 14:57:18 2025

Set parameter LogFile to value "/home/bazzo/Scrivania/fjsp_rescheduling/simulations/logs/EX6/gurobi_exp6.log"
Set parameter OutputFlag to value 1
Gurobi Optimizer version 12.0.3 build v12.0.3rc0 (linux64 - "Ubuntu 22.04.5 LTS")

CPU model: Intel(R) Xeon(R) W-2145 CPU @ 3.70GHz, instruction set [SSE2|AVX|AVX2|AVX512]
Thread count: 8 physical cores, 16 logical processors, using up to 16 threads

Optimize a model with 54926 rows, 25081 columns and 262992 nonzeros
Model fingerprint: 0x191a0893
Model has 15 quadratic constraints
Coefficient statistics:
  Matrix range     [1e+00, 2e+03]
  QMatrix range    [1e+00, 1e+00]
  QLMatrix range   [1e+00, 1e+00]
  Objective range  [0e+00, 0e+00]
  Bounds range     [1e+00, 1e+00]
  RHS range        [1e+00, 7e+03]
Presolve removed 16956 rows and 11888 columns
Presolve time: 0.07s
Presolved: 38000 rows, 13886 columns, 184327 nonzeros
Presolved model has 15 second-order cone constraints
Ordering time: 0.02s

Barrier statistics:
 Dense cols : 433
 AA' NZ     : 2.003e+05
 Factor NZ  : 3.789e+05 (roughly 24 MB of memory)
 Factor Ops : 1.928e+07 (less than 1 second per iteration)
 Threads    : 8

                  Objective                Residual
Iter       Primal          Dual         Primal    Dual     Compl     Time
   0   0.00000000e+00 -8.91109504e+04  6.74e+02 1.00e-01  1.82e+01     0s
   1   0.00000000e+00 -1.67693608e+05  2.72e+02 6.98e+00  6.17e+00     0s
   2   0.00000000e+00 -1.08380871e+05  9.24e+01 2.71e+00  2.49e+00     0s
   3   0.00000000e+00 -6.87165250e+04  3.44e+01 1.78e+00  1.29e+00     0s
   4   0.00000000e+00 -3.70279484e+04  1.75e+01 8.74e-01  6.47e-01     0s
   5   0.00000000e+00 -1.58472388e+04  6.19e+00 3.53e-01  2.64e-01     0s
   6   0.00000000e+00 -1.41196929e+04  4.56e+00 3.12e-01  2.33e-01     0s
   7   0.00000000e+00 -1.14529658e+04  3.05e+00 2.51e-01  1.88e-01     0s
   8   0.00000000e+00 -8.79826751e+03  2.18e+00 1.92e-01  1.44e-01     0s
   9   0.00000000e+00 -7.61124094e+03  1.94e+00 1.66e-01  1.24e-01     0s
  10   0.00000000e+00 -5.95710095e+03  1.55e+00 1.29e-01  9.70e-02     0s
  11   0.00000000e+00 -4.67166271e+03  1.22e+00 1.01e-01  7.59e-02     0s
  12   0.00000000e+00 -4.49286890e+03  1.10e+00 9.77e-02  7.30e-02     0s
  13   0.00000000e+00 -3.19358757e+03  7.93e-01 6.98e-02  5.18e-02     0s
  14   0.00000000e+00 -2.54603923e+03  6.47e-01 5.67e-02  4.12e-02     1s
  15   0.00000000e+00 -2.32374238e+03  6.35e-01 6.58e-02  3.76e-02     1s
  16   0.00000000e+00 -2.15329524e+03  5.26e-01 4.96e-02  3.48e-02     1s
  17   0.00000000e+00 -1.85593755e+03  3.00e-01 4.17e-02  3.00e-02     1s
  18   0.00000000e+00 -1.65301074e+03  2.54e-01 5.68e-02  2.67e-02     1s
  19   0.00000000e+00 -1.55468349e+03  2.03e-01 5.33e-02  2.51e-02     1s
  20   0.00000000e+00 -1.33038027e+03  1.80e-01 4.47e-02  2.15e-02     1s
  21   0.00000000e+00 -9.17871250e+02  1.77e-01 1.87e-01  1.46e-02     1s
  22   0.00000000e+00 -9.07803397e+02  1.74e-01 1.85e-01  1.45e-02     1s
  23   0.00000000e+00 -8.46754231e+02  1.69e-01 1.71e-01  1.35e-02     1s
  24   0.00000000e+00 -4.42767836e+02  1.64e-01 9.43e-02  7.05e-03     1s
  25   0.00000000e+00 -4.42527494e+02  1.64e-01 9.45e-02  7.05e-03     1s
  26   0.00000000e+00 -3.95502265e+02  1.48e-01 9.39e-02  6.36e-03     1s
  27   0.00000000e+00 -3.92732270e+02  1.48e-01 9.30e-02  6.32e-03     1s
  28   0.00000000e+00 -3.81954409e+02  1.44e-01 9.18e-02  6.14e-03     1s
  29   0.00000000e+00 -3.05162443e+02  1.40e-01 7.42e-02  4.90e-03     1s
  30   0.00000000e+00 -3.05455489e+02  1.40e-01 7.37e-02  4.90e-03     1s
  31   0.00000000e+00 -2.94408938e+02  1.37e-01 7.15e-02  4.71e-03     1s
  32   0.00000000e+00 -2.54639777e+02  1.35e-01 6.32e-02  4.07e-03     2s
  33   0.00000000e+00 -2.54788324e+02  1.35e-01 6.32e-02  4.07e-03     2s
  34   0.00000000e+00 -2.51207051e+02  1.35e-01 6.20e-02  3.99e-03     2s
  35   0.00000000e+00 -2.49174277e+02  1.32e-01 6.16e-02  3.96e-03     2s
  36   0.00000000e+00 -2.48597294e+02  1.31e-01 6.15e-02  3.96e-03     2s
  37   0.00000000e+00 -2.25086830e+02  1.13e-01 5.66e-02  3.59e-03     2s
  38   0.00000000e+00 -2.24960475e+02  1.13e-01 5.65e-02  3.59e-03     2s
  39   0.00000000e+00 -1.96325619e+02  9.98e-02 4.91e-02  3.14e-03     2s
  40   0.00000000e+00 -1.96419042e+02  9.98e-02 4.93e-02  3.14e-03     2s
  41   0.00000000e+00 -1.96610008e+02  9.98e-02 4.93e-02  3.14e-03     2s
  42   0.00000000e+00 -1.96586600e+02  9.98e-02 4.93e-02  3.14e-03     2s
  43   0.00000000e+00 -1.96660515e+02  9.98e-02 4.92e-02  3.13e-03     2s
  44   0.00000000e+00 -1.89850808e+02  9.88e-02 4.74e-02  3.03e-03     2s
  45   0.00000000e+00 -1.89623591e+02  9.84e-02 4.74e-02  3.02e-03     2s
  46   0.00000000e+00 -1.89533047e+02  9.84e-02 4.73e-02  3.02e-03     2s
  47   0.00000000e+00 -1.89457909e+02  9.84e-02 4.73e-02  3.02e-03     2s
  48   0.00000000e+00 -1.88238491e+02  9.78e-02 4.71e-02  3.00e-03     2s
  49   0.00000000e+00 -1.88231271e+02  9.78e-02 4.71e-02  3.00e-03     2s
  50   0.00000000e+00 -1.85207854e+02  9.68e-02 4.62e-02  2.94e-03     3s
  51   0.00000000e+00 -1.81860658e+02  9.60e-02 4.52e-02  2.89e-03     3s
  52   0.00000000e+00 -1.81840655e+02  9.60e-02 4.51e-02  2.89e-03     3s
  53   0.00000000e+00 -1.81578345e+02  9.57e-02 4.49e-02  2.89e-03     3s
  54   0.00000000e+00 -1.81457314e+02  9.57e-02 4.47e-02  2.88e-03     3s
  55   0.00000000e+00 -1.79838793e+02  9.51e-02 4.34e-02  2.86e-03     3s
  56   0.00000000e+00 -1.78915239e+02  9.50e-02 4.24e-02  2.85e-03     3s
  57   0.00000000e+00 -1.77439408e+02  9.47e-02 4.54e-02  2.81e-03     3s
  58   0.00000000e+00 -1.77413263e+02  9.47e-02 4.54e-02  2.81e-03     3s
  59   0.00000000e+00 -1.77274281e+02  9.45e-02 4.56e-02  2.81e-03     3s
  60   0.00000000e+00 -1.75323398e+02  9.04e-02 4.49e-02  2.78e-03     3s
  61   0.00000000e+00 -1.75559857e+02  9.04e-02 4.55e-02  2.78e-03     3s
  62   0.00000000e+00 -1.74875694e+02  8.99e-02 4.52e-02  2.78e-03     3s
  63   0.00000000e+00 -1.74592628e+02  8.95e-02 4.57e-02  2.77e-03     3s
  64   0.00000000e+00 -1.72985424e+02  8.54e-02 4.54e-02  2.74e-03     3s
  65   0.00000000e+00 -1.71765156e+02  8.50e-02 4.55e-02  2.71e-03     3s
  66   0.00000000e+00 -1.71385503e+02  8.45e-02 4.51e-02  2.71e-03     3s
  67   0.00000000e+00 -1.65273751e+02  8.40e-02 4.25e-02  2.61e-03     3s
  68   0.00000000e+00 -1.65100427e+02  8.40e-02 4.24e-02  2.61e-03     3s
  69   0.00000000e+00 -1.65086369e+02  8.40e-02 4.24e-02  2.61e-03     3s
  70   0.00000000e+00 -1.65045642e+02  8.39e-02 4.24e-02  2.61e-03     3s
  71   0.00000000e+00 -1.64995021e+02  8.39e-02 4.23e-02  2.61e-03     4s
  72   0.00000000e+00 -1.65009110e+02  8.38e-02 4.23e-02  2.61e-03     4s
  73   0.00000000e+00 -1.64918224e+02  8.37e-02 4.23e-02  2.61e-03     4s
  74   0.00000000e+00 -1.64800637e+02  8.37e-02 4.24e-02  2.61e-03     4s
  75   0.00000000e+00 -1.64788750e+02  8.36e-02 4.24e-02  2.60e-03     4s
  76   0.00000000e+00 -1.64651666e+02  8.35e-02 4.21e-02  2.60e-03     4s
  77   0.00000000e+00 -1.64265064e+02  8.35e-02 4.16e-02  2.60e-03     4s
  78   0.00000000e+00 -1.64309681e+02  8.34e-02 4.15e-02  2.60e-03     4s
  79   0.00000000e+00 -1.64403579e+02  8.34e-02 4.20e-02  2.59e-03     4s
  80   0.00000000e+00 -1.64447057e+02  8.34e-02 4.24e-02  2.59e-03     4s
  81   0.00000000e+00 -1.64408314e+02  8.34e-02 4.18e-02  2.59e-03     4s
  82   0.00000000e+00 -1.64291573e+02  8.31e-02 4.18e-02  2.59e-03     4s
  83   0.00000000e+00 -1.64350982e+02  8.31e-02 4.20e-02  2.59e-03     4s
  84   0.00000000e+00 -1.62565269e+02  8.23e-02 4.17e-02  2.56e-03     4s
  85   0.00000000e+00 -1.62581406e+02  8.23e-02 4.15e-02  2.56e-03     4s
  86   0.00000000e+00 -1.58880306e+02  8.21e-02 4.05e-02  2.50e-03     4s
  87   0.00000000e+00 -1.58970587e+02  8.21e-02 4.06e-02  2.50e-03     4s
  88   0.00000000e+00 -1.59010732e+02  8.21e-02 4.13e-02  2.50e-03     4s
  89   0.00000000e+00 -1.56793100e+02  8.12e-02 4.14e-02  2.46e-03     4s
  90   0.00000000e+00 -1.55904711e+02  8.10e-02 4.17e-02  2.44e-03     5s
  91   0.00000000e+00 -1.55121256e+02  8.09e-02 4.12e-02  2.42e-03     5s
  92   0.00000000e+00 -1.53936963e+02  8.07e-02 4.13e-02  2.40e-03     5s
  93   0.00000000e+00 -1.51397723e+02  8.04e-02 4.05e-02  2.36e-03     5s
  94   0.00000000e+00 -1.51322469e+02  8.04e-02 4.05e-02  2.36e-03     5s
  95   0.00000000e+00 -1.51252662e+02  8.03e-02 4.05e-02  2.36e-03     5s
  96   0.00000000e+00 -1.50092325e+02  7.87e-02 4.02e-02  2.34e-03     5s
  97   0.00000000e+00 -1.43907907e+02  7.53e-02 3.81e-02  2.24e-03     5s
  98   0.00000000e+00 -1.41610896e+02  7.52e-02 3.75e-02  2.21e-03     5s
  99   0.00000000e+00 -1.41450017e+02  7.51e-02 3.76e-02  2.20e-03     5s
 100   0.00000000e+00 -1.40374939e+02  7.47e-02 3.72e-02  2.19e-03     5s
 101   0.00000000e+00 -1.40274781e+02  7.43e-02 3.72e-02  2.19e-03     5s
 102   0.00000000e+00 -1.39678288e+02  7.32e-02 3.71e-02  2.18e-03     5s
 103   0.00000000e+00 -1.39710982e+02  7.32e-02 3.70e-02  2.18e-03     5s
 104   0.00000000e+00 -1.39117158e+02  7.19e-02 3.69e-02  2.17e-03     5s
 105   0.00000000e+00 -1.39087668e+02  7.19e-02 3.68e-02  2.17e-03     5s
 106   0.00000000e+00 -1.37320532e+02  7.12e-02 3.64e-02  2.14e-03     5s
 107   0.00000000e+00 -1.37279240e+02  7.12e-02 3.64e-02  2.14e-03     5s
 108   0.00000000e+00 -1.37245696e+02  7.09e-02 3.63e-02  2.14e-03     5s
 109   0.00000000e+00 -1.37234920e+02  7.09e-02 3.63e-02  2.14e-03     5s
 110   0.00000000e+00 -1.36733319e+02  7.06e-02 3.62e-02  2.13e-03     5s
 111   0.00000000e+00 -1.35794969e+02  7.01e-02 3.60e-02  2.12e-03     6s
 112   0.00000000e+00 -1.31688009e+02  6.99e-02 3.50e-02  2.06e-03     6s
 113   0.00000000e+00 -1.31620713e+02  6.98e-02 3.50e-02  2.06e-03     6s
 114   0.00000000e+00 -1.31614029e+02  6.98e-02 3.50e-02  2.06e-03     6s
 115   0.00000000e+00 -1.31359240e+02  6.94e-02 3.50e-02  2.05e-03     6s
 116   0.00000000e+00 -1.31353323e+02  6.94e-02 3.49e-02  2.05e-03     6s
 117   0.00000000e+00 -1.30979913e+02  6.93e-02 3.49e-02  2.04e-03     6s
 118   0.00000000e+00 -1.30785450e+02  6.93e-02 3.48e-02  2.04e-03     6s
 119   0.00000000e+00 -1.30332511e+02  6.91e-02 3.47e-02  2.04e-03     6s
 120   0.00000000e+00 -1.30312788e+02  6.91e-02 3.47e-02  2.04e-03     6s
 121   0.00000000e+00 -1.30281814e+02  6.91e-02 3.46e-02  2.04e-03     6s
 122   0.00000000e+00 -1.30167535e+02  6.91e-02 3.46e-02  2.03e-03     6s
 123   0.00000000e+00 -1.30138593e+02  6.90e-02 3.46e-02  2.03e-03     6s
 124   0.00000000e+00 -1.30130961e+02  6.90e-02 3.46e-02  2.03e-03     6s
 125   0.00000000e+00 -1.30158993e+02  6.90e-02 3.46e-02  2.03e-03     6s
 126   0.00000000e+00 -1.30152140e+02  6.90e-02 3.45e-02  2.03e-03     6s
 127   0.00000000e+00 -1.30148955e+02  6.90e-02 3.45e-02  2.03e-03     6s
 128   0.00000000e+00 -1.38350119e+02  6.89e-02 4.10e-02  2.03e-03     6s
 129   0.00000000e+00 -1.38364269e+02  6.89e-02 4.26e-02  2.03e-03     6s
 130   0.00000000e+00 -1.38351559e+02  6.89e-02 4.26e-02  2.03e-03     6s
 131   0.00000000e+00 -1.38345166e+02  6.89e-02 4.25e-02  2.03e-03     7s

Barrier performed 131 iterations in 6.58 seconds (5.41 work units)
Numerical trouble encountered

Model may be infeasible or unbounded.  Consider using the
homogeneous algorithm (through parameter 'BarHomogeneous')

Set parameter TimeLimit to value 2160
Set parameter Presolve to value 2
Set parameter MIPFocus to value 3
Set parameter Heuristics to value 0.1
Set parameter ImproveStartGap to value 0.5
Set parameter Presolve to value 2
Gurobi Optimizer version 12.0.3 build v12.0.3rc0 (linux64 - "Ubuntu 22.04.5 LTS")

CPU model: Intel(R) Xeon(R) W-2145 CPU @ 3.70GHz, instruction set [SSE2|AVX|AVX2|AVX512]
Thread count: 8 physical cores, 16 logical processors, using up to 16 threads

Non-default parameters:
TimeLimit  2160
Heuristics  0.1
MIPFocus  3
Presolve  2
ImproveStartGap  0.5

Optimize a model with 54926 rows, 25081 columns and 262992 nonzeros
Model fingerprint: 0x3bc5190f
Model has 15 quadratic constraints
Variable types: 15 continuous, 25066 integer (24750 binary)
Coefficient statistics:
  Matrix range     [1e+00, 2e+03]
  QMatrix range    [1e+00, 1e+00]
  QLMatrix range   [1e+00, 1e+00]
  Objective range  [1e+00, 1e+00]
  Bounds range     [1e+00, 1e+00]
  RHS range        [1e+00, 7e+03]
Presolve removed 16155 rows and 11665 columns
Presolve time: 1.91s
Presolved: 38771 rows, 13416 columns, 246811 nonzeros
Presolved model has 15 quadratic constraint(s)
Variable types: 15 continuous, 13401 integer (13250 binary)

Deterministic concurrent LP optimizer: primal and dual simplex (primal and dual model)
Showing primal log only...

Root relaxation presolved: 34591 rows, 11623 columns, 228055 nonzeros

Concurrent spin time: 0.04s

Solved with dual simplex

Root relaxation: objective 0.000000e+00, 1263 iterations, 0.28 seconds (0.26 work units)

    Nodes    |    Current Node    |     Objective Bounds      |     Work
 Expl Unexpl |  Obj  Depth IntInf | Incumbent    BestBd   Gap | It/Node Time

H    0     0                    2.385639e+07    0.00000   100%     -    3s
*    0     0               0    2.385639e+07    0.00000   100%     -    3s
     0     0    0.00000    0   92 2.3856e+07    0.00000   100%     -    3s
H    0     0                    1.995857e+07    0.00000   100%     -    3s
     0     0   64.00000    0   37 1.9959e+07   64.00000   100%     -    8s
H    0     0                    19184.000000   64.00000   100%     -    8s
H    0     0                    19133.000000   64.00000   100%     -    8s
H    0     0                    12234.000000   64.00000  99.5%     -    8s
H    0     0                    12207.000000   64.00000  99.5%     -    8s
H    0     0                    11809.000000   64.00000  99.5%     -    8s
H    0     0                    11229.000000   64.00000  99.4%     -    8s
H    0     0                    11172.000000   64.00000  99.4%     -    8s
H    0     0                    11161.000000   64.00000  99.4%     -    8s
H    0     0                    11094.000000   64.00000  99.4%     -    8s
H    0     0                    11088.000000   64.00000  99.4%     -    8s
H    0     0                    10756.000000   64.00000  99.4%     -    8s
     0     0   89.00000    0   41 10756.0000   89.00000  99.2%     -    8s
     0     0   89.00000    0   41 10756.0000   89.00000  99.2%     -   12s
     0     0   89.00000    0   63 10756.0000   89.00000  99.2%     -   13s
     0     0   89.00000    0   73 10756.0000   89.00000  99.2%     -   15s
     0     0   89.00000    0  131 10756.0000   89.00000  99.2%     -   16s
     0     0   89.00000    0   63 10756.0000   89.00000  99.2%     -   19s
     0     0   89.00000    0   87 10756.0000   89.00000  99.2%     -   19s
     0     0   89.00000    0   42 10756.0000   89.00000  99.2%     -   22s
H    0     0                    10648.000000   89.00000  99.2%     -   22s
H    0     0                    10647.000000   89.00000  99.2%     -   22s
H    0     0                    10515.000000   89.00000  99.2%     -   22s
H    0     0                    10285.000000   89.00000  99.1%     -   22s
     0     0   89.00000    0   66 10285.0000   89.00000  99.1%     -   22s
     0     0   89.00000    0   23 10285.0000   89.00000  99.1%     -   27s
H    0     0                    10208.000000   89.00000  99.1%     -   28s
H    0     0                    8972.0000000   89.00000  99.0%     -   28s
H    0     0                    8936.0000000   89.00000  99.0%     -   28s
H    0     0                    8215.0000000   89.00000  98.9%     -   28s
H    0     0                    7750.0000000   89.00000  98.9%     -   28s
H    0     0                    6610.0000000   89.00000  98.7%     -   28s
H    0     0                    6587.0000000   89.00000  98.6%     -   28s
H    0     0                    6576.0000000   89.00000  98.6%     -   28s
H    0     0                    5822.0000000   89.00000  98.5%     -   28s
H    0     0                    5740.0000000   89.00000  98.4%     -   28s
H    0     0                    4681.0000000   89.00000  98.1%     -   28s
H    0     0                    4665.0000000   89.00000  98.1%     -   28s
H    0     0                    4185.0000000   89.00000  97.9%     -   28s
H    0     0                    3715.0000000   89.00000  97.6%     -   28s
H    0     0                    3572.0000000   89.00000  97.5%     -   28s
H    0     0                    3497.0000000   89.00000  97.5%     -   28s
H    0     0                    3485.0000000   89.00000  97.4%     -   28s
H    0     0                    3466.0000000   89.00000  97.4%     -   28s
H    0     0                    3450.0000000   89.00000  97.4%     -   28s
H    0     0                    3376.0000000   89.00000  97.4%     -   28s
H    0     0                    3316.0000000   89.00000  97.3%     -   28s
H    0     0                    3247.0000000   89.00000  97.3%     -   28s
H    0     0                    3231.0000000   89.00000  97.2%     -   28s
H    0     0                    3215.0000000   89.00000  97.2%     -   28s
     0     0   89.00000    0   58 3215.00000   89.00000  97.2%     -   28s
H    0     0                    3196.0000000   89.00000  97.2%     -   30s
H    0     0                    3124.0000000   89.00000  97.2%     -   30s
H    0     0                    3115.0000000   89.00000  97.1%     -   32s
     0     0   89.00000    0   57 3115.00000   89.00000  97.1%     -   34s
     0     0   89.00000    0   66 3115.00000   89.00000  97.1%     -   34s
H    0     0                    3040.0000000   89.00000  97.1%     -   36s
H    0     0                    2947.0000000   89.00000  97.0%     -   36s
H    0     0                    2931.0000000   89.00000  97.0%     -   36s
H    0     0                    2912.0000000   89.00000  96.9%     -   39s
H    0     0                    2895.0000000   89.00000  96.9%     -   39s
H    0     0                    2892.0000000   89.00000  96.9%     -   39s
H    0     0                    2864.0000000   89.00000  96.9%     -   39s
H    0     0                    2863.0000000   89.00000  96.9%     -   39s
H    0     0                    2836.0000000   89.00000  96.9%     -   39s
H    0     0                    1969.0000000   89.00000  95.5%     -   39s
H    0     0                    1548.0000000   89.00000  94.3%     -   39s
H    0     0                    1525.0000000   89.00000  94.2%     -   39s
H    0     0                    1420.0000000   89.00000  93.7%     -   39s
H    0     0                    1294.0000000   89.00000  93.1%     -   39s
H    0     0                    1129.0000000   89.00000  92.1%     -   39s
     0     0   89.00000    0   48 1129.00000   89.00000  92.1%     -   41s
     0     0   89.00000    0   73 1129.00000   89.00000  92.1%     -   41s
     0     0   89.00606    0   68 1129.00000   89.00606  92.1%     -   46s
     0     0   90.12500    0  107 1129.00000   90.12500  92.0%     -   46s
     0     0   92.00000    0   93 1129.00000   92.00000  91.9%     -   49s
     0     0   92.00000    0  124 1129.00000   92.00000  91.9%     -   50s
     0     0   92.00074    0   76 1129.00000   92.00074  91.9%     -   54s
     0     0   92.40000    0   71 1129.00000   92.40000  91.8%     -   55s
     0     0   93.00000    0   69 1129.00000   93.00000  91.8%     -   59s
     0     0   93.22103    0  100 1129.00000   93.22103  91.7%     -   59s
H    0     0                    1108.0000000   93.43427  91.6%     -   64s
H    0     0                    1085.0000000   93.43427  91.4%     -   64s
     0     0   93.43427    0   70 1085.00000   93.43427  91.4%     -   65s
H    0     0                    1030.0000000   93.84545  90.9%     -   65s
     0     0   93.84545    0  120 1030.00000   93.84545  90.9%     -   65s
     0     0   93.85714    0   70 1030.00000   93.85714  90.9%     -   72s
     0     0   93.85714    0   72 1030.00000   93.85714  90.9%     -   72s
     0     0   93.85714    0   53 1030.00000   93.85714  90.9%     -   77s
     0     0   93.85714    0   81 1030.00000   93.85714  90.9%     -   78s
     0     0   94.00000    0   32 1030.00000   94.00000  90.9%     -   85s
     0     0   94.00000    0   69 1030.00000   94.00000  90.9%     -   85s
     0     0   94.00000    0   55 1030.00000   94.00000  90.9%     -   91s
     0     0   94.00000    0   79 1030.00000   94.00000  90.9%     -   92s
     0     0   94.00000    0   60 1030.00000   94.00000  90.9%     -   94s
     0     0   94.00000    0   64 1030.00000   94.00000  90.9%     -   94s
     0     0   94.00000    0   47 1030.00000   94.00000  90.9%     -   99s
     0     0   94.00000    0   44 1030.00000   94.00000  90.9%     -  100s
H    0     0                    1005.0000000   94.00000  90.6%     -  100s
H    0     0                    1004.0000000   94.00000  90.6%     -  101s
H    0     0                     979.0000000   94.00000  90.4%     -  101s
H    0     0                     956.0000000   94.00000  90.2%     -  101s
H    0     0                     939.0000000   94.00000  90.0%     -  101s
H    0     0                     925.0000000   94.00000  89.8%     -  101s
H    0     0                     917.0000000   94.00000  89.7%     -  101s
H    0     0                     916.0000000   94.00000  89.7%     -  101s
     0     0   94.00000    0   40  916.00000   94.00000  89.7%     -  108s
     0     0   94.00000    0   49  916.00000   94.00000  89.7%     -  113s
     0     0   94.00000    0   64  916.00000   94.00000  89.7%     -  113s
     0     0   94.00000    0   56  916.00000   94.00000  89.7%     -  117s
     0     0   94.00000    0   60  916.00000   94.00000  89.7%     -  117s
     0     0   94.00000    0   45  916.00000   94.00000  89.7%     -  119s
     0     0   94.00000    0   53  916.00000   94.00000  89.7%     -  119s
     0     0   94.00000    0   84  916.00000   94.00000  89.7%     -  121s
     0     0   94.00000    0   84  916.00000   94.00000  89.7%     -  121s
     0     0   94.00000    0   33  916.00000   94.00000  89.7%     -  122s
     0     0   94.00000    0   84  916.00000   94.00000  89.7%     -  122s
     0     0   94.00000    0   41  916.00000   94.00000  89.7%     -  124s
     0     0   94.00000    0   80  916.00000   94.00000  89.7%     -  124s
     0     0   94.00000    0   57  916.00000   94.00000  89.7%     -  127s
     0     0   94.00000    0  124  916.00000   94.00000  89.7%     -  127s
     0     0   94.00000    0   55  916.00000   94.00000  89.7%     -  129s
     0     0   94.00000    0   54  916.00000   94.00000  89.7%     -  131s
     0     2   94.00000    0   54  916.00000   94.00000  89.7%     -  133s
    10    16   94.00000    3  133  916.00000   94.00000  89.7%   313  135s
   408   675   94.00000   10   75  916.00000   94.00000  89.7%  72.7  141s
   729   677  188.00000   23   53  916.00000   94.00000  89.7%  59.6  153s
   730   678  339.00000   16   84  916.00000   94.00000  89.7%  59.5  155s
   732   679  577.00000   20   58  916.00000   94.00000  89.7%  59.4  163s
   733   680   94.00000   20   84  916.00000   94.00000  89.7%  59.3  168s
   734   681   94.00000   15   60  916.00000   94.00000  89.7%  59.2  171s
H  735   646                     884.0000000   94.00000  89.4%  59.1  177s
H  735   614                     872.0000000   94.00000  89.2%  59.1  177s
H  735   583                     871.0000000   94.00000  89.2%  59.1  177s
H  735   554                     860.0000000   94.00000  89.1%  59.1  177s
   736   555  312.00000   67   55  860.00000   94.00000  89.1%  59.0  183s
   737   556  130.00000   28   55  860.00000   94.00000  89.1%  59.0  193s
   739   557   98.00000   18   95  860.00000   94.00000  89.1%  58.8  195s
   743   560   96.00000   18   65  860.00000   94.00000  89.1%  58.5  202s
   746   562  195.00000   40   68  860.00000   94.00000  89.1%  58.3  205s
   748   563  210.00000   15   58  860.00000   94.00000  89.1%  58.1  216s
   750   564   94.00000   30   58  860.00000   94.00000  89.1%  57.9  221s
   773   594   94.00000   14   79  860.00000   94.00000  89.1%  84.6  225s
H  891   681                     844.0000000   94.00000  88.9%  85.2  228s
H  948   811                     835.0000000   94.00000  88.7%  84.8  231s
  1419  1142  315.85936   29  103  835.00000   94.00000  88.7%  80.7  236s
H 1856  1203                     752.0000000   94.00000  87.5%  81.1  238s
H 1939  1317                     725.0000000   94.00000  87.0%  79.3  239s
H 1960  1280                     671.0000000   94.00000  86.0%  79.5  239s
H 1985  1160                     517.0000000   94.00000  81.8%  79.3  239s
H 2067  1135                     472.0000000   94.00000  80.1%  78.9  239s
  2137  1241   94.00000   28  103  472.00000   94.00000  80.1%  79.3  241s
  2481  1589   94.00000   25   76  472.00000   94.00000  80.1%  88.5  245s
  2960  1928   94.00000   20   66  472.00000   94.00000  80.1%  92.6  250s
  3312  2278  103.00000   22   98  472.00000   94.00000  80.1%  98.8  255s
  3933  2628 infeasible   20       472.00000   94.00000  80.1%   102  261s
  4057  2695   94.00000   19  121  472.00000   94.00000  80.1%   108  266s
  4271  2997   94.00000   21   87  472.00000   94.00000  80.1%   110  270s
  4869  3517   94.00000   21  111  472.00000   94.00000  80.1%   113  277s
  5320  3987   94.67777   23  141  472.00000   94.00000  80.1%   115  281s
  5703  4330   95.13717   19  176  472.00000   94.00000  80.1%   117  286s
  6232  4884   94.05906   18  128  472.00000   94.00000  80.1%   119  292s
  6558  5180   94.01437   19  110  472.00000   94.00000  80.1%   117  295s
  6965  5276  118.26923   32  114  472.00000   94.00000  80.1%   118  300s
  7050  5592   97.09243   34  119  472.00000   94.00000  80.1%   120  306s
  7386  5859   94.00000   22  111  472.00000   94.00000  80.1%   119  310s
  8193  6662   94.04815   24  152  472.00000   94.02208  80.1%   119  318s
  8684  7150  175.00000   23   82  472.00000   94.05728  80.1%   117  322s
  9237  7604   95.11667   29  202  472.00000   94.13591  80.1%   116  326s
  9814  8089  284.61977   23  135  472.00000   94.18416  80.0%   114  330s
 10360  8566  130.00174   23  142  472.00000   94.27592  80.0%   113  335s
 11596  9590   94.44447   18  106  472.00000   94.44447  80.0%   110  344s
H11848  9044                     397.0000000   94.44582  76.2%   110  344s
 12072  9452 infeasible   32       397.00000   94.56310  76.2%   109  349s
H12500  9427                     393.0000000   94.57175  75.9%   109  349s
 12704  9926   98.00000   22  101  393.00000   94.78958  75.9%   109  354s
H13189  9317                     308.0000000   94.88973  69.2%   109  354s
 13342 10106   95.00000   24   81  308.00000   95.00000  69.2%   109  360s
 14266 10852 infeasible   25       308.00000   95.00000  69.2%   106  366s
H14478  9146                     227.0000000   95.00000  58.1%   106  366s
 15215  9068  179.00000   40   69  227.00000   95.07780  58.1%   104  371s
 15218  9070  151.82050   37   64  227.00000   95.07780  58.1%   104  381s
H15218  8616                     206.0000000   95.07780  53.8%   104  381s
 15220  8618  103.00000   25   54  206.00000   95.07780  53.8%   104  395s
H15220  8187                     203.0000000   95.07780  53.2%   104  397s
H15220  7777                     187.0000000   95.07780  49.2%   104  397s

Resetting heuristic parameters to focus on improving solution
(using Heuristics=0.5 and RINS=10)...

 15280  7832   95.07780   32   38  187.00000   95.07780  49.2%   104  400s
 15693  7932   98.00000   39   77  187.00000   95.07780  49.2%   103  405s
 16031  8098  112.83800   39   90  187.00000   95.07780  49.2%   101  410s
 16408  8249   95.07780   41   78  187.00000   95.07780  49.2%   101  415s
 16800  8401   96.54545   42  100  187.00000   95.07780  49.2%   101  420s
 17248  8532 infeasible   41       187.00000   95.07780  49.2%   101  425s
 17772  8708  107.47222   35   94  187.00000   95.07780  49.2%   101  430s
 18236  8918  116.43622   41  114  187.00000   95.07780  49.2%   102  435s
 18702  9087 infeasible   36       187.00000   95.07780  49.2%   103  441s
 19231  9271  128.00000   40   77  187.00000   95.13496  49.1%   103  446s
 19638  9366     cutoff   52       187.00000   95.35555  49.0%   104  450s
 20243  9554  118.42664   49  123  187.00000   98.00813  47.6%   105  456s
 20661  9697  121.28462   40   86  187.00000  103.26667  44.8%   107  462s
 21146  9853  146.81818   39  106  187.00000  109.05000  41.7%   108  467s
 21412  9976  170.60000   51   85  187.00000  112.00000  40.1%   109  470s
 22070 10103  135.62608   44  171  187.00000  114.00000  39.0%   109  477s
 22367 10215  129.32504   41   90  187.00000  116.00000  38.0%   110  480s
 23082 10387  145.92345   48  170  187.00000  119.00000  36.4%   111  488s
 23400 10478  144.75556   48   64  187.00000  119.00000  36.4%   111  491s
 23784 10572  155.52652   45  108  187.00000  120.33160  35.7%   112  496s
 24205 10694  141.25000   47   76  187.00000  122.36286  34.6%   113  500s
 25177 10969 infeasible   45       187.00000  126.88889  32.1%   113  509s
 25812 11244     cutoff   51       187.00000  128.53333  31.3%   112  514s
 26495 11213  145.18182   48   87  187.00000  129.44444  30.8%   111  518s
 26943 11070 infeasible   45       187.00000  130.00000  30.5%   111  521s
 27194 11519  150.44444   43   49  187.00000  130.10400  30.4%   110  530s
 27855 11790     cutoff   47       187.00000  131.05124  29.9%   110  535s
 28697 11982  141.04902   45   59  187.00000  132.57063  29.1%   109  541s
 29585 12049     cutoff   54       187.00000  133.55568  28.6%   108  548s
 30384 12188  142.12821   58   96  187.00000  135.44444  27.6%   107  555s
 31347 12342  139.60000   49   51  187.00000  137.00000  26.7%   106  562s
 32376 12249  155.75882   52  130  187.00000  139.00000  25.7%   105  570s
 33269 12007 infeasible   48       187.00000  141.51062  24.3%   104  576s
 34120 12131  146.22222   52   92  187.00000  143.00000  23.5%   104  584s
 35212 12366  176.00000   50   61  187.00000  143.00000  23.5%   103  592s
 36410 12447  149.00000   44   89  187.00000  144.35556  22.8%   102  601s
 37761 12142  145.44444   47  101  187.00000  145.01751  22.5%   100  608s
 38811 12159  149.20000   49   56  187.00000  146.60000  21.6%  98.7  616s
 40205 12750  148.00000   61   46  187.00000  147.77778  21.0%  96.8  624s
 41424 13331     cutoff   68       187.00000  147.93617  20.9%  94.7  632s
 42839 13816  154.50000   67   66  187.00000  148.00000  20.9%  92.3  639s
 44189 14239  148.00000   73   68  187.00000  148.00000  20.9%  90.0  647s
 45531 14722  151.00000   77   59  187.00000  148.00000  20.9%  88.0  653s
 46941 15018  168.00000   76   48  187.00000  148.00000  20.9%  85.9  660s
 48238 15184  152.67813   51   86  187.00000  148.00000  20.9%  84.6  667s
 49407 15422     cutoff   42       187.00000  149.95522  19.8%  83.5  674s
 50612 15616  157.40000   77   60  187.00000  151.00000  19.3%  82.3  681s
 51742 15850  153.00000   42   75  187.00000  151.11340  19.2%  81.2  688s
 52826 16006 infeasible   44       187.00000  152.00000  18.7%  80.5  694s
 53975 16249  153.25000   48   65  187.00000  153.21000  18.1%  79.7  700s
 55183 16163  156.98667   46   93  187.00000  154.00000  17.6%  78.7  707s
 56332 16390  164.92000   45   69  187.00000  155.71000  16.7%  78.0  713s
 57233 16764  156.00000   57   60  187.00000  156.00000  16.6%  77.3  718s
 58444 17086     cutoff   51       187.00000  156.00000  16.6%  76.2  724s
 59536 17255  156.00000   64   61  187.00000  156.00000  16.6%  75.1  730s
 60821 17448  164.21000   69   58  187.00000  156.00000  16.6%  74.0  736s
 62035 17635     cutoff   62       187.00000  156.00000  16.6%  73.1  742s
 63163 17869     cutoff   58       187.00000  156.00000  16.6%  72.3  748s
 64237 18149     cutoff   66       187.00000  156.00000  16.6%  71.6  754s
 65370 18500  156.40000   55   67  187.00000  156.00000  16.6%  70.8  760s
 66484 18624  156.00000   63   51  187.00000  156.00000  16.6%  70.0  765s
 67637 18717  156.00000   70   50  187.00000  156.00000  16.6%  69.3  771s
 68708 18829     cutoff   74       187.00000  156.00000  16.6%  68.6  776s
 69829 19015  160.63300   54   74  187.00000  156.00000  16.6%  67.9  782s
 70957 19258  156.00000   60   56  187.00000  156.00000  16.6%  67.2  788s
 71897 19524  164.46429   75   67  187.00000  156.00000  16.6%  66.6  793s
 72958 19764  156.00000   74   73  187.00000  156.00000  16.6%  66.0  799s
 74078 20002  156.00000   63   53  187.00000  156.00000  16.6%  65.4  805s
 75172 20234 infeasible   60       187.00000  156.00000  16.6%  64.7  811s
 76157 20441  160.23077   65   78  187.00000  156.00000  16.6%  64.2  816s
 77246 20616  156.00000   49   54  187.00000  156.00000  16.6%  63.7  822s
 78341 20867  157.00000   67   49  187.00000  156.00000  16.6%  63.1  827s
 79403 21151     cutoff   65       187.00000  156.00000  16.6%  62.6  834s
 80268 21435  156.00000   51   56  187.00000  156.00000  16.6%  62.2  840s
 81262 21738  169.00000   58   64  187.00000  156.00000  16.6%  61.9  845s
 82243 22040  164.46429   69   68  187.00000  156.00000  16.6%  61.5  850s
 83265 22171 infeasible   45       187.00000  156.00000  16.6%  61.1  856s
 84290 22411  157.57692   53   59  187.00000  156.25000  16.4%  60.7  861s
 85276 22490     cutoff   50       187.00000  156.93050  16.1%  60.4  868s
 86174 22696 infeasible   73       187.00000  157.00000  16.0%  60.1  873s
 87110 22978  157.00000   65   52  187.00000  157.00000  16.0%  59.9  879s
 88076 23244  159.51765   44   91  187.00000  157.00000  16.0%  59.6  884s
 88998 23449  163.92000   49   72  187.00000  157.29412  15.9%  59.4  889s
 89906 23639  161.79451   52  101  187.00000  158.16667  15.4%  59.3  895s
 90751 23869  163.88889   49   56  187.00000  159.00000  15.0%  59.2  901s
 91706 23934  159.00000   74   38  187.00000  159.00000  15.0%  59.0  906s
 92741 23998     cutoff   71       187.00000  159.00000  15.0%  58.6  910s
 93727 24063     cutoff   66       187.00000  159.00000  15.0%  58.2  916s
 94656 24051     cutoff   72       187.00000  159.00000  15.0%  57.9  921s
 95702 24007 infeasible   73       187.00000  159.00000  15.0%  57.6  926s
 96609 24084     cutoff   52       187.00000  159.00000  15.0%  57.3  931s
 97523 24420  162.00000   43   69  187.00000  159.00000  15.0%  57.0  936s
 98485 24578  159.25000   59   83  187.00000  159.21000  14.9%  56.8  943s
 99386 24681     cutoff   64       187.00000  159.46154  14.7%  56.6  948s
 100375 24785  166.77879   50  105  187.00000  160.00000  14.4%  56.4  955s
 101298 24978  162.00000   39   55  187.00000  160.00000  14.4%  56.3  960s
 102245 25179  161.00000   65   72  187.00000  160.27273  14.3%  56.1  967s
 103131 25240 infeasible   67       187.00000  160.88889  14.0%  56.0  974s
 104150 25501     cutoff   65       187.00000  161.00000  13.9%  55.7  979s
 105083 25720  161.00000   64   55  187.00000  161.00000  13.9%  55.5  984s
 105997 25897     cutoff   70       187.00000  161.00000  13.9%  55.3  990s
 106830 26002  162.00000   54   71  187.00000  161.00000  13.9%  55.1  995s
 107773 26150  163.88889   48   63  187.00000  161.60766  13.6%  55.0 1001s
 108544 26415 infeasible   56       187.00000  162.00000  13.4%  55.0 1006s
 109472 26687  173.67538   50   74  187.00000  162.00000  13.4%  54.9 1011s
 110394 26949 infeasible   44       187.00000  162.71000  13.0%  54.7 1016s
 111404 27309 infeasible   59       187.00000  163.00000  12.8%  54.5 1022s
 112248 27531  167.00000   60   64  187.00000  163.00000  12.8%  54.3 1027s
 113229 27779 infeasible   43       187.00000  163.00000  12.8%  54.1 1032s
 114157 28053  163.00000   65   97  187.00000  163.00000  12.8%  53.8 1038s
 115105 28254  167.00000   69   63  187.00000  163.00000  12.8%  53.6 1043s
 116091 28469  163.69932   55   80  187.00000  163.00000  12.8%  53.4 1048s
 117058 28707  184.76889   52   62  187.00000  163.00000  12.8%  53.3 1054s
 117964 28992  163.88889   48   66  187.00000  163.88889  12.4%  53.0 1059s
 118786 29244     cutoff   56       187.00000  163.88889  12.4%  52.9 1064s
 119767 29360  177.00000   81   47  187.00000  163.91724  12.3%  52.7 1069s
 120768 29745  170.50000   60   64  187.00000  164.00000  12.3%  52.5 1075s
 121758 30042     cutoff   76       187.00000  164.00000  12.3%  52.2 1080s
 122646 30449  168.00000   66   52  187.00000  164.00000  12.3%  52.0 1085s
 123655 30863  168.00000   72   49  187.00000  164.00000  12.3%  51.7 1091s
 124478 31273  164.00000   55   52  187.00000  164.00000  12.3%  51.5 1096s
 125468 31590  164.38462   60   52  187.00000  164.00000  12.3%  51.3 1101s
 126286 31948  168.00000   70   82  187.00000  164.00000  12.3%  51.1 1107s
 127313 32295  168.00000   68   70  187.00000  164.00000  12.3%  50.9 1112s
 128245 32531     cutoff   79       187.00000  164.00000  12.3%  50.7 1117s
 129265 32958  169.96000   55   65  187.00000  164.21000  12.2%  50.5 1123s
 130156 33192  170.20000   70   61  187.00000  164.21000  12.2%  50.3 1129s
 131022 33273  176.88000   69   73  187.00000  164.25000  12.2%  50.2 1134s
 131951 33296  168.00000   51   69  187.00000  164.84000  11.9%  50.1 1140s
 132936 33494  185.96875   68   77  187.00000  165.00000  11.8%  49.9 1146s
 133684 33715     cutoff   66       187.00000  165.00000  11.8%  49.8 1151s
 134551 34006     cutoff   61       187.00000  165.00000  11.8%  49.7 1156s
 135498 34271     cutoff   64       187.00000  165.00000  11.8%  49.5 1161s
 136417 34522  165.54688   63   76  187.00000  165.00000  11.8%  49.3 1167s
 137282 34747     cutoff   47       187.00000  165.00000  11.8%  49.2 1172s
 138216 34984     cutoff   51       187.00000  165.00000  11.8%  49.0 1178s
 139045 35203  165.43478   67   57  187.00000  165.00000  11.8%  48.9 1183s
 140014 35136     cutoff   68       187.00000  165.00000  11.8%  48.7 1188s
 141077 35096     cutoff   54       187.00000  165.35384  11.6%  48.6 1193s
 141975 34938     cutoff   49       187.00000  166.00000  11.2%  48.6 1198s
 142930 34723  181.10394   51   68  187.00000  166.00000  11.2%  48.5 1203s
 143905 34848  174.00000   76   57  187.00000  166.68232  10.9%  48.4 1207s
 144830 35067  167.00000   56   48  187.00000  166.95000  10.7%  48.3 1213s
 145634 35384  167.00000   64   55  187.00000  167.00000  10.7%  48.2 1219s
 146787 35573  167.00000   63   40  187.00000  167.00000  10.7%  48.1 1225s
 147892 35816  169.14286   63   77  187.00000  167.00000  10.7%  47.9 1230s
 149030 35972  167.00000   65   97  187.00000  167.00000  10.7%  47.7 1235s
 150026 36158     cutoff   43       187.00000  167.00000  10.7%  47.6 1240s
 150914 36400 infeasible   54       187.00000  167.00000  10.7%  47.5 1246s
 151810 36685  167.00000   58   46  187.00000  167.00000  10.7%  47.4 1251s
 152847 36973  167.00000   56   59  187.00000  167.00000  10.7%  47.2 1256s
 153852 37168  167.00000   68   68  187.00000  167.00000  10.7%  47.0 1261s
 154710 37367     cutoff   63       187.00000  167.00000  10.7%  46.9 1267s
 155593 37517  167.00000   63   48  187.00000  167.00000  10.7%  46.8 1272s
 156424 37625     cutoff   62       187.00000  167.00000  10.7%  46.7 1278s
 157289 37825  167.00000   51   58  187.00000  167.00000  10.7%  46.6 1283s
 158282 37948     cutoff   58       187.00000  167.00000  10.7%  46.5 1288s
 159263 38006 infeasible   59       187.00000  167.00000  10.7%  46.3 1293s
 160230 38024  172.26866   60   74  187.00000  167.00000  10.7%  46.2 1299s
 161220 37925  168.00000   48   81  187.00000  167.00000  10.7%  46.2 1304s
 162127 38002  177.00000   47   65  187.00000  167.60000  10.4%  46.1 1310s
 163254 38186     cutoff   77       187.00000  168.00000  10.2%  46.0 1316s
 164265 38281  168.00000   78   47  187.00000  168.00000  10.2%  45.8 1322s
 165367 38470 infeasible   66       187.00000  168.00000  10.2%  45.7 1328s
 166568 38674 infeasible   66       187.00000  168.00000  10.2%  45.5 1334s
 167616 38889  171.00000   77   35  187.00000  168.00000  10.2%  45.3 1340s
 168746 39277  168.00000   59   75  187.00000  168.00000  10.2%  45.1 1346s
 169945 39600  178.00000   75   63  187.00000  168.00000  10.2%  44.9 1352s
 171033 39970  168.00000   69   70  187.00000  168.00000  10.2%  44.8 1357s
 172182 40283  168.33333   74   66  187.00000  168.00000  10.2%  44.6 1363s
 173115 40604 infeasible   73       187.00000  168.00000  10.2%  44.5 1370s
 174186 41007  169.00000   74   53  187.00000  168.00000  10.2%  44.3 1375s
 175307 41385     cutoff   69       187.00000  168.00000  10.2%  44.1 1381s
 176460 41788  168.00000   76   92  187.00000  168.00000  10.2%  44.0 1387s
 177649 42103     cutoff   71       187.00000  168.00000  10.2%  43.8 1393s
 178738 42487  179.00874   74   73  187.00000  168.00000  10.2%  43.6 1399s
 179734 42776  169.05556   73   63  187.00000  168.00000  10.2%  43.5 1405s
 180672 43146  168.00000   75   52  187.00000  168.00000  10.2%  43.3 1410s
 181829 43551  172.00000   79   57  187.00000  168.00000  10.2%  43.2 1416s
 182964 43948  169.46875   80   73  187.00000  168.00000  10.2%  43.0 1421s
 184059 44312     cutoff   78       187.00000  168.00000  10.2%  42.9 1427s
 185135 44630  168.00000   70   54  187.00000  168.00000  10.2%  42.7 1433s
 186030 45033 infeasible   73       187.00000  168.00000  10.2%  42.6 1438s
 187083 45308  168.00000   70   64  187.00000  168.00000  10.2%  42.5 1444s
 188011 45649  168.00000   73   76  187.00000  168.00000  10.2%  42.4 1450s
 189104 45893  177.00000   57   50  187.00000  168.00000  10.2%  42.3 1456s
 190016 46166  169.05556   73   66  187.00000  168.00000  10.2%  42.2 1461s
 191066 46475  169.00000   74   90  187.00000  168.00000  10.2%  42.1 1467s
 192127 46611  172.65217   79   56  187.00000  168.00000  10.2%  42.0 1473s
 193070 46662     cutoff   69       187.00000  168.00000  10.2%  41.9 1478s
 194022 46738  168.00000   51   61  187.00000  168.00000  10.2%  41.8 1484s
 194860 46824 infeasible   53       187.00000  168.00000  10.2%  41.8 1489s
 195782 47261  169.43704   47   72  187.00000  168.19355  10.1%  41.7 1494s
 196668 47546  169.25000   57   56  187.00000  168.21000  10.0%  41.6 1500s
 197531 47637  169.00000   45   61  187.00000  168.25000  10.0%  41.5 1505s
 198522 47745  173.60000   58   62  187.00000  168.25000  10.0%  41.5 1510s
 199402 47788  169.00000   69   45  187.00000  168.64706  9.81%  41.4 1515s
 200901 47956  184.00000   68   70  187.00000  168.88000  9.69%  41.3 1520s
 201030 48255  169.00000   72   50  187.00000  169.00000  9.63%  41.3 1525s
 202065 48536     cutoff   74       187.00000  169.00000  9.63%  41.2 1531s
 203058 48761  169.96774   75   46  187.00000  169.00000  9.63%  41.2 1536s
 204076 48967  172.00000   72   76  187.00000  169.00000  9.63%  41.1 1542s
 205128 48908  169.00000   71   80  187.00000  169.00000  9.63%  41.0 1547s
 206111 48758 infeasible   55       187.00000  169.00000  9.63%  41.0 1552s
 207204 49027  169.25000   56   78  187.00000  169.12329  9.56%  40.9 1557s
 207970 48910  169.21000   49   76  187.00000  169.21000  9.51%  40.8 1562s
 209018 48902  169.91111   63   79  187.00000  169.45455  9.38%  40.8 1567s
 209849 49078 infeasible   66       187.00000  169.96000  9.11%  40.8 1572s
 210709 49432  175.00000   77   53  187.00000  170.00000  9.09%  40.7 1577s
 211660 49672  170.00000   68   50  187.00000  170.00000  9.09%  40.6 1582s
 212637 49823     cutoff   52       187.00000  170.00000  9.09%  40.5 1588s
 213644 49903     cutoff   54       187.00000  170.00000  9.09%  40.5 1594s
 214535 49979 infeasible   65       187.00000  170.00000  9.09%  40.4 1600s
 215522 50075     cutoff   52       187.00000  170.00000  9.09%  40.3 1605s
 216521 50252  172.66667   59   90  187.00000  170.00000  9.09%  40.3 1611s
 217332 50386  170.35917   53   93  187.00000  170.00000  9.09%  40.2 1616s
 218308 50502  171.00000   74   58  187.00000  170.00000  9.09%  40.1 1621s
 219183 50708 infeasible   64       187.00000  170.00000  9.09%  40.0 1626s
 220115 50637  170.00874   64   87  187.00000  170.00000  9.09%  40.0 1631s
 221142 50492  170.25000   59   80  187.00000  170.00000  9.09%  39.9 1636s
 222109 50348  184.00000   41   73  187.00000  170.41667  8.87%  39.8 1641s
 223119 50406     cutoff   63       187.00000  171.00000  8.56%  39.8 1646s
 223982 50383 infeasible   70       187.00000  171.00000  8.56%  39.7 1652s
 225071 50479     cutoff   64       187.00000  171.00000  8.56%  39.6 1657s
 226075 50604     cutoff   84       187.00000  171.00000  8.56%  39.5 1662s
 227041 50786 infeasible   65       187.00000  171.00000  8.56%  39.5 1667s
 228025 50828 infeasible   65       187.00000  171.00000  8.56%  39.4 1672s
 229037 50928 infeasible   68       187.00000  171.00000  8.56%  39.3 1677s
 229960 50971  171.00000   59   68  187.00000  171.00000  8.56%  39.3 1682s
 230934 50853     cutoff   52       187.00000  171.00000  8.56%  39.2 1687s
 231707 50732  175.30303   45   96  187.00000  171.00000  8.56%  39.2 1695s
 232868 50554     cutoff   45       187.00000  171.46429  8.31%  39.1 1700s
 234059 50497  172.00000   50   68  187.00000  171.96000  8.04%  39.1 1705s
 235043 50501  172.00000   77   46  187.00000  172.00000  8.02%  39.0 1711s
 236038 50516  179.00000   70   52  187.00000  172.00000  8.02%  38.9 1716s
 237081 50532  172.00000   70   76  187.00000  172.00000  8.02%  38.9 1721s
 238160 50553  173.87500   57   62  187.00000  172.00000  8.02%  38.8 1726s
 239032 50515     cutoff   67       187.00000  172.00000  8.02%  38.8 1732s
 240094 50467  172.00000   78   50  187.00000  172.00000  8.02%  38.7 1737s
 241136 50515 infeasible   72       187.00000  172.00000  8.02%  38.7 1742s
 241954 50597 infeasible   80       187.00000  172.00000  8.02%  38.6 1747s
 242849 50651  174.34483   66   77  187.00000  172.00000  8.02%  38.6 1752s
 243811 50454 infeasible   61       187.00000  172.00000  8.02%  38.5 1757s
 244826 50166 infeasible   68       187.00000  172.00000  8.02%  38.5 1763s
 245846 49848     cutoff   55       187.00000  172.00000  8.02%  38.5 1768s
 246933 49684     cutoff   63       187.00000  172.00000  8.02%  38.4 1773s
 247747 49939     cutoff   65       187.00000  172.25000  7.89%  38.4 1778s
 248605 50144  175.00000   81   47  187.00000  172.27273  7.88%  38.3 1783s
 249564 50172 infeasible   81       187.00000  172.27273  7.88%  38.2 1788s
 250599 49993  184.47222   49  102  187.00000  172.28000  7.87%  38.2 1793s
 251663 49598     cutoff   58       187.00000  172.46667  7.77%  38.1 1797s
 252742 49498     cutoff   88       187.00000  172.90909  7.54%  38.1 1802s
 253567 49474  174.05556   68   86  187.00000  173.00000  7.49%  38.0 1806s
 254463 49442     cutoff   79       187.00000  173.00000  7.49%  38.0 1811s
 255349 49464     cutoff   78       187.00000  173.00000  7.49%  37.9 1815s
 256296 49412     cutoff   75       187.00000  173.00000  7.49%  37.9 1821s
 257206 49109  184.50000   64   53  187.00000  173.00000  7.49%  37.8 1826s
 258068 48786     cutoff   55       187.00000  173.00000  7.49%  37.8 1831s
 259188 49182  176.00000   79   49  187.00000  173.13370  7.42%  37.7 1837s
 260449 49115 infeasible   85       187.00000  173.21429  7.37%  37.6 1842s
 261461 48466     cutoff   61       187.00000  173.27471  7.34%  37.5 1846s
 262420 48267  175.88462   68   84  187.00000  173.84615  7.03%  37.5 1850s
 264088 48579  174.00000   67   58  187.00000  174.00000  6.95%  37.4 1860s
 265123 48792  185.50000   84   58  187.00000  174.00000  6.95%  37.3 1865s
 266148 48996  183.46429   66   79  187.00000  174.00000  6.95%  37.3 1870s
 267185 49185  185.50000   67   72  187.00000  174.00000  6.95%  37.2 1876s
 268080 49326  183.46429   69   64  187.00000  174.00000  6.95%  37.2 1881s
 269116 49424 infeasible   85       187.00000  174.00000  6.95%  37.1 1886s
 270142 49361 infeasible   83       187.00000  174.00000  6.95%  37.1 1892s
 271098 48709  185.50000   71   69  187.00000  174.00000  6.95%  37.0 1899s
 272032 48625     cutoff   55       187.00000  174.00000  6.95%  37.0 1905s
 273208 48167  174.25000   50   74  187.00000  174.21000  6.84%  37.0 1910s
 275314 48684  187.00000   65   51  187.00000  175.00000  6.42%  36.9 1921s
 276319 49327 infeasible  112       187.00000  175.00000  6.42%  36.9 1926s
 277315 49785     cutoff   68       187.00000  175.00000  6.42%  36.8 1932s
H278291  1212                     175.0000000  175.00000  0.00%  36.8 1932s
*278291  1212             140     175.0000000  175.00000  0.00%  36.8 1932s

Cutting planes:
  Learned: 130
  Gomory: 418
  Lift-and-project: 186
  Cover: 334
  Implied bound: 104
  Projected implied bound: 21
  Clique: 8
  MIR: 283
  Mixing: 26
  StrongCG: 267
  Flow cover: 1357
  GUB cover: 5
  Inf proof: 77
  Zero half: 276
  RLT: 754
  Relax-and-lift: 946

Explored 278353 nodes (10291811 simplex iterations) in 1932.56 seconds (1933.76 work units)
Thread count was 16 (of 16 available processors)

Solution count 10: 175 187 203 ... 397

Optimal solution found (tolerance 1.00e-04)
Best objective 1.750000000532e+02, best bound 1.749999986667e+02, gap 0.0000%

User-callback calls 801438, time in user-callback 3.49 sec
Set parameter TimeLimit to value 1080
Gurobi Optimizer version 12.0.3 build v12.0.3rc0 (linux64 - "Ubuntu 22.04.5 LTS")

CPU model: Intel(R) Xeon(R) W-2145 CPU @ 3.70GHz, instruction set [SSE2|AVX|AVX2|AVX512]
Thread count: 8 physical cores, 16 logical processors, using up to 16 threads

Non-default parameters:
TimeLimit  1080
Heuristics  0.1
MIPFocus  3
Presolve  2
ImproveStartGap  0.5

Optimize a model with 54927 rows, 25081 columns and 263007 nonzeros
Model fingerprint: 0xcfb056ae
Model has 15 quadratic constraints
Variable types: 15 continuous, 25066 integer (24750 binary)
Coefficient statistics:
  Matrix range     [1e+00, 2e+03]
  QMatrix range    [1e+00, 1e+00]
  QLMatrix range   [1e+00, 1e+00]
  Objective range  [5e-01, 5e-01]
  Bounds range     [1e+00, 1e+00]
  RHS range        [1e+00, 7e+03]

MIP start from previous solve produced solution with objective 225.5 (0.03s)
Loaded MIP start from previous solve with objective 225.5

Presolve removed 35051 rows and 18003 columns
Presolve time: 1.68s
Presolved: 19876 rows, 7078 columns, 116446 nonzeros
Presolved model has 15 quadratic constraint(s)
Found heuristic solution: objective 44.0000000
Variable types: 15 continuous, 7063 integer (6918 binary)
Root relaxation presolve removed 711 rows and 310 columns
Root relaxation presolved: 19165 rows, 6768 columns, 113225 nonzeros


Root relaxation: objective 1.700000e+01, 859 iterations, 0.26 seconds (0.28 work units)

    Nodes    |    Current Node    |     Objective Bounds      |     Work
 Expl Unexpl |  Obj  Depth IntInf | Incumbent    BestBd   Gap | It/Node Time

     0     0   17.00000    0   31   44.00000   17.00000  61.4%     -    2s
H    0     0                      42.0000000   17.00000  59.5%     -    2s
H    0     0                      41.0000000   17.00000  58.5%     -    2s
     0     0   17.00000    0   83   41.00000   17.00000  58.5%     -    4s
     0     0   17.00000    0  106   41.00000   17.00000  58.5%     -    4s
     0     0   17.00000    0  125   41.00000   17.00000  58.5%     -    6s
     0     0   17.00000    0  126   41.00000   17.00000  58.5%     -    6s
     0     0   17.00000    0   79   41.00000   17.00000  58.5%     -    8s
     0     0   17.00000    0  137   41.00000   17.00000  58.5%     -    8s
     0     0   17.00000    0  114   41.00000   17.00000  58.5%     -   10s
     0     0   17.00000    0  159   41.00000   17.00000  58.5%     -   11s
     0     0   17.00313    0  121   41.00000   17.00313  58.5%     -   13s
     0     0   17.05235    0  195   41.00000   17.05235  58.4%     -   14s
     0     0   17.09812    0  223   41.00000   17.09812  58.3%     -   15s
     0     0   17.17488    0  149   41.00000   17.17488  58.1%     -   16s
     0     0   17.22447    0  157   41.00000   17.22447  58.0%     -   17s
     0     0   17.29364    0  197   41.00000   17.29364  57.8%     -   19s
     0     0   17.31067    0  138   41.00000   17.31067  57.8%     -   20s
     0     0   17.33603    0  196   41.00000   17.33603  57.7%     -   21s
     0     0   17.36204    0  172   41.00000   17.36204  57.7%     -   23s
     0     0   17.44622    0  162   41.00000   17.44622  57.4%     -   24s
     0     0   17.62586    0  163   41.00000   17.62586  57.0%     -   24s
     0     0   17.67889    0  121   41.00000   17.67889  56.9%     -   26s
     0     0   17.69184    0  172   41.00000   17.69184  56.8%     -   27s
     0     0   17.71159    0  141   41.00000   17.71159  56.8%     -   28s
     0     0   17.79177    0  147   41.00000   17.79177  56.6%     -   29s
     0     0   17.82756    0  155   41.00000   17.82756  56.5%     -   31s
     0     0   17.82756    0  202   41.00000   17.82756  56.5%     -   34s
     0     0   17.82756    0  155   41.00000   17.82756  56.5%     -   35s
     0     0   17.82756    0  149   41.00000   17.82756  56.5%     -   37s
     0     0   17.82756    0  152   41.00000   17.82756  56.5%     -   39s
     0     0   17.82756    0  154   41.00000   17.82756  56.5%     -   41s
     0     0   17.82756    0  167   41.00000   17.82756  56.5%     -   42s
     0     0   17.82756    0  127   41.00000   17.82756  56.5%     -   42s
H    0     0                      40.0000000   17.82756  55.4%     -   43s
     0     2   18.00000    0  126   40.00000   18.00000  55.0%     -   44s
     3     8   18.00000    2  193   40.00000   18.00000  55.0%   439   45s
    82    96   18.40231   10  301   40.00000   18.34262  54.1%   845   50s
   168   147 infeasible   11        40.00000   19.00000  52.5%   824   55s
H  375   296                      39.0000000   19.00000  51.3%   529   58s
   396   312   19.03605   19  181   39.00000   19.00000  51.3%   537   60s
   435   348   19.03830    6  240   39.00000   19.00000  51.3%   593   65s
H  470   358                      38.0000000   19.00000  50.0%   585   65s

Resetting heuristic parameters to focus on improving solution
(using Heuristics=0.5 and RINS=10)...

   481   370 infeasible   11        38.00000   19.00000  50.0%   583   66s
   554   393   22.00000   18  127   38.00000   19.00000  50.0%   546   70s
   558   396   21.00000   25  167   38.00000   19.00000  50.0%   542   75s
   561   398   19.02096    7  124   38.00000   19.00000  50.0%   539   84s
   562   398   19.16643    5  166   38.00000   19.00000  50.0%   538   87s
   563   399   19.14434   11  195   38.00000   19.00000  50.0%   537   91s
   565   400   19.03047    8  150   38.00000   19.00000  50.0%   536   96s
H  565   379                      37.0000000   19.00000  48.6%   536   99s
H  565   360                      36.0000000   19.00000  47.2%   536   99s
   567   362   19.09596    7  209   36.00000   19.00000  47.2%   534  101s
   570   364   19.01784   16  182   36.00000   19.00000  47.2%   531  105s
   574   369   19.00000   13  177   36.00000   19.00000  47.2%   556  110s
   661   401 infeasible   21        36.00000   19.00000  47.2%   521  115s
   869   494   22.00000   25   77   36.00000   19.00000  47.2%   445  120s
  1104   534 infeasible   27        36.00000   19.00000  47.2%   399  125s
  1451   664   22.02899   36   78   36.00000   19.06214  47.0%   352  130s
  1821   769 infeasible   27        36.00000   19.22847  46.6%   325  135s
  2151   960   21.00347   25  121   36.00000   19.60214  45.5%   311  140s
  2505  1096 infeasible   31        36.00000   20.00000  44.4%   296  145s
  2824  1240   23.12048   43   79   36.00000   20.00000  44.4%   286  150s
  3272  1523   21.00000   23  173   36.00000   20.00000  44.4%   275  156s
  3619  1660 infeasible   36        36.00000   20.00000  44.4%   272  161s
  3888  1824   21.00000   27  164   36.00000   20.00000  44.4%   271  165s
  4217  1973   22.00000   25  121   36.00000   20.00000  44.4%   264  170s
  4549  2128   21.00000   31  134   36.00000   20.00000  44.4%   262  175s
  4888  2220   25.00000   28   77   36.00000   20.02857  44.4%   259  180s
  5246  2390   24.17391   32  121   36.00000   20.22656  43.8%   257  185s
  5743  2591   24.26362   21  116   36.00000   20.35676  43.5%   250  191s
  6184  2770   22.00000   31  154   36.00000   20.72961  42.4%   247  198s
  6435  2821   21.30969   26  127   36.00000   21.00000  41.7%   245  202s
  6720  2890   22.00000   34  131   36.00000   21.00000  41.7%   246  206s
  6987  2960 infeasible   56        36.00000   21.00000  41.7%   246  210s
  7493  3067   23.00000   29  140   36.00000   21.00000  41.7%   246  217s
  7695  3181 infeasible   31        36.00000   21.00000  41.7%   248  222s
  7967  3278   22.02817   27  147   36.00000   21.00000  41.7%   249  226s
  8265  3352 infeasible   25        36.00000   21.00000  41.7%   248  231s
  8537  3454   21.00000   36   90   36.00000   21.00000  41.7%   250  235s
  8815  3544   22.00000   31  146   36.00000   21.00000  41.7%   251  240s
  9110  3555   22.00000   34  126   36.00000   21.00000  41.7%   250  245s
  9367  3668 infeasible   32        36.00000   21.00000  41.7%   253  250s
  9718  3742 infeasible   29        36.00000   21.00000  41.7%   251  255s
 10038  3758 infeasible   32        36.00000   21.00000  41.7%   252  261s
 10324  3791 infeasible   25        36.00000   21.04459  41.5%   256  267s
 10663  3798   29.00000   29   91   36.00000   21.22119  41.1%   258  272s
 10971  3815   22.00000   25  124   36.00000   21.50000  40.3%   261  278s
 11258  3829   23.00000   23  176   36.00000   22.00000  38.9%   264  285s
 11616  3900 infeasible   39        36.00000   22.00000  38.9%   265  292s
 12041  4004 infeasible   36        36.00000   22.00000  38.9%   266  299s
 12446  4118   22.33333   25  169   36.00000   22.00000  38.9%   268  307s
 12898  4247   22.08069   38  136   36.00000   22.00000  38.9%   269  315s
 13318  4403   22.13106   26  165   36.00000   22.00000  38.9%   270  323s
 13790  4466   23.00000   28  132   36.00000   22.00000  38.9%   271  331s
 14253  4486 infeasible   35        36.00000   22.00000  38.9%   273  340s
 14705  4526 infeasible   26        36.00000   22.38095  37.8%   276  349s
 15225  4620 infeasible   27        36.00000   23.00000  36.1%   276  359s
 15855  4753 infeasible   48        36.00000   23.00000  36.1%   275  369s
 16570  4862   23.00000   29   85   36.00000   23.00000  36.1%   273  380s
 17219  4965   24.00000   31  123   36.00000   23.00000  36.1%   273  390s
 17858  5104   30.00000   31   78   36.00000   23.00000  36.1%   273  400s
 18490  5260 infeasible   33        36.00000   23.00000  36.1%   274  412s
 19192  5282   25.00000   42   87   36.00000   23.00000  36.1%   274  424s
 19908  5257 infeasible   41        36.00000   23.47619  34.8%   276  437s
 20767  5343 infeasible   25        36.00000   24.00000  33.3%   275  451s
 21710  5473 infeasible   24        36.00000   24.00000  33.3%   272  464s
 22556  5625   25.00000   34  106   36.00000   24.00000  33.3%   272  478s
 23287  5902 infeasible   40        36.00000   24.00000  33.3%   272  492s
 24092  6237   31.00000   32   95   36.00000   24.00000  33.3%   272  507s
 25106  6326 infeasible   46        36.00000   24.00000  33.3%   269  520s
 26023  6418 infeasible   42        36.00000   24.15789  32.9%   268  534s
 26985  6766 infeasible   26        36.00000   25.00000  30.6%   266  549s
 28304  7038   30.00000   25   72   36.00000   25.00000  30.6%   261  563s
 29312  7095 infeasible   38        36.00000   25.00000  30.6%   258  577s
 30313  7246 infeasible   43        36.00000   25.00000  30.6%   256  590s
 31254  7414   27.00000   39   89   36.00000   25.00000  30.6%   255  603s
 32080  7673   26.16667   43   88   36.00000   25.00000  30.6%   255  617s
 33088  8119   27.00000   35   65   36.00000   25.02957  30.5%   253  631s
 34281  9074   27.00000   36   64   36.00000   25.29461  29.7%   249  646s
 35648 10311   28.00000   36   71   36.00000   26.00000  27.8%   242  663s
 37517 11480   27.05297   40   73   36.00000   26.00000  27.8%   232  679s
 39250 12318   27.00000   48   63   36.00000   26.00000  27.8%   225  693s
 40472 13343   28.00000   43   61   36.00000   26.00000  27.8%   220  710s
 42052 14052   28.00000   78   51   36.00000   26.00000  27.8%   214  725s
 43418 14477   27.04274   39   56   36.00000   26.00000  27.8%   210  740s
 44581 14532   29.00000   49   56   36.00000   26.00000  27.8%   208  751s
 45521 14591   28.00000   36  122   36.00000   26.00000  27.8%   207  763s
 46434 14573 infeasible   35        36.00000   26.00000  27.8%   207  774s
 47152 14760   29.00000   30   76   36.00000   26.00000  27.8%   208  787s
 48111 15116 infeasible   30        36.00000   26.01227  27.7%   207  801s
 49129 15315 infeasible   35        36.00000   26.04866  27.6%   205  812s
 49674 15474 infeasible   40        36.00000   26.06481  27.6%   204  825s
 50139 15489   27.00000   41   50   36.00000   26.07813  27.6%   203  832s
 50158 15497   27.00000   42   50   36.00000   26.08931  27.5%   203  837s
 50166 15504   27.00000   43   52   36.00000   26.08931  27.5%   203  843s
 50175 15511   28.00000   44   54   36.00000   26.08931  27.5%   203  849s
 50184 15607   28.00000   45   52   36.00000   26.08931  27.5%   203  859s
 50436 16236   29.00000   46   59   36.00000   26.08931  27.5%   202  874s
 51435 17245   28.00000   61   74   36.00000   26.11733  27.5%   200  890s
 52841 18917   28.08696   72   54   36.00000   27.00000  25.0%   196  907s
 54753 20487   28.00000   43   48   36.00000   27.00000  25.0%   191  923s
 56615 22100   30.00000   41   61   36.00000   27.00000  25.0%   186  939s
 58416 23770   28.00000   62   55   36.00000   27.00000  25.0%   181  955s
 60214 25488   28.00000   57   63   36.00000   27.00000  25.0%   177  971s
 62042 27092   29.00000   52   58   36.00000   27.00000  25.0%   173  986s
 63772 28685   28.20183   62   63   36.00000   27.00000  25.0%   169 1002s
 65495 30384   29.00000   69   59   36.00000   27.00000  25.0%   166 1020s
 67304 31916   28.00000   47   38   36.00000   27.00000  25.0%   162 1034s
 68932 33442   28.00000   92   38   36.00000   27.00000  25.0%   159 1050s
 70606 34979   28.00000   71   61   36.00000   27.00000  25.0%   156 1064s
 72223 36453   27.00000   50   55   36.00000   27.00000  25.0%   154 1079s
 73857 36555   28.00000   71   58   36.00000   27.00000  25.0%   151 1080s

Cutting planes:
  Learned: 164
  Gomory: 249
  Lift-and-project: 549
  Cover: 882
  Implied bound: 41
  Projected implied bound: 11
  Clique: 2
  MIR: 850
  Mixing: 37
  StrongCG: 386
  Flow cover: 3198
  GUB cover: 18
  Inf proof: 37
  Zero half: 625
  Network: 1
  RLT: 492
  Relax-and-lift: 635

Explored 73965 nodes (11191566 simplex iterations) in 1080.04 seconds (1215.35 work units)
Thread count was 16 (of 16 available processors)

Solution count 10: 36 37 38 ... 42

Time limit reached
Best objective 3.600000000000e+01, best bound 2.700000000000e+01, gap 25.0000%

User-callback calls 344404, time in user-callback 2.50 sec
Set parameter TimeLimit to value 360
Gurobi Optimizer version 12.0.3 build v12.0.3rc0 (linux64 - "Ubuntu 22.04.5 LTS")

CPU model: Intel(R) Xeon(R) W-2145 CPU @ 3.70GHz, instruction set [SSE2|AVX|AVX2|AVX512]
Thread count: 8 physical cores, 16 logical processors, using up to 16 threads

Non-default parameters:
TimeLimit  360
Heuristics  0.1
MIPFocus  3
Presolve  2
ImproveStartGap  0.5

Optimize a model with 54929 rows, 25081 columns and 263473 nonzeros
Model fingerprint: 0x1fc60a6d
Model has 15 quadratic constraints
Variable types: 15 continuous, 25066 integer (24750 binary)
Coefficient statistics:
  Matrix range     [5e-01, 2e+03]
  QMatrix range    [1e+00, 1e+00]
  QLMatrix range   [1e+00, 1e+00]
  Objective range  [1e+00, 1e+00]
  Bounds range     [1e+00, 1e+00]
  RHS range        [1e+00, 7e+03]

MIP start from previous solve produced solution with objective 212 (0.03s)
Loaded MIP start from previous solve with objective 212

Presolve removed 35257 rows and 18056 columns
Presolve time: 1.80s
Presolved: 19672 rows, 7025 columns, 115365 nonzeros
Presolved model has 15 quadratic constraint(s)
Variable types: 15 continuous, 7010 integer (6864 binary)

Explored 0 nodes (0 simplex iterations) in 1.89 seconds (3.75 work units)
Thread count was 16 (of 16 available processors)

Solution count 1: 212 

Optimal solution found (tolerance 1.00e-04)
Best objective 2.120000000000e+02, best bound 2.120000000000e+02, gap 0.0000%

User-callback calls 2282, time in user-callback 0.01 sec
