
Gurobi 12.0.3 (linux64) logging started Fri Jan  2 04:16:23 2026

Set parameter LogFile to value "/home/bazzo/Scrivania/fjsp_rescheduling/simulations/logs/EX25/gurobi_exp25.log"
Set parameter OutputFlag to value 1
Set parameter TimeLimit to value 2160
Set parameter Presolve to value 2
Set parameter MIPFocus to value 3
Set parameter Heuristics to value 0.1
Set parameter ImproveStartGap to value 0.5
Set parameter Presolve to value 2
Gurobi Optimizer version 12.0.3 build v12.0.3rc0 (linux64 - "Ubuntu 22.04.5 LTS")

CPU model: Intel(R) Xeon(R) W-2145 CPU @ 3.70GHz, instruction set [SSE2|AVX|AVX2|AVX512]
Thread count: 8 physical cores, 16 logical processors, using up to 16 threads

Non-default parameters:
TimeLimit  2160
Heuristics  0.1
MIPFocus  3
Presolve  2
ImproveStartGap  0.5

Optimize a model with 3961 rows, 2707 columns and 15971 nonzeros
Model fingerprint: 0x958978ed
Model has 11 quadratic constraints
Variable types: 11 continuous, 2696 integer (2596 binary)
Coefficient statistics:
  Matrix range     [1e+00, 8e+03]
  QMatrix range    [1e+00, 1e+00]
  QLMatrix range   [1e+00, 1e+00]
  Objective range  [1e+00, 1e+00]
  Bounds range     [1e+00, 1e+00]
  RHS range        [1e+00, 2e+04]
Presolve removed 1872 rows and 1795 columns
Presolve time: 0.04s
Presolved: 2089 rows, 912 columns, 10010 nonzeros
Presolved model has 11 quadratic constraint(s)
Variable types: 11 continuous, 901 integer (854 binary)
Root relaxation presolve removed 362 rows and 120 columns
Root relaxation presolved: 1727 rows, 908 columns, 8347 nonzeros


Root relaxation: objective 2.500000e+01, 153 iterations, 0.01 seconds (0.01 work units)

    Nodes    |    Current Node    |     Objective Bounds      |     Work
 Expl Unexpl |  Obj  Depth IntInf | Incumbent    BestBd   Gap | It/Node Time

H    0     0                    1295097.0000   25.00000   100%     -    0s
*    0     0               0    1295097.0000   25.00000   100%     -    0s
     0     0   25.00000    0   50 1295097.00   25.00000   100%     -    0s
H    0     0                    1295088.0000   25.00000   100%     -    0s
     0     0   25.00000    0   27 1295088.00   25.00000   100%     -    0s
H    0     0                    932811.00000   25.00000   100%     -    0s
     0     0   25.00000    0   30 932811.000   25.00000   100%     -    0s
H    0     0                    875699.00000   25.00000   100%     -    0s
     0     0   44.00000    0   25 875699.000   44.00000   100%     -    0s
H    0     0                    774199.00000   44.00000   100%     -    0s
H    0     0                    773299.00000   44.00000   100%     -    0s
H    0     0                    735331.00000   44.00000   100%     -    0s
     0     0  834.57143    0   27 735331.000  834.57143   100%     -    0s
H    0     0                    735060.00000  834.57143   100%     -    0s
H    0     0                    685323.00000  834.57143   100%     -    0s
H    0     0                    657703.00000  834.57143   100%     -    0s
H    0     0                    657664.00000  834.57143   100%     -    0s
H    0     0                    517903.00000  834.57143   100%     -    0s
H    0     0                    517424.00000  834.57143   100%     -    0s
H    0     0                    516947.00000  834.57143   100%     -    0s
H    0     0                    489303.00000  834.57143   100%     -    0s
     0     0 2544.00000    0   27 489303.000 2544.00000  99.5%     -    0s
H    0     0                    436908.00000 2544.00000  99.4%     -    0s
     0     0 2669.00000    0   38 436908.000 2669.00000  99.4%     -    0s
     0     0 6632.04615    0   37 436908.000 6632.04615  98.5%     -    1s
     0     0 6632.04615    0   51 436908.000 6632.04615  98.5%     -    1s
     0     0 7551.00000    0   45 436908.000 7551.00000  98.3%     -    1s
     0     0 7551.00000    0   48 436908.000 7551.00000  98.3%     -    1s
H    0     0                    354964.00000 7551.00000  97.9%     -    1s
H    0     0                    337664.00000 7551.00000  97.8%     -    1s
H    0     0                    334899.00000 7551.00000  97.7%     -    1s
H    0     0                    333324.00000 7551.00000  97.7%     -    1s
H    0     0                    331703.00000 8125.00000  97.6%     -    2s
H    0     0                    331392.00000 8125.00000  97.5%     -    2s
H    0     0                    297024.00000 8125.00000  97.3%     -    2s
     0     0 8853.45927    0   40 297024.000 8853.45927  97.0%     -    2s
     0     0 9093.16579    0   70 297024.000 9093.16579  96.9%     -    2s
H    0     0                    262824.00000 9093.16579  96.5%     -    2s
H    0     0                    223347.00000 9093.16579  95.9%     -    2s
H    0     0                    220872.00000 9093.16579  95.9%     -    2s
H    0     0                    218528.00000 9093.16579  95.8%     -    2s
     0     0 13955.0000    0   49 218528.000 13955.0000  93.6%     -    3s
     0     0 19762.4045    0   53 218528.000 19762.4045  91.0%     -    3s
     0     0 24676.0799    0   50 218528.000 24676.0799  88.7%     -    3s
     0     0 25689.7841    0   53 218528.000 25689.7841  88.2%     -    3s
     0     0 29019.8126    0   46 218528.000 29019.8126  86.7%     -    4s
     0     0 29373.1273    0   66 218528.000 29373.1273  86.6%     -    4s
     0     0 29547.2193    0   45 218528.000 29547.2193  86.5%     -    4s
     0     0 30504.5712    0   61 218528.000 30504.5712  86.0%     -    4s
     0     0 31220.8177    0   51 218528.000 31220.8177  85.7%     -    5s
     0     0 31220.8177    0   66 218528.000 31220.8177  85.7%     -    5s
     0     0 32842.5529    0   57 218528.000 32842.5529  85.0%     -    5s
     0     0 32966.7908    0   70 218528.000 32966.7908  84.9%     -    5s
     0     0 35274.0000    0   52 218528.000 35274.0000  83.9%     -    5s
     0     0 35274.0000    0   58 218528.000 35274.0000  83.9%     -    5s
     0     0 35726.0000    0   54 218528.000 35726.0000  83.7%     -    6s
     0     0 36330.2784    0   53 218528.000 36330.2784  83.4%     -    6s
     0     0 38075.5841    0   57 218528.000 38075.5841  82.6%     -    6s
     0     0 38086.1032    0   58 218528.000 38086.1032  82.6%     -    6s
     0     0 40010.0849    0   59 218528.000 40010.0849  81.7%     -    6s
     0     0 40097.6245    0   68 218528.000 40097.6245  81.7%     -    6s
     0     0 41265.6293    0   57 218528.000 41265.6293  81.1%     -    7s
     0     0 41359.6313    0   78 218528.000 41359.6313  81.1%     -    7s
     0     0 41552.0159    0   53 218528.000 41552.0159  81.0%     -    7s
     0     0 42157.2909    0   66 218528.000 42157.2909  80.7%     -    7s
     0     0 42313.4978    0   61 218528.000 42313.4978  80.6%     -    7s
     0     0 42414.0000    0   72 218528.000 42414.0000  80.6%     -    7s
     0     0 42793.2000    0   62 218528.000 42793.2000  80.4%     -    7s
     0     0 42793.2000    0   63 218528.000 42793.2000  80.4%     -    7s
     0     0 42798.0590    0   62 218528.000 42798.0590  80.4%     -    7s
     0     0 42798.0590    0   64 218528.000 42798.0590  80.4%     -    7s
     0     0 42798.0590    0   62 218528.000 42798.0590  80.4%     -    7s
     0     0 42798.0590    0   55 218528.000 42798.0590  80.4%     -    8s
     0     0 42798.0590    0   20 218528.000 42798.0590  80.4%     -    8s
     0     0 42798.0590    0   43 218528.000 42798.0590  80.4%     -    8s
     0     0 42798.0590    0   57 218528.000 42798.0590  80.4%     -    8s
H    0     0                    206157.00000 42798.0590  79.2%     -    8s
H    0     0                    205816.00000 42798.0590  79.2%     -    8s
     0     0 42798.0590    0   54 205816.000 42798.0590  79.2%     -    8s
     0     0 42798.0590    0   59 205816.000 42798.0590  79.2%     -    8s
     0     0 42798.0590    0   53 205816.000 42798.0590  79.2%     -    9s
     0     0 42798.0590    0   68 205816.000 42798.0590  79.2%     -    9s
     0     0 42798.0590    0   60 205816.000 42798.0590  79.2%     -   10s
     0     0 42798.0590    0   77 205816.000 42798.0590  79.2%     -   10s
     0     0 42798.0590    0   62 205816.000 42798.0590  79.2%     -   10s
     0     0 42798.0590    0   73 205816.000 42798.0590  79.2%     -   10s
     0     0 42798.0590    0   55 205816.000 42798.0590  79.2%     -   10s
     0     0 42798.0590    0   76 205816.000 42798.0590  79.2%     -   10s
     0     0 42798.0590    0   65 205816.000 42798.0590  79.2%     -   11s
     0     0 42798.0590    0   76 205816.000 42798.0590  79.2%     -   11s
     0     0 42798.0590    0   65 205816.000 42798.0590  79.2%     -   11s
     0     0 42798.0590    0   80 205816.000 42798.0590  79.2%     -   11s
     0     0 42798.0590    0   59 205816.000 42798.0590  79.2%     -   11s
     0     0 42798.0590    0   72 205816.000 42798.0590  79.2%     -   11s
     0     0 42798.0590    0   60 205816.000 42798.0590  79.2%     -   11s
     0     0 42798.0590    0   76 205816.000 42798.0590  79.2%     -   11s
     0     0 42798.0590    0   60 205816.000 42798.0590  79.2%     -   11s
     0     0 42798.0590    0   60 205816.000 42798.0590  79.2%     -   11s
     0     0 42798.0590    0   56 205816.000 42798.0590  79.2%     -   11s
     0     2 42798.0590    0   55 205816.000 42798.0590  79.2%     -   11s
   491   435 57454.0719   28   69 205816.000 51669.0000  74.9%  84.4   15s
H 1139   830                    205309.00000 51669.0000  74.8%   119   19s
  1226   924 52546.0547   19   73 205309.000 51669.0000  74.8%   119   20s
H 1261   892                    204862.00000 51669.0000  74.8%   117   20s
H 1267   870                    204804.00000 51669.0000  74.8%   117   20s
H 1400   962                    198296.00000 51669.0000  73.9%   112   20s
H 2004  1333                    196829.00000 52832.0743  73.2%  98.7   21s
H 2598  1757                    164624.00000 54654.0000  66.8%  89.2   22s
H 3560  2436                    162824.00000 59912.3362  63.2%  81.8   23s
H 3868  2621                    159807.00000 60865.9804  61.9%  80.7   24s
  4421  3072 84879.6546   33   50 159807.000 61511.7325  61.5%  77.2   25s
  7576  5203 83705.5074   33   46 159807.000 69438.6437  56.5%  70.5   30s
 10725  6975 74174.0665   33   49 159807.000 74073.6800  53.6%  66.3   35s

Resetting heuristic parameters to focus on improving solution
(using Heuristics=0.5 and RINS=10)...

 14805  8824     cutoff   37      159807.000 79985.9101  49.9%  63.3   41s
 16908  9850 81909.4495   33   43 159807.000 80935.7344  49.4%  60.6   45s
 18595 10468 87213.3032   28   61 159807.000 81712.2932  48.9%  59.3   50s
 20493 11163 87309.5790   34   48 159807.000 82622.0000  48.3%  58.9   55s
 23074 12105     cutoff   34      159807.000 84465.8225  47.1%  58.6   61s
 24588 12602 102597.221   39   68 159807.000 85893.6253  46.3%  58.5   66s
 26193 13071     cutoff   30      159807.000 86945.9681  45.6%  58.4   70s
 28649 13830     cutoff   28      159807.000 89080.0839  44.3%  58.6   77s
 29358 14093 92396.3818   27   45 159807.000 89495.4635  44.0%  58.9   80s
 31245 14691     cutoff   36      159807.000 91737.5245  42.6%  59.3   85s
 33037 15157 99619.9345   38   46 159807.000 93289.9740  41.6%  60.1   91s
 34870 15466 98507.5889   24   44 159807.000 95588.5272  40.2%  61.1   98s
 35821 15673 126292.131   31   42 159807.000 97521.4007  39.0%  61.6  101s
 37854 15953     cutoff   33      159807.000 99632.5464  37.7%  62.5  107s
 38923 16189 130022.288   40   38 159807.000 101227.636  36.7%  63.1  112s
 40123 16415 129453.985   38   57 159807.000 102117.501  36.1%  63.2  115s
 42756 16469     cutoff   29      159807.000 104951.136  34.3%  63.7  124s
 43979 16501 133171.094   32   26 159807.000 106364.354  33.4%  64.2  128s
 45220 16616     cutoff   27      159807.000 107418.613  32.8%  64.5  133s
 47062 16625 111503.000   41   40 159807.000 109671.406  31.4%  64.7  137s
 48381 16513     cutoff   27      159807.000 110316.697  31.0%  64.9  143s
 49679 16474 117322.620   25   47 159807.000 112593.150  29.5%  65.2  148s
 51412 16307     cutoff   35      159807.000 114712.750  28.2%  65.7  154s
 53042 16307 119704.479   44   65 159807.000 114886.916  28.1%  66.0  155s
 53202 16032 infeasible   38      159807.000 117072.957  26.7%  66.0  160s
 55104 15717     cutoff   49      159807.000 119137.748  25.4%  66.1  166s
 56969 15484 infeasible   28      159807.000 121348.705  24.1%  66.3  172s
 58810 14966     cutoff   26      159807.000 123131.237  23.0%  66.4  178s
 60819 14516     cutoff   42      159807.000 125470.188  21.5%  66.4  184s
 62750 13922     cutoff   30      159807.000 127737.768  20.1%  66.4  190s
 64714 13356     cutoff   25      159807.000 129540.000  18.9%  66.2  195s
 66767 12895     cutoff   40      159807.000 131223.773  17.9%  65.9  201s
 68639 12310 infeasible   43      159807.000 133192.613  16.7%  65.8  207s
 70610 11520 136407.623   29   52 159807.000 135380.430  15.3%  65.6  212s
 72654 10740 144565.490   38   43 159807.000 136999.766  14.3%  65.3  218s
 74752  9794     cutoff   34      159807.000 139286.079  12.8%  65.0  223s
 76841  8842     cutoff   36      159807.000 141550.970  11.4%  64.6  229s
 79017  7926 145161.065   29   46 159807.000 143271.143  10.3%  64.1  234s
 81133  6869 infeasible   31      159807.000 145030.383  9.25%  63.7  239s
 83207  5714     cutoff   36      159807.000 147843.023  7.49%  63.1  244s
 84453  5714 infeasible   35      159807.000 147923.260  7.44%  62.8  245s
 86608  3979     cutoff   22      159807.000 151856.329  4.98%  62.1  251s
 89039  2544 154719.484   35   65 159807.000 154719.484  3.18%  61.3  256s
 91414  1374     cutoff   25      159807.000 157245.549  1.60%  60.5  260s
*93251   267              49    159414.00000 159320.000  0.06%  59.7  263s

Cutting planes:
  Learned: 486
  Gomory: 369
  Lift-and-project: 205
  Cover: 31
  Implied bound: 29
  Projected implied bound: 12
  MIR: 1316
  Mixing: 232
  StrongCG: 862
  Flow cover: 4189
  Inf proof: 216
  Zero half: 989
  RLT: 633
  Relax-and-lift: 273

Explored 93431 nodes (5583665 simplex iterations) in 264.00 seconds (157.27 work units)
Thread count was 16 (of 16 available processors)

Solution count 10: 159414 159807 162824 ... 205816

Optimal solution found (tolerance 1.00e-04)
Best objective 1.594140000000e+05, best bound 1.594080834143e+05, gap 0.0037%

User-callback calls 211357, time in user-callback 0.59 sec
Set parameter TimeLimit to value 1080
Gurobi Optimizer version 12.0.3 build v12.0.3rc0 (linux64 - "Ubuntu 22.04.5 LTS")

CPU model: Intel(R) Xeon(R) W-2145 CPU @ 3.70GHz, instruction set [SSE2|AVX|AVX2|AVX512]
Thread count: 8 physical cores, 16 logical processors, using up to 16 threads

Non-default parameters:
TimeLimit  1080
Heuristics  0.1
MIPFocus  3
Presolve  2
ImproveStartGap  0.5

Optimize a model with 3962 rows, 2707 columns and 15982 nonzeros
Model fingerprint: 0x0854adee
Model has 11 quadratic constraints
Variable types: 11 continuous, 2696 integer (2596 binary)
Coefficient statistics:
  Matrix range     [1e+00, 8e+03]
  QMatrix range    [1e+00, 1e+00]
  QLMatrix range   [1e+00, 1e+00]
  Objective range  [5e-01, 5e-01]
  Bounds range     [1e+00, 1e+00]
  RHS range        [1e+00, 2e+05]

MIP start from previous solve produced solution with objective 51.5 (0.00s)
Loaded MIP start from previous solve with objective 51.5

Presolve removed 2234 rows and 1928 columns
Presolve time: 0.05s
Presolved: 1728 rows, 779 columns, 8328 nonzeros
Presolved model has 11 quadratic constraint(s)
Found heuristic solution: objective 11.0000000
Variable types: 11 continuous, 768 integer (721 binary)

Resetting heuristic parameters to focus on improving solution
(using Heuristics=0.5 and RINS=10)...

Root relaxation presolve removed 833 rows and 374 columns
Root relaxation presolved: 895 rows, 405 columns, 4238 nonzeros


Root relaxation: objective 7.000000e+00, 41 iterations, 0.01 seconds (0.01 work units)

    Nodes    |    Current Node    |     Objective Bounds      |     Work
 Expl Unexpl |  Obj  Depth IntInf | Incumbent    BestBd   Gap | It/Node Time

     0     0    7.00000    0    1   11.00000    7.00000  36.4%     -    0s
     0     0    7.00000    0    1   11.00000    7.00000  36.4%     -    0s
     0     2    7.00000    0    1   11.00000    7.00000  36.4%     -    0s
   545   450    8.00000    9   10   11.00000    7.00000  36.4%  54.7    5s
   585   476    8.00000    9   12   11.00000    7.00000  36.4%  51.0   10s
   696   557    7.02428   15   91   11.00000    7.00000  36.4%   175   15s
  1822  1255    9.00000   30   16   11.00000    8.00000  27.3%   141   20s
  2990  1910    8.00000   43    7   11.00000    8.00000  27.3%   125   25s
  4085  2740    8.25681   29   43   11.00000    8.00000  27.3%   126   30s
  5189  3635    8.23208   29   63   11.00000    8.00000  27.3%   132   35s
  5801  4188    8.00000   26   16   11.00000    8.00000  27.3%   135   40s
  6901  5034    8.24248   27   32   11.00000    8.00000  27.3%   136   45s
  7871  5834    9.01619   27   84   11.00000    8.00000  27.3%   138   51s
  8638  6455    8.00696   26   32   11.00000    8.00000  27.3%   140   56s
  9303  6978    9.00000   28   44   11.00000    8.00000  27.3%   140   60s
 10188  7711    8.00000   22   55   11.00000    8.00000  27.3%   142   65s
 10772  8152    8.00000   24   54   11.00000    8.00000  27.3%   144   70s
 11418  8792    8.02251   24   80   11.00000    8.00000  27.3%   145   75s
 12665  9767    8.00648   22   59   11.00000    8.00000  27.3%   147   82s
 13053  9997    8.00000   22   63   11.00000    8.00000  27.3%   147   86s
 13871 10788    8.07434   19   80   11.00000    8.00000  27.3%   148   91s
 14819 11473    9.05964   26   76   11.00000    8.00000  27.3%   149   97s
 15222 11881    8.00000   19   65   11.00000    8.00000  27.3%   149  102s
 15716 12316    8.08819   28   43   11.00000    8.00000  27.3%   150  105s
 16825 13246    8.37986   29   60   11.00000    8.00000  27.3%   151  112s
 17351 13559    9.00000   33   57   11.00000    8.00000  27.3%   152  117s
 17805 14028    9.00000   23   50   11.00000    8.00000  27.3%   152  120s
 18946 14365    9.10432   25   63   11.00000    8.00000  27.3%   152  125s
 19579 14926 infeasible   26        11.00000    8.04232  26.9%   154  134s
 19973 15155    9.00000   28   27   11.00000    8.06474  26.7%   155  138s
 20416 15408     cutoff   37        11.00000    8.10242  26.3%   157  143s
 20881 15653    8.35345   27   80   11.00000    8.15809  25.8%   158  148s
 21294 15896 infeasible   29        11.00000    8.32107  24.4%   160  154s
 21667 16164 infeasible   37        11.00000    8.73546  20.6%   162  159s
 22455 16570    9.00499   25   61   11.00000    8.83263  19.7%   162  165s
 23610 16850    9.54580   29   36   11.00000    9.00000  18.2%   162  171s
 24734 17136    9.00000   24   24   11.00000    9.00000  18.2%   160  179s
 25807 17522    9.35516   37   65   11.00000    9.00000  18.2%   159  186s
 26978 17822    9.12668   33   36   11.00000    9.00000  18.2%   158  194s
 27939 18225    9.58458   25   67   11.00000    9.00000  18.2%   157  201s
 29227 18678    9.42132   29   30   11.00000    9.00000  18.2%   156  209s
 30523 19121    9.54380   30   32   11.00000    9.00000  18.2%   156  216s
 31895 19483    9.12750   37   33   11.00000    9.00000  18.2%   155  225s
 33126 19842    9.00000   31   52   11.00000    9.00000  18.2%   155  235s
 34233 20262    9.32002   26   36   11.00000    9.00000  18.2%   155  243s
 35520 20686    9.00000   26   38   11.00000    9.00000  18.2%   155  254s
 36779 21121 infeasible   31        11.00000    9.00000  18.2%   155  262s
 38348 21567    9.03359   38   75   11.00000    9.00000  18.2%   155  273s
 39777 22009    9.00000   21   69   11.00000    9.00000  18.2%   155  285s
 41008 22561     cutoff   28        11.00000    9.00000  18.2%   155  296s
 42723 23102    9.00000   26   59   11.00000    9.00000  18.2%   155  305s
 44346 23578    9.09369   28   70   11.00000    9.00000  18.2%   156  316s
 45818 24198    9.08286   25   47   11.00000    9.00000  18.2%   156  327s
 47505 24659 infeasible   28        11.00000    9.00000  18.2%   156  337s
 48909 25249 infeasible   38        11.00000    9.00000  18.2%   156  348s
 50579 25728    9.03902   30   68   11.00000    9.00000  18.2%   156  359s
 52116 26191    9.00000   30   17   11.00000    9.00000  18.2%   156  369s
 53625 26693   10.27882   27   69   11.00000    9.00000  18.2%   157  380s
 55124 27059    9.05250   37   33   11.00000    9.00000  18.2%   157  392s
 56357 27500 infeasible   36        11.00000    9.00000  18.2%   157  402s
 57918 28055    9.01192   25   60   11.00000    9.00000  18.2%   157  412s
 59519 28539 infeasible   28        11.00000    9.00000  18.2%   158  423s
 61001 29083   10.00000   33   32   11.00000    9.00000  18.2%   158  434s
 62515 29472    9.00359   26   47   11.00000    9.00000  18.2%   159  446s
 63737 30166    9.03236   28   41   11.00000    9.00000  18.2%   159  456s
 65501 30736    9.00000   28   68   11.00000    9.00000  18.2%   159  465s
 67142 31306    9.00000   25   60   11.00000    9.00000  18.2%   159  476s
 68719 31840    9.02875   26   54   11.00000    9.00000  18.2%   159  486s
 70213 32295 infeasible   27        11.00000    9.00000  18.2%   160  498s
 71631 32777    9.00000   24   58   11.00000    9.00000  18.2%   160  510s
 72935 33271 infeasible   28        11.00000    9.00000  18.2%   160  522s
 74508 33878    9.09972   26   29   11.00000    9.00000  18.2%   160  531s
 76195 34470    9.04461   27   52   11.00000    9.00000  18.2%   160  542s
 77861 35116    9.40361   37   50   11.00000    9.00000  18.2%   160  552s
 79673 35675 infeasible   32        11.00000    9.00000  18.2%   160  562s
 81233 36141    9.15722   27   79   11.00000    9.00000  18.2%   160  575s
 82547 36655    9.00000   18   46   11.00000    9.00000  18.2%   160  586s
 84054 37325 infeasible   28        11.00000    9.00000  18.2%   160  598s
 85566 37856 infeasible   30        11.00000    9.00000  18.2%   160  608s
 87095 38366    9.04044   30   57   11.00000    9.00000  18.2%   161  619s
 88424 38906    9.00000   27   57   11.00000    9.00000  18.2%   161  631s
 89876 39457     cutoff   31        11.00000    9.00000  18.2%   161  642s
 91353 40115    9.01003   34   49   11.00000    9.00000  18.2%   162  651s
 93090 40723    9.12999   27   50   11.00000    9.00000  18.2%   162  662s
 94485 41224    9.00000   29   44   11.00000    9.00000  18.2%   162  675s
 95818 41898    9.00000   32   18   11.00000    9.00000  18.2%   162  686s
 97616 42491    9.00000   24   44   11.00000    9.00000  18.2%   162  696s
 99264 43108    9.00449   26   81   11.00000    9.00000  18.2%   163  707s
 100875 43805   10.01804   30   46   11.00000    9.00000  18.2%   163  718s
 102749 44481    9.02363   27   67   11.00000    9.00000  18.2%   163  728s
 104584 45027    9.00598   25   57   11.00000    9.00000  18.2%   163  741s
 105932 45643    9.03764   26   75   11.00000    9.00000  18.2%   163  753s
 107534 46283     cutoff   36        11.00000    9.00000  18.2%   163  764s
 109276 46894    9.00604   31   59   11.00000    9.00000  18.2%   163  775s
 110852 47600    9.06768   28   55   11.00000    9.00000  18.2%   163  784s
 112641 48153   10.00000   23   37   11.00000    9.00000  18.2%   164  797s
 113953 48893    9.00122   37   52   11.00000    9.00000  18.2%   164  809s
 115673 49664 infeasible   33        11.00000    9.00000  18.2%   164  820s
 117526 50424    9.00000   27   57   11.00000    9.00000  18.2%   164  831s
 119407 50996 infeasible   23        11.00000    9.00000  18.2%   164  843s
 120859 51727    9.45960   32   49   11.00000    9.00000  18.2%   164  854s
 122691 52306   10.00000   27   36   11.00000    9.00000  18.2%   164  865s
 124275 52985    9.00089   33   21   11.00000    9.00000  18.2%   164  875s
 125984 53591    9.01559   32   45   11.00000    9.00000  18.2%   164  888s
 127496 54226   10.00000   28   43   11.00000    9.00000  18.2%   164  900s
 129174 54930 infeasible   27        11.00000    9.00000  18.2%   164  909s
 130848 55529 infeasible   27        11.00000    9.00000  18.2%   164  920s
 132547 56059   10.00000   27   34   11.00000    9.00000  18.2%   164  933s
 133902 56646    9.03887   29   41   11.00000    9.00000  18.2%   165  945s
 135406 57329   10.01914   29   65   11.00000    9.00000  18.2%   165  956s
 137052 58008    9.10258   30   55   11.00000    9.00000  18.2%   165  966s
 138796 58709    9.00000   24   58   11.00000    9.00000  18.2%   165  977s
 140492 59435   10.00000   28   38   11.00000    9.00000  18.2%   165  987s
 142367 60016 infeasible   28        11.00000    9.00000  18.2%   165 1000s
 143734 60649 infeasible   25        11.00000    9.00000  18.2%   165 1011s
 145278 61239 infeasible   28        11.00000    9.00000  18.2%   165 1022s
 146857 61929    9.07562   24   40   11.00000    9.00000  18.2%   166 1033s
 148518 62665    9.00779   30   65   11.00000    9.00000  18.2%   166 1043s
 150342 63157    9.02568   27   43   11.00000    9.00000  18.2%   166 1056s
 151749 63911 infeasible   32        11.00000    9.00000  18.2%   166 1066s
 153575 64581    9.11507   24   57   11.00000    9.00000  18.2%   166 1078s
 155301 64682    9.19086   28   28   11.00000    9.00000  18.2%   166 1080s

Cutting planes:
  Learned: 117
  Gomory: 306
  Lift-and-project: 673
  Cover: 189
  Implied bound: 17
  Projected implied bound: 2
  MIR: 1459
  Mixing: 117
  StrongCG: 647
  Flow cover: 3901
  Inf proof: 119
  Zero half: 942
  RLT: 177
  Relax-and-lift: 233

Explored 155496 nodes (25734992 simplex iterations) in 1080.05 seconds (727.56 work units)
Thread count was 16 (of 16 available processors)

Solution count 2: 11 51.5 

Time limit reached
Best objective 1.100000000000e+01, best bound 9.000000000000e+00, gap 18.1818%

User-callback calls 382681, time in user-callback 1.80 sec
Set parameter TimeLimit to value 360
Gurobi Optimizer version 12.0.3 build v12.0.3rc0 (linux64 - "Ubuntu 22.04.5 LTS")

CPU model: Intel(R) Xeon(R) W-2145 CPU @ 3.70GHz, instruction set [SSE2|AVX|AVX2|AVX512]
Thread count: 8 physical cores, 16 logical processors, using up to 16 threads

Non-default parameters:
TimeLimit  360
Heuristics  0.1
MIPFocus  3
Presolve  2
ImproveStartGap  0.5

Optimize a model with 3964 rows, 2707 columns and 16096 nonzeros
Model fingerprint: 0xe9c421a6
Model has 11 quadratic constraints
Variable types: 11 continuous, 2696 integer (2596 binary)
Coefficient statistics:
  Matrix range     [5e-01, 8e+03]
  QMatrix range    [1e+00, 1e+00]
  QLMatrix range   [1e+00, 1e+00]
  Objective range  [1e+00, 1e+00]
  Bounds range     [1e+00, 1e+00]
  RHS range        [1e+00, 2e+05]

MIP start from previous solve produced solution with objective 1294 (0.00s)
Loaded MIP start from previous solve with objective 1294

Presolve removed 2208 rows and 1927 columns
Presolve time: 0.05s
Presolved: 1756 rows, 780 columns, 8454 nonzeros
Presolved model has 11 quadratic constraint(s)
Variable types: 11 continuous, 769 integer (721 binary)

Resetting heuristic parameters to focus on improving solution
(using Heuristics=0.5 and RINS=10)...

Root relaxation presolve removed 1122 rows and 485 columns
Root relaxation presolved: 634 rows, 295 columns, 2821 nonzeros


Root relaxation: objective 1.070000e+03, 65 iterations, 0.01 seconds (0.01 work units)

    Nodes    |    Current Node    |     Objective Bounds      |     Work
 Expl Unexpl |  Obj  Depth IntInf | Incumbent    BestBd   Gap | It/Node Time

     0     0 1070.00000    0   15 1294.00000 1070.00000  17.3%     -    0s
     0     0 1070.00000    0   15 1294.00000 1070.00000  17.3%     -    0s
     0     2 1071.00000    0   15 1294.00000 1071.00000  17.2%     -    0s
   839   352 1285.00000   16   40 1294.00000 1220.00000  5.72%  22.8    5s
  2181   454 infeasible   25      1294.00000 1220.00000  5.72%  51.0   10s
  5686   754 infeasible   28      1294.00000 1220.00000  5.72%  63.6   15s

Cutting planes:
  Learned: 79
  Gomory: 76
  Lift-and-project: 31
  Cover: 42
  Implied bound: 1
  Projected implied bound: 6
  MIR: 113
  Mixing: 8
  StrongCG: 131
  Flow cover: 585
  Inf proof: 3
  Zero half: 46
  RLT: 17
  Relax-and-lift: 13

Explored 9970 nodes (651550 simplex iterations) in 19.22 seconds (15.20 work units)
Thread count was 16 (of 16 available processors)

Solution count 1: 1294 

Optimal solution found (tolerance 1.00e-04)
Best objective 1.294000000000e+03, best bound 1.294000000000e+03, gap 0.0000%

User-callback calls 28571, time in user-callback 0.06 sec
