
Gurobi 12.0.3 (linux64) logging started Wed Dec 10 15:55:48 2025

Set parameter LogFile to value "/home/bazzo/Scrivania/fjsp_rescheduling/simulations/logs/EX7/gurobi_exp7.log"
Set parameter OutputFlag to value 1
Gurobi Optimizer version 12.0.3 build v12.0.3rc0 (linux64 - "Ubuntu 22.04.5 LTS")

CPU model: Intel(R) Xeon(R) W-2145 CPU @ 3.70GHz, instruction set [SSE2|AVX|AVX2|AVX512]
Thread count: 8 physical cores, 16 logical processors, using up to 16 threads

Optimize a model with 58823 rows, 25671 columns and 279717 nonzeros
Model fingerprint: 0x3d7477f9
Model has 10 quadratic constraints
Coefficient statistics:
  Matrix range     [1e+00, 1e+03]
  QMatrix range    [1e+00, 1e+00]
  QLMatrix range   [1e+00, 1e+00]
  Objective range  [0e+00, 0e+00]
  Bounds range     [1e+00, 1e+00]
  RHS range        [1e+00, 3e+03]
Presolve removed 23032 rows and 13599 columns
Presolve time: 0.06s
Presolved: 35811 rows, 12890 columns, 178531 nonzeros
Presolved model has 10 second-order cone constraints
Ordering time: 0.03s

Barrier statistics:
 Dense cols : 443
 AA' NZ     : 2.449e+05
 Factor NZ  : 4.886e+05 (roughly 24 MB of memory)
 Factor Ops : 4.237e+07 (less than 1 second per iteration)
 Threads    : 8

                  Objective                Residual
Iter       Primal          Dual         Primal    Dual     Compl     Time
   0   0.00000000e+00 -4.45028752e+04  3.59e+02 1.00e-01  1.09e+01     0s
   1   0.00000000e+00 -8.77459977e+04  1.09e+02 2.48e+00  2.79e+00     0s
   2   0.00000000e+00 -5.20058367e+04  4.97e+01 1.48e+00  1.27e+00     0s
   3   0.00000000e+00 -3.16513908e+04  1.54e+01 9.13e-01  6.36e-01     0s
   4   0.00000000e+00 -1.24402437e+04  3.73e+00 3.19e-01  2.31e-01     0s
   5   0.00000000e+00 -4.60751537e+03  9.30e-01 1.14e-01  8.36e-02     0s
   6   0.00000000e+00 -1.45874805e+03  9.56e-02 3.47e-02  2.63e-02     0s
   7   0.00000000e+00 -1.86540959e+02  4.54e-03 4.42e-03  3.36e-03     0s
   8   0.00000000e+00 -1.07584839e+02  1.17e-05 2.55e-03  1.93e-03     0s
   9   0.00000000e+00 -1.62972462e+01  3.03e-08 3.86e-04  2.93e-04     0s
  10   0.00000000e+00 -2.90899524e+00  9.45e-09 1.33e-04  5.22e-05     0s
  11   0.00000000e+00 -4.89467136e-02  8.19e-09 1.17e-05  8.75e-07     0s
  12   0.00000000e+00 -2.85152006e-04  1.22e-08 4.75e-07  4.68e-09     0s
  13   0.00000000e+00 -8.70969313e-06  3.11e-09 2.08e-07  1.82e-11     0s
  14   0.00000000e+00 -1.60810714e-06  1.33e-08 2.71e-08  6.80e-14     0s

Barrier solved model in 14 iterations and 0.49 seconds (0.49 work units)
Optimal objective 0.00000000e+00

Set parameter TimeLimit to value 2160
Set parameter Presolve to value 2
Set parameter MIPFocus to value 3
Set parameter Heuristics to value 0.1
Set parameter ImproveStartGap to value 0.5
Set parameter Presolve to value 2
Gurobi Optimizer version 12.0.3 build v12.0.3rc0 (linux64 - "Ubuntu 22.04.5 LTS")

CPU model: Intel(R) Xeon(R) W-2145 CPU @ 3.70GHz, instruction set [SSE2|AVX|AVX2|AVX512]
Thread count: 8 physical cores, 16 logical processors, using up to 16 threads

Non-default parameters:
TimeLimit  2160
Heuristics  0.1
MIPFocus  3
Presolve  2
ImproveStartGap  0.5

Optimize a model with 58823 rows, 25671 columns and 279717 nonzeros
Model fingerprint: 0xed2e6f21
Model has 10 quadratic constraints
Variable types: 10 continuous, 25661 integer (25350 binary)
Coefficient statistics:
  Matrix range     [1e+00, 1e+03]
  QMatrix range    [1e+00, 1e+00]
  QLMatrix range   [1e+00, 1e+00]
  Objective range  [1e+00, 1e+00]
  Bounds range     [1e+00, 1e+00]
  RHS range        [1e+00, 3e+03]
Presolve removed 22675 rows and 13633 columns
Presolve time: 2.04s
Presolved: 36148 rows, 12038 columns, 237850 nonzeros
Presolved model has 10 quadratic constraint(s)
Variable types: 10 continuous, 12028 integer (11895 binary)

Deterministic concurrent LP optimizer: primal and dual simplex (primal and dual model)
Showing primal log only...

Root relaxation presolved: 32386 rows, 10506 columns, 218938 nonzeros

Concurrent spin time: 0.09s

Solved with dual simplex

Root relaxation: objective 0.000000e+00, 1149 iterations, 0.29 seconds (0.23 work units)
Total elapsed time = 5.23s (DegenMoves)

    Nodes    |    Current Node    |     Objective Bounds      |     Work
 Expl Unexpl |  Obj  Depth IntInf | Incumbent    BestBd   Gap | It/Node Time

H    0     0                    3365670.0000    0.00000   100%     -    5s
*    0     0               0    3365670.0000    0.00000   100%     -    5s
     0     0    0.00000    0   91 3365670.00    0.00000   100%     -    5s
H    0     0                    2547643.0000    0.00000   100%     -    5s
     0     0    0.00000    0  147 2547643.00    0.00000   100%     -    9s
     0     0    0.00000    0  128 2547643.00    0.00000   100%     -   10s
     0     0    0.00000    0  102 2547643.00    0.00000   100%     -   11s
     0     0    0.00000    0  118 2547643.00    0.00000   100%     -   11s
     0     0    0.00000    0   62 2547643.00    0.00000   100%     -   14s
     0     0    0.00217    0  132 2547643.00    0.00217   100%     -   14s
     0     0    0.50136    0   80 2547643.00    0.50136   100%     -   17s
H    0     0                    2545820.0000    0.50136   100%     -   17s
     0     0    0.50136    0  100 2545820.00    0.50136   100%     -   17s
     0     0    0.58469    0   53 2545820.00    0.58469   100%     -   21s
     0     0    0.58469    0   74 2545820.00    0.58469   100%     -   21s
     0     0    1.00000    0   57 2545820.00    1.00000   100%     -   23s
H    0     0                    2545553.0000    1.00000   100%     -   23s
H    0     0                    1694378.0000    1.00000   100%     -   23s
     0     0    1.66667    0   73 1694378.00    1.66667   100%     -   24s
     0     0    2.00000    0   55 1694378.00    2.00000   100%     -   26s
     0     0    2.00000    0   52 1694378.00    2.00000   100%     -   27s
     0     0    2.00000    0   44 1694378.00    2.00000   100%     -   29s
     0     0    2.00000    0   64 1694378.00    2.00000   100%     -   29s
     0     0    2.01243    0   95 1694378.00    2.01243   100%     -   32s
     0     0    2.04474    0  100 1694378.00    2.04474   100%     -   32s
     0     0    2.33084    0   56 1694378.00    2.33084   100%     -   36s
H    0     0                    1694219.0000    2.33084   100%     -   36s
     0     0    2.33084    0   91 1694219.00    2.33084   100%     -   36s
     0     0    2.35792    0   69 1694219.00    2.35792   100%     -   38s
     0     0    2.36862    0  108 1694219.00    2.36862   100%     -   39s
     0     0    2.45065    0   95 1694219.00    2.45065   100%     -   42s
H    0     0                    13042.000000    2.54279   100%     -   42s
     0     0    2.54279    0  104 13042.0000    2.54279   100%     -   43s
     0     0    2.54279    0   81 13042.0000    2.54279   100%     -   46s
H    0     0                    9180.0000000    2.54279   100%     -   47s
H    0     0                    9119.0000000    2.54279   100%     -   47s
H    0     0                    8580.0000000    2.54279   100%     -   47s
H    0     0                    7303.0000000    2.54279   100%     -   47s
H    0     0                    3895.0000000    2.54279   100%     -   47s
H    0     0                    3509.0000000    2.54279   100%     -   47s
H    0     0                    3091.0000000    2.54279   100%     -   47s
H    0     0                    3000.0000000    2.54279   100%     -   47s
H    0     0                    2949.0000000    2.54279   100%     -   47s
H    0     0                    2902.0000000    2.54279   100%     -   47s
H    0     0                    2647.0000000    2.54279   100%     -   47s
     0     0    2.54279    0   99 2647.00000    2.54279   100%     -   47s
     0     0    2.54279    0   84 2647.00000    2.54279   100%     -   50s
H    0     0                    2614.0000000    2.54279   100%     -   51s
     0     0    2.54279    0  118 2614.00000    2.54279   100%     -   51s
     0     0    2.54279    0   58 2614.00000    2.54279   100%     -   54s
H    0     0                    1384.0000000    2.54279   100%     -   54s
H    0     0                    1280.0000000    2.54279   100%     -   54s
     0     0    2.54279    0  104 1280.00000    2.54279   100%     -   54s
     0     0    2.59274    0   80 1280.00000    2.59274   100%     -   58s
     0     0    2.59310    0   91 1280.00000    2.59310   100%     -   58s
     0     0    2.62990    0   61 1280.00000    2.62990   100%     -   61s
H    0     0                    1223.0000000    2.62996   100%     -   61s
H    0     0                    1202.0000000    2.62996   100%     -   61s
H    0     0                     686.0000000    2.62996   100%     -   61s
H    0     0                     611.0000000    2.62996   100%     -   61s
H    0     0                     599.0000000    2.62996   100%     -   61s
H    0     0                     591.0000000    2.62996   100%     -   61s
     0     0    2.64501    0   95  591.00000    2.64501   100%     -   61s
     0     0    2.68853    0   69  591.00000    2.68853   100%     -   63s
     0     0    2.70103    0   89  591.00000    2.70103   100%     -   64s
     0     0    2.70499    0   61  591.00000    2.70499   100%     -   67s
H    0     0                     494.0000000    2.70499  99.5%     -   67s
H    0     0                     454.0000000    2.70499  99.4%     -   67s
H    0     0                     417.0000000    2.70499  99.4%     -   67s
H    0     0                     376.0000000    2.70499  99.3%     -   67s
H    0     0                     361.0000000    2.70499  99.3%     -   68s
H    0     0                     359.0000000    2.70499  99.2%     -   68s
H    0     0                     350.0000000    2.70499  99.2%     -   68s
H    0     0                     240.0000000    2.70499  98.9%     -   68s
H    0     0                     229.0000000    2.70499  98.8%     -   68s
H    0     0                     225.0000000    2.70499  98.8%     -   68s
H    0     0                     186.0000000    2.70499  98.5%     -   68s
     0     0    2.70575    0  105  186.00000    2.70575  98.5%     -   68s
     0     0    2.70717    0   70  186.00000    2.70717  98.5%     -   71s
     0     0    2.70717    0   92  186.00000    2.70717  98.5%     -   71s
     0     0    2.72371    0   73  186.00000    2.72371  98.5%     -   73s
H    0     0                     175.0000000    2.72371  98.4%     -   74s
     0     0    2.72770    0  109  175.00000    2.72770  98.4%     -   74s
     0     0    2.73326    0   68  175.00000    2.73326  98.4%     -   78s
     0     0    2.74303    0   96  175.00000    2.74303  98.4%     -   78s
     0     0    2.74429    0   73  175.00000    2.74429  98.4%     -   80s
     0     0    2.74564    0   96  175.00000    2.74564  98.4%     -   80s
     0     0    2.75497    0   75  175.00000    2.75497  98.4%     -   83s
     0     0    2.76017    0   98  175.00000    2.76017  98.4%     -   83s
     0     0    2.76079    0   75  175.00000    2.76079  98.4%     -   86s
     0     0    2.76093    0  129  175.00000    2.76093  98.4%     -   86s
     0     0    2.76093    0   70  175.00000    2.76093  98.4%     -   89s
     0     0    2.76093    0   97  175.00000    2.76093  98.4%     -   89s
     0     0    2.76093    0   98  175.00000    2.76093  98.4%     -   93s
     0     0    2.76093    0   73  175.00000    2.76093  98.4%     -   94s
H    0     0                     148.0000000    2.76093  98.1%     -   95s
H    0     0                     127.0000000    2.76093  97.8%     -   95s
     0     0    2.76093    0   72  127.00000    2.76093  97.8%     -   99s
     0     0    2.76093    0   78  127.00000    2.76093  97.8%     -  102s
     0     0    2.76093    0   75  127.00000    2.76093  97.8%     -  102s
     0     0    2.76093    0   62  127.00000    2.76093  97.8%     -  105s
     0     0    2.76093    0   81  127.00000    2.76093  97.8%     -  105s
     0     0    2.76093    0   58  127.00000    2.76093  97.8%     -  106s
     0     0    2.76093    0   99  127.00000    2.76093  97.8%     -  106s
     0     0    2.76093    0   74  127.00000    2.76093  97.8%     -  108s
     0     0    2.77590    0   94  127.00000    2.77590  97.8%     -  108s
H    0     0                     119.0000000    2.77590  97.7%     -  109s
H    0     0                     106.0000000    2.77590  97.4%     -  109s
H    0     0                     105.0000000    2.77590  97.4%     -  111s
H    0     0                     101.0000000    2.77590  97.3%     -  111s
     0     0    2.77590    0   66  101.00000    2.77590  97.3%     -  112s
     0     0    2.77672    0   80  101.00000    2.77672  97.3%     -  112s
     0     0    2.77672    0   87  101.00000    2.77672  97.3%     -  117s
H    0     0                      94.0000000    2.77672  97.0%     -  117s
     0     0    2.77672    0   83   94.00000    2.77672  97.0%     -  117s
H    0     0                      91.0000000    2.77672  96.9%     -  118s
H    0     0                      88.0000000    2.77672  96.8%     -  118s
H    0     0                      87.0000000    2.77672  96.8%     -  118s
H    0     0                      84.0000000    2.77672  96.7%     -  118s
H    0     0                      73.0000000    2.77672  96.2%     -  119s
H    0     0                      68.0000000    2.77672  95.9%     -  119s
     0     0    2.77672    0   64   68.00000    2.77672  95.9%     -  121s
     0     0    2.77672    0  103   68.00000    2.77672  95.9%     -  122s
H    0     0                      63.0000000    2.77672  95.6%     -  124s
     0     0    2.77672    0   64   63.00000    2.77672  95.6%     -  126s
     0     0    2.77672    0  101   63.00000    2.77672  95.6%     -  126s
H    0     0                      62.0000000    2.77672  95.5%     -  129s
     0     0    2.77672    0   86   62.00000    2.77672  95.5%     -  130s
     0     0    2.77672    0   87   62.00000    2.77672  95.5%     -  130s
     0     0    2.77672    0   68   62.00000    2.77672  95.5%     -  135s
     0     0    2.77672    0   68   62.00000    2.77672  95.5%     -  135s
     0     2    2.77672    0   63   62.00000    2.77672  95.5%     -  136s
    23    57    4.59091    5  107   62.00000    3.73087  94.0%   348  140s
   170   151   11.33333   14  153   62.00000    6.30000  89.8%   282  145s
   356   318    7.18453   17  165   62.00000    7.04348  88.6%   251  150s
   520   430    9.17647   23   73   62.00000    7.46206  88.0%   229  158s
   522   431    9.00000   26   42   62.00000    7.46206  88.0%   228  161s
   523   432   10.00000   25   67   62.00000    7.46206  88.0%   228  168s
   524   433    7.73944   12   72   62.00000    7.46206  88.0%   228  172s
   525   433    9.00000    7   66   62.00000    7.46206  88.0%   227  175s
   527   435   12.07692   30   59   62.00000    7.46206  88.0%   226  181s
   529   436   12.11111   24   50   62.00000    7.46206  88.0%   225  187s
   531   437   12.30000   18   38   62.00000    7.46206  88.0%   225  193s
   532   438   11.42222   27   61   62.00000    7.46206  88.0%   224  196s
   533   439   29.18182   21   60   62.00000    7.46206  88.0%   224  200s
   535   440    9.00000    9   60   62.00000    7.46206  88.0%   223  206s
   537   441    8.00000    8   50   62.00000    7.46206  88.0%   222  211s
   541   444   10.49337   12   66   62.00000    7.46206  88.0%   220  215s
   545   447   10.00000   23   54   62.00000    7.46206  88.0%   219  221s
   552   456    7.46206   12   91   62.00000    7.46206  88.0%   251  225s
   595   490    7.46206   17  153   62.00000    7.46206  88.0%   265  230s
   700   568   10.98934   25  133   62.00000    8.00000  87.1%   273  235s
   894   693   10.00000   23   97   62.00000   10.00000  83.9%   258  240s
  1083   850   10.08333   30   70   62.00000   10.00000  83.9%   244  245s
  1348  1005   11.60000   23  173   62.00000   11.00000  82.3%   232  250s
  1648  1216   12.78571   34   90   62.00000   11.00000  82.3%   213  255s
  2202  1602   30.00000   15  193   62.00000   11.14286  82.0%   186  261s
  2545  1957   18.37500   30  161   62.00000   11.59961  81.3%   182  265s
  3059  2437   12.13853   23  211   62.00000   12.00000  80.6%   171  271s
  3653  2934   15.00000   38  107   62.00000   12.00000  80.6%   161  276s
  4011  3238   12.14382   34  138   62.00000   12.14382  80.4%   157  280s
  4378  3536   12.64006   23  214   62.00000   12.44960  79.9%   154  285s
  4825  3973   28.86869   41  110   62.00000   13.00000  79.0%   153  290s
  5286  4386   24.04762   43  117   62.00000   13.00000  79.0%   150  295s
  5875  4881   13.25926   31  156   62.00000   13.00000  79.0%   145  301s
  6147  4894   13.52502   45  138   62.00000   13.05168  78.9%   143  306s
  6164  5032   34.14286   38   76   62.00000   13.10127  78.9%   144  311s
  6319  5351   13.60000   45  104   62.00000   13.13528  78.8%   143  315s
  7179  6076   30.33333   36  135   62.00000   13.57143  78.1%   138  322s
  7598  6509   14.25964   40  159   62.00000   13.96104  77.5%   137  326s
  8121  6843   18.11917   33   90   62.00000   14.00000  77.4%   135  330s
  8512  7200   16.00000   39  188   62.00000   14.00000  77.4%   135  335s
  9597  8253   14.37879   36  112   62.00000   14.00000  77.4%   132  344s
 10174  8734   22.12314   49  166   62.00000   14.05462  77.3%   130  348s
 10796  9141   19.96667   45  118   62.00000   14.40000  76.8%   129  353s
 11321  9737   21.71982   43  150   62.00000   14.86482  76.0%   129  359s
 12045 10219   33.26087   38  109   62.00000   15.00000  75.8%   127  364s
 12636 10791   15.95758   25  131   62.00000   15.00000  75.8%   127  369s
 13267 11231   21.47475   29  177   62.00000   15.00000  75.8%   125  377s
 13774 12100   16.00061   28  186   62.00000   15.00000  75.8%   124  383s
 14800 12596   16.79630   29  116   62.00000   15.00000  75.8%   121  389s
 15386 13235     cutoff   32        62.00000   15.14286  75.6%   121  396s
 16177 13919   50.37103   41  156   62.00000   15.57143  74.9%   120  403s
 16995 14882   16.63862   37  115   62.00000   16.00000  74.2%   119  410s
 18065 15725   49.00000   39  116   62.00000   16.00000  74.2%   117  417s
 19051 16689   16.00000   28  112   62.00000   16.00000  74.2%   116  425s
 20178 17692   16.00000   37  112   62.00000   16.00000  74.2%   114  434s
 21376 18713   16.00000   50   80   62.00000   16.00000  74.2%   112  443s
 22593 19835 infeasible   52        62.00000   16.00000  74.2%   111  450s
 23897 20951   18.68537   38  149   62.00000   16.05000  74.1%   109  459s
 25220 22043   20.36364   49  115   62.00000   16.19382  73.9%   106  467s
 26513 22883   17.00000   39   90   62.00000   16.28889  73.7%   104  475s
 27614 23379   19.71111   32  103   62.00000   16.46122  73.4%   104  482s
 28263 24197 infeasible   40        62.00000   16.64286  73.2%   103  489s
 29276 25127   52.42500   43  143   62.00000   16.80000  72.9%   103  497s
 30389 25714   25.50000   41  110   62.00000   17.00000  72.6%   102  505s
 31155 26456   20.54659   52  147   62.00000   17.00000  72.6%   102  512s
 32086 27297   17.00000   45   95   62.00000   17.00000  72.6%   101  520s
 33068 28143   17.00000   33   92   62.00000   17.00000  72.6%   101  527s
 34057 28842   21.87442   41  124   62.00000   17.00000  72.6%   100  535s
 34954 29646   20.19731   55  100   62.00000   17.00000  72.6%   100  542s
 35960 30436   21.80952   45  102   62.00000   17.00000  72.6%   100  550s
 36908 31278   26.52500   42  182   62.00000   17.00000  72.6%  99.4  557s
 37952 32250   17.07852   36  187   62.00000   17.00000  72.6%  98.9  564s
 39106 32985   47.73333   46  132   62.00000   17.00000  72.6%  98.1  571s
 40009 33766 infeasible   40        62.00000   17.10279  72.4%  97.9  579s
 40957 34521   17.16954   39  189   62.00000   17.15625  72.3%  97.6  586s
 41937 35313   18.80476   30  149   62.00000   17.25000  72.2%  97.4  593s
 42922 35955   18.00000   45   87   62.00000   17.41189  71.9%  97.1  600s
 43779 36537     cutoff   49        62.00000   17.57560  71.7%  97.2  608s
 44582 37057   19.00000   22  175   62.00000   17.78476  71.3%  97.3  615s
 45280 37585   18.00000   40  110   62.00000   18.00000  71.0%  97.8  621s
 45936 38225   18.53212   25  184   62.00000   18.00000  71.0%  98.0  629s
 46766 39097   20.90909   29  163   62.00000   18.00000  71.0%  98.2  636s
 47747 39723     cutoff   27        62.00000   18.00000  71.0%  97.8  643s
 48510 40592     cutoff   39        62.00000   18.00000  71.0%  97.7  651s
 49544 41349   52.14286   39  113   62.00000   18.00000  71.0%  97.3  659s
 50451 42234   19.00000   36  144   62.00000   18.00000  71.0%  97.0  666s
 51464 43078   18.00000   45  146   62.00000   18.00000  71.0%  96.6  673s
 52468 43738   39.62275   42  122   62.00000   18.01998  70.9%  96.2  681s
 53310 44396   33.00000   35  139   62.00000   18.10589  70.8%  96.3  689s
 54168 45028   22.44444   45  120   62.00000   18.25000  70.6%  96.2  696s
 55019 45312   23.15646   29  114   62.00000   18.40000  70.3%  96.3  703s
 55418 45907   18.47619   41  137   62.00000   18.47619  70.2%  96.1  710s
 56241 46533     cutoff   32        62.00000   18.67498  69.9%  96.2  718s
 57152 47170 infeasible   27        62.00000   18.94737  69.4%  96.2  726s
 57928 47742   19.71713   53  110   62.00000   19.00000  69.4%  96.5  732s
 58582 48390   19.20000   38   79   62.00000   19.00000  69.4%  96.6  740s
 59364 49117   19.01306   46  196   62.00000   19.00000  69.4%  96.5  747s
 60242 49796   19.05794   38  170   62.00000   19.00000  69.4%  96.5  755s
 61104 50325   34.29167   34  113   62.00000   19.00000  69.4%  96.6  763s
 61830 50816   19.00000   44   60   62.00000   19.00000  69.4%  96.9  770s
 62503 51534   19.67797   43  119   62.00000   19.00000  69.4%  97.4  777s
 63374 52241   19.50000   31  135   62.00000   19.00000  69.4%  97.4  783s
 64196 52641   19.00000   46  163   62.00000   19.00000  69.4%  97.6  791s
 64686 53297   19.00011   41  142   62.00000   19.00000  69.4%  97.8  798s
 65534 54021   38.00000   54  114   62.00000   19.00000  69.4%  97.8  805s
 66430 54772   34.57692   46  113   62.00000   19.00000  69.4%  97.8  814s
 67335 55511   22.27562   42  153   62.00000   19.00000  69.4%  97.7  821s
 68188 56491   25.00410   47  178   62.00000   19.00000  69.4%  97.5  831s
 69378 57268   19.19643   46  131   62.00000   19.00000  69.4%  97.0  839s
 70344 57946   19.00000   35   90   62.00000   19.00000  69.4%  96.6  846s
 71208 58384   30.80238   48  124   62.00000   19.00000  69.4%  96.7  853s
 71827 58751   37.33333   50  148   62.00000   19.00000  69.4%  97.1  860s
 72337 59194   37.33333   54  117   62.00000   19.00000  69.4%  97.8  867s
 72964 59956   19.07871   55  113   62.00000   19.00000  69.4%  98.1  875s
 73916 60436   19.00000   48  124   62.00000   19.00000  69.4%  98.0  881s
 74636 60766   40.00000   49  129   62.00000   19.00000  69.4%  98.3  888s
 75193 61148   37.33333   57  125   62.00000   19.00000  69.4%  98.9  894s
 75760 61585   19.00000   50  121   62.00000   19.00000  69.4%  99.3  902s
 76376 61962   19.05303   52  136   62.00000   19.00000  69.4%   100  909s
 76976 62532   42.33333   49  153   62.00000   19.00000  69.4%   100  916s
 77799 63200   19.04463   59  114   62.00000   19.00000  69.4%   100  923s
H78652 62732                      60.0000000   19.00000  68.3%   100  923s
H78736 60766                      52.0000000   19.00000  63.5%   100  930s
H79325 59725                      49.0000000   19.00000  61.2%   101  937s
H80023 56607                      44.0000000   19.00000  56.8%   101  944s
 80582 56847   20.67039   54  191   44.00000   19.00000  56.8%   101  950s
 81043 57026   19.00000   51  160   44.00000   19.00000  56.8%   102  957s
 81486 57237     cutoff   62        44.00000   19.00000  56.8%   102  964s
 82014 57549   19.27143   57  197   44.00000   19.00000  56.8%   103  970s
 82633 57771     cutoff   54        44.00000   19.00000  56.8%   103  978s
 83130 58111   20.66636   54  151   44.00000   19.00000  56.8%   104  984s
 83707 58396   19.00000   63  107   44.00000   19.00000  56.8%   104  992s
 84272 59008   19.00000   62  127   44.00000   19.00000  56.8%   105  999s
 85200 59576     cutoff   65        44.00000   19.00000  56.8%   105 1006s
 86059 60262   19.00053   45  200   44.00000   19.00053  56.8%   105 1013s
 86967 60948   19.03794   47  146   44.00000   19.01203  56.8%   104 1020s
 87903 61728   19.03214   40  127   44.00000   19.03214  56.7%   104 1027s
 89002 62469   19.05357   35  143   44.00000   19.05357  56.7%   104 1035s
 90070 63033   33.35000   49  124   44.00000   19.08795  56.6%   104 1042s
 90887 63560   19.15911   37  165   44.00000   19.10833  56.6%   104 1049s
 91722 64162   20.47619   50   93   44.00000   19.14286  56.5%   104 1056s
 92613 64745   19.31619   32  189   44.00000   19.14286  56.5%   104 1064s
 93481 65171   19.17160   43  122   44.00000   19.17143  56.4%   104 1075s
 94107 65790   23.65733   31  223   44.00000   19.22222  56.3%   104 1082s
 95032 66339 infeasible   54        44.00000   19.25487  56.2%   104 1090s
 95893 66864   21.56973   36  147   44.00000   19.30952  56.1%   104 1098s
 96672 67471   20.00000   54   63   44.00000   19.35374  56.0%   104 1106s
 97533 68032   25.75094   41  180   44.00000   19.40191  55.9%   104 1114s
 98418 68553 infeasible   51        44.00000   19.50000  55.7%   104 1121s
 99199 69046   27.01235   44  114   44.00000   19.56169  55.5%   104 1128s
 99984 69539   36.00000   53  109   44.00000   19.64010  55.4%   104 1136s
 100766 70015   20.00000   50   79   44.00000   19.70000  55.2%   104 1143s
 101735 70488   31.07473   49  179   44.00000   19.83333  54.9%   103 1151s
 102537 70904   31.40000   45  116   44.00000   19.97206  54.6%   104 1158s
 103183 71277   20.00000   46  105   44.00000   20.00000  54.5%   103 1166s
 103745 72070   20.80000   41  150   44.00000   20.00000  54.5%   103 1175s
 104842 72667   20.00000  106   13   44.00000   20.00000  54.5%   103 1182s
 106131 72944     cutoff  116        44.00000   20.00000  54.5%   102 1189s
 106690 73338   20.00000   98   19   44.00000   20.00000  54.5%   102 1196s
 107726 73767   20.00000  101    8   44.00000   20.00000  54.5%   102 1203s
 108840 74250   25.47470   92   80   44.00000   20.00000  54.5%   101 1211s
 109953 74694   20.00000  111   18   44.00000   20.00000  54.5%   101 1218s
 111096 75078   20.00000  104   10   44.00000   20.00000  54.5%   101 1226s
 112360 75466   20.00000  102   18   44.00000   20.00000  54.5%   100 1233s
 113431 75859   20.00000   96   14   44.00000   20.00000  54.5%   100 1240s
 114566 76304   20.00000  101   19   44.00000   20.00000  54.5%  99.3 1247s
 115685 76762     cutoff   88        44.00000   20.00000  54.5%  98.9 1255s
 116744 77149   20.00000  102   19   44.00000   20.00000  54.5%  98.6 1262s
 117708 77686   20.00000  106   10   44.00000   20.00000  54.5%  98.3 1269s
 118853 78013     cutoff  109        44.00000   20.00000  54.5%  98.0 1276s
 119757 78377   20.00000   95    8   44.00000   20.00000  54.5%  97.7 1283s
 120646 78757   20.00000   98   18   44.00000   20.00000  54.5%  97.4 1290s
 121741 79214   20.00000   97    8   44.00000   20.00000  54.5%  97.1 1298s
 122770 79651   20.00000   93   19   44.00000   20.00000  54.5%  96.8 1308s
 123692 79916     cutoff   97        44.00000   20.00000  54.5%  96.6 1315s
 124279 80146   20.00000   77   26   44.00000   20.00000  54.5%  96.5 1323s
 124799 80489   20.00000   92   23   44.00000   20.00000  54.5%  96.3 1329s
 125418 80849   20.00000  106   18   44.00000   20.00000  54.5%  96.2 1337s
 126131 81698 infeasible  105        44.00000   20.00000  54.5%  95.9 1344s
 127562 82635   20.00000   98   37   44.00000   20.00000  54.5%  95.3 1351s
 129131 83469   20.00000  102   35   44.00000   20.00000  54.5%  94.7 1359s
 130500 84240   20.00000   98   43   44.00000   20.00000  54.5%  94.2 1366s
 131846 85261   20.00000  101   13   44.00000   20.00000  54.5%  93.8 1373s
 133340 85847   28.62434  109   59   44.00000   20.00000  54.5%  93.2 1379s
 134614 86519   20.00000  121   15   44.00000   20.00000  54.5%  92.8 1386s
 135888 87110   26.70000  122   74   44.00000   20.00000  54.5%  92.4 1393s
 136913 87678   20.00000  117    7   44.00000   20.00000  54.5%  92.1 1400s
 137861 88211   20.00000  120   15   44.00000   20.00000  54.5%  91.8 1407s
H138814 84851                      41.0000000   20.00000  51.2%  91.6 1414s
 139556 85339   33.80952   98   50   41.00000   20.00000  51.2%  91.4 1421s
 140563 85759   30.50000  116   30   41.00000   20.00000  51.2%  91.2 1428s
H141007 34451                      27.0000000   20.00000  25.9%  91.1 1428s

Resetting heuristic parameters to focus on improving solution
(using Heuristics=0.5 and RINS=10)...

 141554 34105   20.00000  110    9   27.00000   20.00000  25.9%  90.9 1438s
 142477 34101 infeasible   99        27.00000   20.00000  25.9%  90.5 1448s
 143550 34166   20.00000   85   37   27.00000   20.00000  25.9%  90.0 1459s
 144563 34311   20.00000   82   28   27.00000   20.00000  25.9%  89.6 1469s
 145612 34434 infeasible   76        27.00000   20.00000  25.9%  89.3 1480s
 146529 34616   20.01714   73   56   27.00000   20.00000  25.9%  89.0 1491s
 147458 34722 infeasible   89        27.00000   20.00000  25.9%  88.7 1501s
 148181 34908   20.00000   86   17   27.00000   20.00000  25.9%  88.4 1511s
 149234 34974 infeasible  101        27.00000   20.00000  25.9%  88.0 1521s
 150416 35018   21.20000   74   40   27.00000   20.00000  25.9%  87.5 1532s
 151459 35146 infeasible   50        27.00000   20.00000  25.9%  87.2 1543s
 152282 35362     cutoff   76        27.00000   20.00000  25.9%  87.0 1552s
 153037 35494   20.00000   30   72   27.00000   20.00000  25.9%  86.8 1562s
 153909 35629   20.00000   78   14   27.00000   20.00000  25.9%  86.5 1573s
 154945 35840   20.00000   79   34   27.00000   20.00000  25.9%  86.2 1584s
 155895 36124   20.00000   50   94   27.00000   20.00000  25.9%  85.8 1594s
 156654 36362   20.00000   56   66   27.00000   20.00000  25.9%  85.8 1604s
 157428 36603   20.00000   51  113   27.00000   20.00000  25.9%  85.7 1614s
 158170 36762   20.02101   53  120   27.00000   20.00000  25.9%  85.6 1625s
 158855 37085   23.25000   58   80   27.00000   20.00000  25.9%  85.6 1634s
 159525 37319   20.00000   43   83   27.00000   20.00000  25.9%  85.6 1644s
 160090 37559   20.00000   44   91   27.00000   20.00000  25.9%  85.8 1653s
 160686 37743   20.00000   48   78   27.00000   20.00000  25.9%  85.9 1663s
 161264 37947   20.00000   63   71   27.00000   20.00000  25.9%  86.0 1673s
 161886 38124   23.00000   35   68   27.00000   20.00000  25.9%  86.1 1683s
 162547 38279   20.00000   57  107   27.00000   20.00000  25.9%  86.1 1692s
 163155 38425   21.00000   59   92   27.00000   20.00000  25.9%  86.2 1702s
 163549 38511     cutoff   60        27.00000   20.00000  25.9%  86.3 1712s
 163806 38568   20.00000   60   84   27.00000   20.00000  25.9%  86.3 1721s
 164044 38641   20.00000   60   65   27.00000   20.00000  25.9%  86.4 1731s
 164265 38725   20.00000   60   84   27.00000   20.00000  25.9%  86.4 1740s
 164505 38823   20.25000   61   82   27.00000   20.00000  25.9%  86.4 1750s
 164723 38911 infeasible   62        27.00000   20.00000  25.9%  86.5 1760s
 165101 39042   20.00000   54  121   27.00000   20.00000  25.9%  86.5 1769s
 165549 39169 infeasible   60        27.00000   20.00000  25.9%  86.7 1778s
 165998 39342   20.00000   57   76   27.00000   20.00000  25.9%  86.8 1788s
 166594 39472 infeasible   58        27.00000   20.00000  25.9%  86.9 1797s
 167200 39643   20.00000   69   60   27.00000   20.00000  25.9%  87.1 1807s
 167821 39790     cutoff   56        27.00000   20.00000  25.9%  87.2 1817s
 168417 39923     cutoff   57        27.00000   20.00000  25.9%  87.3 1826s
 168977 40126 infeasible   40        27.00000   20.00000  25.9%  87.5 1837s
 169546 40372   20.76667  102   98   27.00000   20.00000  25.9%  87.6 1847s
 170294 40616   21.00000   47   76   27.00000   20.00000  25.9%  87.5 1857s
 171038 40736     cutoff   78        27.00000   20.00000  25.9%  87.5 1867s
 171476 40945 infeasible   60        27.00000   20.00000  25.9%  87.4 1877s
 172187 41143   20.00000   70   63   27.00000   20.00000  25.9%  87.4 1888s
 172969 41354   21.20000   72   75   27.00000   20.00000  25.9%  87.3 1898s
 173812 41563     cutoff   76        27.00000   20.00000  25.9%  87.2 1909s
 174735 41691 infeasible  114        27.00000   20.00000  25.9%  87.0 1920s
 175583 41894 infeasible   60        27.00000   20.00000  25.9%  86.9 1930s
 176336 42134     cutoff   73        27.00000   20.00000  25.9%  86.8 1941s
 177209 42326 infeasible   74        27.00000   20.00000  25.9%  86.7 1951s
 178157 42515     cutoff   75        27.00000   20.00000  25.9%  86.5 1962s
 179041 42662   20.10286   66   79   27.00000   20.00000  25.9%  86.3 1972s
 179918 42847     cutoff   84        27.00000   20.00000  25.9%  86.1 1984s
 180761 43015   20.00000   48   75   27.00000   20.00000  25.9%  86.0 1995s
 181658 43162   20.00000   88   20   27.00000   20.00000  25.9%  85.9 2006s
 182433 43293   20.02010   78  118   27.00000   20.00000  25.9%  85.7 2016s
 183367 43445   20.00000   76   22   27.00000   20.00000  25.9%  85.6 2027s
 184172 43599     cutoff   66        27.00000   20.00000  25.9%  85.5 2037s
 185098 43852     cutoff   76        27.00000   20.00000  25.9%  85.4 2049s
 186088 44060   21.20000   84   46   27.00000   20.00000  25.9%  85.2 2059s
 187090 44255   20.00000   72   52   27.00000   20.00000  25.9%  85.0 2070s
 188046 44425   20.07692   86   35   27.00000   20.00000  25.9%  84.8 2081s
 188946 44595   20.00000   62   77   27.00000   20.00000  25.9%  84.7 2093s
 189831 44784   20.50000   70   64   27.00000   20.00000  25.9%  84.6 2103s
 190655 44903   20.13333   50  107   27.00000   20.00000  25.9%  84.5 2114s
 191139 44926   20.14286   72   49   27.00000   20.00000  25.9%  84.5 2124s
 191245 44934   20.33333   72   50   27.00000   20.00000  25.9%  84.5 2133s
 191347 44945     cutoff   73        27.00000   20.00000  25.9%  84.5 2141s
 191450 44965   20.00000   84   17   27.00000   20.00000  25.9%  84.5 2151s
 191563 44966     cutoff   85        27.00000   20.00000  25.9%  84.5 2160s

Cutting planes:
  Learned: 176
  Gomory: 621
  Lift-and-project: 482
  Cover: 211
  Implied bound: 34
  MIR: 1215
  Mixing: 71
  StrongCG: 1069
  Flow cover: 5006
  GUB cover: 7
  Inf proof: 214
  Zero half: 2492
  RLT: 1183
  Relax-and-lift: 1319

Explored 191641 nodes (16233203 simplex iterations) in 2160.06 seconds (2525.88 work units)
Thread count was 16 (of 16 available processors)

Solution count 10: 27 41 44 ... 63

Time limit reached
Best objective 2.700000000000e+01, best bound 2.000000000000e+01, gap 25.9259%

User-callback calls 751778, time in user-callback 5.66 sec
Set parameter TimeLimit to value 1080
Gurobi Optimizer version 12.0.3 build v12.0.3rc0 (linux64 - "Ubuntu 22.04.5 LTS")

CPU model: Intel(R) Xeon(R) W-2145 CPU @ 3.70GHz, instruction set [SSE2|AVX|AVX2|AVX512]
Thread count: 8 physical cores, 16 logical processors, using up to 16 threads

Non-default parameters:
TimeLimit  1080
Heuristics  0.1
MIPFocus  3
Presolve  2
ImproveStartGap  0.5

Optimize a model with 58824 rows, 25671 columns and 279727 nonzeros
Model fingerprint: 0xac03cd33
Model has 10 quadratic constraints
Variable types: 10 continuous, 25661 integer (25350 binary)
Coefficient statistics:
  Matrix range     [1e+00, 1e+03]
  QMatrix range    [1e+00, 1e+00]
  QLMatrix range   [1e+00, 1e+00]
  Objective range  [5e-01, 5e-01]
  Bounds range     [1e+00, 1e+00]
  RHS range        [1e+00, 3e+03]

MIP start from previous solve produced solution with objective 245 (0.03s)
Loaded MIP start from previous solve with objective 245

Presolve removed 34490 rows and 17276 columns
Presolve time: 1.81s
Presolved: 24334 rows, 8395 columns, 146172 nonzeros
Presolved model has 10 quadratic constraint(s)
Found heuristic solution: objective 31.0000000
Variable types: 10 continuous, 8385 integer (8256 binary)
Root relaxation presolve removed 1761 rows and 729 columns
Root relaxation presolved: 22573 rows, 7666 columns, 137471 nonzeros


Root relaxation: objective 1.100000e+01, 682 iterations, 0.29 seconds (0.27 work units)

    Nodes    |    Current Node    |     Objective Bounds      |     Work
 Expl Unexpl |  Obj  Depth IntInf | Incumbent    BestBd   Gap | It/Node Time

     0     0   11.00000    0   13   31.00000   11.00000  64.5%     -    2s
H    0     0                      30.0000000   11.00000  63.3%     -    2s
     0     0   11.00000    0   50   30.00000   11.00000  63.3%     -    4s
     0     0   11.00000    0   63   30.00000   11.00000  63.3%     -    5s
     0     0   11.00000    0   34   30.00000   11.00000  63.3%     -    6s
     0     0   11.00000    0   46   30.00000   11.00000  63.3%     -    6s
     0     0   11.00000    0   34   30.00000   11.00000  63.3%     -    7s
     0     0   11.00000    0   73   30.00000   11.00000  63.3%     -    8s
     0     0   11.00000    0   35   30.00000   11.00000  63.3%     -    9s
     0     0   11.00000    0   22   30.00000   11.00000  63.3%     -   10s
     0     0   11.00000    0   31   30.00000   11.00000  63.3%     -   11s
H    0     0                      29.0000000   11.00000  62.1%     -   12s
H    0     0                      28.0000000   11.00000  60.7%     -   12s
     0     0   11.00000    0   46   28.00000   11.00000  60.7%     -   12s
     0     0   11.00000    0   21   28.00000   11.00000  60.7%     -   13s
     0     0   11.00000    0   40   28.00000   11.00000  60.7%     -   14s
     0     0   11.00000    0   15   28.00000   11.00000  60.7%     -   15s
     0     0   11.00000    0   15   28.00000   11.00000  60.7%     -   16s
     0     2   11.00000    0   15   28.00000   11.00000  60.7%     -   17s
    71    83   11.00000    6   90   28.00000   11.00000  60.7%   188   20s
   544   391   14.00000   19   32   28.00000   11.00000  60.7%  95.2   25s
   547   393   12.00000   14   25   28.00000   11.00000  60.7%  94.6   33s
   548   394   14.00000   19  116   28.00000   11.00000  60.7%  94.5   35s
   549   395   12.00000   19   25   28.00000   11.00000  60.7%  94.3   42s
   551   396   11.00000    6   69   28.00000   11.00000  60.7%  93.9   45s
   553   397   12.00000   19   66   28.00000   11.00000  60.7%  93.6   51s
   555   399   12.00000   16   32   28.00000   11.00000  60.7%  93.3   58s
   556   399   13.00000   17   31   28.00000   11.00000  60.7%  93.1   60s
   580   457   11.00000   19  143   28.00000   11.00000  60.7%   121   65s
   812   566   11.00000   19  124   28.00000   11.00000  60.7%   141   71s
  1139   604 infeasible   20        28.00000   11.00000  60.7%   141   76s
  1448   608 infeasible   28        28.00000   11.00000  60.7%   156   80s
  1787   578 infeasible   27        28.00000   11.00000  60.7%   178   86s
  1952   666   11.00000   26  113   28.00000   11.00000  60.7%   189   90s
  2121   702   13.15786   29  165   28.00000   11.00000  60.7%   202   95s
  2292   713 infeasible   24        28.00000   11.00000  60.7%   232  101s
  2339   719   11.36782   25  174   28.00000   11.00000  60.7%   247  105s
  2457   736   15.10313   26  106   28.00000   11.00000  60.7%   261  110s
  2600   758   11.10293   25  181   28.00000   11.04979  60.5%   272  116s
  2783   763 infeasible   26        28.00000   11.20000  60.0%   276  120s
  2982   771 infeasible   29        28.00000   12.00000  57.1%   278  125s
  3214   742 infeasible   24        28.00000   12.00000  57.1%   284  130s
  3449   768   12.31148   28  144   28.00000   12.02078  57.1%   287  136s
  3720   812   13.32212   30  171   28.00000   12.72599  54.6%   288  142s
  3838   900   14.27500   30   84   28.00000   13.00000  53.6%   288  147s
  4130   947 infeasible   27        28.00000   13.00000  53.6%   280  150s
  4596  1044   16.00000   31   67   28.00000   13.00000  53.6%   272  158s
  4739  1129   13.02384   26  152   28.00000   13.00000  53.6%   274  162s
  4970  1196   13.09321   22  165   28.00000   13.00000  53.6%   271  166s
  5149  1231 infeasible   27        28.00000   13.00000  53.6%   271  171s
  5428  1277 infeasible   28        28.00000   13.00000  53.6%   269  176s
  5708  1326   13.10568   32  178   28.00000   13.02193  53.5%   267  181s
  6013  1394   16.00000   24   88   28.00000   13.14286  53.1%   263  186s
  6331  1433   14.75000   38   69   28.00000   14.00000  50.0%   261  191s
  6641  1523 infeasible   35        28.00000   14.00000  50.0%   258  197s
  7053  1626   14.50000   36  103   28.00000   14.00000  50.0%   254  203s
  7411  1819   14.00840   35   90   28.00000   14.00000  50.0%   251  209s

Resetting heuristic parameters to focus on improving solution
(using Heuristics=0.5 and RINS=10)...

  7934  1824   14.25000   35  105   28.00000   14.01601  49.9%   244  218s
  8229  1898 infeasible   29        28.00000   14.08667  49.7%   244  227s
  8593  2041   16.01461   41   88   28.00000   15.00000  46.4%   242  237s
  9082  2138 infeasible   28        28.00000   15.00000  46.4%   236  248s
  9555  2238   17.07310   38   49   28.00000   15.00000  46.4%   233  259s
 10017  2370   17.01493   37   62   28.00000   15.00000  46.4%   231  270s
 10547  2455   17.40016   37   67   28.00000   15.00000  46.4%   227  283s
 11042  2656   17.00000   55   36   28.00000   15.00000  46.4%   224  296s
 11681  2844 infeasible   49        28.00000   15.00000  46.4%   219  311s
 12324  2954   18.21667   36  135   28.00000   15.00000  46.4%   215  323s
 12771  3007 infeasible   32        28.00000   15.14706  45.9%   213  336s
 13080  3064   16.00630   41   80   28.00000   16.00000  42.9%   212  348s
 13308  2838 infeasible   42        28.00000   16.00000  42.9%   211  357s
 13560  3036 infeasible   29        28.00000   16.00000  42.9%   216  386s
 14218  3013 infeasible   39        28.00000   16.00000  42.9%   212  399s
 14511  3054 infeasible   35        28.00000   16.02826  42.8%   212  415s
 15097  2765 infeasible   49        28.00000   16.04348  42.7%   211  429s
 15628  3057   17.00000   29   76   28.00000   17.00000  39.3%   213  449s
 16559  3202 infeasible   51        28.00000   17.00000  39.3%   207  469s
 17297  3343 infeasible   51        28.00000   17.00000  39.3%   203  489s
 17726  2968 infeasible   54        28.00000   17.00000  39.3%   200  501s
 18106  3123   17.34118   42   99   28.00000   17.00000  39.3%   204  536s
 19273  2622 infeasible   40        28.00000   17.00000  39.3%   199  547s
 19790  2580 infeasible   63        28.00000   18.00000  35.7%   201  569s
 21037  2046 infeasible   47        28.00000   18.00000  35.7%   197  580s
 21571  2119 infeasible   36        28.00000   18.00000  35.7%   199  598s
 22448  2022   21.00000   49   39   28.00000   18.00000  35.7%   196  616s
 23053  1423 infeasible   48        28.00000   18.00000  35.7%   195  626s
 23652  1358 infeasible   45        28.00000   19.00000  32.1%   195  644s
 24347  1033 infeasible   34        28.00000   19.00000  32.1%   193  659s
 24986   608 infeasible   38        28.00000   19.04000  32.0%   192  664s
 25411    76 infeasible   43        28.00000   20.88889  25.4%   191  673s
 25951    76 infeasible   51        28.00000   22.50000  19.6%   190  679s
 26160    65   27.00000   31    2   28.00000   25.00000  10.7%   188  681s

Cutting planes:
  Learned: 176
  Gomory: 707
  Lift-and-project: 349
  Cover: 338
  Implied bound: 45
  MIR: 1920
  Mixing: 73
  StrongCG: 1390
  Flow cover: 5643
  GUB cover: 10
  Inf proof: 84
  Zero half: 6460
  RLT: 740
  Relax-and-lift: 983

Explored 26422 nodes (4942258 simplex iterations) in 683.66 seconds (825.95 work units)
Thread count was 16 (of 16 available processors)

Solution count 8: 28 28 29 ... 245

Optimal solution found (tolerance 1.00e-04)
Best objective 2.800000000000e+01, best bound 2.800000000000e+01, gap 0.0000%

User-callback calls 222608, time in user-callback 1.64 sec
Set parameter TimeLimit to value 360
Gurobi Optimizer version 12.0.3 build v12.0.3rc0 (linux64 - "Ubuntu 22.04.5 LTS")

CPU model: Intel(R) Xeon(R) W-2145 CPU @ 3.70GHz, instruction set [SSE2|AVX|AVX2|AVX512]
Thread count: 8 physical cores, 16 logical processors, using up to 16 threads

Non-default parameters:
TimeLimit  360
Heuristics  0.1
MIPFocus  3
Presolve  2
ImproveStartGap  0.5

Optimize a model with 58826 rows, 25671 columns and 280227 nonzeros
Model fingerprint: 0x1e167416
Model has 10 quadratic constraints
Variable types: 10 continuous, 25661 integer (25350 binary)
Coefficient statistics:
  Matrix range     [5e-01, 1e+03]
  QMatrix range    [1e+00, 1e+00]
  QLMatrix range   [1e+00, 1e+00]
  Objective range  [1e+00, 1e+00]
  Bounds range     [1e+00, 1e+00]
  RHS range        [1e+00, 3e+03]

MIP start from previous solve produced solution with objective 65 (0.03s)
Loaded MIP start from previous solve with objective 65

Presolve removed 35002 rows and 17452 columns
Presolve time: 1.82s
Presolved: 23824 rows, 8219 columns, 142500 nonzeros
Presolved model has 10 quadratic constraint(s)
Variable types: 10 continuous, 8209 integer (8080 binary)

Resetting heuristic parameters to focus on improving solution
(using Heuristics=0.5 and RINS=10)...

Root relaxation presolve removed 2930 rows and 1236 columns
Root relaxation presolved: 20894 rows, 6983 columns, 127673 nonzeros


Root relaxation: objective 6.300000e+01, 1757 iterations, 0.37 seconds (0.43 work units)

    Nodes    |    Current Node    |     Objective Bounds      |     Work
 Expl Unexpl |  Obj  Depth IntInf | Incumbent    BestBd   Gap | It/Node Time

     0     0   63.00000    0   56   65.00000   63.00000  3.08%     -    3s
     0     0   63.00000    0   46   65.00000   63.00000  3.08%     -    3s
     0     0   63.00000    0   46   65.00000   63.00000  3.08%     -    4s
     0     2   63.00000    0   46   65.00000   63.00000  3.08%     -    5s
   327   218 infeasible   16        65.00000   64.00000  1.54%  85.2   10s
   946   378   64.00000   12   58   65.00000   64.00000  1.54%  42.0   15s
   949   380   64.00000   45   58   65.00000   64.00000  1.54%  41.9   22s

Cutting planes:
  Learned: 6
  Gomory: 56
  Lift-and-project: 22
  Cover: 94
  Implied bound: 13
  Projected implied bound: 1
  MIR: 70
  Mixing: 1
  StrongCG: 176
  Flow cover: 480
  GUB cover: 9
  Zero half: 61
  RLT: 6
  Relax-and-lift: 13
  BQP: 1

Explored 949 nodes (47890 simplex iterations) in 24.09 seconds (28.35 work units)
Thread count was 16 (of 16 available processors)

Solution count 1: 65 

Optimal solution found (tolerance 1.00e-04)
Best objective 6.500000000000e+01, best bound 6.500000000000e+01, gap 0.0000%

User-callback calls 10410, time in user-callback 0.05 sec
